#
# A fatal error has been detected by the Java Runtime Environment:
#
#  EXCEPTION_ACCESS_VIOLATION (0xc0000005) at pc=0x00007ffbf945385f, pid=11500, tid=26756
#
# JRE version: OpenJDK Runtime Environment Microsoft-40648 (11.0.16.1+1) (build 11.0.16.1+1-LTS)
# Java VM: OpenJDK 64-Bit Server VM Microsoft-40648 (11.0.16.1+1-LTS, mixed mode, tiered, compressed oops, g1 gc, windows-amd64)
# Problematic frame:
# C  [libarcsoft_face.dll+0x385f]
#
# No core dump will be written. Minidumps are not enabled by default on client versions of Windows
#
# If you would like to submit a bug report, please visit:
#   https://github.com/microsoft/openjdk/issues
# The crash happened outside the Java Virtual Machine in native code.
# See problematic frame for where to report the bug.
#

---------------  S U M M A R Y ------------

Command Line: -javaagent:D:\IntelliJ IDEA 2024.1\lib\idea_rt.jar=58870:D:\IntelliJ IDEA 2024.1\bin -Dfile.encoding=UTF-8 hrms.ZMGFH.Main.main

Host: AMD Ryzen 7 5700U with Radeon Graphics         , 16 cores, 15G,  Windows 11 , 64 bit Build 22621 (10.0.22621.3527)
Time: Mon May  6 16:08:17 2024  Windows 11 , 64 bit Build 22621 (10.0.22621.3527) elapsed time: 210.553335 seconds (0d 0h 3m 30s)

---------------  T H R E A D  ---------------

Current thread (0x0000021e67305800):  JavaThread "AWT-EventQueue-0" [_thread_in_native, id=26756, stack(0x000000688a900000,0x000000688aa00000)]

Stack: [0x000000688a900000,0x000000688aa00000],  sp=0x000000688a9fb620,  free space=1005k
Native frames: (J=compiled Java code, j=interpreted, Vv=VM code, C=native code)
C  [libarcsoft_face.dll+0x385f]

Java frames: (J=compiled Java code, j=interpreted, Vv=VM code)
j  com.arcsoft.face.FaceEngine.unInitFaceEngine(J)I+0
j  com.arcsoft.face.FaceEngine.unInit()I+14
j  hrms.ZMGFH.Service.FaceService.release()V+3
j  hrms.ZMGFH.Loading.Loading.release()V+0
j  hrms.ZMGFH.Interface.MainFrame$1.windowClosing(Ljava/awt/event/WindowEvent;)V+17
j  java.awt.AWTEventMulticaster.windowClosing(Ljava/awt/event/WindowEvent;)V+8 java.desktop@11.0.16.1
j  java.awt.Window.processWindowEvent(Ljava/awt/event/WindowEvent;)V+68 java.desktop@11.0.16.1
j  javax.swing.JFrame.processWindowEvent(Ljava/awt/event/WindowEvent;)V+2 java.desktop@11.0.16.1
j  java.awt.Window.processEvent(Ljava/awt/AWTEvent;)V+69 java.desktop@11.0.16.1
j  java.awt.Component.dispatchEventImpl(Ljava/awt/AWTEvent;)V+496 java.desktop@11.0.16.1
J 4701 c1 java.awt.Container.dispatchEventImpl(Ljava/awt/AWTEvent;)V java.desktop@11.0.16.1 (129 bytes) @ 0x0000021e44ab368c [0x0000021e44ab3560+0x000000000000012c]
J 2749 c1 java.awt.Window.dispatchEventImpl(Ljava/awt/AWTEvent;)V java.desktop@11.0.16.1 (23 bytes) @ 0x0000021e4462d3cc [0x0000021e4462cda0+0x000000000000062c]
J 4368 c2 java.awt.EventQueue.dispatchEventImpl(Ljava/awt/AWTEvent;Ljava/lang/Object;)V java.desktop@11.0.16.1 (136 bytes) @ 0x0000021e4b70ea24 [0x0000021e4b70e540+0x00000000000004e4]
J 4299 c2 java.awt.EventQueue$4.run()Ljava/lang/Object; java.desktop@11.0.16.1 (5 bytes) @ 0x0000021e4b6fdc18 [0x0000021e4b6fdbc0+0x0000000000000058]
v  ~StubRoutines::call_stub
J 2050  java.security.AccessController.doPrivileged(Ljava/security/PrivilegedAction;Ljava/security/AccessControlContext;)Ljava/lang/Object; java.base@11.0.16.1 (0 bytes) @ 0x0000021e4b5af1b6 [0x0000021e4b5af140+0x0000000000000076]
J 2632 c1 java.awt.EventQueue$5.run()Ljava/lang/Object; java.desktop@11.0.16.1 (5 bytes) @ 0x0000021e445d651c [0x0000021e445d61c0+0x000000000000035c]
v  ~StubRoutines::call_stub
J 2050  java.security.AccessController.doPrivileged(Ljava/security/PrivilegedAction;Ljava/security/AccessControlContext;)Ljava/lang/Object; java.base@11.0.16.1 (0 bytes) @ 0x0000021e4b5af1b6 [0x0000021e4b5af140+0x0000000000000076]
J 3830 c2 java.awt.EventQueue.dispatchEvent(Ljava/awt/AWTEvent;)V java.desktop@11.0.16.1 (80 bytes) @ 0x0000021e4b664a78 [0x0000021e4b6644c0+0x00000000000005b8]
J 4766 c1 java.awt.EventDispatchThread.pumpOneEventForFilters(I)V java.desktop@11.0.16.1 (113 bytes) @ 0x0000021e44ad0834 [0x0000021e44ad0120+0x0000000000000714]
j  java.awt.EventDispatchThread.pumpEventsForFilter(ILjava/awt/Conditional;Ljava/awt/EventFilter;)V+35 java.desktop@11.0.16.1
j  java.awt.EventDispatchThread.pumpEventsForHierarchy(ILjava/awt/Conditional;Ljava/awt/Component;)V+11 java.desktop@11.0.16.1
j  java.awt.EventDispatchThread.pumpEvents(ILjava/awt/Conditional;)V+4 java.desktop@11.0.16.1
j  java.awt.EventDispatchThread.pumpEvents(Ljava/awt/Conditional;)V+3 java.desktop@11.0.16.1
j  java.awt.EventDispatchThread.run()V+9 java.desktop@11.0.16.1
v  ~StubRoutines::call_stub

siginfo: EXCEPTION_ACCESS_VIOLATION (0xc0000005), reading address 0x0000007ee5255a11


Register to memory mapping:

RIP=0x00007ffbf945385f libarcsoft_face.dll
RAX=0x0000007ee5255a01 is an unknown value
RBX=0x0000021e60113c58 points into unknown readable memory: 0x0000000718bae398 | 98 e3 ba 18 07 00 00 00
RCX=0x00000007192ccec8 is an oop: sun.awt.windows.WWindowPeer 
{0x00000007192ccec8} - klass: 'sun/awt/windows/WWindowPeer'
RDX=0x000000688a9fb768 is pointing into the stack for thread: 0x0000021e67305800
RSP=0x000000688a9fb620 is pointing into the stack for thread: 0x0000021e67305800
RBP=0x000000688a9fb738 is pointing into the stack for thread: 0x0000021e67305800
RSI=0x0 is NULL
RDI=0x0000021e702a4750 is pointing into metadata
R8 =0x0000021e6716d7a0 points into unknown readable memory: 0x0000000000000000 | 00 00 00 00 00 00 00 00
R9 =0x00000000000000dc is an unknown value
R10=0x0000021e4395f748 is at code_begin+1000 in an Interpreter codelet
method entry point (kind = native)  [0x0000021e4395f360, 0x0000021e4395fe00]  2720 bytes
R11=0x0000000000000102 is an unknown value
R12=0x0 is NULL
R13={method} {0x0000021e680ef408} 'unInitFaceEngine' '(J)I' in 'com/arcsoft/face/FaceEngine'
R14=0x000000688a9fb768 is pointing into the stack for thread: 0x0000021e67305800
R15=0x0000021e67305800 is a thread


Registers:
RAX=0x0000007ee5255a01, RBX=0x0000021e60113c58, RCX=0x00000007192ccec8, RDX=0x000000688a9fb768
RSP=0x000000688a9fb620, RBP=0x000000688a9fb738, RSI=0x0000000000000000, RDI=0x0000021e702a4750
R8 =0x0000021e6716d7a0, R9 =0x00000000000000dc, R10=0x0000021e4395f748, R11=0x0000000000000102
R12=0x0000000000000000, R13=0x0000021e680ef400, R14=0x000000688a9fb768, R15=0x0000021e67305800
RIP=0x00007ffbf945385f, EFLAGS=0x0000000000010202

Top of Stack: (sp=0x000000688a9fb620)
0x000000688a9fb620:   00000068000000b8 0000021e67305800
0x000000688a9fb630:   0000021e5fa92358 0000021e67305800
0x000000688a9fb640:   0000021e6716d7a0 00007ffc106064e0
0x000000688a9fb650:   0000000800019a78 0000021e702a4750
0x000000688a9fb660:   0000021e43958e10 0000000700000000
0x000000688a9fb670:   0000021e680ef400 00007ffc1ddb16cd
0x000000688a9fb680:   0000021e6ff83460 0000021e67305800
0x000000688a9fb690:   000000080009a1e8 000000080009a1e8
0x000000688a9fb6a0:   0000021e5fa92358 0000021e4395f777
0x000000688a9fb6b0:   0000021e67305b48 000000688a9fb768
0x000000688a9fb6c0:   0000021e6716d7a0 0000000000000000
0x000000688a9fb6d0:   0000000000000000 0000000000000000
0x000000688a9fb6e0:   000000688a9fb888 0000021e4396cbf2
0x000000688a9fb6f0:   000000688a9fb6f0 0000000000000000
0x000000688a9fb700:   000000688a9fb768 0000021e681a30a0
0x000000688a9fb710:   0000000000000000 000000070aec9828 

Instructions: (pc=0x00007ffbf945385f)
0x00007ffbf945375f:   00 00 48 8b 01 ff 50 08 85 c0 75 61 8b d6 48 8b
0x00007ffbf945376f:   cf e8 9b f5 ff ff 85 c0 75 53 80 bf ba 00 00 00
0x00007ffbf945377f:   00 74 73 48 8b 8f f8 00 00 00 48 8b 01 ff 50 08
0x00007ffbf945378f:   85 c0 75 39 b8 05 00 00 00 3b f0 0f 4f c6 48 63
0x00007ffbf945379f:   c8 b8 04 00 00 00 48 f7 e1 48 c7 c1 ff ff ff ff
0x00007ffbf94537af:   48 0f 40 c1 48 8b c8 e8 ad 73 08 00 48 89 87 48
0x00007ffbf94537bf:   02 00 00 48 85 c0 75 2e b8 04 00 00 00 48 8b 9c
0x00007ffbf94537cf:   24 80 00 00 00 48 8b b4 24 88 00 00 00 4c 8b 74
0x00007ffbf94537df:   24 50 48 8b bc 24 90 00 00 00 48 83 c4 58 41 5f
0x00007ffbf94537ef:   41 5d 41 5c 5d c3 48 8b 84 24 b8 00 00 00 48 89
0x00007ffbf94537ff:   38 33 c0 eb c8 b8 02 00 00 00 eb d1 b8 02 00 00
0x00007ffbf945380f:   00 eb cf cc cc cc cc cc cc cc cc cc cc cc cc cc
0x00007ffbf945381f:   cc 40 53 48 83 ec 20 48 8b d9 48 85 c9 75 09 8d
0x00007ffbf945382f:   41 02 48 83 c4 20 5b c3 48 89 74 24 30 33 f6 48
0x00007ffbf945383f:   89 7c 24 38 40 38 b1 b1 00 00 00 74 3f 48 8b 89
0x00007ffbf945384f:   c8 00 00 00 48 85 c9 0f 84 80 02 00 00 48 8b 01
0x00007ffbf945385f:   ff 50 10 8b f8 85 c0 75 1b 48 8b 8b c8 00 00 00
0x00007ffbf945386f:   48 85 c9 74 08 48 8b 01 8d 56 01 ff 10 48 89 b3
0x00007ffbf945387f:   c8 00 00 00 85 ff 0f 85 94 02 00 00 40 38 b3 b0
0x00007ffbf945388f:   00 00 00 74 3f 48 8b 8b c0 00 00 00 48 85 c9 0f
0x00007ffbf945389f:   84 38 02 00 00 48 8b 01 ff 50 10 8b f8 85 c0 75
0x00007ffbf94538af:   1b 48 8b 8b c0 00 00 00 48 85 c9 74 08 48 8b 01
0x00007ffbf94538bf:   8d 57 01 ff 10 48 89 b3 c0 00 00 00 85 ff 0f 85
0x00007ffbf94538cf:   4c 02 00 00 40 38 b3 b2 00 00 00 0f 84 b0 00 00
0x00007ffbf94538df:   00 48 8b 8b d0 00 00 00 48 85 c9 0f 84 ec 01 00
0x00007ffbf94538ef:   00 48 8b 01 ff 50 10 8b f8 85 c0 75 1b 48 8b 8b
0x00007ffbf94538ff:   d0 00 00 00 48 85 c9 74 08 48 8b 01 8d 57 01 ff
0x00007ffbf945390f:   10 48 89 b3 d0 00 00 00 85 ff 0f 85 00 02 00 00
0x00007ffbf945391f:   48 8b 8b e8 00 00 00 48 85 c9 0f 84 ad 01 00 00
0x00007ffbf945392f:   48 8b 01 ff 50 10 8b f8 85 c0 75 1b 48 8b 8b e8
0x00007ffbf945393f:   00 00 00 48 85 c9 74 08 48 8b 01 8d 57 01 ff 10
0x00007ffbf945394f:   48 89 b3 e8 00 00 00 85 ff 0f 85 c1 01 00 00 48 


Stack slot to memory mapping:
stack at sp + 0 slots: 0x00000068000000b8 is an unknown value
stack at sp + 1 slots: 0x0000021e67305800 is a thread
stack at sp + 2 slots: {method} {0x0000021e5fa92360} 'release' '()V' in 'hrms/ZMGFH/Loading/Loading'
stack at sp + 3 slots: 0x0000021e67305800 is a thread
stack at sp + 4 slots: 0x0000021e6716d7a0 points into unknown readable memory: 0x0000000000000000 | 00 00 00 00 00 00 00 00
stack at sp + 5 slots: 0x00007ffc106064e0 libarcsoft_face_engine.dll
stack at sp + 6 slots: 0x0000000800019a78 is a pointer to class: 
java.util.concurrent.locks.ReentrantLock {0x0000000800019a80}
stack at sp + 7 slots: 0x0000021e702a4750 is pointing into metadata


---------------  P R O C E S S  ---------------

Threads class SMR info:
_java_thread_list=0x0000021e67435020, length=21, elements={
0x0000021e5f504800, 0x0000021e5f4f6800, 0x0000021e5fe0d800, 0x0000021e5fe0f000,
0x0000021e5fe10000, 0x0000021e5fe15800, 0x0000021e5fe17000, 0x0000021e5fe18800,
0x0000021e5f4ad800, 0x0000021e60107800, 0x0000021e603eb800, 0x0000021e603c7800,
0x0000021e66fe4800, 0x0000021e6750e800, 0x0000021e67305800, 0x0000021e3b1fb800,
0x0000021e6754a800, 0x0000021e67781000, 0x0000021e67013800, 0x0000021e6700d800,
0x0000021e67010000
}

Java Threads: ( => current thread )
  0x0000021e5f504800 JavaThread "Reference Handler" daemon [_thread_blocked, id=14168, stack(0x0000006888e00000,0x0000006888f00000)]
  0x0000021e5f4f6800 JavaThread "Finalizer" daemon [_thread_blocked, id=26428, stack(0x0000006888f00000,0x0000006889000000)]
  0x0000021e5fe0d800 JavaThread "Signal Dispatcher" daemon [_thread_blocked, id=20276, stack(0x0000006889000000,0x0000006889100000)]
  0x0000021e5fe0f000 JavaThread "Attach Listener" daemon [_thread_blocked, id=27392, stack(0x0000006889100000,0x0000006889200000)]
  0x0000021e5fe10000 JavaThread "Service Thread" daemon [_thread_blocked, id=22232, stack(0x0000006889200000,0x0000006889300000)]
  0x0000021e5fe15800 JavaThread "C2 CompilerThread0" daemon [_thread_blocked, id=23164, stack(0x0000006889300000,0x0000006889400000)]
  0x0000021e5fe17000 JavaThread "C1 CompilerThread0" daemon [_thread_blocked, id=25260, stack(0x0000006889400000,0x0000006889500000)]
  0x0000021e5fe18800 JavaThread "Sweeper thread" daemon [_thread_blocked, id=11544, stack(0x0000006889500000,0x0000006889600000)]
  0x0000021e5f4ad800 JavaThread "Common-Cleaner" daemon [_thread_blocked, id=25384, stack(0x0000006889600000,0x0000006889700000)]
  0x0000021e60107800 JavaThread "Monitor Ctrl-Break" daemon [_thread_in_native, id=8736, stack(0x0000006889900000,0x0000006889a00000)]
  0x0000021e603eb800 JavaThread "Java2D Disposer" daemon [_thread_blocked, id=10204, stack(0x0000006889800000,0x0000006889900000)]
  0x0000021e603c7800 JavaThread "AWT-Windows" daemon [_thread_in_native, id=2320, stack(0x0000006889c00000,0x0000006889d00000)]
  0x0000021e66fe4800 JavaThread "mysql-cj-abandoned-connection-cleanup" daemon [_thread_blocked, id=28532, stack(0x000000688ab00000,0x000000688ac00000)]
  0x0000021e6750e800 JavaThread "AWT-Shutdown" [_thread_blocked, id=21656, stack(0x0000006889b00000,0x0000006889c00000)]
=>0x0000021e67305800 JavaThread "AWT-EventQueue-0" [_thread_in_native, id=26756, stack(0x000000688a900000,0x000000688aa00000)]
  0x0000021e3b1fb800 JavaThread "DestroyJavaVM" [_thread_blocked, id=20396, stack(0x0000006888700000,0x0000006888800000)]
  0x0000021e6754a800 JavaThread "D3D Screen Updater" daemon [_thread_blocked, id=24612, stack(0x000000688da00000,0x000000688db00000)]
  0x0000021e67781000 JavaThread "TimerQueue" daemon [_thread_blocked, id=21228, stack(0x000000688ad00000,0x000000688ae00000)]
  0x0000021e67013800 JavaThread "atomic-processor-1" daemon [_thread_blocked, id=15692, stack(0x000000688e100000,0x000000688e200000)]
  0x0000021e6700d800 JavaThread "webcam-discovery-service" daemon [_thread_blocked, id=20080, stack(0x000000688e000000,0x000000688e100000)]
  0x0000021e67010000 JavaThread "Image Fetcher 0" daemon [_thread_blocked, id=7976, stack(0x0000006888600000,0x0000006888700000)]

Other Threads:
  0x0000021e5f4f0000 VMThread "VM Thread" [stack: 0x0000006888d00000,0x0000006888e00000] [id=1236]
  0x0000021e600f5000 WatcherThread [stack: 0x0000006889a00000,0x0000006889b00000] [id=21340]
  0x0000021e3b215800 GCTaskThread "GC Thread#0" [stack: 0x0000006888800000,0x0000006888900000] [id=19780]
  0x0000021e60487800 GCTaskThread "GC Thread#1" [stack: 0x000000688aa00000,0x000000688ab00000] [id=12040]
  0x0000021e6730b800 GCTaskThread "GC Thread#2" [stack: 0x000000688d200000,0x000000688d300000] [id=2908]
  0x0000021e67361800 GCTaskThread "GC Thread#3" [stack: 0x000000688d300000,0x000000688d400000] [id=6296]
  0x0000021e67362000 GCTaskThread "GC Thread#4" [stack: 0x000000688d400000,0x000000688d500000] [id=21944]
  0x0000021e67363000 GCTaskThread "GC Thread#5" [stack: 0x000000688d500000,0x000000688d600000] [id=10208]
  0x0000021e3b271000 ConcurrentGCThread "G1 Main Marker" [stack: 0x0000006888900000,0x0000006888a00000] [id=20020]
  0x0000021e3b274000 ConcurrentGCThread "G1 Conc#0" [stack: 0x0000006888a00000,0x0000006888b00000] [id=2728]
  0x0000021e601f7800 ConcurrentGCThread "G1 Conc#1" [stack: 0x000000688d600000,0x000000688d700000] [id=28352]
  0x0000021e601ff000 ConcurrentGCThread "G1 Conc#2" [stack: 0x000000688d700000,0x000000688d800000] [id=1520]
  0x0000021e5f3d9800 ConcurrentGCThread "G1 Refine#0" [stack: 0x0000006888b00000,0x0000006888c00000] [id=22472]
  0x0000021e5f3da800 ConcurrentGCThread "G1 Young RemSet Sampling" [stack: 0x0000006888c00000,0x0000006888d00000] [id=20876]

Threads with active compile tasks:

VM state:not at safepoint (normal execution)

VM Mutex/Monitor currently owned by a thread: None

Heap address: 0x000000070a400000, size: 3932 MB, Compressed Oops mode: Zero based, Oop shift amount: 3
Narrow klass base: 0x0000000800000000, Narrow klass shift: 0
Compressed class space size: 1073741824 Address: 0x0000000800000000

Heap:
 garbage-first heap   total 251904K, used 96014K [0x000000070a400000, 0x0000000800000000)
  region size 1024K, 16 young (16384K), 1 survivors (1024K)
 Metaspace       used 30421K, capacity 31114K, committed 31408K, reserved 1077248K
  class space    used 3185K, capacity 3481K, committed 3584K, reserved 1048576K
Heap Regions: E=young(eden), S=young(survivor), O=old, HS=humongous(starts), HC=humongous(continues), CS=collection set, F=free, A=archive, TAMS=top-at-mark-start (previous, next)
|   0|0x000000070a400000, 0x000000070a500000, 0x000000070a500000|100%|HS|  |TAMS 0x000000070a500000, 0x000000070a400000| Complete 
|   1|0x000000070a500000, 0x000000070a600000, 0x000000070a600000|100%|HS|  |TAMS 0x000000070a500000, 0x000000070a500000| Complete 
|   2|0x000000070a600000, 0x000000070a700000, 0x000000070a700000|100%|HS|  |TAMS 0x000000070a600000, 0x000000070a600000| Complete 
|   3|0x000000070a700000, 0x000000070a800000, 0x000000070a800000|100%| O|  |TAMS 0x000000070a800000, 0x000000070a700000| Untracked 
|   4|0x000000070a800000, 0x000000070a900000, 0x000000070a900000|100%| O|  |TAMS 0x000000070a900000, 0x000000070a800000| Untracked 
|   5|0x000000070a900000, 0x000000070aa00000, 0x000000070aa00000|100%| O|  |TAMS 0x000000070aa00000, 0x000000070a900000| Untracked 
|   6|0x000000070aa00000, 0x000000070ab00000, 0x000000070ab00000|100%|HS|  |TAMS 0x000000070aa00000, 0x000000070aa00000| Complete 
|   7|0x000000070ab00000, 0x000000070ac00000, 0x000000070ac00000|100%|HS|  |TAMS 0x000000070ab00000, 0x000000070ab00000| Complete 
|   8|0x000000070ac00000, 0x000000070ad00000, 0x000000070ad00000|100%|HS|  |TAMS 0x000000070ac00000, 0x000000070ac00000| Complete 
|   9|0x000000070ad00000, 0x000000070ae00000, 0x000000070ae00000|100%| O|  |TAMS 0x000000070ae00000, 0x000000070ad00000| Untracked 
|  10|0x000000070ae00000, 0x000000070af00000, 0x000000070af00000|100%| O|  |TAMS 0x000000070af00000, 0x000000070ae00000| Untracked 
|  11|0x000000070af00000, 0x000000070b000000, 0x000000070b000000|100%| O|  |TAMS 0x000000070b000000, 0x000000070af00000| Untracked 
|  12|0x000000070b000000, 0x000000070b100000, 0x000000070b100000|100%|HS|  |TAMS 0x000000070b000000, 0x000000070b000000| Complete 
|  13|0x000000070b100000, 0x000000070b200000, 0x000000070b200000|100%|HS|  |TAMS 0x000000070b100000, 0x000000070b100000| Complete 
|  14|0x000000070b200000, 0x000000070b300000, 0x000000070b300000|100%|HS|  |TAMS 0x000000070b200000, 0x000000070b200000| Complete 
|  15|0x000000070b300000, 0x000000070b400000, 0x000000070b400000|100%|HS|  |TAMS 0x000000070b300000, 0x000000070b300000| Complete 
|  16|0x000000070b400000, 0x000000070b500000, 0x000000070b500000|100%|HS|  |TAMS 0x000000070b400000, 0x000000070b400000| Complete 
|  17|0x000000070b500000, 0x000000070b600000, 0x000000070b600000|100%|HS|  |TAMS 0x000000070b500000, 0x000000070b500000| Complete 
|  18|0x000000070b600000, 0x000000070b700000, 0x000000070b700000|100%|HS|  |TAMS 0x000000070b600000, 0x000000070b600000| Complete 
|  19|0x000000070b700000, 0x000000070b800000, 0x000000070b800000|100%|HS|  |TAMS 0x000000070b700000, 0x000000070b700000| Complete 
|  20|0x000000070b800000, 0x000000070b900000, 0x000000070b900000|100%|HS|  |TAMS 0x000000070b800000, 0x000000070b800000| Complete 
|  21|0x000000070b900000, 0x000000070ba00000, 0x000000070ba00000|100%|HS|  |TAMS 0x000000070b900000, 0x000000070b900000| Complete 
|  22|0x000000070ba00000, 0x000000070bb00000, 0x000000070bb00000|100%|HS|  |TAMS 0x000000070ba00000, 0x000000070ba00000| Complete 
|  23|0x000000070bb00000, 0x000000070bc00000, 0x000000070bc00000|100%|HS|  |TAMS 0x000000070bb00000, 0x000000070bb00000| Complete 
|  24|0x000000070bc00000, 0x000000070bd00000, 0x000000070bd00000|100%|HS|  |TAMS 0x000000070bc00000, 0x000000070bc00000| Complete 
|  25|0x000000070bd00000, 0x000000070be00000, 0x000000070be00000|100%|HS|  |TAMS 0x000000070bd00000, 0x000000070bd00000| Complete 
|  26|0x000000070be00000, 0x000000070bf00000, 0x000000070bf00000|100%|HS|  |TAMS 0x000000070be00000, 0x000000070be00000| Complete 
|  27|0x000000070bf00000, 0x000000070c000000, 0x000000070c000000|100%|HS|  |TAMS 0x000000070bf00000, 0x000000070bf00000| Complete 
|  28|0x000000070c000000, 0x000000070c100000, 0x000000070c100000|100%|HS|  |TAMS 0x000000070c000000, 0x000000070c000000| Complete 
|  29|0x000000070c100000, 0x000000070c200000, 0x000000070c200000|100%|HS|  |TAMS 0x000000070c100000, 0x000000070c100000| Complete 
|  30|0x000000070c200000, 0x000000070c300000, 0x000000070c300000|100%|HS|  |TAMS 0x000000070c200000, 0x000000070c200000| Complete 
|  31|0x000000070c300000, 0x000000070c400000, 0x000000070c400000|100%|HS|  |TAMS 0x000000070c300000, 0x000000070c300000| Complete 
|  32|0x000000070c400000, 0x000000070c500000, 0x000000070c500000|100%|HS|  |TAMS 0x000000070c400000, 0x000000070c400000| Complete 
|  33|0x000000070c500000, 0x000000070c600000, 0x000000070c600000|100%|HS|  |TAMS 0x000000070c500000, 0x000000070c500000| Complete 
|  34|0x000000070c600000, 0x000000070c700000, 0x000000070c700000|100%|HS|  |TAMS 0x000000070c600000, 0x000000070c600000| Complete 
|  35|0x000000070c700000, 0x000000070c800000, 0x000000070c800000|100%|HS|  |TAMS 0x000000070c700000, 0x000000070c700000| Complete 
|  36|0x000000070c800000, 0x000000070c900000, 0x000000070c900000|100%|HS|  |TAMS 0x000000070c800000, 0x000000070c800000| Complete 
|  37|0x000000070c900000, 0x000000070ca00000, 0x000000070ca00000|100%|HS|  |TAMS 0x000000070c900000, 0x000000070c900000| Complete 
|  38|0x000000070ca00000, 0x000000070cb00000, 0x000000070cb00000|100%|HS|  |TAMS 0x000000070ca00000, 0x000000070ca00000| Complete 
|  39|0x000000070cb00000, 0x000000070cc00000, 0x000000070cc00000|100%|HS|  |TAMS 0x000000070cb00000, 0x000000070cb00000| Complete 
|  40|0x000000070cc00000, 0x000000070cd00000, 0x000000070cd00000|100%|HS|  |TAMS 0x000000070cc00000, 0x000000070cc00000| Complete 
|  41|0x000000070cd00000, 0x000000070ce00000, 0x000000070ce00000|100%|HS|  |TAMS 0x000000070cd00000, 0x000000070cd00000| Complete 
|  42|0x000000070ce00000, 0x000000070cf00000, 0x000000070cf00000|100%|HS|  |TAMS 0x000000070ce00000, 0x000000070ce00000| Complete 
|  43|0x000000070cf00000, 0x000000070d000000, 0x000000070d000000|100%|HS|  |TAMS 0x000000070cf00000, 0x000000070cf00000| Complete 
|  44|0x000000070d000000, 0x000000070d100000, 0x000000070d100000|100%|HS|  |TAMS 0x000000070d100000, 0x000000070d000000| Complete 
|  45|0x000000070d100000, 0x000000070d200000, 0x000000070d200000|100%|HS|  |TAMS 0x000000070d100000, 0x000000070d100000| Complete 
|  46|0x000000070d200000, 0x000000070d300000, 0x000000070d300000|100%|HS|  |TAMS 0x000000070d200000, 0x000000070d200000| Complete 
|  47|0x000000070d300000, 0x000000070d400000, 0x000000070d400000|100%|HS|  |TAMS 0x000000070d300000, 0x000000070d300000| Complete 
|  48|0x000000070d400000, 0x000000070d500000, 0x000000070d500000|100%|HS|  |TAMS 0x000000070d400000, 0x000000070d400000| Complete 
|  49|0x000000070d500000, 0x000000070d600000, 0x000000070d600000|100%|HS|  |TAMS 0x000000070d500000, 0x000000070d500000| Complete 
|  50|0x000000070d600000, 0x000000070d700000, 0x000000070d700000|100%|HS|  |TAMS 0x000000070d600000, 0x000000070d600000| Complete 
|  51|0x000000070d700000, 0x000000070d800000, 0x000000070d800000|100%|HS|  |TAMS 0x000000070d700000, 0x000000070d700000| Complete 
|  52|0x000000070d800000, 0x000000070d900000, 0x000000070d900000|100%|HS|  |TAMS 0x000000070d800000, 0x000000070d800000| Complete 
|  53|0x000000070d900000, 0x000000070da00000, 0x000000070da00000|100%|HS|  |TAMS 0x000000070d900000, 0x000000070d900000| Complete 
|  54|0x000000070da00000, 0x000000070db00000, 0x000000070db00000|100%|HS|  |TAMS 0x000000070da00000, 0x000000070da00000| Complete 
|  55|0x000000070db00000, 0x000000070dc00000, 0x000000070dc00000|100%|HS|  |TAMS 0x000000070db00000, 0x000000070db00000| Complete 
|  56|0x000000070dc00000, 0x000000070dd00000, 0x000000070dd00000|100%|HS|  |TAMS 0x000000070dc00000, 0x000000070dc00000| Complete 
|  57|0x000000070dd00000, 0x000000070de00000, 0x000000070de00000|100%|HS|  |TAMS 0x000000070dd00000, 0x000000070dd00000| Complete 
|  58|0x000000070de00000, 0x000000070df00000, 0x000000070df00000|100%|HS|  |TAMS 0x000000070de00000, 0x000000070de00000| Complete 
|  59|0x000000070df00000, 0x000000070e000000, 0x000000070e000000|100%|HS|  |TAMS 0x000000070df00000, 0x000000070df00000| Complete 
|  60|0x000000070e000000, 0x000000070e100000, 0x000000070e100000|100%|HS|  |TAMS 0x000000070e000000, 0x000000070e000000| Complete 
|  61|0x000000070e100000, 0x000000070e200000, 0x000000070e200000|100%|HS|  |TAMS 0x000000070e100000, 0x000000070e100000| Complete 
|  62|0x000000070e200000, 0x000000070e300000, 0x000000070e300000|100%|HS|  |TAMS 0x000000070e200000, 0x000000070e200000| Complete 
|  63|0x000000070e300000, 0x000000070e400000, 0x000000070e400000|100%|HS|  |TAMS 0x000000070e300000, 0x000000070e300000| Complete 
|  64|0x000000070e400000, 0x000000070e500000, 0x000000070e500000|100%|HS|  |TAMS 0x000000070e400000, 0x000000070e400000| Complete 
|  65|0x000000070e500000, 0x000000070e600000, 0x000000070e600000|100%|HS|  |TAMS 0x000000070e500000, 0x000000070e500000| Complete 
|  66|0x000000070e600000, 0x000000070e700000, 0x000000070e700000|100%|HS|  |TAMS 0x000000070e600000, 0x000000070e600000| Complete 
|  67|0x000000070e700000, 0x000000070e800000, 0x000000070e800000|100%|HS|  |TAMS 0x000000070e700000, 0x000000070e700000| Complete 
|  68|0x000000070e800000, 0x000000070e900000, 0x000000070e900000|100%|HS|  |TAMS 0x000000070e800000, 0x000000070e800000| Complete 
|  69|0x000000070e900000, 0x000000070ea00000, 0x000000070ea00000|100%|HS|  |TAMS 0x000000070e900000, 0x000000070e900000| Complete 
|  70|0x000000070ea00000, 0x000000070eb00000, 0x000000070eb00000|100%|HS|  |TAMS 0x000000070ea00000, 0x000000070ea00000| Complete 
|  71|0x000000070eb00000, 0x000000070ec00000, 0x000000070ec00000|100%|HS|  |TAMS 0x000000070eb00000, 0x000000070eb00000| Complete 
|  72|0x000000070ec00000, 0x000000070ed00000, 0x000000070ed00000|100%|HS|  |TAMS 0x000000070ec00000, 0x000000070ec00000| Complete 
|  73|0x000000070ed00000, 0x000000070ed00000, 0x000000070ee00000|  0%| F|  |TAMS 0x000000070ed00000, 0x000000070ed00000| Untracked 
|  74|0x000000070ee00000, 0x000000070ef00000, 0x000000070ef00000|100%| O|  |TAMS 0x000000070ef00000, 0x000000070ee00000| Untracked 
|  75|0x000000070ef00000, 0x000000070ef00000, 0x000000070f000000|  0%| F|  |TAMS 0x000000070ef00000, 0x000000070ef00000| Untracked 
|  76|0x000000070f000000, 0x000000070f000000, 0x000000070f100000|  0%| F|  |TAMS 0x000000070f000000, 0x000000070f000000| Untracked 
|  77|0x000000070f100000, 0x000000070f100000, 0x000000070f200000|  0%| F|  |TAMS 0x000000070f100000, 0x000000070f100000| Untracked 
|  78|0x000000070f200000, 0x000000070f200000, 0x000000070f300000|  0%| F|  |TAMS 0x000000070f200000, 0x000000070f200000| Untracked 
|  79|0x000000070f300000, 0x000000070f300000, 0x000000070f400000|  0%| F|  |TAMS 0x000000070f300000, 0x000000070f300000| Untracked 
|  80|0x000000070f400000, 0x000000070f400000, 0x000000070f500000|  0%| F|  |TAMS 0x000000070f400000, 0x000000070f400000| Untracked 
|  81|0x000000070f500000, 0x000000070f500000, 0x000000070f600000|  0%| F|  |TAMS 0x000000070f500000, 0x000000070f500000| Untracked 
|  82|0x000000070f600000, 0x000000070f600000, 0x000000070f700000|  0%| F|  |TAMS 0x000000070f600000, 0x000000070f600000| Untracked 
|  83|0x000000070f700000, 0x000000070f700000, 0x000000070f800000|  0%| F|  |TAMS 0x000000070f700000, 0x000000070f700000| Untracked 
|  84|0x000000070f800000, 0x000000070f800000, 0x000000070f900000|  0%| F|  |TAMS 0x000000070f800000, 0x000000070f800000| Untracked 
|  85|0x000000070f900000, 0x000000070f900000, 0x000000070fa00000|  0%| F|  |TAMS 0x000000070f900000, 0x000000070f900000| Untracked 
|  86|0x000000070fa00000, 0x000000070fa00000, 0x000000070fb00000|  0%| F|  |TAMS 0x000000070fa00000, 0x000000070fa00000| Untracked 
|  87|0x000000070fb00000, 0x000000070fb00000, 0x000000070fc00000|  0%| F|  |TAMS 0x000000070fb00000, 0x000000070fb00000| Untracked 
|  88|0x000000070fc00000, 0x000000070fc00000, 0x000000070fd00000|  0%| F|  |TAMS 0x000000070fc00000, 0x000000070fc00000| Untracked 
|  89|0x000000070fd00000, 0x000000070fd00000, 0x000000070fe00000|  0%| F|  |TAMS 0x000000070fd00000, 0x000000070fd00000| Untracked 
|  90|0x000000070fe00000, 0x000000070fe00000, 0x000000070ff00000|  0%| F|  |TAMS 0x000000070fe00000, 0x000000070fe00000| Untracked 
|  91|0x000000070ff00000, 0x000000070ff00000, 0x0000000710000000|  0%| F|  |TAMS 0x000000070ff00000, 0x000000070ff00000| Untracked 
|  92|0x0000000710000000, 0x0000000710000000, 0x0000000710100000|  0%| F|  |TAMS 0x0000000710000000, 0x0000000710000000| Untracked 
|  93|0x0000000710100000, 0x0000000710100000, 0x0000000710200000|  0%| F|  |TAMS 0x0000000710100000, 0x0000000710100000| Untracked 
|  94|0x0000000710200000, 0x0000000710200000, 0x0000000710300000|  0%| F|  |TAMS 0x0000000710200000, 0x0000000710200000| Untracked 
|  95|0x0000000710300000, 0x0000000710300000, 0x0000000710400000|  0%| F|  |TAMS 0x0000000710300000, 0x0000000710300000| Untracked 
|  96|0x0000000710400000, 0x0000000710400000, 0x0000000710500000|  0%| F|  |TAMS 0x0000000710400000, 0x0000000710400000| Untracked 
|  97|0x0000000710500000, 0x0000000710500000, 0x0000000710600000|  0%| F|  |TAMS 0x0000000710500000, 0x0000000710500000| Untracked 
|  98|0x0000000710600000, 0x0000000710700000, 0x0000000710700000|100%|HS|  |TAMS 0x0000000710700000, 0x0000000710600000| Complete 
|  99|0x0000000710700000, 0x0000000710800000, 0x0000000710800000|100%|HC|  |TAMS 0x0000000710800000, 0x0000000710700000| Complete 
| 100|0x0000000710800000, 0x0000000710900000, 0x0000000710900000|100%|HC|  |TAMS 0x0000000710900000, 0x0000000710800000| Complete 
| 101|0x0000000710900000, 0x000000071094f200, 0x0000000710a00000| 30%| O|  |TAMS 0x000000071094f200, 0x0000000710900000| Untracked 
| 102|0x0000000710a00000, 0x0000000710a00000, 0x0000000710b00000|  0%| F|  |TAMS 0x0000000710a00000, 0x0000000710a00000| Untracked 
| 103|0x0000000710b00000, 0x0000000710b00000, 0x0000000710c00000|  0%| F|  |TAMS 0x0000000710b00000, 0x0000000710b00000| Untracked 
| 104|0x0000000710c00000, 0x0000000710c00000, 0x0000000710d00000|  0%| F|  |TAMS 0x0000000710c00000, 0x0000000710c00000| Untracked 
| 105|0x0000000710d00000, 0x0000000710d00000, 0x0000000710e00000|  0%| F|  |TAMS 0x0000000710d00000, 0x0000000710d00000| Untracked 
| 106|0x0000000710e00000, 0x0000000710e00000, 0x0000000710f00000|  0%| F|  |TAMS 0x0000000710e00000, 0x0000000710e00000| Untracked 
| 107|0x0000000710f00000, 0x0000000710f00000, 0x0000000711000000|  0%| F|  |TAMS 0x0000000710f00000, 0x0000000710f00000| Untracked 
| 108|0x0000000711000000, 0x0000000711100000, 0x0000000711100000|100%|HS|  |TAMS 0x0000000711100000, 0x0000000711000000| Complete 
| 109|0x0000000711100000, 0x0000000711100000, 0x0000000711200000|  0%| F|  |TAMS 0x0000000711100000, 0x0000000711100000| Untracked 
| 110|0x0000000711200000, 0x0000000711200000, 0x0000000711300000|  0%| F|  |TAMS 0x0000000711200000, 0x0000000711200000| Untracked 
| 111|0x0000000711300000, 0x0000000711400000, 0x0000000711400000|100%| O|  |TAMS 0x0000000711400000, 0x0000000711300000| Untracked 
| 112|0x0000000711400000, 0x0000000711400000, 0x0000000711500000|  0%| F|  |TAMS 0x0000000711400000, 0x0000000711400000| Untracked 
| 113|0x0000000711500000, 0x0000000711500000, 0x0000000711600000|  0%| F|  |TAMS 0x0000000711500000, 0x0000000711500000| Untracked 
| 114|0x0000000711600000, 0x0000000711600000, 0x0000000711700000|  0%| F|  |TAMS 0x0000000711600000, 0x0000000711600000| Untracked 
| 115|0x0000000711700000, 0x0000000711700000, 0x0000000711800000|  0%| F|  |TAMS 0x0000000711700000, 0x0000000711700000| Untracked 
| 116|0x0000000711800000, 0x0000000711800000, 0x0000000711900000|  0%| F|  |TAMS 0x0000000711800000, 0x0000000711800000| Untracked 
| 117|0x0000000711900000, 0x0000000711900000, 0x0000000711a00000|  0%| F|  |TAMS 0x0000000711900000, 0x0000000711900000| Untracked 
| 118|0x0000000711a00000, 0x0000000711a00000, 0x0000000711b00000|  0%| F|  |TAMS 0x0000000711a00000, 0x0000000711a00000| Untracked 
| 119|0x0000000711b00000, 0x0000000711b00000, 0x0000000711c00000|  0%| F|  |TAMS 0x0000000711b00000, 0x0000000711b00000| Untracked 
| 120|0x0000000711c00000, 0x0000000711c00000, 0x0000000711d00000|  0%| F|  |TAMS 0x0000000711c00000, 0x0000000711c00000| Untracked 
| 121|0x0000000711d00000, 0x0000000711d00000, 0x0000000711e00000|  0%| F|  |TAMS 0x0000000711d00000, 0x0000000711d00000| Untracked 
| 122|0x0000000711e00000, 0x0000000711e00000, 0x0000000711f00000|  0%| F|  |TAMS 0x0000000711e00000, 0x0000000711e00000| Untracked 
| 123|0x0000000711f00000, 0x0000000711f00000, 0x0000000712000000|  0%| F|  |TAMS 0x0000000711f00000, 0x0000000711f00000| Untracked 
| 124|0x0000000712000000, 0x0000000712000000, 0x0000000712100000|  0%| F|  |TAMS 0x0000000712000000, 0x0000000712000000| Untracked 
| 125|0x0000000712100000, 0x0000000712100000, 0x0000000712200000|  0%| F|  |TAMS 0x0000000712100000, 0x0000000712100000| Untracked 
| 126|0x0000000712200000, 0x0000000712200000, 0x0000000712300000|  0%| F|  |TAMS 0x0000000712200000, 0x0000000712200000| Untracked 
| 127|0x0000000712300000, 0x0000000712300000, 0x0000000712400000|  0%| F|  |TAMS 0x0000000712300000, 0x0000000712300000| Untracked 
| 128|0x0000000712400000, 0x0000000712400000, 0x0000000712500000|  0%| F|  |TAMS 0x0000000712400000, 0x0000000712400000| Untracked 
| 129|0x0000000712500000, 0x0000000712500000, 0x0000000712600000|  0%| F|  |TAMS 0x0000000712500000, 0x0000000712500000| Untracked 
| 130|0x0000000712600000, 0x0000000712600000, 0x0000000712700000|  0%| F|  |TAMS 0x0000000712600000, 0x0000000712600000| Untracked 
| 131|0x0000000712700000, 0x0000000712700000, 0x0000000712800000|  0%| F|  |TAMS 0x0000000712700000, 0x0000000712700000| Untracked 
| 132|0x0000000712800000, 0x0000000712800000, 0x0000000712900000|  0%| F|  |TAMS 0x0000000712800000, 0x0000000712800000| Untracked 
| 133|0x0000000712900000, 0x0000000712900000, 0x0000000712a00000|  0%| F|  |TAMS 0x0000000712900000, 0x0000000712900000| Untracked 
| 134|0x0000000712a00000, 0x0000000712a00000, 0x0000000712b00000|  0%| F|  |TAMS 0x0000000712a00000, 0x0000000712a00000| Untracked 
| 135|0x0000000712b00000, 0x0000000712b00000, 0x0000000712c00000|  0%| F|  |TAMS 0x0000000712b00000, 0x0000000712b00000| Untracked 
| 136|0x0000000712c00000, 0x0000000712c00000, 0x0000000712d00000|  0%| F|  |TAMS 0x0000000712c00000, 0x0000000712c00000| Untracked 
| 137|0x0000000712d00000, 0x0000000712d00000, 0x0000000712e00000|  0%| F|  |TAMS 0x0000000712d00000, 0x0000000712d00000| Untracked 
| 138|0x0000000712e00000, 0x0000000712e00000, 0x0000000712f00000|  0%| F|  |TAMS 0x0000000712e00000, 0x0000000712e00000| Untracked 
| 139|0x0000000712f00000, 0x0000000712f00000, 0x0000000713000000|  0%| F|  |TAMS 0x0000000712f00000, 0x0000000712f00000| Untracked 
| 140|0x0000000713000000, 0x0000000713000000, 0x0000000713100000|  0%| F|  |TAMS 0x0000000713000000, 0x0000000713000000| Untracked 
| 141|0x0000000713100000, 0x0000000713100000, 0x0000000713200000|  0%| F|  |TAMS 0x0000000713100000, 0x0000000713100000| Untracked 
| 142|0x0000000713200000, 0x0000000713200000, 0x0000000713300000|  0%| F|  |TAMS 0x0000000713200000, 0x0000000713200000| Untracked 
| 143|0x0000000713300000, 0x0000000713300000, 0x0000000713400000|  0%| F|  |TAMS 0x0000000713300000, 0x0000000713300000| Untracked 
| 144|0x0000000713400000, 0x0000000713400000, 0x0000000713500000|  0%| F|  |TAMS 0x0000000713400000, 0x0000000713400000| Untracked 
| 145|0x0000000713500000, 0x0000000713500000, 0x0000000713600000|  0%| F|  |TAMS 0x0000000713500000, 0x0000000713500000| Untracked 
| 146|0x0000000713600000, 0x0000000713600000, 0x0000000713700000|  0%| F|  |TAMS 0x0000000713600000, 0x0000000713600000| Untracked 
| 147|0x0000000713700000, 0x0000000713700000, 0x0000000713800000|  0%| F|  |TAMS 0x0000000713700000, 0x0000000713700000| Untracked 
| 148|0x0000000713800000, 0x0000000713800000, 0x0000000713900000|  0%| F|  |TAMS 0x0000000713800000, 0x0000000713800000| Untracked 
| 149|0x0000000713900000, 0x0000000713900000, 0x0000000713a00000|  0%| F|  |TAMS 0x0000000713900000, 0x0000000713900000| Untracked 
| 150|0x0000000713a00000, 0x0000000713a00000, 0x0000000713b00000|  0%| F|  |TAMS 0x0000000713a00000, 0x0000000713a00000| Untracked 
| 151|0x0000000713b00000, 0x0000000713b00000, 0x0000000713c00000|  0%| F|  |TAMS 0x0000000713b00000, 0x0000000713b00000| Untracked 
| 152|0x0000000713c00000, 0x0000000713c00000, 0x0000000713d00000|  0%| F|  |TAMS 0x0000000713c00000, 0x0000000713c00000| Untracked 
| 153|0x0000000713d00000, 0x0000000713d00000, 0x0000000713e00000|  0%| F|  |TAMS 0x0000000713d00000, 0x0000000713d00000| Untracked 
| 154|0x0000000713e00000, 0x0000000713e00000, 0x0000000713f00000|  0%| F|  |TAMS 0x0000000713e00000, 0x0000000713e00000| Untracked 
| 155|0x0000000713f00000, 0x0000000713f00000, 0x0000000714000000|  0%| F|  |TAMS 0x0000000713f00000, 0x0000000713f00000| Untracked 
| 156|0x0000000714000000, 0x0000000714000000, 0x0000000714100000|  0%| F|  |TAMS 0x0000000714000000, 0x0000000714000000| Untracked 
| 157|0x0000000714100000, 0x0000000714100000, 0x0000000714200000|  0%| F|  |TAMS 0x0000000714100000, 0x0000000714100000| Untracked 
| 158|0x0000000714200000, 0x0000000714200000, 0x0000000714300000|  0%| F|  |TAMS 0x0000000714200000, 0x0000000714200000| Untracked 
| 159|0x0000000714300000, 0x0000000714300000, 0x0000000714400000|  0%| F|  |TAMS 0x0000000714300000, 0x0000000714300000| Untracked 
| 160|0x0000000714400000, 0x0000000714400000, 0x0000000714500000|  0%| F|  |TAMS 0x0000000714400000, 0x0000000714400000| Untracked 
| 161|0x0000000714500000, 0x0000000714500000, 0x0000000714600000|  0%| F|  |TAMS 0x0000000714500000, 0x0000000714500000| Untracked 
| 162|0x0000000714600000, 0x0000000714600000, 0x0000000714700000|  0%| F|  |TAMS 0x0000000714600000, 0x0000000714600000| Untracked 
| 163|0x0000000714700000, 0x0000000714700000, 0x0000000714800000|  0%| F|  |TAMS 0x0000000714700000, 0x0000000714700000| Untracked 
| 164|0x0000000714800000, 0x0000000714800000, 0x0000000714900000|  0%| F|  |TAMS 0x0000000714800000, 0x0000000714800000| Untracked 
| 165|0x0000000714900000, 0x0000000714900000, 0x0000000714a00000|  0%| F|  |TAMS 0x0000000714900000, 0x0000000714900000| Untracked 
| 166|0x0000000714a00000, 0x0000000714a00000, 0x0000000714b00000|  0%| F|  |TAMS 0x0000000714a00000, 0x0000000714a00000| Untracked 
| 167|0x0000000714b00000, 0x0000000714b00000, 0x0000000714c00000|  0%| F|  |TAMS 0x0000000714b00000, 0x0000000714b00000| Untracked 
| 168|0x0000000714c00000, 0x0000000714c00000, 0x0000000714d00000|  0%| F|  |TAMS 0x0000000714c00000, 0x0000000714c00000| Untracked 
| 169|0x0000000714d00000, 0x0000000714d00000, 0x0000000714e00000|  0%| F|  |TAMS 0x0000000714d00000, 0x0000000714d00000| Untracked 
| 170|0x0000000714e00000, 0x0000000714e00000, 0x0000000714f00000|  0%| F|  |TAMS 0x0000000714e00000, 0x0000000714e00000| Untracked 
| 171|0x0000000714f00000, 0x0000000714f00000, 0x0000000715000000|  0%| F|  |TAMS 0x0000000714f00000, 0x0000000714f00000| Untracked 
| 172|0x0000000715000000, 0x0000000715000000, 0x0000000715100000|  0%| F|  |TAMS 0x0000000715000000, 0x0000000715000000| Untracked 
| 173|0x0000000715100000, 0x0000000715100000, 0x0000000715200000|  0%| F|  |TAMS 0x0000000715100000, 0x0000000715100000| Untracked 
| 174|0x0000000715200000, 0x0000000715200000, 0x0000000715300000|  0%| F|  |TAMS 0x0000000715200000, 0x0000000715200000| Untracked 
| 175|0x0000000715300000, 0x0000000715300000, 0x0000000715400000|  0%| F|  |TAMS 0x0000000715300000, 0x0000000715300000| Untracked 
| 176|0x0000000715400000, 0x0000000715400000, 0x0000000715500000|  0%| F|  |TAMS 0x0000000715400000, 0x0000000715400000| Untracked 
| 177|0x0000000715500000, 0x0000000715500000, 0x0000000715600000|  0%| F|  |TAMS 0x0000000715500000, 0x0000000715500000| Untracked 
| 178|0x0000000715600000, 0x0000000715600000, 0x0000000715700000|  0%| F|  |TAMS 0x0000000715600000, 0x0000000715600000| Untracked 
| 179|0x0000000715700000, 0x0000000715700000, 0x0000000715800000|  0%| F|  |TAMS 0x0000000715700000, 0x0000000715700000| Untracked 
| 180|0x0000000715800000, 0x0000000715800000, 0x0000000715900000|  0%| F|  |TAMS 0x0000000715800000, 0x0000000715800000| Untracked 
| 181|0x0000000715900000, 0x0000000715900000, 0x0000000715a00000|  0%| F|  |TAMS 0x0000000715900000, 0x0000000715900000| Untracked 
| 182|0x0000000715a00000, 0x0000000715a00000, 0x0000000715b00000|  0%| F|  |TAMS 0x0000000715a00000, 0x0000000715a00000| Untracked 
| 183|0x0000000715b00000, 0x0000000715b00000, 0x0000000715c00000|  0%| F|  |TAMS 0x0000000715b00000, 0x0000000715b00000| Untracked 
| 184|0x0000000715c00000, 0x0000000715c00000, 0x0000000715d00000|  0%| F|  |TAMS 0x0000000715c00000, 0x0000000715c00000| Untracked 
| 185|0x0000000715d00000, 0x0000000715d00000, 0x0000000715e00000|  0%| F|  |TAMS 0x0000000715d00000, 0x0000000715d00000| Untracked 
| 186|0x0000000715e00000, 0x0000000715e00000, 0x0000000715f00000|  0%| F|  |TAMS 0x0000000715e00000, 0x0000000715e00000| Untracked 
| 187|0x0000000715f00000, 0x0000000715f00000, 0x0000000716000000|  0%| F|  |TAMS 0x0000000715f00000, 0x0000000715f00000| Untracked 
| 188|0x0000000716000000, 0x0000000716000000, 0x0000000716100000|  0%| F|  |TAMS 0x0000000716000000, 0x0000000716000000| Untracked 
| 189|0x0000000716100000, 0x0000000716100000, 0x0000000716200000|  0%| F|  |TAMS 0x0000000716100000, 0x0000000716100000| Untracked 
| 190|0x0000000716200000, 0x0000000716200000, 0x0000000716300000|  0%| F|  |TAMS 0x0000000716200000, 0x0000000716200000| Untracked 
| 191|0x0000000716300000, 0x0000000716300000, 0x0000000716400000|  0%| F|  |TAMS 0x0000000716300000, 0x0000000716300000| Untracked 
| 192|0x0000000716400000, 0x0000000716400000, 0x0000000716500000|  0%| F|  |TAMS 0x0000000716400000, 0x0000000716400000| Untracked 
| 193|0x0000000716500000, 0x0000000716500000, 0x0000000716600000|  0%| F|  |TAMS 0x0000000716500000, 0x0000000716500000| Untracked 
| 194|0x0000000716600000, 0x0000000716600000, 0x0000000716700000|  0%| F|  |TAMS 0x0000000716600000, 0x0000000716600000| Untracked 
| 195|0x0000000716700000, 0x0000000716700000, 0x0000000716800000|  0%| F|  |TAMS 0x0000000716700000, 0x0000000716700000| Untracked 
| 196|0x0000000716800000, 0x0000000716800000, 0x0000000716900000|  0%| F|  |TAMS 0x0000000716800000, 0x0000000716800000| Untracked 
| 197|0x0000000716900000, 0x0000000716900000, 0x0000000716a00000|  0%| F|  |TAMS 0x0000000716900000, 0x0000000716900000| Untracked 
| 198|0x0000000716a00000, 0x0000000716a00000, 0x0000000716b00000|  0%| F|  |TAMS 0x0000000716a00000, 0x0000000716a00000| Untracked 
| 199|0x0000000716b00000, 0x0000000716b00000, 0x0000000716c00000|  0%| F|  |TAMS 0x0000000716b00000, 0x0000000716b00000| Untracked 
| 200|0x0000000716c00000, 0x0000000716c00000, 0x0000000716d00000|  0%| F|  |TAMS 0x0000000716c00000, 0x0000000716c00000| Untracked 
| 201|0x0000000716d00000, 0x0000000716d00000, 0x0000000716e00000|  0%| F|  |TAMS 0x0000000716d00000, 0x0000000716d00000| Untracked 
| 202|0x0000000716e00000, 0x0000000716e00000, 0x0000000716f00000|  0%| F|  |TAMS 0x0000000716e00000, 0x0000000716e00000| Untracked 
| 203|0x0000000716f00000, 0x0000000716f00000, 0x0000000717000000|  0%| F|  |TAMS 0x0000000716f00000, 0x0000000716f00000| Untracked 
| 204|0x0000000717000000, 0x0000000717000000, 0x0000000717100000|  0%| F|  |TAMS 0x0000000717000000, 0x0000000717000000| Untracked 
| 205|0x0000000717100000, 0x0000000717100000, 0x0000000717200000|  0%| F|  |TAMS 0x0000000717100000, 0x0000000717100000| Untracked 
| 206|0x0000000717200000, 0x0000000717200000, 0x0000000717300000|  0%| F|  |TAMS 0x0000000717200000, 0x0000000717200000| Untracked 
| 207|0x0000000717300000, 0x0000000717300000, 0x0000000717400000|  0%| F|  |TAMS 0x0000000717300000, 0x0000000717300000| Untracked 
| 208|0x0000000717400000, 0x0000000717400000, 0x0000000717500000|  0%| F|  |TAMS 0x0000000717400000, 0x0000000717400000| Untracked 
| 209|0x0000000717500000, 0x0000000717500000, 0x0000000717600000|  0%| F|  |TAMS 0x0000000717500000, 0x0000000717500000| Untracked 
| 210|0x0000000717600000, 0x0000000717600000, 0x0000000717700000|  0%| F|  |TAMS 0x0000000717600000, 0x0000000717600000| Untracked 
| 211|0x0000000717700000, 0x0000000717700000, 0x0000000717800000|  0%| F|  |TAMS 0x0000000717700000, 0x0000000717700000| Untracked 
| 212|0x0000000717800000, 0x0000000717800000, 0x0000000717900000|  0%| F|  |TAMS 0x0000000717800000, 0x0000000717800000| Untracked 
| 213|0x0000000717900000, 0x0000000717900000, 0x0000000717a00000|  0%| F|  |TAMS 0x0000000717900000, 0x0000000717900000| Untracked 
| 214|0x0000000717a00000, 0x0000000717a00000, 0x0000000717b00000|  0%| F|  |TAMS 0x0000000717a00000, 0x0000000717a00000| Untracked 
| 215|0x0000000717b00000, 0x0000000717b00000, 0x0000000717c00000|  0%| F|  |TAMS 0x0000000717b00000, 0x0000000717b00000| Untracked 
| 216|0x0000000717c00000, 0x0000000717c00000, 0x0000000717d00000|  0%| F|  |TAMS 0x0000000717c00000, 0x0000000717c00000| Untracked 
| 217|0x0000000717d00000, 0x0000000717d00000, 0x0000000717e00000|  0%| F|  |TAMS 0x0000000717d00000, 0x0000000717d00000| Untracked 
| 218|0x0000000717e00000, 0x0000000717e00000, 0x0000000717f00000|  0%| F|  |TAMS 0x0000000717e00000, 0x0000000717e00000| Untracked 
| 219|0x0000000717f00000, 0x0000000717f00000, 0x0000000718000000|  0%| F|  |TAMS 0x0000000717f00000, 0x0000000717f00000| Untracked 
| 220|0x0000000718000000, 0x0000000718000000, 0x0000000718100000|  0%| F|  |TAMS 0x0000000718000000, 0x0000000718000000| Untracked 
| 221|0x0000000718100000, 0x0000000718100000, 0x0000000718200000|  0%| F|  |TAMS 0x0000000718100000, 0x0000000718100000| Untracked 
| 222|0x0000000718200000, 0x0000000718200000, 0x0000000718300000|  0%| F|  |TAMS 0x0000000718200000, 0x0000000718200000| Untracked 
| 223|0x0000000718300000, 0x0000000718300000, 0x0000000718400000|  0%| F|  |TAMS 0x0000000718300000, 0x0000000718300000| Untracked 
| 224|0x0000000718400000, 0x0000000718400000, 0x0000000718500000|  0%| F|  |TAMS 0x0000000718400000, 0x0000000718400000| Untracked 
| 225|0x0000000718500000, 0x0000000718500000, 0x0000000718600000|  0%| F|  |TAMS 0x0000000718500000, 0x0000000718500000| Untracked 
| 226|0x0000000718600000, 0x0000000718600000, 0x0000000718700000|  0%| F|  |TAMS 0x0000000718600000, 0x0000000718600000| Untracked 
| 227|0x0000000718700000, 0x0000000718700000, 0x0000000718800000|  0%| F|  |TAMS 0x0000000718700000, 0x0000000718700000| Untracked 
| 228|0x0000000718800000, 0x0000000718800000, 0x0000000718900000|  0%| F|  |TAMS 0x0000000718800000, 0x0000000718800000| Untracked 
| 229|0x0000000718900000, 0x0000000718900000, 0x0000000718a00000|  0%| F|  |TAMS 0x0000000718900000, 0x0000000718900000| Untracked 
| 230|0x0000000718a00000, 0x0000000718a61d90, 0x0000000718b00000| 38%| E|  |TAMS 0x0000000718a00000, 0x0000000718a00000| Complete 
| 231|0x0000000718b00000, 0x0000000718c00000, 0x0000000718c00000|100%| E|CS|TAMS 0x0000000718b00000, 0x0000000718b00000| Complete 
| 232|0x0000000718c00000, 0x0000000718d00000, 0x0000000718d00000|100%| E|CS|TAMS 0x0000000718c00000, 0x0000000718c00000| Complete 
| 233|0x0000000718d00000, 0x0000000718e00000, 0x0000000718e00000|100%| E|CS|TAMS 0x0000000718d00000, 0x0000000718d00000| Complete 
| 234|0x0000000718e00000, 0x0000000718f00000, 0x0000000718f00000|100%| E|CS|TAMS 0x0000000718e00000, 0x0000000718e00000| Complete 
| 235|0x0000000718f00000, 0x0000000719000000, 0x0000000719000000|100%| E|CS|TAMS 0x0000000718f00000, 0x0000000718f00000| Complete 
| 236|0x0000000719000000, 0x0000000719100000, 0x0000000719100000|100%| E|CS|TAMS 0x0000000719000000, 0x0000000719000000| Complete 
| 237|0x0000000719100000, 0x0000000719200000, 0x0000000719200000|100%| E|CS|TAMS 0x0000000719100000, 0x0000000719100000| Complete 
| 238|0x0000000719200000, 0x0000000719300000, 0x0000000719300000|100%| E|CS|TAMS 0x0000000719200000, 0x0000000719200000| Complete 
| 239|0x0000000719300000, 0x0000000719400000, 0x0000000719400000|100%| E|CS|TAMS 0x0000000719300000, 0x0000000719300000| Complete 
| 240|0x0000000719400000, 0x0000000719500000, 0x0000000719500000|100%| E|CS|TAMS 0x0000000719400000, 0x0000000719400000| Complete 
| 241|0x0000000719500000, 0x0000000719600000, 0x0000000719600000|100%| E|CS|TAMS 0x0000000719500000, 0x0000000719500000| Complete 
| 242|0x0000000719600000, 0x00000007196747f8, 0x0000000719700000| 45%| S|CS|TAMS 0x0000000719600000, 0x0000000719600000| Complete 
| 243|0x0000000719700000, 0x0000000719800000, 0x0000000719800000|100%| E|CS|TAMS 0x0000000719700000, 0x0000000719700000| Complete 
| 244|0x0000000719800000, 0x0000000719900000, 0x0000000719900000|100%| E|CS|TAMS 0x0000000719800000, 0x0000000719800000| Complete 
| 245|0x0000000719900000, 0x0000000719a00000, 0x0000000719a00000|100%| E|CS|TAMS 0x0000000719900000, 0x0000000719900000| Complete 

Card table byte_map: [0x0000021e53980000,0x0000021e54130000] _byte_map_base: 0x0000021e5012e000

Marking Bits (Prev, Next): (CMBitMap*) 0x0000021e3b260be0, (CMBitMap*) 0x0000021e3b260ba8
 Prev Bits: [0x0000021e58650000, 0x0000021e5c3c0000)
 Next Bits: [0x0000021e548e0000, 0x0000021e58650000)

Polling page: 0x0000021e39060000

Metaspace:

Usage:
  Non-class:     26.99 MB capacity,    26.60 MB ( 99%) used,   322.68 KB (  1%) free+waste,    73.88 KB ( <1%) overhead. 
      Class:      3.40 MB capacity,     3.11 MB ( 91%) used,   260.05 KB (  7%) free+waste,    35.94 KB (  1%) overhead. 
       Both:     30.38 MB capacity,    29.71 MB ( 98%) used,   582.73 KB (  2%) free+waste,   109.81 KB ( <1%) overhead. 

Virtual space:
  Non-class space:       28.00 MB reserved,      27.17 MB ( 97%) committed 
      Class space:        1.00 GB reserved,       3.50 MB ( <1%) committed 
             Both:        1.03 GB reserved,      30.67 MB (  3%) committed 

Chunk freelists:
   Non-Class:  0 bytes
       Class:  7.00 KB
        Both:  7.00 KB

MaxMetaspaceSize: 17179869184.00 GB
CompressedClassSpaceSize: 1.00 GB
Initial GC threshold: 20.80 MB
Current GC threshold: 47.79 MB
CDS: off

CodeHeap 'non-profiled nmethods': size=119168Kb used=2518Kb max_used=2518Kb free=116649Kb
 bounds [0x0000021e4b4f0000, 0x0000021e4b770000, 0x0000021e52950000]
CodeHeap 'profiled nmethods': size=119168Kb used=10766Kb max_used=10766Kb free=108401Kb
 bounds [0x0000021e44090000, 0x0000021e44b20000, 0x0000021e4b4f0000]
CodeHeap 'non-nmethods': size=7424Kb used=1420Kb max_used=3076Kb free=6003Kb
 bounds [0x0000021e43950000, 0x0000021e43c60000, 0x0000021e44090000]
 total_blobs=5630 nmethods=4878 adapters=663
 compilation: enabled
              stopped_count=0, restarted_count=0
 full_count=0

Compilation events (20 events):
Event: 208.718 Thread 0x0000021e5fe17000 4869       1       javax.swing.plaf.ComponentUI::getPreferredSize (2 bytes)
Event: 208.719 Thread 0x0000021e5fe15800 4870       4       java.awt.Rectangle::<init> (9 bytes)
Event: 208.719 Thread 0x0000021e5fe17000 nmethod 4869 0x0000021e4b764490 code [0x0000021e4b764640, 0x0000021e4b7646f8]
Event: 208.719 Thread 0x0000021e5fe15800 nmethod 4870 0x0000021e4b764790 code [0x0000021e4b764920, 0x0000021e4b764998]
Event: 208.720 Thread 0x0000021e5fe17000 4871       1       sun.awt.util.IdentityArrayList::size (5 bytes)
Event: 208.721 Thread 0x0000021e5fe17000 nmethod 4871 0x0000021e4b764a90 code [0x0000021e4b764c40, 0x0000021e4b764cf8]
Event: 208.746 Thread 0x0000021e5fe17000 4872       3       sun.awt.windows.WComponentPeer::getGraphicsConfiguration (23 bytes)
Event: 208.746 Thread 0x0000021e5fe17000 nmethod 4872 0x0000021e44b0a810 code [0x0000021e44b0a9e0, 0x0000021e44b0ad38]
Event: 208.748 Thread 0x0000021e5fe17000 4873       1       java.awt.Window::getOpacity (5 bytes)
Event: 208.749 Thread 0x0000021e5fe17000 nmethod 4873 0x0000021e4b764d90 code [0x0000021e4b764f40, 0x0000021e4b764ff8]
Event: 208.761 Thread 0x0000021e5fe17000 4874       1       sun.awt.image.ByteArrayImageSource::checkSecurity (2 bytes)
Event: 208.761 Thread 0x0000021e5fe17000 nmethod 4874 0x0000021e4b765090 code [0x0000021e4b765240, 0x0000021e4b7652f8]
Event: 208.766 Thread 0x0000021e5fe17000 4875       3       java.awt.Component::dispatchEventImpl (777 bytes)
Event: 208.772 Thread 0x0000021e5fe17000 nmethod 4875 0x0000021e44b0ae10 code [0x0000021e44b0b680, 0x0000021e44b12328]
Event: 208.784 Thread 0x0000021e5fe17000 4876       3       java.awt.KeyboardFocusManager::fireVetoableChange (26 bytes)
Event: 208.784 Thread 0x0000021e5fe17000 nmethod 4876 0x0000021e44b13610 code [0x0000021e44b137c0, 0x0000021e44b13968]
Event: 210.501 Thread 0x0000021e5fe17000 4877       1       java.awt.event.ActionEvent::getActionCommand (5 bytes)
Event: 210.502 Thread 0x0000021e5fe17000 nmethod 4877 0x0000021e4b765390 code [0x0000021e4b765540, 0x0000021e4b7655f8]
Event: 210.502 Thread 0x0000021e5fe17000 4878       1       java.awt.event.ActionEvent::getModifiers (5 bytes)
Event: 210.502 Thread 0x0000021e5fe17000 nmethod 4878 0x0000021e4b765690 code [0x0000021e4b765840, 0x0000021e4b7658f8]

GC Heap History (20 events):
Event: 85.295 GC heap before
{Heap before GC invocations=216 (full 0):
 garbage-first heap   total 251904K, used 114333K [0x000000070a400000, 0x0000000800000000)
  region size 1024K, 4 young (4096K), 1 survivors (1024K)
 Metaspace       used 27854K, capacity 28434K, committed 28720K, reserved 1075200K
  class space    used 2912K, capacity 3159K, committed 3200K, reserved 1048576K
}
Event: 85.296 GC heap after
{Heap after GC invocations=217 (full 0):
 garbage-first heap   total 251904K, used 15011K [0x000000070a400000, 0x0000000800000000)
  region size 1024K, 1 young (1024K), 1 survivors (1024K)
 Metaspace       used 27854K, capacity 28434K, committed 28720K, reserved 1075200K
  class space    used 2912K, capacity 3159K, committed 3200K, reserved 1048576K
}
Event: 88.429 GC heap before
{Heap before GC invocations=218 (full 0):
 garbage-first heap   total 251904K, used 114339K [0x000000070a400000, 0x0000000800000000)
  region size 1024K, 4 young (4096K), 1 survivors (1024K)
 Metaspace       used 28181K, capacity 28818K, committed 29104K, reserved 1075200K
  class space    used 2934K, capacity 3223K, committed 3328K, reserved 1048576K
}
Event: 88.431 GC heap after
{Heap after GC invocations=219 (full 0):
 garbage-first heap   total 251904K, used 15041K [0x000000070a400000, 0x0000000800000000)
  region size 1024K, 1 young (1024K), 1 survivors (1024K)
 Metaspace       used 28181K, capacity 28818K, committed 29104K, reserved 1075200K
  class space    used 2934K, capacity 3223K, committed 3328K, reserved 1048576K
}
Event: 91.552 GC heap before
{Heap before GC invocations=220 (full 0):
 garbage-first heap   total 251904K, used 114369K [0x000000070a400000, 0x0000000800000000)
  region size 1024K, 4 young (4096K), 1 survivors (1024K)
 Metaspace       used 28200K, capacity 28818K, committed 29104K, reserved 1075200K
  class space    used 2934K, capacity 3223K, committed 3328K, reserved 1048576K
}
Event: 91.553 GC heap after
{Heap after GC invocations=221 (full 0):
 garbage-first heap   total 251904K, used 15075K [0x000000070a400000, 0x0000000800000000)
  region size 1024K, 1 young (1024K), 1 survivors (1024K)
 Metaspace       used 28200K, capacity 28818K, committed 29104K, reserved 1075200K
  class space    used 2934K, capacity 3223K, committed 3328K, reserved 1048576K
}
Event: 94.685 GC heap before
{Heap before GC invocations=222 (full 0):
 garbage-first heap   total 251904K, used 114403K [0x000000070a400000, 0x0000000800000000)
  region size 1024K, 4 young (4096K), 1 survivors (1024K)
 Metaspace       used 28297K, capacity 28946K, committed 29104K, reserved 1075200K
  class space    used 2944K, capacity 3223K, committed 3328K, reserved 1048576K
}
Event: 94.686 GC heap after
{Heap after GC invocations=223 (full 0):
 garbage-first heap   total 251904K, used 15087K [0x000000070a400000, 0x0000000800000000)
  region size 1024K, 1 young (1024K), 1 survivors (1024K)
 Metaspace       used 28297K, capacity 28946K, committed 29104K, reserved 1075200K
  class space    used 2944K, capacity 3223K, committed 3328K, reserved 1048576K
}
Event: 97.808 GC heap before
{Heap before GC invocations=224 (full 0):
 garbage-first heap   total 251904K, used 113391K [0x000000070a400000, 0x0000000800000000)
  region size 1024K, 3 young (3072K), 1 survivors (1024K)
 Metaspace       used 28301K, capacity 28946K, committed 29104K, reserved 1075200K
  class space    used 2944K, capacity 3223K, committed 3328K, reserved 1048576K
}
Event: 97.809 GC heap after
{Heap after GC invocations=225 (full 0):
 garbage-first heap   total 251904K, used 15095K [0x000000070a400000, 0x0000000800000000)
  region size 1024K, 1 young (1024K), 1 survivors (1024K)
 Metaspace       used 28301K, capacity 28946K, committed 29104K, reserved 1075200K
  class space    used 2944K, capacity 3223K, committed 3328K, reserved 1048576K
}
Event: 100.942 GC heap before
{Heap before GC invocations=226 (full 0):
 garbage-first heap   total 251904K, used 113399K [0x000000070a400000, 0x0000000800000000)
  region size 1024K, 3 young (3072K), 1 survivors (1024K)
 Metaspace       used 28345K, capacity 29010K, committed 29360K, reserved 1075200K
  class space    used 2945K, capacity 3223K, committed 3328K, reserved 1048576K
}
Event: 100.943 GC heap after
{Heap after GC invocations=227 (full 0):
 garbage-first heap   total 251904K, used 15095K [0x000000070a400000, 0x0000000800000000)
  region size 1024K, 1 young (1024K), 1 survivors (1024K)
 Metaspace       used 28345K, capacity 29010K, committed 29360K, reserved 1075200K
  class space    used 2945K, capacity 3223K, committed 3328K, reserved 1048576K
}
Event: 104.062 GC heap before
{Heap before GC invocations=228 (full 0):
 garbage-first heap   total 251904K, used 113399K [0x000000070a400000, 0x0000000800000000)
  region size 1024K, 3 young (3072K), 1 survivors (1024K)
 Metaspace       used 28348K, capacity 29010K, committed 29360K, reserved 1075200K
  class space    used 2945K, capacity 3223K, committed 3328K, reserved 1048576K
}
Event: 104.064 GC heap after
{Heap after GC invocations=229 (full 0):
 garbage-first heap   total 251904K, used 15109K [0x000000070a400000, 0x0000000800000000)
  region size 1024K, 1 young (1024K), 1 survivors (1024K)
 Metaspace       used 28348K, capacity 29010K, committed 29360K, reserved 1075200K
  class space    used 2945K, capacity 3223K, committed 3328K, reserved 1048576K
}
Event: 107.199 GC heap before
{Heap before GC invocations=230 (full 0):
 garbage-first heap   total 251904K, used 113413K [0x000000070a400000, 0x0000000800000000)
  region size 1024K, 3 young (3072K), 1 survivors (1024K)
 Metaspace       used 28349K, capacity 29010K, committed 29360K, reserved 1075200K
  class space    used 2945K, capacity 3223K, committed 3328K, reserved 1048576K
}
Event: 107.200 GC heap after
{Heap after GC invocations=231 (full 0):
 garbage-first heap   total 251904K, used 15117K [0x000000070a400000, 0x0000000800000000)
  region size 1024K, 1 young (1024K), 1 survivors (1024K)
 Metaspace       used 28349K, capacity 29010K, committed 29360K, reserved 1075200K
  class space    used 2945K, capacity 3223K, committed 3328K, reserved 1048576K
}
Event: 110.317 GC heap before
{Heap before GC invocations=232 (full 0):
 garbage-first heap   total 251904K, used 113421K [0x000000070a400000, 0x0000000800000000)
  region size 1024K, 3 young (3072K), 1 survivors (1024K)
 Metaspace       used 28388K, capacity 29074K, committed 29360K, reserved 1075200K
  class space    used 2951K, capacity 3223K, committed 3328K, reserved 1048576K
}
Event: 110.319 GC heap after
{Heap after GC invocations=233 (full 0):
 garbage-first heap   total 251904K, used 15117K [0x000000070a400000, 0x0000000800000000)
  region size 1024K, 1 young (1024K), 1 survivors (1024K)
 Metaspace       used 28388K, capacity 29074K, committed 29360K, reserved 1075200K
  class space    used 2951K, capacity 3223K, committed 3328K, reserved 1048576K
}
Event: 113.452 GC heap before
{Heap before GC invocations=234 (full 0):
 garbage-first heap   total 251904K, used 113421K [0x000000070a400000, 0x0000000800000000)
  region size 1024K, 3 young (3072K), 1 survivors (1024K)
 Metaspace       used 28420K, capacity 29074K, committed 29360K, reserved 1075200K
  class space    used 2952K, capacity 3223K, committed 3328K, reserved 1048576K
}
Event: 113.454 GC heap after
{Heap after GC invocations=235 (full 0):
 garbage-first heap   total 251904K, used 15118K [0x000000070a400000, 0x0000000800000000)
  region size 1024K, 1 young (1024K), 1 survivors (1024K)
 Metaspace       used 28420K, capacity 29074K, committed 29360K, reserved 1075200K
  class space    used 2952K, capacity 3223K, committed 3328K, reserved 1048576K
}

Deoptimization events (20 events):
Event: 177.627 Thread 0x0000021e67305800 Uncommon trap: trap_request=0xffffffde fr.pc=0x0000021e4b71522c relative=0x000000000000158c
Event: 177.627 Thread 0x0000021e67305800 Uncommon trap: reason=class_check action=maybe_recompile pc=0x0000021e4b71522c method=java.util.Hashtable.addEntry(ILjava/lang/Object;Ljava/lang/Object;I)V @ 18 c2
Event: 177.627 Thread 0x0000021e67305800 DEOPT PACKING pc=0x0000021e4b71522c sp=0x000000688a9faed0
Event: 177.627 Thread 0x0000021e67305800 DEOPT UNPACKING pc=0x0000021e4399a1af sp=0x000000688a9fae18 mode 2
Event: 177.627 Thread 0x0000021e67305800 Uncommon trap: trap_request=0xffffffde fr.pc=0x0000021e4b71522c relative=0x000000000000158c
Event: 177.628 Thread 0x0000021e67305800 Uncommon trap: reason=class_check action=maybe_recompile pc=0x0000021e4b71522c method=java.util.Hashtable.addEntry(ILjava/lang/Object;Ljava/lang/Object;I)V @ 18 c2
Event: 177.628 Thread 0x0000021e67305800 DEOPT PACKING pc=0x0000021e4b71522c sp=0x000000688a9faed0
Event: 177.628 Thread 0x0000021e67305800 DEOPT UNPACKING pc=0x0000021e4399a1af sp=0x000000688a9fae18 mode 2
Event: 177.634 Thread 0x0000021e67305800 Uncommon trap: trap_request=0xffffff4d fr.pc=0x0000021e4b5ff12c relative=0x000000000000008c
Event: 177.634 Thread 0x0000021e67305800 Uncommon trap: reason=unstable_if action=reinterpret pc=0x0000021e4b5ff12c method=javax.swing.SwingUtilities.computeIntersection(IIIILjava/awt/Rectangle;)Ljava/awt/Rectangle; @ 151 c2
Event: 177.634 Thread 0x0000021e67305800 DEOPT PACKING pc=0x0000021e4b5ff12c sp=0x000000688a9fd2e0
Event: 177.634 Thread 0x0000021e67305800 DEOPT UNPACKING pc=0x0000021e4399a1af sp=0x000000688a9fd238 mode 2
Event: 183.602 Thread 0x0000021e67305800 Uncommon trap: trap_request=0xffffff4d fr.pc=0x0000021e4b737c00 relative=0x0000000000000580
Event: 183.602 Thread 0x0000021e67305800 Uncommon trap: reason=unstable_if action=reinterpret pc=0x0000021e4b737c00 method=java.awt.ModalEventFilter.acceptEvent(Ljava/awt/AWTEvent;)Ljava/awt/EventFilter$FilterAction; @ 58 c2
Event: 183.602 Thread 0x0000021e67305800 DEOPT PACKING pc=0x0000021e4b737c00 sp=0x000000688a9f9370
Event: 183.602 Thread 0x0000021e67305800 DEOPT UNPACKING pc=0x0000021e4399a1af sp=0x000000688a9f9248 mode 2
Event: 202.202 Thread 0x0000021e67305800 Uncommon trap: trap_request=0xffffff4d fr.pc=0x0000021e4b75c7a8 relative=0x0000000000003688
Event: 202.202 Thread 0x0000021e67305800 Uncommon trap: reason=unstable_if action=reinterpret pc=0x0000021e4b75c7a8 method=sun.awt.windows.WToolkit.showOrHideTouchKeyboard(Ljava/awt/Component;Ljava/awt/AWTEvent;)V @ 27 c2
Event: 202.202 Thread 0x0000021e67305800 DEOPT PACKING pc=0x0000021e4b75c7a8 sp=0x000000688a9fb730
Event: 202.202 Thread 0x0000021e67305800 DEOPT UNPACKING pc=0x0000021e4399a1af sp=0x000000688a9fb6a8 mode 2

Classes redefined (0 events):
No events

Internal exceptions (20 events):
Event: 7.722 Thread 0x0000021e67013800 Exception <a 'java/lang/NoSuchMethodError'{0x000000071925ddc8}: setTimeout> (0x000000071925ddc8) thrown at [./src/hotspot/share/prims/jni.cpp, line 1367]
Event: 7.722 Thread 0x0000021e67013800 Exception <a 'java/lang/NoSuchMethodError'{0x000000071925e0e0}: stopSession> (0x000000071925e0e0) thrown at [./src/hotspot/share/prims/jni.cpp, line 1367]
Event: 7.745 Thread 0x0000021e67013800 Exception <a 'java/lang/NoSuchMethodError'{0x00000007192ecd90}: destroy> (0x00000007192ecd90) thrown at [./src/hotspot/share/prims/jni.cpp, line 1367]
Event: 7.751 Thread 0x0000021e67013800 Exception <a 'java/lang/NoSuchMethodError'{0x000000071910c5e8}: apply> (0x000000071910c5e8) thrown at [./src/hotspot/share/prims/jni.cpp, line 1367]
Event: 7.752 Thread 0x0000021e67013800 Exception <a 'java/lang/NoSuchMethodError'{0x000000071910d6b8}: apply> (0x000000071910d6b8) thrown at [./src/hotspot/share/prims/jni.cpp, line 1367]
Event: 7.768 Thread 0x0000021e67013800 Exception <a 'java/lang/NoSuchMethodError'{0x0000000719127028}: getDevice> (0x0000000719127028) thrown at [./src/hotspot/share/prims/jni.cpp, line 1367]
Event: 7.768 Thread 0x0000021e67013800 Exception <a 'java/lang/NoSuchMethodError'{0x0000000719127340}: getNumDevices> (0x0000000719127340) thrown at [./src/hotspot/share/prims/jni.cpp, line 1367]
Event: 7.769 Thread 0x0000021e67013800 Exception <a 'java/lang/NoSuchMethodError'{0x000000071912cce8}: getName> (0x000000071912cce8) thrown at [./src/hotspot/share/prims/jni.cpp, line 1367]
Event: 7.769 Thread 0x0000021e67013800 Exception <a 'java/lang/NoSuchMethodError'{0x000000071912d008}: getIdentifier> (0x000000071912d008) thrown at [./src/hotspot/share/prims/jni.cpp, line 1367]
Event: 7.794 Thread 0x0000021e67013800 Exception <a 'java/lang/NoSuchMethodError'{0x00000007191f30c8}: 'java.lang.Object java.lang.invoke.DirectMethodHandle$Holder.invokeSpecial(java.lang.Object, java.lang.Object, int, int, int, java.lang.Object, int, int)'> (0x00000007191f30c8) thrown at [./src/hotspot/share/interpreter/linkResolver.cpp, line 773]
Event: 7.794 Thread 0x0000021e67013800 Exception <a 'java/lang/NoSuchMethodError'{0x00000007191f6508}: 'java.lang.Object java.lang.invoke.DelegatingMethodHandle$Holder.reinvoke_L(java.lang.Object, int, int, int, java.lang.Object, int, int)'> (0x00000007191f6508) thrown at [./src/hotspot/share/interpreter/linkResolver.cpp, line 773]
Event: 7.795 Thread 0x0000021e67013800 Exception <a 'java/lang/NoSuchMethodError'{0x00000007191fd9f8}: 'java.lang.Object java.lang.invoke.DirectMethodHandle$Holder.invokeStatic(java.lang.Object, java.lang.Object, java.lang.Object, java.lang.Object, java.lang.Object, int)'> (0x00000007191fd9f8) thrown at [./src/hotspot/share/interpreter/linkResolver.cpp, line 773]
Event: 7.799 Thread 0x0000021e67013800 Exception <a 'java/lang/NoSuchMethodError'{0x0000000718e32240}: 'java.lang.Object java.lang.invoke.Invokers$Holder.linkToTargetMethod(java.lang.Object, int, int, java.lang.Object)'> (0x0000000718e32240) thrown at [./src/hotspot/share/interpreter/linkResolver.cpp, line 773]
Event: 12.191 Thread 0x0000021e67305800 Implicit null exception at 0x0000021e4b5d8c3b to 0x0000021e4b5d8f50
Event: 81.753 Thread 0x0000021e67305800 Implicit null exception at 0x0000021e4b57569a to 0x0000021e4b5759fc
Event: 87.032 Thread 0x0000021e67305800 Implicit null exception at 0x0000021e4b635ad5 to 0x0000021e4b635cf2
Event: 94.708 Thread 0x0000021e67305800 Implicit null exception at 0x0000021e4b6c70d4 to 0x0000021e4b6c8b3c
Event: 115.372 Thread 0x0000021e67305800 Implicit null exception at 0x0000021e4b68eba9 to 0x0000021e4b68f138
Event: 116.075 Thread 0x0000021e67014000 Exception <a 'java/lang/InterruptedException'{0x00000007198de6f8}: sleep interrupted> (0x00000007198de6f8) thrown at [./src/hotspot/share/prims/jvm.cpp, line 3128]
Event: 197.077 Thread 0x0000021e67305800 Exception <a 'java/lang/NoSuchMethodError'{0x0000000718b54c30}: 'void java.lang.invoke.DirectMethodHandle$Holder.invokeStaticInit(java.lang.Object, java.lang.Object)'> (0x0000000718b54c30) thrown at [./src/hotspot/share/interpreter/linkResolver.cpp, line 773]

Events (20 events):
Event: 197.079 Executing VM operation: RevokeBias
Event: 197.080 Executing VM operation: RevokeBias done
Event: 197.080 Executing VM operation: RevokeBias
Event: 197.080 Executing VM operation: RevokeBias done
Event: 202.040 Thread 0x0000021e67b00000 Thread exited: 0x0000021e67b00000
Event: 208.683 Thread 0x0000021e67010000 Thread added: 0x0000021e67010000
Event: 208.684 Executing VM operation: RevokeBias
Event: 208.684 Executing VM operation: RevokeBias done
Event: 208.684 Executing VM operation: RevokeBias
Event: 208.684 Executing VM operation: RevokeBias done
Event: 208.685 Executing VM operation: RevokeBias
Event: 208.685 Executing VM operation: RevokeBias done
Event: 208.685 Executing VM operation: RevokeBias
Event: 208.686 Executing VM operation: RevokeBias done
Event: 208.700 Executing VM operation: RevokeBias
Event: 208.701 Executing VM operation: RevokeBias done
Event: 208.703 Executing VM operation: RevokeBias
Event: 208.703 Executing VM operation: RevokeBias done
Event: 208.763 Executing VM operation: RevokeBias
Event: 208.764 Executing VM operation: RevokeBias done


Dynamic libraries:
0x00007ff601ad0000 - 0x00007ff601add000 	C:\Program Files\Microsoft\jdk-11.0.16.101-hotspot\bin\java.exe
0x00007ffc88ed0000 - 0x00007ffc890e7000 	C:\WINDOWS\SYSTEM32\ntdll.dll
0x00007ffc88510000 - 0x00007ffc885d4000 	C:\WINDOWS\System32\KERNEL32.DLL
0x00007ffc86450000 - 0x00007ffc867f7000 	C:\WINDOWS\System32\KERNELBASE.dll
0x00007ffc86a30000 - 0x00007ffc86b41000 	C:\WINDOWS\System32\ucrtbase.dll
0x00007ffc46440000 - 0x00007ffc46457000 	C:\Program Files\Microsoft\jdk-11.0.16.101-hotspot\bin\jli.dll
0x00007ffc50410000 - 0x00007ffc50425000 	C:\Program Files\Microsoft\jdk-11.0.16.101-hotspot\bin\VCRUNTIME140.dll
0x00007ffc88980000 - 0x00007ffc88b2e000 	C:\WINDOWS\System32\USER32.dll
0x00007ffc86b50000 - 0x00007ffc86b76000 	C:\WINDOWS\System32\win32u.dll
0x00007ffc6ef60000 - 0x00007ffc6f1f3000 	C:\WINDOWS\WinSxS\amd64_microsoft.windows.common-controls_6595b64144ccf1df_6.0.22621.3527_none_270e469b73872a76\COMCTL32.dll
0x00007ffc877f0000 - 0x00007ffc87819000 	C:\WINDOWS\System32\GDI32.dll
0x00007ffc87f20000 - 0x00007ffc87fc7000 	C:\WINDOWS\System32\msvcrt.dll
0x00007ffc86800000 - 0x00007ffc86919000 	C:\WINDOWS\System32\gdi32full.dll
0x00007ffc86990000 - 0x00007ffc86a2a000 	C:\WINDOWS\System32\msvcp_win.dll
0x00007ffc88740000 - 0x00007ffc88771000 	C:\WINDOWS\System32\IMM32.DLL
0x00007ffc1df30000 - 0x00007ffc1dfcb000 	C:\Program Files\Microsoft\jdk-11.0.16.101-hotspot\bin\msvcp140.dll
0x00007ffc01200000 - 0x00007ffc01d8a000 	C:\Program Files\Microsoft\jdk-11.0.16.101-hotspot\bin\server\jvm.dll
0x00007ffc87e60000 - 0x00007ffc87f12000 	C:\WINDOWS\System32\ADVAPI32.dll
0x00007ffc88de0000 - 0x00007ffc88e88000 	C:\WINDOWS\System32\sechost.dll
0x00007ffc86420000 - 0x00007ffc86448000 	C:\WINDOWS\System32\bcrypt.dll
0x00007ffc88780000 - 0x00007ffc88895000 	C:\WINDOWS\System32\RPCRT4.dll
0x00007ffc87fd0000 - 0x00007ffc87fd8000 	C:\WINDOWS\System32\PSAPI.DLL
0x00007ffc58640000 - 0x00007ffc58649000 	C:\WINDOWS\SYSTEM32\WSOCK32.dll
0x00007ffc813d0000 - 0x00007ffc81404000 	C:\WINDOWS\SYSTEM32\WINMM.dll
0x00007ffc7cf70000 - 0x00007ffc7cf7a000 	C:\WINDOWS\SYSTEM32\VERSION.dll
0x00007ffc87d90000 - 0x00007ffc87e01000 	C:\WINDOWS\System32\WS2_32.dll
0x00007ffc851b0000 - 0x00007ffc851c8000 	C:\WINDOWS\SYSTEM32\kernel.appcore.dll
0x00007ffc76550000 - 0x00007ffc76560000 	C:\Program Files\Microsoft\jdk-11.0.16.101-hotspot\bin\verify.dll
0x00007ffc835a0000 - 0x00007ffc837d3000 	C:\WINDOWS\SYSTEM32\DBGHELP.DLL
0x00007ffc86c00000 - 0x00007ffc86f88000 	C:\WINDOWS\System32\combase.dll
0x00007ffc87a90000 - 0x00007ffc87b67000 	C:\WINDOWS\System32\OLEAUT32.dll
0x00007ffc7dff0000 - 0x00007ffc7e022000 	C:\WINDOWS\SYSTEM32\dbgcore.DLL
0x00007ffc86b80000 - 0x00007ffc86bf9000 	C:\WINDOWS\System32\bcryptPrimitives.dll
0x00007ffc39840000 - 0x00007ffc39868000 	C:\Program Files\Microsoft\jdk-11.0.16.101-hotspot\bin\java.dll
0x00007ffc5e3a0000 - 0x00007ffc5e3aa000 	C:\Program Files\Microsoft\jdk-11.0.16.101-hotspot\bin\jimage.dll
0x00007ffc546a0000 - 0x00007ffc546ae000 	C:\Program Files\Microsoft\jdk-11.0.16.101-hotspot\bin\instrument.dll
0x00007ffc32cc0000 - 0x00007ffc32cd8000 	C:\Program Files\Microsoft\jdk-11.0.16.101-hotspot\bin\zip.dll
0x00007ffc86f90000 - 0x00007ffc877ec000 	C:\WINDOWS\System32\SHELL32.dll
0x00007ffc84130000 - 0x00007ffc84a26000 	C:\WINDOWS\SYSTEM32\windows.storage.dll
0x00007ffc83ff0000 - 0x00007ffc8412e000 	C:\WINDOWS\SYSTEM32\wintypes.dll
0x00007ffc87900000 - 0x00007ffc879f5000 	C:\WINDOWS\System32\SHCORE.dll
0x00007ffc878a0000 - 0x00007ffc878fe000 	C:\WINDOWS\System32\shlwapi.dll
0x00007ffc86120000 - 0x00007ffc86141000 	C:\WINDOWS\SYSTEM32\profapi.dll
0x00007ffc32ca0000 - 0x00007ffc32cb9000 	C:\Program Files\Microsoft\jdk-11.0.16.101-hotspot\bin\net.dll
0x00007ffc81b60000 - 0x00007ffc81c96000 	C:\WINDOWS\SYSTEM32\WINHTTP.dll
0x00007ffc85680000 - 0x00007ffc856e9000 	C:\WINDOWS\system32\mswsock.dll
0x00007ffc26b00000 - 0x00007ffc26b13000 	C:\Program Files\Microsoft\jdk-11.0.16.101-hotspot\bin\nio.dll
0x00007ffc24250000 - 0x00007ffc2426a000 	D:\IntelliJ IDEA 2024.1\bin\breakgen64.dll
0x00007ffc0bd10000 - 0x00007ffc0beaa000 	C:\Program Files\Microsoft\jdk-11.0.16.101-hotspot\bin\awt.dll
0x00007ffc812f0000 - 0x00007ffc81387000 	C:\WINDOWS\SYSTEM32\apphelp.dll
0x00007ffc82f90000 - 0x00007ffc82fbb000 	C:\WINDOWS\system32\DWMAPI.DLL
0x00007ffc82c50000 - 0x00007ffc82cfb000 	C:\WINDOWS\system32\uxtheme.dll
0x00007ffc19640000 - 0x00007ffc19740000 	C:\WINDOWS\system32\opengl32.dll
0x00007ffc19120000 - 0x00007ffc1914d000 	C:\WINDOWS\SYSTEM32\GLU32.dll
0x00007ffc82d50000 - 0x00007ffc82d89000 	C:\WINDOWS\SYSTEM32\dxcore.dll
0x00007ffc504b0000 - 0x00007ffc505e9000 	C:\ProgramData\A-Volute\A-Volute.Nahimic\Modules\Scheduled\x64\AudioDevProps2.dll
0x00007ffc88b30000 - 0x00007ffc88cd5000 	C:\WINDOWS\System32\ole32.dll
0x00007ffc1dfd0000 - 0x00007ffc1e02e000 	C:\Program Files\Huawei\PCManager\plugins\PerfWndMonModule.dll
0x00007ffc885e0000 - 0x00007ffc88733000 	C:\WINDOWS\System32\MSCTF.dll
0x00007ffc5aa10000 - 0x00007ffc5abb9000 	C:\WINDOWS\system32\d3d9.dll
0x00007ffc65b10000 - 0x00007ffc65ccb000 	C:\WINDOWS\System32\DriverStore\FileRepository\u0382235.inf_amd64_b4528a09fd282d3c\B382066\aticfx64.dll
0x00007ffc3a980000 - 0x00007ffc3a9b4000 	C:\WINDOWS\System32\DriverStore\FileRepository\u0382235.inf_amd64_b4528a09fd282d3c\B382066\atiu9p64.dll
0x00007ffc37540000 - 0x00007ffc38295000 	C:\WINDOWS\System32\DriverStore\FileRepository\u0382235.inf_amd64_b4528a09fd282d3c\B382066\atiumd64.dll
0x000000006da40000 - 0x000000006e966000 	C:\WINDOWS\System32\DriverStore\FileRepository\u0382235.inf_amd64_b4528a09fd282d3c\B382066\atiumd6a.dll
0x00007ffc88020000 - 0x00007ffc88494000 	C:\WINDOWS\System32\SETUPAPI.dll
0x00007ffc85f00000 - 0x00007ffc85f4d000 	C:\WINDOWS\SYSTEM32\POWRPROF.dll
0x00007ffc85e30000 - 0x00007ffc85e43000 	C:\WINDOWS\SYSTEM32\UMPDC.dll
0x00007ffc65d40000 - 0x00007ffc65d75000 	C:\WINDOWS\SYSTEM32\amdihk64.dll
0x00007ffc781f0000 - 0x00007ffc7823a000 	C:\WINDOWS\SYSTEM32\directxdatabasehelper.dll
0x00007ffc50fd0000 - 0x00007ffc50fde000 	C:\Program Files\Microsoft\jdk-11.0.16.101-hotspot\bin\sunmscapi.dll
0x00007ffc861f0000 - 0x00007ffc86357000 	C:\WINDOWS\System32\CRYPT32.dll
0x00007ffc85b10000 - 0x00007ffc85b3e000 	C:\WINDOWS\SYSTEM32\ncrypt.dll
0x00007ffc85ad0000 - 0x00007ffc85b07000 	C:\WINDOWS\SYSTEM32\NTASN1.dll
0x00007ffc1df00000 - 0x00007ffc1df25000 	C:\Program Files\Microsoft\jdk-11.0.16.101-hotspot\bin\sunec.dll
0x00007ffbf9450000 - 0x00007ffbfc28d000 	D:\IntelliJ_code\HRMS\ArcFace\WIN64\libarcsoft_face.dll
0x00007ffc1d990000 - 0x00007ffc1da7f000 	C:\WINDOWS\SYSTEM32\MSVCR120.dll
0x00007ffc104b0000 - 0x00007ffc10556000 	C:\WINDOWS\SYSTEM32\MSVCP120.dll
0x00007ffc10600000 - 0x00007ffc1067f000 	D:\IntelliJ_code\HRMS\ArcFace\WIN64\libarcsoft_face_engine.dll
0x00007ffc884a0000 - 0x00007ffc88501000 	C:\WINDOWS\System32\WLDAP32.dll
0x00007ffc84c90000 - 0x00007ffc84cbd000 	C:\WINDOWS\SYSTEM32\IPHLPAPI.DLL
0x00007ffc1ddb0000 - 0x00007ffc1ddd5000 	D:\IntelliJ_code\HRMS\ArcFace\WIN64\libarcsoft_face_engine_jni.dll
0x00007ffc888a0000 - 0x00007ffc888a9000 	C:\WINDOWS\System32\NSI.dll
0x00007ffc81a00000 - 0x00007ffc81a1f000 	C:\WINDOWS\SYSTEM32\dhcpcsvc.DLL
0x00007ffc1d940000 - 0x00007ffc1d981000 	C:\Program Files\Microsoft\jdk-11.0.16.101-hotspot\bin\lcms.dll
0x00007ffc0c200000 - 0x00007ffc0c283000 	C:\Program Files\Microsoft\jdk-11.0.16.101-hotspot\bin\freetype.dll
0x00007ffc0b850000 - 0x00007ffc0b8f5000 	C:\Program Files\Microsoft\jdk-11.0.16.101-hotspot\bin\fontmanager.dll
0x00007ffc888d0000 - 0x00007ffc88980000 	C:\WINDOWS\System32\clbcatq.dll
0x00007ffc82990000 - 0x00007ffc82b40000 	C:\WINDOWS\SYSTEM32\WindowsCodecs.dll
0x00007ffc78410000 - 0x00007ffc7846e000 	C:\WINDOWS\system32\dataexchange.dll
0x00007ffc66010000 - 0x00007ffc6629b000 	C:\WINDOWS\system32\twinapi.appcore.dll
0x00007ffc7d810000 - 0x00007ffc7d95b000 	C:\WINDOWS\SYSTEM32\textinputframework.dll
0x00007ffc728d0000 - 0x00007ffc72939000 	C:\WINDOWS\system32\Oleacc.dll
0x00007ffc72fa0000 - 0x00007ffc72feb000 	C:\WINDOWS\system32\ApplicationTargetedFeatureDatabase.dll
0x00007ffc80e60000 - 0x00007ffc80f93000 	C:\WINDOWS\SYSTEM32\CoreMessaging.dll
0x00007ffc677c0000 - 0x00007ffc67b2c000 	C:\WINDOWS\SYSTEM32\CoreUIComponents.dll
0x00007ffc858e0000 - 0x00007ffc858ec000 	C:\WINDOWS\SYSTEM32\CRYPTBASE.DLL
0x00007ffc31f90000 - 0x00007ffc32413000 	C:\WINDOWS\system32\SogouTSF.ime
0x00007ffc730b0000 - 0x00007ffc730b7000 	C:\WINDOWS\system32\MSIMG32.dll
0x00007ffc2ce20000 - 0x00007ffc2dcb6000 	C:\WINDOWS\system32\SogouPY.ime
0x00007ffc85230000 - 0x00007ffc85264000 	C:\WINDOWS\SYSTEM32\ntmarta.dll
0x00007ffc50d30000 - 0x00007ffc50dd5000 	D:\SogouInput\Components\IChat\1.0.1.330\ichat_bundle64.dll
0x00007ffc85780000 - 0x00007ffc857a8000 	C:\WINDOWS\SYSTEM32\USERENV.dll
0x0000000010000000 - 0x000000001059c000 	D:\SogouInput\14.4.0.9382\Resource.dll
0x00007ffc50a90000 - 0x00007ffc50d2e000 	D:\SogouInput\Components\PicFace\1.1.0.2129\PicFace64.dll
0x00007ffc88ce0000 - 0x00007ffc88dd7000 	C:\WINDOWS\System32\COMDLG32.dll
0x00007ffc60670000 - 0x00007ffc60720000 	C:\WINDOWS\SYSTEM32\TextShaping.dll
0x00007ffc858f0000 - 0x00007ffc8590b000 	C:\WINDOWS\SYSTEM32\CRYPTSP.dll
0x00007ffc85170000 - 0x00007ffc851a5000 	C:\WINDOWS\system32\rsaenh.dll
0x00007ffc82050000 - 0x00007ffc82069000 	C:\WINDOWS\SYSTEM32\dhcpcsvc6.DLL
0x00007ffc84d00000 - 0x00007ffc84df9000 	C:\WINDOWS\SYSTEM32\DNSAPI.dll
0x00007ffc52a10000 - 0x00007ffc52a39000 	C:\Users\\AppData\Local\Temp\BridJExtractedLibraries18041458550295090675\bridj.dll
0x00007ffc1d8d0000 - 0x00007ffc1d906000 	C:\Users\\AppData\Local\Temp\BridJExtractedLibraries18041458550295090675\OpenIMAJGrabber.dll
0x00007ffc1d310000 - 0x00007ffc1d331000 	C:\Windows\System32\devenum.dll
0x00007ffc85e80000 - 0x00007ffc85ece000 	C:\Windows\System32\CFGMGR32.dll
0x00007ffc85e50000 - 0x00007ffc85e7c000 	C:\WINDOWS\SYSTEM32\DEVOBJ.dll
0x0000021e7af60000 - 0x0000021e7afcb000 	C:\WINDOWS\System32\WINTRUST.dll
0x00007ffc85940000 - 0x00007ffc85952000 	C:\WINDOWS\SYSTEM32\MSASN1.dll
0x00007ffc52a00000 - 0x00007ffc52a0b000 	C:\WINDOWS\SYSTEM32\msdmo.dll
0x00007ffc11870000 - 0x00007ffc118a9000 	C:\Windows\System32\qcap.dll
0x00007ffc1da80000 - 0x00007ffc1dc67000 	C:\Windows\System32\quartz.dll
0x00007ffc11740000 - 0x00007ffc1177b000 	C:\Windows\System32\mfksproxy.dll
0x00007ffc1e470000 - 0x00007ffc1e48e000 	C:\Windows\System32\ATL.DLL
0x00007ffc81830000 - 0x00007ffc819fe000 	C:\Windows\System32\MFPlat.DLL
0x00007ffc816a0000 - 0x00007ffc816d3000 	C:\Windows\System32\RTWorkQ.DLL
0x00007ffc0b460000 - 0x00007ffc0b7f9000 	C:\Windows\System32\MFCORE.dll
0x00007ffc0b1a0000 - 0x00007ffc0b23e000 	C:\Windows\System32\FrameServerClient.dll
0x00007ffc30ed0000 - 0x00007ffc30f4f000 	C:\Windows\System32\MFSENSORGROUP.dll
0x00007ffc82040000 - 0x00007ffc8204b000 	C:\Windows\System32\AVRT.dll

dbghelp: loaded successfully - version: 4.0.5 - missing functions: none
symbol engine: initialized successfully - sym options: 0x614 - pdb path: .;C:\Program Files\Microsoft\jdk-11.0.16.101-hotspot\bin;C:\WINDOWS\SYSTEM32;C:\WINDOWS\WinSxS\amd64_microsoft.windows.common-controls_6595b64144ccf1df_6.0.22621.3527_none_270e469b73872a76;C:\Program Files\Microsoft\jdk-11.0.16.101-hotspot\bin\server;D:\IntelliJ IDEA 2024.1\bin;C:\ProgramData\A-Volute\A-Volute.Nahimic\Modules\Scheduled\x64;C:\Program Files\Huawei\PCManager\plugins;C:\WINDOWS\System32\DriverStore\FileRepository\u0382235.inf_amd64_b4528a09fd282d3c\B382066;D:\IntelliJ_code\HRMS\ArcFace\WIN64;D:\SogouInput\Components\IChat\1.0.1.330;D:\SogouInput\14.4.0.9382;D:\SogouInput\Components\PicFace\1.1.0.2129;C:\Users\\AppData\Local\Temp\BridJExtractedLibraries18041458550295090;C:\Users\\AppData\Local\Temp\BridJExtractedLibraries18041458550295090675;C:\WINDOWS\WinSxS\amd64_microsoft.windows.gdiplus_6595b64144ccf1df_1.1.22621.3527_none_57f93980ce;C:\WINDOWS\WinSxS\amd64_microsoft.windows.gdiplus_6595b64144ccf1df_1.1.22621.3527_none_57f93980ce

VM Arguments:
jvm_args: -javaagent:D:\IntelliJ IDEA 2024.1\lib\idea_rt.jar=58870:D:\IntelliJ IDEA 2024.1\bin -Dfile.encoding=UTF-8 
java_command: hrms.ZMGFH.Main.main
java_class_path (initial): D:\IntelliJ_code\HRMS\out\production\HRMS;D:\IntelliJ_code\HRMS\ArcFace\arcsoft-sdk-face-3.0.0.0.jar;D:\IntelliJ_code\HRMS\MySQL\mysql-connector-java-8.0.23.jar;D:\IntelliJ_code\HRMS\lib_camera\bridj-0.6.2.jar;D:\IntelliJ_code\HRMS\lib_camera\log4j-1.2.12.jar;D:\IntelliJ_code\HRMS\lib_camera\slf4j-api-1.7.9.jar;D:\IntelliJ_code\HRMS\lib_camera\slf4j-log4j12-1.7.9.jar;D:\IntelliJ_code\HRMS\lib_camera\webcam-capture-0.3.10.jar
Launcher Type: SUN_STANDARD

[Global flags]
     intx CICompilerCount                          = 12                                        {product} {ergonomic}
     uint ConcGCThreads                            = 3                                         {product} {ergonomic}
     uint G1ConcRefinementThreads                  = 13                                        {product} {ergonomic}
   size_t G1HeapRegionSize                         = 1048576                                   {product} {ergonomic}
    uintx GCDrainStackTargetSize                   = 64                                        {product} {ergonomic}
   size_t InitialHeapSize                          = 257949696                                 {product} {ergonomic}
   size_t MarkStackSize                            = 4194304                                   {product} {ergonomic}
   size_t MaxHeapSize                              = 4123000832                                {product} {ergonomic}
   size_t MaxNewSize                               = 2473590784                                {product} {ergonomic}
   size_t MinHeapDeltaBytes                        = 1048576                                   {product} {ergonomic}
    uintx NonNMethodCodeHeapSize                   = 7594288                                {pd product} {ergonomic}
    uintx NonProfiledCodeHeapSize                  = 122031976                              {pd product} {ergonomic}
    uintx ProfiledCodeHeapSize                     = 122031976                              {pd product} {ergonomic}
    uintx ReservedCodeCacheSize                    = 251658240                              {pd product} {ergonomic}
     bool SegmentedCodeCache                       = true                                      {product} {ergonomic}
     bool UseCompressedClassPointers               = true                                 {lp64_product} {ergonomic}
     bool UseCompressedOops                        = true                                 {lp64_product} {ergonomic}
     bool UseG1GC                                  = true                                      {product} {ergonomic}
     bool UseLargePagesIndividualAllocation        = false                                  {pd product} {ergonomic}

Logging:
Log output configuration:
 #0: stdout all=warning uptime,level,tags
 #1: stderr all=off uptime,level,tags

Environment Variables:
PATH=C:\Program Files (x86)\Common Files\Oracle\Java\java8path;C:\Program Files (x86)\Common Files\Oracle\Java\javapath;D:\VMware\bin\;C:\Program Files\Microsoft\jdk-11.0.16.101-hotspot\bin;C:\WINDOWS\system32;C:\WINDOWS;C:\WINDOWS\System32\Wbem;C:\WINDOWS\System32\WindowsPowerShell\v1.0\;C:\WINDOWS\System32\OpenSSH\;D:\BandZip\Bandizip\;C:\Program Files\Microsoft SQL Server\150\Tools\Binn\;C:\Program Files\Microsoft SQL Server\Client SDK\ODBC\170\Tools\Binn\;C:\Program Files\dotnet\;C:\Program Files (x86)\Windows Kits\10\Windows Performance Toolkit\;D:\MySQL\MySQL Server 8.0\bin;D:\Git\cmd;D:\Python\Scripts\;D:\Python\;C:\Users\\AppData\Local\Microsoft\WindowsApps;C:\Users\\.dotnet\tools;D:\VScode\Microsoft VS Code\bin;D:\MinGW\MinGW\bin;D:\CLion 2023.2.1\bin;;D:\OpenCV\opencv\build\x64\vc16\bin;;D:\IntelliJ IDEA 2024.1\bin;
USERNAME=
OS=Windows_NT
PROCESSOR_IDENTIFIER=AMD64 Family 23 Model 104 Stepping 1, AuthenticAMD
TMP=C:\Users\\AppData\Local\Temp
TEMP=C:\Users\\AppData\Local\Temp



---------------  S Y S T E M  ---------------

OS: Windows 11 , 64 bit Build 22621 (10.0.22621.3527)
OS uptime: 12 days 1:55 hours

CPU:total 16 (initial active 16) (16 cores per cpu, 2 threads per core) family 23 model 104 stepping 1 microcode 0x0, cmov, cx8, fxsr, mmx, sse, sse2, sse3, ssse3, sse4.1, sse4.2, popcnt, avx, avx2, aes, clmul, mmxext, 3dnowpref, lzcnt, sse4a, ht, tsc, tscinvbit, tscinv, bmi1, bmi2, adx, sha, fma

Memory: 4k page, system-wide physical 15722M (6094M free)
TotalPageFile size 20074M (AvailPageFile size 5108M)
current process WorkingSet (physical memory assigned to process): 377M, peak: 466M
current process commit charge ("private bytes"): 543M, peak: 668M

vm_info: OpenJDK 64-Bit Server VM (11.0.16.1+1-LTS) for windows-amd64 JRE (11.0.16.1+1-LTS), built on Aug 20 2022 20:09:04 by "" with MS VC++ 15.9 (VS2017)

END.
