#
# A fatal error has been detected by the Java Runtime Environment:
#
#  EXCEPTION_ACCESS_VIOLATION (0xc0000005) at pc=0x00007ffbfaa83843, pid=17824, tid=7568
#
# JRE version: OpenJDK Runtime Environment Microsoft-40648 (11.0.16.1+1) (build 11.0.16.1+1-LTS)
# Java VM: OpenJDK 64-Bit Server VM Microsoft-40648 (11.0.16.1+1-LTS, mixed mode, tiered, compressed oops, g1 gc, windows-amd64)
# Problematic frame:
# C  [libarcsoft_face.dll+0x3843]
#
# No core dump will be written. Minidumps are not enabled by default on client versions of Windows
#
# If you would like to submit a bug report, please visit:
#   https://github.com/microsoft/openjdk/issues
# The crash happened outside the Java Virtual Machine in native code.
# See problematic frame for where to report the bug.
#

---------------  S U M M A R Y ------------

Command Line: -javaagent:D:\IntelliJ IDEA 2024.1\lib\idea_rt.jar=44091:D:\IntelliJ IDEA 2024.1\bin -Dfile.encoding=UTF-8 hrms.ZMGFH.Main.main

Host: AMD Ryzen 7 5700U with Radeon Graphics         , 16 cores, 15G,  Windows 11 , 64 bit Build 22621 (10.0.22621.3527)
Time: Wed May  8 21:13:39 2024  Windows 11 , 64 bit Build 22621 (10.0.22621.3527) elapsed time: 61.923640 seconds (0d 0h 1m 1s)

---------------  T H R E A D  ---------------

Current thread (0x0000027806495000):  JavaThread "AWT-EventQueue-0" [_thread_in_native, id=7568, stack(0x000000be78e00000,0x000000be78f00000)]

Stack: [0x000000be78e00000,0x000000be78f00000],  sp=0x000000be78efb110,  free space=1004k
Native frames: (J=compiled Java code, j=interpreted, Vv=VM code, C=native code)
C  [libarcsoft_face.dll+0x3843]

Java frames: (J=compiled Java code, j=interpreted, Vv=VM code)
j  com.arcsoft.face.FaceEngine.unInitFaceEngine(J)I+0
j  com.arcsoft.face.FaceEngine.unInit()I+14
j  hrms.ZMGFH.Service.FaceService.release()V+3
j  hrms.ZMGFH.Loading.Loading.release()V+0
j  hrms.ZMGFH.Loading.Loading.exit()V+4
j  hrms.ZMGFH.Interface.EmployeeInterface$3.actionPerformed(Ljava/awt/event/ActionEvent;)V+24
j  javax.swing.AbstractButton.fireActionPerformed(Ljava/awt/event/ActionEvent;)V+83 java.desktop@11.0.16.1
j  javax.swing.AbstractButton$Handler.actionPerformed(Ljava/awt/event/ActionEvent;)V+5 java.desktop@11.0.16.1
j  javax.swing.DefaultButtonModel.fireActionPerformed(Ljava/awt/event/ActionEvent;)V+34 java.desktop@11.0.16.1
j  javax.swing.DefaultButtonModel.setPressed(Z)V+117 java.desktop@11.0.16.1
j  javax.swing.plaf.basic.BasicButtonListener.mouseReleased(Ljava/awt/event/MouseEvent;)V+35 java.desktop@11.0.16.1
j  java.awt.Component.processMouseEvent(Ljava/awt/event/MouseEvent;)V+64 java.desktop@11.0.16.1
j  javax.swing.JComponent.processMouseEvent(Ljava/awt/event/MouseEvent;)V+23 java.desktop@11.0.16.1
J 2802 c1 java.awt.Component.processEvent(Ljava/awt/AWTEvent;)V java.desktop@11.0.16.1 (220 bytes) @ 0x0000027863665e74 [0x0000027863665820+0x0000000000000654]
J 2801 c1 java.awt.Container.processEvent(Ljava/awt/AWTEvent;)V java.desktop@11.0.16.1 (22 bytes) @ 0x000002786366533c [0x0000027863664fe0+0x000000000000035c]
J 2640 c1 java.awt.Component.dispatchEventImpl(Ljava/awt/AWTEvent;)V java.desktop@11.0.16.1 (777 bytes) @ 0x00000278635ebf3c [0x00000278635e7fa0+0x0000000000003f9c]
J 2450 c1 java.awt.Container.dispatchEventImpl(Ljava/awt/AWTEvent;)V java.desktop@11.0.16.1 (129 bytes) @ 0x000002786357b19c [0x000002786357b060+0x000000000000013c]
J 2699 c1 java.awt.LightweightDispatcher.retargetMouseEvent(Ljava/awt/Component;ILjava/awt/event/MouseEvent;)V java.desktop@11.0.16.1 (372 bytes) @ 0x000002786363208c [0x000002786362f820+0x000000000000286c]
J 2781 c1 java.awt.LightweightDispatcher.processMouseEvent(Ljava/awt/event/MouseEvent;)Z java.desktop@11.0.16.1 (265 bytes) @ 0x0000027863658714 [0x00000278636576e0+0x0000000000001034]
J 2688 c1 java.awt.LightweightDispatcher.dispatchEvent(Ljava/awt/AWTEvent;)Z java.desktop@11.0.16.1 (73 bytes) @ 0x0000027863623d8c [0x0000027863623920+0x000000000000046c]
J 2450 c1 java.awt.Container.dispatchEventImpl(Ljava/awt/AWTEvent;)V java.desktop@11.0.16.1 (129 bytes) @ 0x000002786357b13c [0x000002786357b060+0x00000000000000dc]
J 2682 c1 java.awt.Window.dispatchEventImpl(Ljava/awt/AWTEvent;)V java.desktop@11.0.16.1 (23 bytes) @ 0x000002786361ca4c [0x000002786361c420+0x000000000000062c]
J 2474 c1 java.awt.EventQueue.dispatchEventImpl(Ljava/awt/AWTEvent;Ljava/lang/Object;)V java.desktop@11.0.16.1 (136 bytes) @ 0x000002786358c02c [0x000002786358bb40+0x00000000000004ec]
J 2378 c1 java.awt.EventQueue$4.run()Ljava/lang/Void; java.desktop@11.0.16.1 (60 bytes) @ 0x000002786354d644 [0x000002786354d500+0x0000000000000144]
J 2377 c1 java.awt.EventQueue$4.run()Ljava/lang/Object; java.desktop@11.0.16.1 (5 bytes) @ 0x000002786354d1c4 [0x000002786354d140+0x0000000000000084]
v  ~StubRoutines::call_stub
J 2177  java.security.AccessController.doPrivileged(Ljava/security/PrivilegedAction;Ljava/security/AccessControlContext;)Ljava/lang/Object; java.base@11.0.16.1 (0 bytes) @ 0x000002786a5fe1b6 [0x000002786a5fe140+0x0000000000000076]
J 2508 c1 java.awt.EventQueue$5.run()Ljava/lang/Object; java.desktop@11.0.16.1 (5 bytes) @ 0x000002786359e31c [0x000002786359dfc0+0x000000000000035c]
v  ~StubRoutines::call_stub
J 2177  java.security.AccessController.doPrivileged(Ljava/security/PrivilegedAction;Ljava/security/AccessControlContext;)Ljava/lang/Object; java.base@11.0.16.1 (0 bytes) @ 0x000002786a5fe1b6 [0x000002786a5fe140+0x0000000000000076]
J 2373 c1 java.awt.EventQueue.dispatchEvent(Ljava/awt/AWTEvent;)V java.desktop@11.0.16.1 (80 bytes) @ 0x000002786354e7fc [0x000002786354dca0+0x0000000000000b5c]
J 2416 c1 java.awt.EventDispatchThread.pumpOneEventForFilters(I)V java.desktop@11.0.16.1 (113 bytes) @ 0x0000027863567e04 [0x00000278635676a0+0x0000000000000764]
j  java.awt.EventDispatchThread.pumpEventsForFilter(ILjava/awt/Conditional;Ljava/awt/EventFilter;)V+35 java.desktop@11.0.16.1
j  java.awt.EventDispatchThread.pumpEventsForHierarchy(ILjava/awt/Conditional;Ljava/awt/Component;)V+11 java.desktop@11.0.16.1
j  java.awt.EventDispatchThread.pumpEvents(ILjava/awt/Conditional;)V+4 java.desktop@11.0.16.1
j  java.awt.EventDispatchThread.pumpEvents(Ljava/awt/Conditional;)V+3 java.desktop@11.0.16.1
j  java.awt.EventDispatchThread.run()V+9 java.desktop@11.0.16.1
v  ~StubRoutines::call_stub

siginfo: EXCEPTION_ACCESS_VIOLATION (0xc0000005), reading address 0x00000001000000b3


Register to memory mapping:

RIP=0x00007ffbfaa83843 libarcsoft_face.dll
RAX=0x00007ffc69b716b0 libarcsoft_face_engine_jni.dll
RBX=0x0000000100000002 is an unknown value
RCX=0x0000000100000002 is an unknown value
RDX=0x000000be78efb250 is pointing into the stack for thread: 0x0000027806495000
RSP=0x000000be78efb110 is pointing into the stack for thread: 0x0000027806495000
RBP=0x000000be78efb220 is pointing into the stack for thread: 0x0000027806495000
RSI=0x0 is NULL
RDI=0x000000be78efb1d8 is pointing into the stack for thread: 0x0000027806495000
R8 =0x0000027806032040 points into unknown readable memory: 0x0000000100000002 | 02 00 00 00 01 00 00 00
R9 =0x00000000000000dc is an unknown value
R10=0x000002786299f748 is at code_begin+1000 in an Interpreter codelet
method entry point (kind = native)  [0x000002786299f360, 0x000002786299fe00]  2720 bytes
R11=0x0000000000000102 is an unknown value
R12=0x0 is NULL
R13={method} {0x0000027807260080} 'unInitFaceEngine' '(J)I' in 'com/arcsoft/face/FaceEngine'
R14=0x000000be78efb250 is pointing into the stack for thread: 0x0000027806495000
R15=0x0000027806495000 is a thread


Registers:
RAX=0x00007ffc69b716b0, RBX=0x0000000100000002, RCX=0x0000000100000002, RDX=0x000000be78efb250
RSP=0x000000be78efb110, RBP=0x000000be78efb220, RSI=0x0000000000000000, RDI=0x000000be78efb1d8
R8 =0x0000027806032040, R9 =0x00000000000000dc, R10=0x000002786299f748, R11=0x0000000000000102
R12=0x0000000000000000, R13=0x0000027807260078, R14=0x000000be78efb250, R15=0x0000027806495000
RIP=0x00007ffbfaa83843, EFLAGS=0x0000000000010246

Top of Stack: (sp=0x000000be78efb110)
0x000000be78efb110:   01daa1498b0a194d 0000027862999cd0
0x000000be78efb120:   0000027862999cd0 000000070b89f130
0x000000be78efb130:   0000027806032040 00007ffc460964cb
0x000000be78efb140:   000002781955dac8 000000be78efb1d8
0x000000be78efb150:   000000be78efb1a8 000002787ebd0040
0x000000be78efb160:   0000027807260078 00007ffc69b716cd
0x000000be78efb170:   000002787eb681a0 0000000000000000
0x000000be78efb180:   000000be78efb1b0 000000be78efb320
0x000000be78efb190:   000002786373b334 000002786299f777
0x000000be78efb1a0:   0000027806495348 000000be78efb250
0x000000be78efb1b0:   0000027806032040 0000000000000000
0x000000be78efb1c0:   000000070a9be488 000000070b8a0658
0x000000be78efb1d0:   000000be78efb1d0 000000be78efb1d8
0x000000be78efb1e0:   0000000000000000 000000be78efb250
0x000000be78efb1f0:   0000027807263cb0 0000000000000000
0x000000be78efb200:   000000070b82ff80 0000027807260078 

Instructions: (pc=0x00007ffbfaa83843)
0x00007ffbfaa83743:   8b d6 48 8b cf e8 e3 f3 ff ff 85 c0 75 7b 80 bf
0x00007ffbfaa83753:   b9 00 00 00 00 74 1f 48 8b 8f f0 00 00 00 48 8b
0x00007ffbfaa83763:   01 ff 50 08 85 c0 75 61 8b d6 48 8b cf e8 9b f5
0x00007ffbfaa83773:   ff ff 85 c0 75 53 80 bf ba 00 00 00 00 74 73 48
0x00007ffbfaa83783:   8b 8f f8 00 00 00 48 8b 01 ff 50 08 85 c0 75 39
0x00007ffbfaa83793:   b8 05 00 00 00 3b f0 0f 4f c6 48 63 c8 b8 04 00
0x00007ffbfaa837a3:   00 00 48 f7 e1 48 c7 c1 ff ff ff ff 48 0f 40 c1
0x00007ffbfaa837b3:   48 8b c8 e8 ad 73 08 00 48 89 87 48 02 00 00 48
0x00007ffbfaa837c3:   85 c0 75 2e b8 04 00 00 00 48 8b 9c 24 80 00 00
0x00007ffbfaa837d3:   00 48 8b b4 24 88 00 00 00 4c 8b 74 24 50 48 8b
0x00007ffbfaa837e3:   bc 24 90 00 00 00 48 83 c4 58 41 5f 41 5d 41 5c
0x00007ffbfaa837f3:   5d c3 48 8b 84 24 b8 00 00 00 48 89 38 33 c0 eb
0x00007ffbfaa83803:   c8 b8 02 00 00 00 eb d1 b8 02 00 00 00 eb cf cc
0x00007ffbfaa83813:   cc cc cc cc cc cc cc cc cc cc cc cc cc 40 53 48
0x00007ffbfaa83823:   83 ec 20 48 8b d9 48 85 c9 75 09 8d 41 02 48 83
0x00007ffbfaa83833:   c4 20 5b c3 48 89 74 24 30 33 f6 48 89 7c 24 38
0x00007ffbfaa83843:   40 38 b1 b1 00 00 00 74 3f 48 8b 89 c8 00 00 00
0x00007ffbfaa83853:   48 85 c9 0f 84 80 02 00 00 48 8b 01 ff 50 10 8b
0x00007ffbfaa83863:   f8 85 c0 75 1b 48 8b 8b c8 00 00 00 48 85 c9 74
0x00007ffbfaa83873:   08 48 8b 01 8d 56 01 ff 10 48 89 b3 c8 00 00 00
0x00007ffbfaa83883:   85 ff 0f 85 94 02 00 00 40 38 b3 b0 00 00 00 74
0x00007ffbfaa83893:   3f 48 8b 8b c0 00 00 00 48 85 c9 0f 84 38 02 00
0x00007ffbfaa838a3:   00 48 8b 01 ff 50 10 8b f8 85 c0 75 1b 48 8b 8b
0x00007ffbfaa838b3:   c0 00 00 00 48 85 c9 74 08 48 8b 01 8d 57 01 ff
0x00007ffbfaa838c3:   10 48 89 b3 c0 00 00 00 85 ff 0f 85 4c 02 00 00
0x00007ffbfaa838d3:   40 38 b3 b2 00 00 00 0f 84 b0 00 00 00 48 8b 8b
0x00007ffbfaa838e3:   d0 00 00 00 48 85 c9 0f 84 ec 01 00 00 48 8b 01
0x00007ffbfaa838f3:   ff 50 10 8b f8 85 c0 75 1b 48 8b 8b d0 00 00 00
0x00007ffbfaa83903:   48 85 c9 74 08 48 8b 01 8d 57 01 ff 10 48 89 b3
0x00007ffbfaa83913:   d0 00 00 00 85 ff 0f 85 00 02 00 00 48 8b 8b e8
0x00007ffbfaa83923:   00 00 00 48 85 c9 0f 84 ad 01 00 00 48 8b 01 ff
0x00007ffbfaa83933:   50 10 8b f8 85 c0 75 1b 48 8b 8b e8 00 00 00 48 


Stack slot to memory mapping:
stack at sp + 0 slots: 0x01daa1498b0a194d is an unknown value
stack at sp + 1 slots: 0x0000027862999cd0 is at code_begin+208 in an Interpreter codelet
invoke return entry points  [0x0000027862999c00, 0x000002786299a600]  2560 bytes
stack at sp + 2 slots: 0x0000027862999cd0 is at code_begin+208 in an Interpreter codelet
invoke return entry points  [0x0000027862999c00, 0x000002786299a600]  2560 bytes
stack at sp + 3 slots: 0x000000070b89f130 is an oop: java.awt.Component$AWTTreeLock 
{0x000000070b89f130} - klass: 'java/awt/Component$AWTTreeLock'
stack at sp + 4 slots: 0x0000027806032040 points into unknown readable memory: 0x0000000100000002 | 02 00 00 00 01 00 00 00
stack at sp + 5 slots: 0x00007ffc460964cb libarcsoft_face_engine.dll
stack at sp + 6 slots: 0x000002781955dac8 is pointing into metadata
stack at sp + 7 slots: 0x000000be78efb1d8 is pointing into the stack for thread: 0x0000027806495000


---------------  P R O C E S S  ---------------

Threads class SMR info:
_java_thread_list=0x0000027805ed0580, length=18, elements={
0x000002787e588800, 0x000002787e58b800, 0x000002787eea1000, 0x000002787eea2000,
0x000002787eea3000, 0x000002787eeaa800, 0x000002787eeab800, 0x000002787eeac800,
0x000002787e543000, 0x000002787f210800, 0x000002787f4ee000, 0x000002787f4bd800,
0x000002787f4dc800, 0x000002787f891000, 0x0000027806495000, 0x000002785a23c800,
0x00000278069be000, 0x000002787f028800
}

Java Threads: ( => current thread )
  0x000002787e588800 JavaThread "Reference Handler" daemon [_thread_blocked, id=11932, stack(0x000000be74b00000,0x000000be74c00000)]
  0x000002787e58b800 JavaThread "Finalizer" daemon [_thread_blocked, id=1912, stack(0x000000be74c00000,0x000000be74d00000)]
  0x000002787eea1000 JavaThread "Signal Dispatcher" daemon [_thread_blocked, id=25832, stack(0x000000be74d00000,0x000000be74e00000)]
  0x000002787eea2000 JavaThread "Attach Listener" daemon [_thread_blocked, id=2112, stack(0x000000be74e00000,0x000000be74f00000)]
  0x000002787eea3000 JavaThread "Service Thread" daemon [_thread_blocked, id=20072, stack(0x000000be74f00000,0x000000be75000000)]
  0x000002787eeaa800 JavaThread "C2 CompilerThread0" daemon [_thread_blocked, id=14044, stack(0x000000be75000000,0x000000be75100000)]
  0x000002787eeab800 JavaThread "C1 CompilerThread0" daemon [_thread_blocked, id=14180, stack(0x000000be75100000,0x000000be75200000)]
  0x000002787eeac800 JavaThread "Sweeper thread" daemon [_thread_blocked, id=24404, stack(0x000000be75200000,0x000000be75300000)]
  0x000002787e543000 JavaThread "Common-Cleaner" daemon [_thread_blocked, id=23776, stack(0x000000be75300000,0x000000be75400000)]
  0x000002787f210800 JavaThread "Monitor Ctrl-Break" daemon [_thread_in_native, id=14832, stack(0x000000be75700000,0x000000be75800000)]
  0x000002787f4ee000 JavaThread "Java2D Disposer" daemon [_thread_blocked, id=11808, stack(0x000000be75900000,0x000000be75a00000)]
  0x000002787f4bd800 JavaThread "AWT-Shutdown" [_thread_blocked, id=12584, stack(0x000000be75a00000,0x000000be75b00000)]
  0x000002787f4dc800 JavaThread "AWT-Windows" daemon [_thread_in_native, id=24196, stack(0x000000be75b00000,0x000000be75c00000)]
  0x000002787f891000 JavaThread "mysql-cj-abandoned-connection-cleanup" daemon [_thread_blocked, id=10808, stack(0x000000be76800000,0x000000be76900000)]
=>0x0000027806495000 JavaThread "AWT-EventQueue-0" [_thread_in_native, id=7568, stack(0x000000be78e00000,0x000000be78f00000)]
  0x000002785a23c800 JavaThread "DestroyJavaVM" [_thread_blocked, id=14660, stack(0x000000be74400000,0x000000be74500000)]
  0x00000278069be000 JavaThread "D3D Screen Updater" daemon [_thread_blocked, id=1640, stack(0x000000be79800000,0x000000be79900000)]
  0x000002787f028800 JavaThread "TimerQueue" daemon [_thread_blocked, id=14960, stack(0x000000be75400000,0x000000be75500000)]

Other Threads:
  0x000002787e584800 VMThread "VM Thread" [stack: 0x000000be74a00000,0x000000be74b00000] [id=6904]
  0x000002787f211800 WatcherThread [stack: 0x000000be75800000,0x000000be75900000] [id=7276]
  0x000002785a258000 GCTaskThread "GC Thread#0" [stack: 0x000000be74500000,0x000000be74600000] [id=27772]
  0x000002780649a800 GCTaskThread "GC Thread#1" [stack: 0x000000be78f00000,0x000000be79000000] [id=23504]
  0x000002780649b000 GCTaskThread "GC Thread#2" [stack: 0x000000be79000000,0x000000be79100000] [id=19660]
  0x000002780649c000 GCTaskThread "GC Thread#3" [stack: 0x000000be79100000,0x000000be79200000] [id=18980]
  0x000002780649c800 GCTaskThread "GC Thread#4" [stack: 0x000000be79200000,0x000000be79300000] [id=20376]
  0x000002780649d800 GCTaskThread "GC Thread#5" [stack: 0x000000be79300000,0x000000be79400000] [id=6104]
  0x000002785a2b1800 ConcurrentGCThread "G1 Main Marker" [stack: 0x000000be74600000,0x000000be74700000] [id=20600]
  0x000002785a2b5000 ConcurrentGCThread "G1 Conc#0" [stack: 0x000000be74700000,0x000000be74800000] [id=22300]
  0x000002787f22c800 ConcurrentGCThread "G1 Conc#1" [stack: 0x000000be79400000,0x000000be79500000] [id=18444]
  0x000002787f29c000 ConcurrentGCThread "G1 Conc#2" [stack: 0x000000be79500000,0x000000be79600000] [id=5916]
  0x000002787e471000 ConcurrentGCThread "G1 Refine#0" [stack: 0x000000be74800000,0x000000be74900000] [id=24108]
  0x000002787e472800 ConcurrentGCThread "G1 Young RemSet Sampling" [stack: 0x000000be74900000,0x000000be74a00000] [id=2928]

Threads with active compile tasks:

VM state:not at safepoint (normal execution)

VM Mutex/Monitor currently owned by a thread: None

Heap address: 0x000000070a400000, size: 3932 MB, Compressed Oops mode: Zero based, Oop shift amount: 3
Narrow klass base: 0x0000000800000000, Narrow klass shift: 0
Compressed class space size: 1073741824 Address: 0x0000000800000000

Heap:
 garbage-first heap   total 251904K, used 16183K [0x000000070a400000, 0x0000000800000000)
  region size 1024K, 9 young (9216K), 2 survivors (2048K)
 Metaspace       used 25208K, capacity 25717K, committed 25904K, reserved 1073152K
  class space    used 2627K, capacity 2894K, committed 2944K, reserved 1048576K
Heap Regions: E=young(eden), S=young(survivor), O=old, HS=humongous(starts), HC=humongous(continues), CS=collection set, F=free, A=archive, TAMS=top-at-mark-start (previous, next)
|   0|0x000000070a400000, 0x000000070a500000, 0x000000070a500000|100%|HS|  |TAMS 0x000000070a500000, 0x000000070a400000| Complete 
|   1|0x000000070a500000, 0x000000070a600000, 0x000000070a600000|100%|HS|  |TAMS 0x000000070a600000, 0x000000070a500000| Complete 
|   2|0x000000070a600000, 0x000000070a700000, 0x000000070a700000|100%|HS|  |TAMS 0x000000070a600000, 0x000000070a600000| Complete 
|   3|0x000000070a700000, 0x000000070a700000, 0x000000070a800000|  0%| F|  |TAMS 0x000000070a700000, 0x000000070a700000| Untracked 
|   4|0x000000070a800000, 0x000000070a900000, 0x000000070a900000|100%| O|  |TAMS 0x000000070a800000, 0x000000070a800000| Untracked 
|   5|0x000000070a900000, 0x000000070aa00000, 0x000000070aa00000|100%| O|  |TAMS 0x000000070a900000, 0x000000070a900000| Untracked 
|   6|0x000000070aa00000, 0x000000070aaa9800, 0x000000070ab00000| 66%| O|  |TAMS 0x000000070aa00000, 0x000000070aa00000| Untracked 
|   7|0x000000070ab00000, 0x000000070ab00000, 0x000000070ac00000|  0%| F|  |TAMS 0x000000070ab00000, 0x000000070ab00000| Untracked 
|   8|0x000000070ac00000, 0x000000070ac00000, 0x000000070ad00000|  0%| F|  |TAMS 0x000000070ac00000, 0x000000070ac00000| Untracked 
|   9|0x000000070ad00000, 0x000000070ad00000, 0x000000070ae00000|  0%| F|  |TAMS 0x000000070ad00000, 0x000000070ad00000| Untracked 
|  10|0x000000070ae00000, 0x000000070ae00000, 0x000000070af00000|  0%| F|  |TAMS 0x000000070ae00000, 0x000000070ae00000| Untracked 
|  11|0x000000070af00000, 0x000000070af00000, 0x000000070b000000|  0%| F|  |TAMS 0x000000070af00000, 0x000000070af00000| Untracked 
|  12|0x000000070b000000, 0x000000070b000000, 0x000000070b100000|  0%| F|  |TAMS 0x000000070b000000, 0x000000070b000000| Untracked 
|  13|0x000000070b100000, 0x000000070b100000, 0x000000070b200000|  0%| F|  |TAMS 0x000000070b100000, 0x000000070b100000| Untracked 
|  14|0x000000070b200000, 0x000000070b200000, 0x000000070b300000|  0%| F|  |TAMS 0x000000070b200000, 0x000000070b200000| Untracked 
|  15|0x000000070b300000, 0x000000070b300000, 0x000000070b400000|  0%| F|  |TAMS 0x000000070b300000, 0x000000070b300000| Untracked 
|  16|0x000000070b400000, 0x000000070b400000, 0x000000070b500000|  0%| F|  |TAMS 0x000000070b400000, 0x000000070b400000| Untracked 
|  17|0x000000070b500000, 0x000000070b500000, 0x000000070b600000|  0%| F|  |TAMS 0x000000070b500000, 0x000000070b500000| Untracked 
|  18|0x000000070b600000, 0x000000070b700000, 0x000000070b700000|100%| O|  |TAMS 0x000000070b700000, 0x000000070b600000| Untracked 
|  19|0x000000070b700000, 0x000000070b800000, 0x000000070b800000|100%| O|  |TAMS 0x000000070b800000, 0x000000070b700000| Untracked 
|  20|0x000000070b800000, 0x000000070b900000, 0x000000070b900000|100%| O|  |TAMS 0x000000070b88cc08, 0x000000070b800000| Untracked 
|  21|0x000000070b900000, 0x000000070b900000, 0x000000070ba00000|  0%| F|  |TAMS 0x000000070b900000, 0x000000070b900000| Untracked 
|  22|0x000000070ba00000, 0x000000070ba00000, 0x000000070bb00000|  0%| F|  |TAMS 0x000000070ba00000, 0x000000070ba00000| Untracked 
|  23|0x000000070bb00000, 0x000000070bb00000, 0x000000070bc00000|  0%| F|  |TAMS 0x000000070bb00000, 0x000000070bb00000| Untracked 
|  24|0x000000070bc00000, 0x000000070bc00000, 0x000000070bd00000|  0%| F|  |TAMS 0x000000070bc00000, 0x000000070bc00000| Untracked 
|  25|0x000000070bd00000, 0x000000070bd00000, 0x000000070be00000|  0%| F|  |TAMS 0x000000070bd00000, 0x000000070bd00000| Untracked 
|  26|0x000000070be00000, 0x000000070be00000, 0x000000070bf00000|  0%| F|  |TAMS 0x000000070be00000, 0x000000070be00000| Untracked 
|  27|0x000000070bf00000, 0x000000070bf00000, 0x000000070c000000|  0%| F|  |TAMS 0x000000070bf00000, 0x000000070bf00000| Untracked 
|  28|0x000000070c000000, 0x000000070c000000, 0x000000070c100000|  0%| F|  |TAMS 0x000000070c000000, 0x000000070c000000| Untracked 
|  29|0x000000070c100000, 0x000000070c100000, 0x000000070c200000|  0%| F|  |TAMS 0x000000070c100000, 0x000000070c100000| Untracked 
|  30|0x000000070c200000, 0x000000070c200000, 0x000000070c300000|  0%| F|  |TAMS 0x000000070c200000, 0x000000070c200000| Untracked 
|  31|0x000000070c300000, 0x000000070c300000, 0x000000070c400000|  0%| F|  |TAMS 0x000000070c300000, 0x000000070c300000| Untracked 
|  32|0x000000070c400000, 0x000000070c400000, 0x000000070c500000|  0%| F|  |TAMS 0x000000070c400000, 0x000000070c400000| Untracked 
|  33|0x000000070c500000, 0x000000070c500000, 0x000000070c600000|  0%| F|  |TAMS 0x000000070c500000, 0x000000070c500000| Untracked 
|  34|0x000000070c600000, 0x000000070c600000, 0x000000070c700000|  0%| F|  |TAMS 0x000000070c600000, 0x000000070c600000| Untracked 
|  35|0x000000070c700000, 0x000000070c700000, 0x000000070c800000|  0%| F|  |TAMS 0x000000070c700000, 0x000000070c700000| Untracked 
|  36|0x000000070c800000, 0x000000070c800000, 0x000000070c900000|  0%| F|  |TAMS 0x000000070c800000, 0x000000070c800000| Untracked 
|  37|0x000000070c900000, 0x000000070c900000, 0x000000070ca00000|  0%| F|  |TAMS 0x000000070c900000, 0x000000070c900000| Untracked 
|  38|0x000000070ca00000, 0x000000070ca00000, 0x000000070cb00000|  0%| F|  |TAMS 0x000000070ca00000, 0x000000070ca00000| Untracked 
|  39|0x000000070cb00000, 0x000000070cb00000, 0x000000070cc00000|  0%| F|  |TAMS 0x000000070cb00000, 0x000000070cb00000| Untracked 
|  40|0x000000070cc00000, 0x000000070cc00000, 0x000000070cd00000|  0%| F|  |TAMS 0x000000070cc00000, 0x000000070cc00000| Untracked 
|  41|0x000000070cd00000, 0x000000070cd00000, 0x000000070ce00000|  0%| F|  |TAMS 0x000000070cd00000, 0x000000070cd00000| Untracked 
|  42|0x000000070ce00000, 0x000000070ce00000, 0x000000070cf00000|  0%| F|  |TAMS 0x000000070ce00000, 0x000000070ce00000| Untracked 
|  43|0x000000070cf00000, 0x000000070cf00000, 0x000000070d000000|  0%| F|  |TAMS 0x000000070cf00000, 0x000000070cf00000| Untracked 
|  44|0x000000070d000000, 0x000000070d000000, 0x000000070d100000|  0%| F|  |TAMS 0x000000070d000000, 0x000000070d000000| Untracked 
|  45|0x000000070d100000, 0x000000070d100000, 0x000000070d200000|  0%| F|  |TAMS 0x000000070d100000, 0x000000070d100000| Untracked 
|  46|0x000000070d200000, 0x000000070d200000, 0x000000070d300000|  0%| F|  |TAMS 0x000000070d200000, 0x000000070d200000| Untracked 
|  47|0x000000070d300000, 0x000000070d300000, 0x000000070d400000|  0%| F|  |TAMS 0x000000070d300000, 0x000000070d300000| Untracked 
|  48|0x000000070d400000, 0x000000070d400000, 0x000000070d500000|  0%| F|  |TAMS 0x000000070d400000, 0x000000070d400000| Untracked 
|  49|0x000000070d500000, 0x000000070d500000, 0x000000070d600000|  0%| F|  |TAMS 0x000000070d500000, 0x000000070d500000| Untracked 
|  50|0x000000070d600000, 0x000000070d600000, 0x000000070d700000|  0%| F|  |TAMS 0x000000070d600000, 0x000000070d600000| Untracked 
|  51|0x000000070d700000, 0x000000070d700000, 0x000000070d800000|  0%| F|  |TAMS 0x000000070d700000, 0x000000070d700000| Untracked 
|  52|0x000000070d800000, 0x000000070d800000, 0x000000070d900000|  0%| F|  |TAMS 0x000000070d800000, 0x000000070d800000| Untracked 
|  53|0x000000070d900000, 0x000000070d900000, 0x000000070da00000|  0%| F|  |TAMS 0x000000070d900000, 0x000000070d900000| Untracked 
|  54|0x000000070da00000, 0x000000070da00000, 0x000000070db00000|  0%| F|  |TAMS 0x000000070da00000, 0x000000070da00000| Untracked 
|  55|0x000000070db00000, 0x000000070db00000, 0x000000070dc00000|  0%| F|  |TAMS 0x000000070db00000, 0x000000070db00000| Untracked 
|  56|0x000000070dc00000, 0x000000070dc00000, 0x000000070dd00000|  0%| F|  |TAMS 0x000000070dc00000, 0x000000070dc00000| Untracked 
|  57|0x000000070dd00000, 0x000000070dd00000, 0x000000070de00000|  0%| F|  |TAMS 0x000000070dd00000, 0x000000070dd00000| Untracked 
|  58|0x000000070de00000, 0x000000070de00000, 0x000000070df00000|  0%| F|  |TAMS 0x000000070de00000, 0x000000070de00000| Untracked 
|  59|0x000000070df00000, 0x000000070df00000, 0x000000070e000000|  0%| F|  |TAMS 0x000000070df00000, 0x000000070df00000| Untracked 
|  60|0x000000070e000000, 0x000000070e000000, 0x000000070e100000|  0%| F|  |TAMS 0x000000070e000000, 0x000000070e000000| Untracked 
|  61|0x000000070e100000, 0x000000070e100000, 0x000000070e200000|  0%| F|  |TAMS 0x000000070e100000, 0x000000070e100000| Untracked 
|  62|0x000000070e200000, 0x000000070e200000, 0x000000070e300000|  0%| F|  |TAMS 0x000000070e200000, 0x000000070e200000| Untracked 
|  63|0x000000070e300000, 0x000000070e300000, 0x000000070e400000|  0%| F|  |TAMS 0x000000070e300000, 0x000000070e300000| Untracked 
|  64|0x000000070e400000, 0x000000070e400000, 0x000000070e500000|  0%| F|  |TAMS 0x000000070e400000, 0x000000070e400000| Untracked 
|  65|0x000000070e500000, 0x000000070e500000, 0x000000070e600000|  0%| F|  |TAMS 0x000000070e500000, 0x000000070e500000| Untracked 
|  66|0x000000070e600000, 0x000000070e600000, 0x000000070e700000|  0%| F|  |TAMS 0x000000070e600000, 0x000000070e600000| Untracked 
|  67|0x000000070e700000, 0x000000070e700000, 0x000000070e800000|  0%| F|  |TAMS 0x000000070e700000, 0x000000070e700000| Untracked 
|  68|0x000000070e800000, 0x000000070e800000, 0x000000070e900000|  0%| F|  |TAMS 0x000000070e800000, 0x000000070e800000| Untracked 
|  69|0x000000070e900000, 0x000000070e900000, 0x000000070ea00000|  0%| F|  |TAMS 0x000000070e900000, 0x000000070e900000| Untracked 
|  70|0x000000070ea00000, 0x000000070ea00000, 0x000000070eb00000|  0%| F|  |TAMS 0x000000070ea00000, 0x000000070ea00000| Untracked 
|  71|0x000000070eb00000, 0x000000070eb00000, 0x000000070ec00000|  0%| F|  |TAMS 0x000000070eb00000, 0x000000070eb00000| Untracked 
|  72|0x000000070ec00000, 0x000000070ec00000, 0x000000070ed00000|  0%| F|  |TAMS 0x000000070ec00000, 0x000000070ec00000| Untracked 
|  73|0x000000070ed00000, 0x000000070ed00000, 0x000000070ee00000|  0%| F|  |TAMS 0x000000070ed00000, 0x000000070ed00000| Untracked 
|  74|0x000000070ee00000, 0x000000070ee00000, 0x000000070ef00000|  0%| F|  |TAMS 0x000000070ee00000, 0x000000070ee00000| Untracked 
|  75|0x000000070ef00000, 0x000000070ef00000, 0x000000070f000000|  0%| F|  |TAMS 0x000000070ef00000, 0x000000070ef00000| Untracked 
|  76|0x000000070f000000, 0x000000070f000000, 0x000000070f100000|  0%| F|  |TAMS 0x000000070f000000, 0x000000070f000000| Untracked 
|  77|0x000000070f100000, 0x000000070f100000, 0x000000070f200000|  0%| F|  |TAMS 0x000000070f100000, 0x000000070f100000| Untracked 
|  78|0x000000070f200000, 0x000000070f200000, 0x000000070f300000|  0%| F|  |TAMS 0x000000070f200000, 0x000000070f200000| Untracked 
|  79|0x000000070f300000, 0x000000070f300000, 0x000000070f400000|  0%| F|  |TAMS 0x000000070f300000, 0x000000070f300000| Untracked 
|  80|0x000000070f400000, 0x000000070f400000, 0x000000070f500000|  0%| F|  |TAMS 0x000000070f400000, 0x000000070f400000| Untracked 
|  81|0x000000070f500000, 0x000000070f500000, 0x000000070f600000|  0%| F|  |TAMS 0x000000070f500000, 0x000000070f500000| Untracked 
|  82|0x000000070f600000, 0x000000070f600000, 0x000000070f700000|  0%| F|  |TAMS 0x000000070f600000, 0x000000070f600000| Untracked 
|  83|0x000000070f700000, 0x000000070f700000, 0x000000070f800000|  0%| F|  |TAMS 0x000000070f700000, 0x000000070f700000| Untracked 
|  84|0x000000070f800000, 0x000000070f800000, 0x000000070f900000|  0%| F|  |TAMS 0x000000070f800000, 0x000000070f800000| Untracked 
|  85|0x000000070f900000, 0x000000070f900000, 0x000000070fa00000|  0%| F|  |TAMS 0x000000070f900000, 0x000000070f900000| Untracked 
|  86|0x000000070fa00000, 0x000000070fa00000, 0x000000070fb00000|  0%| F|  |TAMS 0x000000070fa00000, 0x000000070fa00000| Untracked 
|  87|0x000000070fb00000, 0x000000070fb00000, 0x000000070fc00000|  0%| F|  |TAMS 0x000000070fb00000, 0x000000070fb00000| Untracked 
|  88|0x000000070fc00000, 0x000000070fc00000, 0x000000070fd00000|  0%| F|  |TAMS 0x000000070fc00000, 0x000000070fc00000| Untracked 
|  89|0x000000070fd00000, 0x000000070fd00000, 0x000000070fe00000|  0%| F|  |TAMS 0x000000070fd00000, 0x000000070fd00000| Untracked 
|  90|0x000000070fe00000, 0x000000070fe00000, 0x000000070ff00000|  0%| F|  |TAMS 0x000000070fe00000, 0x000000070fe00000| Untracked 
|  91|0x000000070ff00000, 0x000000070ff00000, 0x0000000710000000|  0%| F|  |TAMS 0x000000070ff00000, 0x000000070ff00000| Untracked 
|  92|0x0000000710000000, 0x0000000710000000, 0x0000000710100000|  0%| F|  |TAMS 0x0000000710000000, 0x0000000710000000| Untracked 
|  93|0x0000000710100000, 0x0000000710100000, 0x0000000710200000|  0%| F|  |TAMS 0x0000000710100000, 0x0000000710100000| Untracked 
|  94|0x0000000710200000, 0x0000000710200000, 0x0000000710300000|  0%| F|  |TAMS 0x0000000710200000, 0x0000000710200000| Untracked 
|  95|0x0000000710300000, 0x0000000710300000, 0x0000000710400000|  0%| F|  |TAMS 0x0000000710300000, 0x0000000710300000| Untracked 
|  96|0x0000000710400000, 0x0000000710400000, 0x0000000710500000|  0%| F|  |TAMS 0x0000000710400000, 0x0000000710400000| Untracked 
|  97|0x0000000710500000, 0x0000000710500000, 0x0000000710600000|  0%| F|  |TAMS 0x0000000710500000, 0x0000000710500000| Untracked 
|  98|0x0000000710600000, 0x0000000710600000, 0x0000000710700000|  0%| F|  |TAMS 0x0000000710600000, 0x0000000710600000| Untracked 
|  99|0x0000000710700000, 0x0000000710700000, 0x0000000710800000|  0%| F|  |TAMS 0x0000000710700000, 0x0000000710700000| Untracked 
| 100|0x0000000710800000, 0x0000000710800000, 0x0000000710900000|  0%| F|  |TAMS 0x0000000710800000, 0x0000000710800000| Untracked 
| 101|0x0000000710900000, 0x0000000710900000, 0x0000000710a00000|  0%| F|  |TAMS 0x0000000710900000, 0x0000000710900000| Untracked 
| 102|0x0000000710a00000, 0x0000000710a00000, 0x0000000710b00000|  0%| F|  |TAMS 0x0000000710a00000, 0x0000000710a00000| Untracked 
| 103|0x0000000710b00000, 0x0000000710b00000, 0x0000000710c00000|  0%| F|  |TAMS 0x0000000710b00000, 0x0000000710b00000| Untracked 
| 104|0x0000000710c00000, 0x0000000710c00000, 0x0000000710d00000|  0%| F|  |TAMS 0x0000000710c00000, 0x0000000710c00000| Untracked 
| 105|0x0000000710d00000, 0x0000000710d00000, 0x0000000710e00000|  0%| F|  |TAMS 0x0000000710d00000, 0x0000000710d00000| Untracked 
| 106|0x0000000710e00000, 0x0000000710e00000, 0x0000000710f00000|  0%| F|  |TAMS 0x0000000710e00000, 0x0000000710e00000| Untracked 
| 107|0x0000000710f00000, 0x0000000710f00000, 0x0000000711000000|  0%| F|  |TAMS 0x0000000710f00000, 0x0000000710f00000| Untracked 
| 108|0x0000000711000000, 0x0000000711000000, 0x0000000711100000|  0%| F|  |TAMS 0x0000000711000000, 0x0000000711000000| Untracked 
| 109|0x0000000711100000, 0x0000000711100000, 0x0000000711200000|  0%| F|  |TAMS 0x0000000711100000, 0x0000000711100000| Untracked 
| 110|0x0000000711200000, 0x0000000711200000, 0x0000000711300000|  0%| F|  |TAMS 0x0000000711200000, 0x0000000711200000| Untracked 
| 111|0x0000000711300000, 0x0000000711300000, 0x0000000711400000|  0%| F|  |TAMS 0x0000000711300000, 0x0000000711300000| Untracked 
| 112|0x0000000711400000, 0x0000000711400000, 0x0000000711500000|  0%| F|  |TAMS 0x0000000711400000, 0x0000000711400000| Untracked 
| 113|0x0000000711500000, 0x0000000711500000, 0x0000000711600000|  0%| F|  |TAMS 0x0000000711500000, 0x0000000711500000| Untracked 
| 114|0x0000000711600000, 0x0000000711600000, 0x0000000711700000|  0%| F|  |TAMS 0x0000000711600000, 0x0000000711600000| Untracked 
| 115|0x0000000711700000, 0x0000000711700000, 0x0000000711800000|  0%| F|  |TAMS 0x0000000711700000, 0x0000000711700000| Untracked 
| 116|0x0000000711800000, 0x0000000711800000, 0x0000000711900000|  0%| F|  |TAMS 0x0000000711800000, 0x0000000711800000| Untracked 
| 117|0x0000000711900000, 0x0000000711900000, 0x0000000711a00000|  0%| F|  |TAMS 0x0000000711900000, 0x0000000711900000| Untracked 
| 118|0x0000000711a00000, 0x0000000711a00000, 0x0000000711b00000|  0%| F|  |TAMS 0x0000000711a00000, 0x0000000711a00000| Untracked 
| 119|0x0000000711b00000, 0x0000000711b00000, 0x0000000711c00000|  0%| F|  |TAMS 0x0000000711b00000, 0x0000000711b00000| Untracked 
| 120|0x0000000711c00000, 0x0000000711c00000, 0x0000000711d00000|  0%| F|  |TAMS 0x0000000711c00000, 0x0000000711c00000| Untracked 
| 121|0x0000000711d00000, 0x0000000711d00000, 0x0000000711e00000|  0%| F|  |TAMS 0x0000000711d00000, 0x0000000711d00000| Untracked 
| 122|0x0000000711e00000, 0x0000000711e00000, 0x0000000711f00000|  0%| F|  |TAMS 0x0000000711e00000, 0x0000000711e00000| Untracked 
| 123|0x0000000711f00000, 0x0000000711f00000, 0x0000000712000000|  0%| F|  |TAMS 0x0000000711f00000, 0x0000000711f00000| Untracked 
| 124|0x0000000712000000, 0x0000000712000000, 0x0000000712100000|  0%| F|  |TAMS 0x0000000712000000, 0x0000000712000000| Untracked 
| 125|0x0000000712100000, 0x0000000712100000, 0x0000000712200000|  0%| F|  |TAMS 0x0000000712100000, 0x0000000712100000| Untracked 
| 126|0x0000000712200000, 0x0000000712200000, 0x0000000712300000|  0%| F|  |TAMS 0x0000000712200000, 0x0000000712200000| Untracked 
| 127|0x0000000712300000, 0x0000000712300000, 0x0000000712400000|  0%| F|  |TAMS 0x0000000712300000, 0x0000000712300000| Untracked 
| 128|0x0000000712400000, 0x0000000712400000, 0x0000000712500000|  0%| F|  |TAMS 0x0000000712400000, 0x0000000712400000| Untracked 
| 129|0x0000000712500000, 0x0000000712500000, 0x0000000712600000|  0%| F|  |TAMS 0x0000000712500000, 0x0000000712500000| Untracked 
| 130|0x0000000712600000, 0x0000000712600000, 0x0000000712700000|  0%| F|  |TAMS 0x0000000712600000, 0x0000000712600000| Untracked 
| 131|0x0000000712700000, 0x0000000712700000, 0x0000000712800000|  0%| F|  |TAMS 0x0000000712700000, 0x0000000712700000| Untracked 
| 132|0x0000000712800000, 0x0000000712800000, 0x0000000712900000|  0%| F|  |TAMS 0x0000000712800000, 0x0000000712800000| Untracked 
| 133|0x0000000712900000, 0x0000000712900000, 0x0000000712a00000|  0%| F|  |TAMS 0x0000000712900000, 0x0000000712900000| Untracked 
| 134|0x0000000712a00000, 0x0000000712a00000, 0x0000000712b00000|  0%| F|  |TAMS 0x0000000712a00000, 0x0000000712a00000| Untracked 
| 135|0x0000000712b00000, 0x0000000712b00000, 0x0000000712c00000|  0%| F|  |TAMS 0x0000000712b00000, 0x0000000712b00000| Untracked 
| 136|0x0000000712c00000, 0x0000000712c00000, 0x0000000712d00000|  0%| F|  |TAMS 0x0000000712c00000, 0x0000000712c00000| Untracked 
| 137|0x0000000712d00000, 0x0000000712d00000, 0x0000000712e00000|  0%| F|  |TAMS 0x0000000712d00000, 0x0000000712d00000| Untracked 
| 138|0x0000000712e00000, 0x0000000712e00000, 0x0000000712f00000|  0%| F|  |TAMS 0x0000000712e00000, 0x0000000712e00000| Untracked 
| 139|0x0000000712f00000, 0x0000000712f00000, 0x0000000713000000|  0%| F|  |TAMS 0x0000000712f00000, 0x0000000712f00000| Untracked 
| 140|0x0000000713000000, 0x0000000713000000, 0x0000000713100000|  0%| F|  |TAMS 0x0000000713000000, 0x0000000713000000| Untracked 
| 141|0x0000000713100000, 0x0000000713100000, 0x0000000713200000|  0%| F|  |TAMS 0x0000000713100000, 0x0000000713100000| Untracked 
| 142|0x0000000713200000, 0x0000000713200000, 0x0000000713300000|  0%| F|  |TAMS 0x0000000713200000, 0x0000000713200000| Untracked 
| 143|0x0000000713300000, 0x0000000713300000, 0x0000000713400000|  0%| F|  |TAMS 0x0000000713300000, 0x0000000713300000| Untracked 
| 144|0x0000000713400000, 0x0000000713400000, 0x0000000713500000|  0%| F|  |TAMS 0x0000000713400000, 0x0000000713400000| Untracked 
| 145|0x0000000713500000, 0x0000000713500000, 0x0000000713600000|  0%| F|  |TAMS 0x0000000713500000, 0x0000000713500000| Untracked 
| 146|0x0000000713600000, 0x0000000713600000, 0x0000000713700000|  0%| F|  |TAMS 0x0000000713600000, 0x0000000713600000| Untracked 
| 147|0x0000000713700000, 0x0000000713700000, 0x0000000713800000|  0%| F|  |TAMS 0x0000000713700000, 0x0000000713700000| Untracked 
| 148|0x0000000713800000, 0x0000000713800000, 0x0000000713900000|  0%| F|  |TAMS 0x0000000713800000, 0x0000000713800000| Untracked 
| 149|0x0000000713900000, 0x0000000713900000, 0x0000000713a00000|  0%| F|  |TAMS 0x0000000713900000, 0x0000000713900000| Untracked 
| 150|0x0000000713a00000, 0x0000000713a00000, 0x0000000713b00000|  0%| F|  |TAMS 0x0000000713a00000, 0x0000000713a00000| Untracked 
| 151|0x0000000713b00000, 0x0000000713b00000, 0x0000000713c00000|  0%| F|  |TAMS 0x0000000713b00000, 0x0000000713b00000| Untracked 
| 152|0x0000000713c00000, 0x0000000713c00000, 0x0000000713d00000|  0%| F|  |TAMS 0x0000000713c00000, 0x0000000713c00000| Untracked 
| 153|0x0000000713d00000, 0x0000000713d00000, 0x0000000713e00000|  0%| F|  |TAMS 0x0000000713d00000, 0x0000000713d00000| Untracked 
| 154|0x0000000713e00000, 0x0000000713e00000, 0x0000000713f00000|  0%| F|  |TAMS 0x0000000713e00000, 0x0000000713e00000| Untracked 
| 155|0x0000000713f00000, 0x0000000713f00000, 0x0000000714000000|  0%| F|  |TAMS 0x0000000713f00000, 0x0000000713f00000| Untracked 
| 156|0x0000000714000000, 0x0000000714000000, 0x0000000714100000|  0%| F|  |TAMS 0x0000000714000000, 0x0000000714000000| Untracked 
| 157|0x0000000714100000, 0x0000000714100000, 0x0000000714200000|  0%| F|  |TAMS 0x0000000714100000, 0x0000000714100000| Untracked 
| 158|0x0000000714200000, 0x0000000714200000, 0x0000000714300000|  0%| F|  |TAMS 0x0000000714200000, 0x0000000714200000| Untracked 
| 159|0x0000000714300000, 0x0000000714300000, 0x0000000714400000|  0%| F|  |TAMS 0x0000000714300000, 0x0000000714300000| Untracked 
| 160|0x0000000714400000, 0x0000000714400000, 0x0000000714500000|  0%| F|  |TAMS 0x0000000714400000, 0x0000000714400000| Untracked 
| 161|0x0000000714500000, 0x0000000714500000, 0x0000000714600000|  0%| F|  |TAMS 0x0000000714500000, 0x0000000714500000| Untracked 
| 162|0x0000000714600000, 0x0000000714600000, 0x0000000714700000|  0%| F|  |TAMS 0x0000000714600000, 0x0000000714600000| Untracked 
| 163|0x0000000714700000, 0x0000000714700000, 0x0000000714800000|  0%| F|  |TAMS 0x0000000714700000, 0x0000000714700000| Untracked 
| 164|0x0000000714800000, 0x0000000714800000, 0x0000000714900000|  0%| F|  |TAMS 0x0000000714800000, 0x0000000714800000| Untracked 
| 165|0x0000000714900000, 0x0000000714900000, 0x0000000714a00000|  0%| F|  |TAMS 0x0000000714900000, 0x0000000714900000| Untracked 
| 166|0x0000000714a00000, 0x0000000714a00000, 0x0000000714b00000|  0%| F|  |TAMS 0x0000000714a00000, 0x0000000714a00000| Untracked 
| 167|0x0000000714b00000, 0x0000000714b00000, 0x0000000714c00000|  0%| F|  |TAMS 0x0000000714b00000, 0x0000000714b00000| Untracked 
| 168|0x0000000714c00000, 0x0000000714c00000, 0x0000000714d00000|  0%| F|  |TAMS 0x0000000714c00000, 0x0000000714c00000| Untracked 
| 169|0x0000000714d00000, 0x0000000714d00000, 0x0000000714e00000|  0%| F|  |TAMS 0x0000000714d00000, 0x0000000714d00000| Untracked 
| 170|0x0000000714e00000, 0x0000000714e00000, 0x0000000714f00000|  0%| F|  |TAMS 0x0000000714e00000, 0x0000000714e00000| Untracked 
| 171|0x0000000714f00000, 0x0000000714f00000, 0x0000000715000000|  0%| F|  |TAMS 0x0000000714f00000, 0x0000000714f00000| Untracked 
| 172|0x0000000715000000, 0x0000000715000000, 0x0000000715100000|  0%| F|  |TAMS 0x0000000715000000, 0x0000000715000000| Untracked 
| 173|0x0000000715100000, 0x0000000715100000, 0x0000000715200000|  0%| F|  |TAMS 0x0000000715100000, 0x0000000715100000| Untracked 
| 174|0x0000000715200000, 0x0000000715200000, 0x0000000715300000|  0%| F|  |TAMS 0x0000000715200000, 0x0000000715200000| Untracked 
| 175|0x0000000715300000, 0x0000000715300000, 0x0000000715400000|  0%| F|  |TAMS 0x0000000715300000, 0x0000000715300000| Untracked 
| 176|0x0000000715400000, 0x0000000715400000, 0x0000000715500000|  0%| F|  |TAMS 0x0000000715400000, 0x0000000715400000| Untracked 
| 177|0x0000000715500000, 0x0000000715500000, 0x0000000715600000|  0%| F|  |TAMS 0x0000000715500000, 0x0000000715500000| Untracked 
| 178|0x0000000715600000, 0x0000000715600000, 0x0000000715700000|  0%| F|  |TAMS 0x0000000715600000, 0x0000000715600000| Untracked 
| 179|0x0000000715700000, 0x0000000715700000, 0x0000000715800000|  0%| F|  |TAMS 0x0000000715700000, 0x0000000715700000| Untracked 
| 180|0x0000000715800000, 0x0000000715800000, 0x0000000715900000|  0%| F|  |TAMS 0x0000000715800000, 0x0000000715800000| Untracked 
| 181|0x0000000715900000, 0x0000000715900000, 0x0000000715a00000|  0%| F|  |TAMS 0x0000000715900000, 0x0000000715900000| Untracked 
| 182|0x0000000715a00000, 0x0000000715a00000, 0x0000000715b00000|  0%| F|  |TAMS 0x0000000715a00000, 0x0000000715a00000| Untracked 
| 183|0x0000000715b00000, 0x0000000715b00000, 0x0000000715c00000|  0%| F|  |TAMS 0x0000000715b00000, 0x0000000715b00000| Untracked 
| 184|0x0000000715c00000, 0x0000000715c00000, 0x0000000715d00000|  0%| F|  |TAMS 0x0000000715c00000, 0x0000000715c00000| Untracked 
| 185|0x0000000715d00000, 0x0000000715d00000, 0x0000000715e00000|  0%| F|  |TAMS 0x0000000715d00000, 0x0000000715d00000| Untracked 
| 186|0x0000000715e00000, 0x0000000715e00000, 0x0000000715f00000|  0%| F|  |TAMS 0x0000000715e00000, 0x0000000715e00000| Untracked 
| 187|0x0000000715f00000, 0x0000000715f00000, 0x0000000716000000|  0%| F|  |TAMS 0x0000000715f00000, 0x0000000715f00000| Untracked 
| 188|0x0000000716000000, 0x0000000716000000, 0x0000000716100000|  0%| F|  |TAMS 0x0000000716000000, 0x0000000716000000| Untracked 
| 189|0x0000000716100000, 0x0000000716100000, 0x0000000716200000|  0%| F|  |TAMS 0x0000000716100000, 0x0000000716100000| Untracked 
| 190|0x0000000716200000, 0x0000000716200000, 0x0000000716300000|  0%| F|  |TAMS 0x0000000716200000, 0x0000000716200000| Untracked 
| 191|0x0000000716300000, 0x0000000716300000, 0x0000000716400000|  0%| F|  |TAMS 0x0000000716300000, 0x0000000716300000| Untracked 
| 192|0x0000000716400000, 0x0000000716400000, 0x0000000716500000|  0%| F|  |TAMS 0x0000000716400000, 0x0000000716400000| Untracked 
| 193|0x0000000716500000, 0x0000000716500000, 0x0000000716600000|  0%| F|  |TAMS 0x0000000716500000, 0x0000000716500000| Untracked 
| 194|0x0000000716600000, 0x0000000716600000, 0x0000000716700000|  0%| F|  |TAMS 0x0000000716600000, 0x0000000716600000| Untracked 
| 195|0x0000000716700000, 0x0000000716700000, 0x0000000716800000|  0%| F|  |TAMS 0x0000000716700000, 0x0000000716700000| Untracked 
| 196|0x0000000716800000, 0x0000000716800000, 0x0000000716900000|  0%| F|  |TAMS 0x0000000716800000, 0x0000000716800000| Untracked 
| 197|0x0000000716900000, 0x0000000716900000, 0x0000000716a00000|  0%| F|  |TAMS 0x0000000716900000, 0x0000000716900000| Untracked 
| 198|0x0000000716a00000, 0x0000000716a00000, 0x0000000716b00000|  0%| F|  |TAMS 0x0000000716a00000, 0x0000000716a00000| Untracked 
| 199|0x0000000716b00000, 0x0000000716b00000, 0x0000000716c00000|  0%| F|  |TAMS 0x0000000716b00000, 0x0000000716b00000| Untracked 
| 200|0x0000000716c00000, 0x0000000716c00000, 0x0000000716d00000|  0%| F|  |TAMS 0x0000000716c00000, 0x0000000716c00000| Untracked 
| 201|0x0000000716d00000, 0x0000000716d00000, 0x0000000716e00000|  0%| F|  |TAMS 0x0000000716d00000, 0x0000000716d00000| Untracked 
| 202|0x0000000716e00000, 0x0000000716e00000, 0x0000000716f00000|  0%| F|  |TAMS 0x0000000716e00000, 0x0000000716e00000| Untracked 
| 203|0x0000000716f00000, 0x0000000716f00000, 0x0000000717000000|  0%| F|  |TAMS 0x0000000716f00000, 0x0000000716f00000| Untracked 
| 204|0x0000000717000000, 0x0000000717000000, 0x0000000717100000|  0%| F|  |TAMS 0x0000000717000000, 0x0000000717000000| Untracked 
| 205|0x0000000717100000, 0x0000000717100000, 0x0000000717200000|  0%| F|  |TAMS 0x0000000717100000, 0x0000000717100000| Untracked 
| 206|0x0000000717200000, 0x0000000717200000, 0x0000000717300000|  0%| F|  |TAMS 0x0000000717200000, 0x0000000717200000| Untracked 
| 207|0x0000000717300000, 0x0000000717300000, 0x0000000717400000|  0%| F|  |TAMS 0x0000000717300000, 0x0000000717300000| Untracked 
| 208|0x0000000717400000, 0x0000000717400000, 0x0000000717500000|  0%| F|  |TAMS 0x0000000717400000, 0x0000000717400000| Untracked 
| 209|0x0000000717500000, 0x0000000717500000, 0x0000000717600000|  0%| F|  |TAMS 0x0000000717500000, 0x0000000717500000| Untracked 
| 210|0x0000000717600000, 0x0000000717600000, 0x0000000717700000|  0%| F|  |TAMS 0x0000000717600000, 0x0000000717600000| Untracked 
| 211|0x0000000717700000, 0x0000000717700000, 0x0000000717800000|  0%| F|  |TAMS 0x0000000717700000, 0x0000000717700000| Untracked 
| 212|0x0000000717800000, 0x0000000717800000, 0x0000000717900000|  0%| F|  |TAMS 0x0000000717800000, 0x0000000717800000| Untracked 
| 213|0x0000000717900000, 0x0000000717900000, 0x0000000717a00000|  0%| F|  |TAMS 0x0000000717900000, 0x0000000717900000| Untracked 
| 214|0x0000000717a00000, 0x0000000717a00000, 0x0000000717b00000|  0%| F|  |TAMS 0x0000000717a00000, 0x0000000717a00000| Untracked 
| 215|0x0000000717b00000, 0x0000000717b00000, 0x0000000717c00000|  0%| F|  |TAMS 0x0000000717b00000, 0x0000000717b00000| Untracked 
| 216|0x0000000717c00000, 0x0000000717c00000, 0x0000000717d00000|  0%| F|  |TAMS 0x0000000717c00000, 0x0000000717c00000| Untracked 
| 217|0x0000000717d00000, 0x0000000717d00000, 0x0000000717e00000|  0%| F|  |TAMS 0x0000000717d00000, 0x0000000717d00000| Untracked 
| 218|0x0000000717e00000, 0x0000000717e00000, 0x0000000717f00000|  0%| F|  |TAMS 0x0000000717e00000, 0x0000000717e00000| Untracked 
| 219|0x0000000717f00000, 0x0000000717f00000, 0x0000000718000000|  0%| F|  |TAMS 0x0000000717f00000, 0x0000000717f00000| Untracked 
| 220|0x0000000718000000, 0x0000000718000000, 0x0000000718100000|  0%| F|  |TAMS 0x0000000718000000, 0x0000000718000000| Untracked 
| 221|0x0000000718100000, 0x0000000718100000, 0x0000000718200000|  0%| F|  |TAMS 0x0000000718100000, 0x0000000718100000| Untracked 
| 222|0x0000000718200000, 0x0000000718200000, 0x0000000718300000|  0%| F|  |TAMS 0x0000000718200000, 0x0000000718200000| Untracked 
| 223|0x0000000718300000, 0x0000000718300000, 0x0000000718400000|  0%| F|  |TAMS 0x0000000718300000, 0x0000000718300000| Untracked 
| 224|0x0000000718400000, 0x0000000718400000, 0x0000000718500000|  0%| F|  |TAMS 0x0000000718400000, 0x0000000718400000| Untracked 
| 225|0x0000000718500000, 0x0000000718500000, 0x0000000718600000|  0%| F|  |TAMS 0x0000000718500000, 0x0000000718500000| Untracked 
| 226|0x0000000718600000, 0x0000000718600000, 0x0000000718700000|  0%| F|  |TAMS 0x0000000718600000, 0x0000000718600000| Untracked 
| 227|0x0000000718700000, 0x0000000718700000, 0x0000000718800000|  0%| F|  |TAMS 0x0000000718700000, 0x0000000718700000| Untracked 
| 228|0x0000000718800000, 0x0000000718800000, 0x0000000718900000|  0%| F|  |TAMS 0x0000000718800000, 0x0000000718800000| Untracked 
| 229|0x0000000718900000, 0x0000000718900000, 0x0000000718a00000|  0%| F|  |TAMS 0x0000000718900000, 0x0000000718900000| Untracked 
| 230|0x0000000718a00000, 0x0000000718a00000, 0x0000000718b00000|  0%| F|  |TAMS 0x0000000718a00000, 0x0000000718a00000| Untracked 
| 231|0x0000000718b00000, 0x0000000718b00000, 0x0000000718c00000|  0%| F|  |TAMS 0x0000000718b00000, 0x0000000718b00000| Untracked 
| 232|0x0000000718c00000, 0x0000000718c00000, 0x0000000718d00000|  0%| F|  |TAMS 0x0000000718c00000, 0x0000000718c00000| Untracked 
| 233|0x0000000718d00000, 0x0000000718d00000, 0x0000000718e00000|  0%| F|  |TAMS 0x0000000718d00000, 0x0000000718d00000| Untracked 
| 234|0x0000000718e00000, 0x0000000718e00000, 0x0000000718f00000|  0%| F|  |TAMS 0x0000000718e00000, 0x0000000718e00000| Untracked 
| 235|0x0000000718f00000, 0x0000000718f24450, 0x0000000719000000| 14%| S|CS|TAMS 0x0000000718f00000, 0x0000000718f00000| Complete 
| 236|0x0000000719000000, 0x0000000719100000, 0x0000000719100000|100%| S|CS|TAMS 0x0000000719000000, 0x0000000719000000| Complete 
| 237|0x0000000719100000, 0x0000000719100000, 0x0000000719200000|  0%| F|  |TAMS 0x0000000719100000, 0x0000000719100000| Untracked 
| 238|0x0000000719200000, 0x0000000719200000, 0x0000000719300000|  0%| F|  |TAMS 0x0000000719200000, 0x0000000719200000| Untracked 
| 239|0x0000000719300000, 0x0000000719400000, 0x0000000719400000|100%| E|  |TAMS 0x0000000719300000, 0x0000000719300000| Complete 
| 240|0x0000000719400000, 0x0000000719500000, 0x0000000719500000|100%| E|CS|TAMS 0x0000000719400000, 0x0000000719400000| Complete 
| 241|0x0000000719500000, 0x0000000719600000, 0x0000000719600000|100%| E|CS|TAMS 0x0000000719500000, 0x0000000719500000| Complete 
| 242|0x0000000719600000, 0x0000000719700000, 0x0000000719700000|100%| E|CS|TAMS 0x0000000719600000, 0x0000000719600000| Complete 
| 243|0x0000000719700000, 0x0000000719800000, 0x0000000719800000|100%| E|CS|TAMS 0x0000000719700000, 0x0000000719700000| Complete 
| 244|0x0000000719800000, 0x0000000719900000, 0x0000000719900000|100%| E|CS|TAMS 0x0000000719800000, 0x0000000719800000| Complete 
| 245|0x0000000719900000, 0x0000000719a00000, 0x0000000719a00000|100%| E|CS|TAMS 0x0000000719900000, 0x0000000719900000| Complete 

Card table byte_map: [0x00000278729d0000,0x0000027873180000] _byte_map_base: 0x000002786f17e000

Marking Bits (Prev, Next): (CMBitMap*) 0x000002785a2a1740, (CMBitMap*) 0x000002785a2a1708
 Prev Bits: [0x00000278776a0000, 0x000002787b410000)
 Next Bits: [0x0000027873930000, 0x00000278776a0000)

Polling page: 0x0000027858170000

Metaspace:

Usage:
  Non-class:     22.29 MB capacity,    22.05 MB ( 99%) used,   180.67 KB ( <1%) free+waste,    61.44 KB ( <1%) overhead. 
      Class:      2.83 MB capacity,     2.57 MB ( 91%) used,   236.11 KB (  8%) free+waste,    30.38 KB (  1%) overhead. 
       Both:     25.11 MB capacity,    24.62 MB ( 98%) used,   416.78 KB (  2%) free+waste,    91.81 KB ( <1%) overhead. 

Virtual space:
  Non-class space:       24.00 MB reserved,      22.42 MB ( 93%) committed 
      Class space:        1.00 GB reserved,       2.88 MB ( <1%) committed 
             Both:        1.02 GB reserved,      25.30 MB (  2%) committed 

Chunk freelists:
   Non-Class:  9.00 KB
       Class:  18.00 KB
        Both:  27.00 KB

MaxMetaspaceSize: 17179869184.00 GB
CompressedClassSpaceSize: 1.00 GB
Initial GC threshold: 20.80 MB
Current GC threshold: 35.08 MB
CDS: off

CodeHeap 'non-profiled nmethods': size=119168Kb used=1127Kb max_used=1127Kb free=118040Kb
 bounds [0x000002786a530000, 0x000002786a7a0000, 0x0000027871990000]
CodeHeap 'profiled nmethods': size=119168Kb used=6672Kb max_used=6672Kb free=112495Kb
 bounds [0x00000278630d0000, 0x0000027863760000, 0x000002786a530000]
CodeHeap 'non-nmethods': size=7424Kb used=1375Kb max_used=3085Kb free=6049Kb
 bounds [0x0000027862990000, 0x0000027862ca0000, 0x00000278630d0000]
 total_blobs=3862 nmethods=3171 adapters=603
 compilation: enabled
              stopped_count=0, restarted_count=0
 full_count=0

Compilation events (20 events):
Event: 61.913 Thread 0x000002787eeab800 nmethod 3155 0x0000027863748e90 code [0x0000027863749060, 0x0000027863749188]
Event: 61.913 Thread 0x000002787eeab800 3156  s    3       java.beans.ChangeListenerMap::add (88 bytes)
Event: 61.914 Thread 0x000002787eeab800 nmethod 3156 0x0000027863749210 code [0x0000027863749460, 0x000002786374a0f8]
Event: 61.914 Thread 0x000002787eeab800 3158       3       java.awt.Container::addPropertyChangeListener (6 bytes)
Event: 61.914 Thread 0x000002787eeab800 nmethod 3158 0x000002786374a390 code [0x000002786374a540, 0x000002786374a668]
Event: 61.914 Thread 0x000002787eeab800 3159   !   3       java.awt.Component::addPropertyChangeListener (52 bytes)
Event: 61.914 Thread 0x000002787eeab800 nmethod 3159 0x000002786374a710 code [0x000002786374a920, 0x000002786374b228]
Event: 61.914 Thread 0x000002787eeab800 3160       3       java.beans.PropertyChangeSupport::addPropertyChangeListener (45 bytes)
Event: 61.915 Thread 0x000002787eeab800 nmethod 3160 0x000002786374b490 code [0x000002786374b6a0, 0x000002786374be18]
Event: 61.915 Thread 0x000002787eeab800 3161       3       sun.reflect.misc.ReflectUtil::checkPackageAccess (77 bytes)
Event: 61.915 Thread 0x000002787eeab800 nmethod 3161 0x000002786374bf90 code [0x000002786374c260, 0x000002786374cf08]
Event: 61.915 Thread 0x000002787eeab800 3163   !   3       java.awt.KeyboardFocusManager::clearMostRecentFocusOwner (110 bytes)
Event: 61.916 Thread 0x000002787eeab800 nmethod 3163 0x000002786374d410 code [0x000002786374d6e0, 0x000002786374ef48]
Event: 61.916 Thread 0x000002787eeab800 3165       3       javax.swing.SortingFocusTraversalPolicy::enumerateCycle (129 bytes)
Event: 61.916 Thread 0x000002787eeab800 nmethod 3165 0x000002786374f590 code [0x000002786374f820, 0x00000278637508d8]
Event: 61.916 Thread 0x000002787eeab800 3164   !   3       java.awt.KeyboardFocusManager::getPermanentFocusOwner (42 bytes)
Event: 61.916 Thread 0x000002787eeab800 nmethod 3164 0x0000027863750c90 code [0x0000027863750e60, 0x0000027863751288]
Event: 61.916 Thread 0x000002787eeab800 3162       1       javax.swing.JRootPane::getDefaultButton (5 bytes)
Event: 61.916 Thread 0x000002787eeab800 nmethod 3162 0x000002786a649710 code [0x000002786a6498c0, 0x000002786a649978]
Event: 61.917 Thread 0x000002787eeab800 3166       3       javax.swing.plaf.basic.BasicButtonListener::propertyChange (87 bytes)

GC Heap History (4 events):
Event: 1.203 GC heap before
{Heap before GC invocations=0 (full 0):
 garbage-first heap   total 251904K, used 40960K [0x000000070a400000, 0x0000000800000000)
  region size 1024K, 24 young (24576K), 0 survivors (0K)
 Metaspace       used 20681K, capacity 21124K, committed 21296K, reserved 1069056K
  class space    used 2120K, capacity 2345K, committed 2432K, reserved 1048576K
}
Event: 1.212 GC heap after
{Heap after GC invocations=1 (full 0):
 garbage-first heap   total 251904K, used 9779K [0x000000070a400000, 0x0000000800000000)
  region size 1024K, 3 young (3072K), 3 survivors (3072K)
 Metaspace       used 20681K, capacity 21124K, committed 21296K, reserved 1069056K
  class space    used 2120K, capacity 2345K, committed 2432K, reserved 1048576K
}
Event: 1.409 GC heap before
{Heap before GC invocations=2 (full 0):
 garbage-first heap   total 251904K, used 18995K [0x000000070a400000, 0x0000000800000000)
  region size 1024K, 12 young (12288K), 3 survivors (3072K)
 Metaspace       used 21643K, capacity 22154K, committed 22448K, reserved 1069056K
  class space    used 2228K, capacity 2456K, committed 2560K, reserved 1048576K
}
Event: 1.413 GC heap after
{Heap after GC invocations=3 (full 0):
 garbage-first heap   total 251904K, used 9015K [0x000000070a400000, 0x0000000800000000)
  region size 1024K, 2 young (2048K), 2 survivors (2048K)
 Metaspace       used 21643K, capacity 22154K, committed 22448K, reserved 1069056K
  class space    used 2228K, capacity 2456K, committed 2560K, reserved 1048576K
}

Deoptimization events (20 events):
Event: 25.917 Thread 0x0000027806495000 DEOPT PACKING pc=0x000002786a57b1f8 sp=0x000000be78efa1d0
Event: 25.917 Thread 0x0000027806495000 DEOPT UNPACKING pc=0x00000278629da1af sp=0x000000be78efa1c0 mode 2
Event: 25.918 Thread 0x0000027806495000 Uncommon trap: trap_request=0xffffff4d fr.pc=0x000002786a547254 relative=0x0000000000000034
Event: 25.918 Thread 0x0000027806495000 Uncommon trap: reason=unstable_if action=reinterpret pc=0x000002786a547254 method=java.lang.StringLatin1.canEncode(I)Z @ 4 c2
Event: 25.918 Thread 0x0000027806495000 DEOPT PACKING pc=0x000002786a547254 sp=0x000000be78efa1d0
Event: 25.918 Thread 0x0000027806495000 DEOPT UNPACKING pc=0x00000278629da1af sp=0x000000be78efa160 mode 2
Event: 31.174 Thread 0x0000027806495000 Uncommon trap: trap_request=0xffffff4d fr.pc=0x000002786a5eeca4 relative=0x00000000000040e4
Event: 31.174 Thread 0x0000027806495000 Uncommon trap: reason=unstable_if action=reinterpret pc=0x000002786a5eeca4 method=sun.nio.ch.Util$BufferCache.get(I)Ljava/nio/ByteBuffer; @ 47 c2
Event: 31.174 Thread 0x0000027806495000 DEOPT PACKING pc=0x000002786a5eeca4 sp=0x000000be78ef9f70
Event: 31.174 Thread 0x0000027806495000 DEOPT UNPACKING pc=0x00000278629da1af sp=0x000000be78ef9d30 mode 2
Event: 34.518 Thread 0x00000278069be000 Uncommon trap: trap_request=0xffffffcc fr.pc=0x000002786a6201f0 relative=0x0000000000000330
Event: 34.518 Thread 0x00000278069be000 Uncommon trap: reason=intrinsic_or_type_checked_inlining action=make_not_entrant pc=0x000002786a6201f0 method=java.util.Arrays.copyOf([Ljava/lang/Object;ILjava/lang/Class;)[Ljava/lang/Object; @ 35 c2
Event: 34.518 Thread 0x00000278069be000 DEOPT PACKING pc=0x000002786a6201f0 sp=0x000000be798ff530
Event: 34.519 Thread 0x00000278069be000 DEOPT UNPACKING pc=0x00000278629da1af sp=0x000000be798ff4c0 mode 2
Event: 43.470 Thread 0x0000027806495000 DEOPT PACKING pc=0x0000027863230065 sp=0x000000be78efa450
Event: 43.470 Thread 0x0000027806495000 DEOPT UNPACKING pc=0x00000278629da95e sp=0x000000be78ef9940 mode 0
Event: 43.470 Thread 0x0000027806495000 Uncommon trap: trap_request=0xffffff4d fr.pc=0x000002786a57d744 relative=0x00000000000005c4
Event: 43.470 Thread 0x0000027806495000 Uncommon trap: reason=unstable_if action=reinterpret pc=0x000002786a57d744 method=java.util.Properties$LineReader.readLine()I @ 117 c2
Event: 43.470 Thread 0x0000027806495000 DEOPT PACKING pc=0x000002786a57d744 sp=0x000000be78efa4b0
Event: 43.470 Thread 0x0000027806495000 DEOPT UNPACKING pc=0x00000278629da1af sp=0x000000be78efa448 mode 2

Classes redefined (0 events):
No events

Internal exceptions (20 events):
Event: 0.366 Thread 0x000002785a23c800 Exception <a 'java/lang/NoSuchMethodError'{0x0000000719142190}: 'java.lang.Object java.lang.invoke.DirectMethodHandle$Holder.invokeStatic(java.lang.Object, int, java.lang.Object, java.lang.Object, java.lang.Object)'> (0x0000000719142190) thrown at [./src/hotspot/share/interpreter/linkResolver.cpp, line 773]
Event: 0.366 Thread 0x000002785a23c800 Exception <a 'java/lang/NoSuchMethodError'{0x0000000719145cd8}: 'java.lang.Object java.lang.invoke.DirectMethodHandle$Holder.invokeSpecial(java.lang.Object, java.lang.Object, int, java.lang.Object, java.lang.Object, java.lang.Object)'> (0x0000000719145cd8) thrown at [./src/hotspot/share/interpreter/linkResolver.cpp, line 773]
Event: 0.368 Thread 0x000002785a23c800 Exception <a 'java/lang/NoSuchMethodError'{0x000000071915d5b8}: 'java.lang.Object java.lang.invoke.DirectMethodHandle$Holder.invokeStatic(java.lang.Object, int, java.lang.Object)'> (0x000000071915d5b8) thrown at [./src/hotspot/share/interpreter/linkResolver.cpp, line 773]
Event: 0.388 Thread 0x000002785a23c800 Exception <a 'java/lang/ClassNotFoundException'{0x0000000719008590}: com/sun/swing/internal/plaf/metal/resources/spi/metalProvider> (0x0000000719008590) thrown at [./src/hotspot/share/classfile/systemDictionary.cpp, line 230]
Event: 0.389 Thread 0x000002785a23c800 Exception <a 'java/lang/ClassNotFoundException'{0x000000071900eaf8}: com/sun/swing/internal/plaf/basic/resources/spi/basicProvider> (0x000000071900eaf8) thrown at [./src/hotspot/share/classfile/systemDictionary.cpp, line 230]
Event: 0.427 Thread 0x000002785a23c800 Exception <a 'java/lang/NoSuchMethodError'{0x0000000718f10870}: 'int java.lang.invoke.DirectMethodHandle$Holder.invokeSpecialIFC(java.lang.Object, java.lang.Object, int)'> (0x0000000718f10870) thrown at [./src/hotspot/share/interpreter/linkResolver.cpp, line 773]
Event: 0.466 Thread 0x000002785a23c800 Exception <a 'java/lang/NoSuchMethodError'{0x0000000718e41bf0}: 'java.lang.Object java.lang.invoke.DirectMethodHandle$Holder.invokeVirtual(java.lang.Object, java.lang.Object, java.lang.Object)'> (0x0000000718e41bf0) thrown at [./src/hotspot/share/interpreter/linkResolver.cpp, line 773]
Event: 1.008 Thread 0x000002785a23c800 Implicit null exception at 0x000002786a5b3d9a to 0x000002786a5b40fc
Event: 1.187 Thread 0x000002787f4dc800 Exception <a 'java/lang/NoSuchMethodError'{0x000000071938f228}: 'void java.lang.invoke.DirectMethodHandle$Holder.invokeVirtual(java.lang.Object, java.lang.Object)'> (0x000000071938f228) thrown at [./src/hotspot/share/interpreter/linkResolver.cpp, line 773]
Event: 1.196 Thread 0x000002785a23c800 Exception <a 'java/lang/NoSuchMethodError'{0x0000000718299ce0}: 'void java.lang.invoke.DirectMethodHandle$Holder.invokeStaticInit(java.lang.Object)'> (0x0000000718299ce0) thrown at [./src/hotspot/share/interpreter/linkResolver.cpp, line 773]
Event: 1.202 Thread 0x000002785a23c800 Exception <a 'java/io/FileNotFoundException'{0x00000007182a81a0}> (0x00000007182a81a0) thrown at [./src/hotspot/share/prims/jni.cpp, line 617]
Event: 1.202 Thread 0x000002785a23c800 Exception <a 'java/security/PrivilegedActionException'{0x00000007182a8a18}> (0x00000007182a8a18) thrown at [./src/hotspot/share/prims/jvm.cpp, line 1306]
Event: 1.237 Thread 0x000002785a23c800 Exception <a 'java/lang/NoSuchMethodError'{0x00000007198f8458}: 'java.lang.Object java.lang.invoke.DirectMethodHandle$Holder.invokeStatic(java.lang.Object, java.lang.Object, java.lang.Object, java.lang.Object, java.lang.Object, java.lang.Object, java.lang.Object, java.lang.Object, java.lang.Object, java.lang.Object, java.lang.Object, int)'> (0x00000007198f8458) thrown at [./src/hotspot/share/interpreter/linkResolver.cpp, line 773]
Event: 1.239 Thread 0x000002785a23c800 Exception <a 'java/lang/NoSuchMethodError'{0x00000007197168f8}: 'java.lang.Object java.lang.invoke.DirectMethodHandle$Holder.invokeStatic(java.lang.Object, java.lang.Object, java.lang.Object, java.lang.Object, java.lang.Object, java.lang.Object, java.lang.Object, java.lang.Object, java.lang.Object, java.lang.Object, java.lang.Object, int, int)'> (0x00000007197168f8) thrown at [./src/hotspot/share/interpreter/linkResolver.cpp, line 773]
Event: 1.241 Thread 0x000002785a23c800 Exception <a 'java/lang/NoSuchMethodError'{0x0000000719735890}: 'java.lang.Object java.lang.invoke.DirectMethodHandle$Holder.invokeStatic(java.lang.Object, java.lang.Object, java.lang.Object, java.lang.Object, java.lang.Object, java.lang.Object, java.lang.Object, java.lang.Object, java.lang.Object, java.lang.Object, java.lang.Object, int, int, java.lang.Object)'> (0x0000000719735890) thrown at [./src/hotspot/share/interpreter/linkResolver.cpp, line 773]
Event: 1.241 Thread 0x000002785a23c800 Exception <a 'java/lang/NoSuchMethodError'{0x00000007197418e8}: 'java.lang.Object java.lang.invoke.Invokers$Holder.linkToTargetMethod(java.lang.Object, int, java.lang.Object)'> (0x00000007197418e8) thrown at [./src/hotspot/share/interpreter/linkResolver.cpp, line 773]
Event: 1.268 Thread 0x000002785a23c800 Exception <a 'java/lang/NoSuchMethodError'{0x000000071978bcc0}: 'java.lang.Object java.lang.invoke.DirectMethodHandle$Holder.invokeStatic(java.lang.Object, java.lang.Object, java.lang.Object, java.lang.Object, java.lang.Object, java.lang.Object, java.lang.Object, java.lang.Object, java.lang.Object, java.lang.Object, java.lang.Object, int, int, java.lang.Object, java.lang.Object)'> (0x000000071978bcc0) thrown at [./src/hotspot/share/interpreter/linkResolver.cpp, line 773]
Event: 1.457 Thread 0x0000027806495000 Implicit null exception at 0x000002786a5dde3f to 0x000002786a5de080
Event: 1.457 Thread 0x0000027806495000 Implicit null exception at 0x000002786a5de5a0 to 0x000002786a5de7d4
Event: 43.470 Thread 0x0000027806495000 Exception <a 'java/lang/NoSuchMethodError'{0x00000007194a4c08}: 'void java.lang.invoke.DirectMethodHandle$Holder.invokeStaticInit(java.lang.Object, java.lang.Object)'> (0x00000007194a4c08) thrown at [./src/hotspot/share/interpreter/linkResolver.cpp, line 773]

Events (20 events):
Event: 43.473 Executing VM operation: RevokeBias done
Event: 43.473 Executing VM operation: RevokeBias
Event: 43.473 Executing VM operation: RevokeBias done
Event: 43.482 Executing VM operation: RevokeBias
Event: 43.482 Executing VM operation: RevokeBias done
Event: 43.660 Executing VM operation: RevokeBias
Event: 43.661 Executing VM operation: RevokeBias done
Event: 43.661 Thread 0x0000027805ecf800 Thread exited: 0x0000027805ecf800
Event: 44.997 Executing VM operation: RevokeBias
Event: 44.997 Executing VM operation: RevokeBias done
Event: 44.998 Executing VM operation: RevokeBias
Event: 44.998 Executing VM operation: RevokeBias done
Event: 45.025 Executing VM operation: RevokeBias
Event: 45.025 Executing VM operation: RevokeBias done
Event: 49.322 Executing VM operation: RevokeBias
Event: 49.323 Executing VM operation: RevokeBias done
Event: 49.362 Executing VM operation: RevokeBias
Event: 49.362 Executing VM operation: RevokeBias done
Event: 61.917 Executing VM operation: BulkRevokeBias
Event: 61.917 Executing VM operation: BulkRevokeBias done


Dynamic libraries:
0x00007ff653260000 - 0x00007ff65326d000 	C:\Program Files\Microsoft\jdk-11.0.16.101-hotspot\bin\java.exe
0x00007ffc88ed0000 - 0x00007ffc890e7000 	C:\WINDOWS\SYSTEM32\ntdll.dll
0x00007ffc88510000 - 0x00007ffc885d4000 	C:\WINDOWS\System32\KERNEL32.DLL
0x00007ffc86450000 - 0x00007ffc867f7000 	C:\WINDOWS\System32\KERNELBASE.dll
0x00007ffc86a30000 - 0x00007ffc86b41000 	C:\WINDOWS\System32\ucrtbase.dll
0x00007ffc82020000 - 0x00007ffc82035000 	C:\Program Files\Microsoft\jdk-11.0.16.101-hotspot\bin\VCRUNTIME140.dll
0x00007ffc82000000 - 0x00007ffc82017000 	C:\Program Files\Microsoft\jdk-11.0.16.101-hotspot\bin\jli.dll
0x00007ffc88980000 - 0x00007ffc88b2e000 	C:\WINDOWS\System32\USER32.dll
0x00007ffc6ef60000 - 0x00007ffc6f1f3000 	C:\WINDOWS\WinSxS\amd64_microsoft.windows.common-controls_6595b64144ccf1df_6.0.22621.3527_none_270e469b73872a76\COMCTL32.dll
0x00007ffc86b50000 - 0x00007ffc86b76000 	C:\WINDOWS\System32\win32u.dll
0x00007ffc87f20000 - 0x00007ffc87fc7000 	C:\WINDOWS\System32\msvcrt.dll
0x00007ffc877f0000 - 0x00007ffc87819000 	C:\WINDOWS\System32\GDI32.dll
0x00007ffc86800000 - 0x00007ffc86919000 	C:\WINDOWS\System32\gdi32full.dll
0x00007ffc86990000 - 0x00007ffc86a2a000 	C:\WINDOWS\System32\msvcp_win.dll
0x00007ffc88740000 - 0x00007ffc88771000 	C:\WINDOWS\System32\IMM32.DLL
0x00007ffc78800000 - 0x00007ffc7889b000 	C:\Program Files\Microsoft\jdk-11.0.16.101-hotspot\bin\msvcp140.dll
0x00007ffc06cd0000 - 0x00007ffc0785a000 	C:\Program Files\Microsoft\jdk-11.0.16.101-hotspot\bin\server\jvm.dll
0x00007ffc87e60000 - 0x00007ffc87f12000 	C:\WINDOWS\System32\ADVAPI32.dll
0x00007ffc88de0000 - 0x00007ffc88e88000 	C:\WINDOWS\System32\sechost.dll
0x00007ffc86420000 - 0x00007ffc86448000 	C:\WINDOWS\System32\bcrypt.dll
0x00007ffc88780000 - 0x00007ffc88895000 	C:\WINDOWS\System32\RPCRT4.dll
0x00007ffc87fd0000 - 0x00007ffc87fd8000 	C:\WINDOWS\System32\PSAPI.DLL
0x00007ffc74c60000 - 0x00007ffc74c69000 	C:\WINDOWS\SYSTEM32\WSOCK32.dll
0x00007ffc7cf70000 - 0x00007ffc7cf7a000 	C:\WINDOWS\SYSTEM32\VERSION.dll
0x00007ffc813d0000 - 0x00007ffc81404000 	C:\WINDOWS\SYSTEM32\WINMM.dll
0x00007ffc87d90000 - 0x00007ffc87e01000 	C:\WINDOWS\System32\WS2_32.dll
0x00007ffc851b0000 - 0x00007ffc851c8000 	C:\WINDOWS\SYSTEM32\kernel.appcore.dll
0x00007ffc82920000 - 0x00007ffc82930000 	C:\Program Files\Microsoft\jdk-11.0.16.101-hotspot\bin\verify.dll
0x00007ffc835a0000 - 0x00007ffc837d3000 	C:\WINDOWS\SYSTEM32\DBGHELP.DLL
0x00007ffc86c00000 - 0x00007ffc86f88000 	C:\WINDOWS\System32\combase.dll
0x00007ffc87a90000 - 0x00007ffc87b67000 	C:\WINDOWS\System32\OLEAUT32.dll
0x00007ffc7dff0000 - 0x00007ffc7e022000 	C:\WINDOWS\SYSTEM32\dbgcore.DLL
0x00007ffc86b80000 - 0x00007ffc86bf9000 	C:\WINDOWS\System32\bcryptPrimitives.dll
0x00007ffc815e0000 - 0x00007ffc81608000 	C:\Program Files\Microsoft\jdk-11.0.16.101-hotspot\bin\java.dll
0x00007ffc824c0000 - 0x00007ffc824ca000 	C:\Program Files\Microsoft\jdk-11.0.16.101-hotspot\bin\jimage.dll
0x00007ffc815d0000 - 0x00007ffc815de000 	C:\Program Files\Microsoft\jdk-11.0.16.101-hotspot\bin\instrument.dll
0x00007ffc7aa60000 - 0x00007ffc7aa78000 	C:\Program Files\Microsoft\jdk-11.0.16.101-hotspot\bin\zip.dll
0x00007ffc86f90000 - 0x00007ffc877ec000 	C:\WINDOWS\System32\SHELL32.dll
0x00007ffc84130000 - 0x00007ffc84a26000 	C:\WINDOWS\SYSTEM32\windows.storage.dll
0x00007ffc83ff0000 - 0x00007ffc8412e000 	C:\WINDOWS\SYSTEM32\wintypes.dll
0x00007ffc87900000 - 0x00007ffc879f5000 	C:\WINDOWS\System32\SHCORE.dll
0x00007ffc878a0000 - 0x00007ffc878fe000 	C:\WINDOWS\System32\shlwapi.dll
0x00007ffc86120000 - 0x00007ffc86141000 	C:\WINDOWS\SYSTEM32\profapi.dll
0x00007ffc788d0000 - 0x00007ffc788e9000 	C:\Program Files\Microsoft\jdk-11.0.16.101-hotspot\bin\net.dll
0x00007ffc81b60000 - 0x00007ffc81c96000 	C:\WINDOWS\SYSTEM32\WINHTTP.dll
0x00007ffc85680000 - 0x00007ffc856e9000 	C:\WINDOWS\system32\mswsock.dll
0x00007ffc786a0000 - 0x00007ffc786b3000 	C:\Program Files\Microsoft\jdk-11.0.16.101-hotspot\bin\nio.dll
0x00007ffc78640000 - 0x00007ffc7865a000 	D:\IntelliJ IDEA 2024.1\bin\breakgen64.dll
0x00007ffc22980000 - 0x00007ffc22b1a000 	C:\Program Files\Microsoft\jdk-11.0.16.101-hotspot\bin\awt.dll
0x00007ffc812f0000 - 0x00007ffc81387000 	C:\WINDOWS\SYSTEM32\apphelp.dll
0x00007ffc82f90000 - 0x00007ffc82fbb000 	C:\WINDOWS\system32\DWMAPI.DLL
0x00007ffc82c50000 - 0x00007ffc82cfb000 	C:\WINDOWS\system32\uxtheme.dll
0x00007ffc18570000 - 0x00007ffc18670000 	C:\WINDOWS\system32\opengl32.dll
0x00007ffc18080000 - 0x00007ffc180ad000 	C:\WINDOWS\SYSTEM32\GLU32.dll
0x00007ffc82d50000 - 0x00007ffc82d89000 	C:\WINDOWS\SYSTEM32\dxcore.dll
0x00007ffc23430000 - 0x00007ffc23569000 	C:\ProgramData\A-Volute\A-Volute.Nahimic\Modules\Scheduled\x64\AudioDevProps2.dll
0x00007ffc88b30000 - 0x00007ffc88cd5000 	C:\WINDOWS\System32\ole32.dll
0x00007ffc1c100000 - 0x00007ffc1c15e000 	C:\Program Files\Huawei\PCManager\plugins\PerfWndMonModule.dll
0x00007ffc885e0000 - 0x00007ffc88733000 	C:\WINDOWS\System32\MSCTF.dll
0x00007ffc4f910000 - 0x00007ffc4fab9000 	C:\WINDOWS\system32\d3d9.dll
0x00007ffc65b10000 - 0x00007ffc65ccb000 	C:\WINDOWS\System32\DriverStore\FileRepository\u0382235.inf_amd64_b4528a09fd282d3c\B382066\aticfx64.dll
0x00007ffc5b0f0000 - 0x00007ffc5b124000 	C:\WINDOWS\System32\DriverStore\FileRepository\u0382235.inf_amd64_b4528a09fd282d3c\B382066\atiu9p64.dll
0x00007ffc34ea0000 - 0x00007ffc35bf5000 	C:\WINDOWS\System32\DriverStore\FileRepository\u0382235.inf_amd64_b4528a09fd282d3c\B382066\atiumd64.dll
0x000000006dc90000 - 0x000000006ebb6000 	C:\WINDOWS\System32\DriverStore\FileRepository\u0382235.inf_amd64_b4528a09fd282d3c\B382066\atiumd6a.dll
0x00007ffc88020000 - 0x00007ffc88494000 	C:\WINDOWS\System32\SETUPAPI.dll
0x00007ffc85f00000 - 0x00007ffc85f4d000 	C:\WINDOWS\SYSTEM32\POWRPROF.dll
0x00007ffc85e30000 - 0x00007ffc85e43000 	C:\WINDOWS\SYSTEM32\UMPDC.dll
0x00007ffc65d40000 - 0x00007ffc65d75000 	C:\WINDOWS\SYSTEM32\amdihk64.dll
0x00007ffc781f0000 - 0x00007ffc7823a000 	C:\WINDOWS\SYSTEM32\directxdatabasehelper.dll
0x00007ffc785c0000 - 0x00007ffc785ce000 	C:\Program Files\Microsoft\jdk-11.0.16.101-hotspot\bin\sunmscapi.dll
0x00007ffc861f0000 - 0x00007ffc86357000 	C:\WINDOWS\System32\CRYPT32.dll
0x00007ffc85b10000 - 0x00007ffc85b3e000 	C:\WINDOWS\SYSTEM32\ncrypt.dll
0x00007ffc85ad0000 - 0x00007ffc85b07000 	C:\WINDOWS\SYSTEM32\NTASN1.dll
0x00007ffc78580000 - 0x00007ffc785a5000 	C:\Program Files\Microsoft\jdk-11.0.16.101-hotspot\bin\sunec.dll
0x00007ffbfaa80000 - 0x00007ffbfd8bd000 	D:\IntelliJ_code\HRMS\ArcFace\WIN64\libarcsoft_face.dll
0x00007ffc46b80000 - 0x00007ffc46c26000 	C:\WINDOWS\SYSTEM32\MSVCP120.dll
0x00007ffc391c0000 - 0x00007ffc392af000 	C:\WINDOWS\SYSTEM32\MSVCR120.dll
0x00007ffc46090000 - 0x00007ffc4610f000 	D:\IntelliJ_code\HRMS\ArcFace\WIN64\libarcsoft_face_engine.dll
0x00007ffc884a0000 - 0x00007ffc88501000 	C:\WINDOWS\System32\WLDAP32.dll
0x00007ffc84c90000 - 0x00007ffc84cbd000 	C:\WINDOWS\SYSTEM32\IPHLPAPI.DLL
0x00007ffc69b70000 - 0x00007ffc69b95000 	D:\IntelliJ_code\HRMS\ArcFace\WIN64\libarcsoft_face_engine_jni.dll
0x00007ffc888a0000 - 0x00007ffc888a9000 	C:\WINDOWS\System32\NSI.dll
0x00007ffc81a00000 - 0x00007ffc81a1f000 	C:\WINDOWS\SYSTEM32\dhcpcsvc.DLL
0x00007ffc46240000 - 0x00007ffc46281000 	C:\Program Files\Microsoft\jdk-11.0.16.101-hotspot\bin\lcms.dll
0x00007ffc3c3b0000 - 0x00007ffc3c433000 	C:\Program Files\Microsoft\jdk-11.0.16.101-hotspot\bin\freetype.dll
0x00007ffc37b00000 - 0x00007ffc37ba5000 	C:\Program Files\Microsoft\jdk-11.0.16.101-hotspot\bin\fontmanager.dll
0x00007ffc888d0000 - 0x00007ffc88980000 	C:\WINDOWS\System32\clbcatq.dll
0x00007ffc82990000 - 0x00007ffc82b40000 	C:\WINDOWS\SYSTEM32\WindowsCodecs.dll
0x00007ffc75f70000 - 0x00007ffc75fce000 	C:\WINDOWS\system32\dataexchange.dll
0x00007ffc66010000 - 0x00007ffc6629b000 	C:\WINDOWS\system32\twinapi.appcore.dll
0x00007ffc7ae60000 - 0x00007ffc7afab000 	C:\WINDOWS\SYSTEM32\textinputframework.dll
0x00007ffc728d0000 - 0x00007ffc72939000 	C:\WINDOWS\system32\Oleacc.dll
0x00007ffc6bad0000 - 0x00007ffc6bb1b000 	C:\WINDOWS\system32\ApplicationTargetedFeatureDatabase.dll
0x00007ffc80e60000 - 0x00007ffc80f93000 	C:\WINDOWS\SYSTEM32\CoreMessaging.dll
0x00007ffc677c0000 - 0x00007ffc67b2c000 	C:\WINDOWS\SYSTEM32\CoreUIComponents.dll
0x00007ffc858e0000 - 0x00007ffc858ec000 	C:\WINDOWS\SYSTEM32\CRYPTBASE.DLL
0x00007ffc38c10000 - 0x00007ffc39093000 	C:\WINDOWS\system32\SogouTSF.ime
0x00007ffc730b0000 - 0x00007ffc730b7000 	C:\WINDOWS\system32\MSIMG32.dll
0x00007ffc37d70000 - 0x00007ffc38c06000 	C:\WINDOWS\system32\SogouPY.ime
0x00007ffc85230000 - 0x00007ffc85264000 	C:\WINDOWS\SYSTEM32\ntmarta.dll
0x00007ffc39570000 - 0x00007ffc39615000 	D:\SogouInput\Components\IChat\1.0.1.330\ichat_bundle64.dll
0x00007ffc85780000 - 0x00007ffc857a8000 	C:\WINDOWS\SYSTEM32\USERENV.dll
0x0000000010000000 - 0x000000001059c000 	D:\SogouInput\14.4.0.9382\Resource.dll
0x00007ffc36f70000 - 0x00007ffc3720e000 	D:\SogouInput\Components\PicFace\1.1.0.2129\PicFace64.dll
0x00007ffc88ce0000 - 0x00007ffc88dd7000 	C:\WINDOWS\System32\COMDLG32.dll
0x00007ffc60670000 - 0x00007ffc60720000 	C:\WINDOWS\SYSTEM32\TextShaping.dll
0x00007ffc858f0000 - 0x00007ffc8590b000 	C:\WINDOWS\SYSTEM32\CRYPTSP.dll
0x00007ffc85170000 - 0x00007ffc851a5000 	C:\WINDOWS\system32\rsaenh.dll

dbghelp: loaded successfully - version: 4.0.5 - missing functions: none
symbol engine: initialized successfully - sym options: 0x614 - pdb path: .;C:\Program Files\Microsoft\jdk-11.0.16.101-hotspot\bin;C:\WINDOWS\SYSTEM32;C:\WINDOWS\WinSxS\amd64_microsoft.windows.common-controls_6595b64144ccf1df_6.0.22621.3527_none_270e469b73872a76;C:\Program Files\Microsoft\jdk-11.0.16.101-hotspot\bin\server;D:\IntelliJ IDEA 2024.1\bin;C:\ProgramData\A-Volute\A-Volute.Nahimic\Modules\Scheduled\x64;C:\Program Files\Huawei\PCManager\plugins;C:\WINDOWS\System32\DriverStore\FileRepository\u0382235.inf_amd64_b4528a09fd282d3c\B382066;D:\IntelliJ_code\HRMS\ArcFace\WIN64;D:\SogouInput\Components\IChat\1.0.1.330;D:\SogouInput\14.4.0.9382;D:\SogouInput\Components\PicFace\1.1.0.2129

VM Arguments:
jvm_args: -javaagent:D:\IntelliJ IDEA 2024.1\lib\idea_rt.jar=44091:D:\IntelliJ IDEA 2024.1\bin -Dfile.encoding=UTF-8 
java_command: hrms.ZMGFH.Main.main
java_class_path (initial): D:\IntelliJ_code\HRMS\out\production\HRMS;D:\IntelliJ_code\HRMS\ArcFace\arcsoft-sdk-face-3.0.0.0.jar;D:\IntelliJ_code\HRMS\MySQL\mysql-connector-java-8.0.23.jar;D:\IntelliJ_code\HRMS\lib_camera\bridj-0.6.2.jar;D:\IntelliJ_code\HRMS\lib_camera\log4j-1.2.12.jar;D:\IntelliJ_code\HRMS\lib_camera\slf4j-api-1.7.9.jar;D:\IntelliJ_code\HRMS\lib_camera\slf4j-log4j12-1.7.9.jar;D:\IntelliJ_code\HRMS\lib_camera\webcam-capture-0.3.10.jar
Launcher Type: SUN_STANDARD

[Global flags]
     intx CICompilerCount                          = 12                                        {product} {ergonomic}
     uint ConcGCThreads                            = 3                                         {product} {ergonomic}
     uint G1ConcRefinementThreads                  = 13                                        {product} {ergonomic}
   size_t G1HeapRegionSize                         = 1048576                                   {product} {ergonomic}
    uintx GCDrainStackTargetSize                   = 64                                        {product} {ergonomic}
   size_t InitialHeapSize                          = 257949696                                 {product} {ergonomic}
   size_t MarkStackSize                            = 4194304                                   {product} {ergonomic}
   size_t MaxHeapSize                              = 4123000832                                {product} {ergonomic}
   size_t MaxNewSize                               = 2473590784                                {product} {ergonomic}
   size_t MinHeapDeltaBytes                        = 1048576                                   {product} {ergonomic}
    uintx NonNMethodCodeHeapSize                   = 7594288                                {pd product} {ergonomic}
    uintx NonProfiledCodeHeapSize                  = 122031976                              {pd product} {ergonomic}
    uintx ProfiledCodeHeapSize                     = 122031976                              {pd product} {ergonomic}
    uintx ReservedCodeCacheSize                    = 251658240                              {pd product} {ergonomic}
     bool SegmentedCodeCache                       = true                                      {product} {ergonomic}
     bool UseCompressedClassPointers               = true                                 {lp64_product} {ergonomic}
     bool UseCompressedOops                        = true                                 {lp64_product} {ergonomic}
     bool UseG1GC                                  = true                                      {product} {ergonomic}
     bool UseLargePagesIndividualAllocation        = false                                  {pd product} {ergonomic}

Logging:
Log output configuration:
 #0: stdout all=warning uptime,level,tags
 #1: stderr all=off uptime,level,tags

Environment Variables:
PATH=C:\Program Files (x86)\Common Files\Oracle\Java\java8path;C:\Program Files (x86)\Common Files\Oracle\Java\javapath;D:\VMware\bin\;C:\Program Files\Microsoft\jdk-11.0.16.101-hotspot\bin;C:\WINDOWS\system32;C:\WINDOWS;C:\WINDOWS\System32\Wbem;C:\WINDOWS\System32\WindowsPowerShell\v1.0\;C:\WINDOWS\System32\OpenSSH\;D:\BandZip\Bandizip\;C:\Program Files\Microsoft SQL Server\150\Tools\Binn\;C:\Program Files\Microsoft SQL Server\Client SDK\ODBC\170\Tools\Binn\;C:\Program Files\dotnet\;C:\Program Files (x86)\Windows Kits\10\Windows Performance Toolkit\;D:\MySQL\MySQL Server 8.0\bin;D:\Git\cmd;D:\Python\Scripts\;D:\Python\;C:\Users\\AppData\Local\Microsoft\WindowsApps;C:\Users\\.dotnet\tools;D:\VScode\Microsoft VS Code\bin;D:\MinGW\MinGW\bin;D:\CLion 2023.2.1\bin;;D:\OpenCV\opencv\build\x64\vc16\bin;;D:\IntelliJ IDEA 2024.1\bin;
USERNAME=
OS=Windows_NT
PROCESSOR_IDENTIFIER=AMD64 Family 23 Model 104 Stepping 1, AuthenticAMD
TMP=C:\Users\\AppData\Local\Temp
TEMP=C:\Users\\AppData\Local\Temp



---------------  S Y S T E M  ---------------

OS: Windows 11 , 64 bit Build 22621 (10.0.22621.3527)
OS uptime: 14 days 7:00 hours

CPU:total 16 (initial active 16) (16 cores per cpu, 2 threads per core) family 23 model 104 stepping 1 microcode 0x0, cmov, cx8, fxsr, mmx, sse, sse2, sse3, ssse3, sse4.1, sse4.2, popcnt, avx, avx2, aes, clmul, mmxext, 3dnowpref, lzcnt, sse4a, ht, tsc, tscinvbit, tscinv, bmi1, bmi2, adx, sha, fma

Memory: 4k page, system-wide physical 15722M (5440M free)
TotalPageFile size 20074M (AvailPageFile size 4959M)
current process WorkingSet (physical memory assigned to process): 257M, peak: 323M
current process commit charge ("private bytes"): 506M, peak: 623M

vm_info: OpenJDK 64-Bit Server VM (11.0.16.1+1-LTS) for windows-amd64 JRE (11.0.16.1+1-LTS), built on Aug 20 2022 20:09:04 by "" with MS VC++ 15.9 (VS2017)

END.
