#
# A fatal error has been detected by the Java Runtime Environment:
#
#  EXCEPTION_ACCESS_VIOLATION (0xc0000005) at pc=0x00007ffbfaa83843, pid=21056, tid=15016
#
# JRE version: OpenJDK Runtime Environment Microsoft-40648 (11.0.16.1+1) (build 11.0.16.1+1-LTS)
# Java VM: OpenJDK 64-Bit Server VM Microsoft-40648 (11.0.16.1+1-LTS, mixed mode, tiered, compressed oops, g1 gc, windows-amd64)
# Problematic frame:
# C  [libarcsoft_face.dll+0x3843]
#
# No core dump will be written. Minidumps are not enabled by default on client versions of Windows
#
# If you would like to submit a bug report, please visit:
#   https://github.com/microsoft/openjdk/issues
# The crash happened outside the Java Virtual Machine in native code.
# See problematic frame for where to report the bug.
#

---------------  S U M M A R Y ------------

Command Line: -javaagent:D:\IntelliJ IDEA 2024.1\lib\idea_rt.jar=31478:D:\IntelliJ IDEA 2024.1\bin -Dfile.encoding=UTF-8 hrms.ZMGFH.Main.main

Host: AMD Ryzen 7 5700U with Radeon Graphics         , 16 cores, 15G,  Windows 11 , 64 bit Build 22621 (10.0.22621.3527)
Time: Wed May  8 15:19:42 2024  Windows 11 , 64 bit Build 22621 (10.0.22621.3527) elapsed time: 1119.785816 seconds (0d 0h 18m 39s)

---------------  T H R E A D  ---------------

Current thread (0x000001f65df8a800):  JavaThread "AWT-EventQueue-0" [_thread_in_native, id=15016, stack(0x000000daae100000,0x000000daae200000)]

Stack: [0x000000daae100000,0x000000daae200000],  sp=0x000000daae1fb6a0,  free space=1005k
Native frames: (J=compiled Java code, j=interpreted, Vv=VM code, C=native code)
C  [libarcsoft_face.dll+0x3843]

Java frames: (J=compiled Java code, j=interpreted, Vv=VM code)
j  com.arcsoft.face.FaceEngine.unInitFaceEngine(J)I+0
j  com.arcsoft.face.FaceEngine.unInit()I+14
j  hrms.ZMGFH.Service.FaceService.release()V+3
j  hrms.ZMGFH.Loading.Loading.release()V+0
j  hrms.ZMGFH.Interface.MainFrame$1.windowClosing(Ljava/awt/event/WindowEvent;)V+17
j  java.awt.Window.processWindowEvent(Ljava/awt/event/WindowEvent;)V+68 java.desktop@11.0.16.1
j  javax.swing.JFrame.processWindowEvent(Ljava/awt/event/WindowEvent;)V+2 java.desktop@11.0.16.1
j  java.awt.Window.processEvent(Ljava/awt/AWTEvent;)V+69 java.desktop@11.0.16.1
J 2790 c1 java.awt.Component.dispatchEventImpl(Ljava/awt/AWTEvent;)V java.desktop@11.0.16.1 (777 bytes) @ 0x000001f63b69c004 [0x000001f63b698040+0x0000000000003fc4]
J 2711 c1 java.awt.Container.dispatchEventImpl(Ljava/awt/AWTEvent;)V java.desktop@11.0.16.1 (129 bytes) @ 0x000001f63b64a89c [0x000001f63b64a760+0x000000000000013c]
J 2796 c1 java.awt.Window.dispatchEventImpl(Ljava/awt/AWTEvent;)V java.desktop@11.0.16.1 (23 bytes) @ 0x000001f63b6a314c [0x000001f63b6a2b20+0x000000000000062c]
J 2738 c1 java.awt.EventQueue.dispatchEventImpl(Ljava/awt/AWTEvent;Ljava/lang/Object;)V java.desktop@11.0.16.1 (136 bytes) @ 0x000001f63b65bfac [0x000001f63b65bac0+0x00000000000004ec]
J 2531 c1 java.awt.EventQueue$4.run()Ljava/lang/Void; java.desktop@11.0.16.1 (60 bytes) @ 0x000001f63b5c5644 [0x000001f63b5c5500+0x0000000000000144]
J 2530 c1 java.awt.EventQueue$4.run()Ljava/lang/Object; java.desktop@11.0.16.1 (5 bytes) @ 0x000001f63b5c51c4 [0x000001f63b5c5140+0x0000000000000084]
v  ~StubRoutines::call_stub
J 2073  java.security.AccessController.doPrivileged(Ljava/security/PrivilegedAction;Ljava/security/AccessControlContext;)Ljava/lang/Object; java.base@11.0.16.1 (0 bytes) @ 0x000001f6425f4db6 [0x000001f6425f4d40+0x0000000000000076]
J 2755 c1 java.awt.EventQueue$5.run()Ljava/lang/Object; java.desktop@11.0.16.1 (5 bytes) @ 0x000001f63b68419c [0x000001f63b683e40+0x000000000000035c]
v  ~StubRoutines::call_stub
J 2073  java.security.AccessController.doPrivileged(Ljava/security/PrivilegedAction;Ljava/security/AccessControlContext;)Ljava/lang/Object; java.base@11.0.16.1 (0 bytes) @ 0x000001f6425f4db6 [0x000001f6425f4d40+0x0000000000000076]
J 2526 c1 java.awt.EventQueue.dispatchEvent(Ljava/awt/AWTEvent;)V java.desktop@11.0.16.1 (80 bytes) @ 0x000001f63b5c67fc [0x000001f63b5c5ca0+0x0000000000000b5c]
J 2533 c1 java.awt.EventDispatchThread.pumpOneEventForFilters(I)V java.desktop@11.0.16.1 (113 bytes) @ 0x000001f63b5cb804 [0x000001f63b5cb0a0+0x0000000000000764]
j  java.awt.EventDispatchThread.pumpEventsForFilter(ILjava/awt/Conditional;Ljava/awt/EventFilter;)V+35 java.desktop@11.0.16.1
j  java.awt.EventDispatchThread.pumpEventsForHierarchy(ILjava/awt/Conditional;Ljava/awt/Component;)V+11 java.desktop@11.0.16.1
j  java.awt.EventDispatchThread.pumpEvents(ILjava/awt/Conditional;)V+4 java.desktop@11.0.16.1
j  java.awt.EventDispatchThread.pumpEvents(Ljava/awt/Conditional;)V+3 java.desktop@11.0.16.1
j  java.awt.EventDispatchThread.run()V+9 java.desktop@11.0.16.1
v  ~StubRoutines::call_stub

siginfo: EXCEPTION_ACCESS_VIOLATION (0xc0000005), reading address 0xffffffffffffffff


Register to memory mapping:

RIP=0x00007ffbfaa83843 libarcsoft_face.dll
RAX=0x00007ffc785e16b0 libarcsoft_face_engine_jni.dll
RBX=0x6963d19200010006 is an unknown value
RCX=0x6963d19200010006 is an unknown value
RDX=0x000000daae1fb7e8 is pointing into the stack for thread: 0x000001f65df8a800
RSP=0x000000daae1fb6a0 is pointing into the stack for thread: 0x000001f65df8a800
RBP=0x000000daae1fb7b8 is pointing into the stack for thread: 0x000001f65df8a800
RSI=0x0 is NULL
RDI=0x000001f667313a48 is pointing into metadata
R8 =0x000001f65df9cd70 points into unknown readable memory: 0x6963d19200010006 | 06 00 01 00 92 d1 63 69
R9 =0x00000000000000dc is an unknown value
R10=0x000001f63a99f748 is at code_begin+1000 in an Interpreter codelet
method entry point (kind = native)  [0x000001f63a99f360, 0x000001f63a99fe00]  2720 bytes
R11=0x0000000000000102 is an unknown value
R12=0x0 is NULL
R13={method} {0x000001f65f14ed58} 'unInitFaceEngine' '(J)I' in 'com/arcsoft/face/FaceEngine'
R14=0x000000daae1fb7e8 is pointing into the stack for thread: 0x000001f65df8a800
R15=0x000001f65df8a800 is a thread


Registers:
RAX=0x00007ffc785e16b0, RBX=0x6963d19200010006, RCX=0x6963d19200010006, RDX=0x000000daae1fb7e8
RSP=0x000000daae1fb6a0, RBP=0x000000daae1fb7b8, RSI=0x0000000000000000, RDI=0x000001f667313a48
R8 =0x000001f65df9cd70, R9 =0x00000000000000dc, R10=0x000001f63a99f748, R11=0x0000000000000102
R12=0x0000000000000000, R13=0x000001f65f14ed50, R14=0x000000daae1fb7e8, R15=0x000001f65df8a800
RIP=0x00007ffbfaa83843, EFLAGS=0x0000000000010246

Top of Stack: (sp=0x000000daae1fb6a0)
0x000000daae1fb6a0:   000000da000000b8 000001f65df8a800
0x000000daae1fb6b0:   000001f656ae23b8 000001f65df8a800
0x000000daae1fb6c0:   000001f65df9cd70 00007ffc785364cb
0x000000daae1fb6d0:   0000000800019a78 000001f667313a48
0x000000daae1fb6e0:   000001f63a998e10 0000000700000000
0x000000daae1fb6f0:   000001f65f14ed50 00007ffc785e16cd
0x000000daae1fb700:   000001f666fc30e8 000001f65df8a800
0x000000daae1fb710:   00000008000921e0 00000008000921e0
0x000000daae1fb720:   000001f656ae23b8 000001f63a99f777
0x000000daae1fb730:   000001f65df8ab48 000000daae1fb7e8
0x000000daae1fb740:   000001f65df9cd70 0000000000000000
0x000000daae1fb750:   0000000000000000 0000000000000000
0x000000daae1fb760:   000000daae1fb908 000001f63a9acbf2
0x000000daae1fb770:   000000daae1fb770 0000000000000000
0x000000daae1fb780:   000000daae1fb7e8 000001f65f202b48
0x000000daae1fb790:   0000000000000000 000000070b81a178 

Instructions: (pc=0x00007ffbfaa83843)
0x00007ffbfaa83743:   8b d6 48 8b cf e8 e3 f3 ff ff 85 c0 75 7b 80 bf
0x00007ffbfaa83753:   b9 00 00 00 00 74 1f 48 8b 8f f0 00 00 00 48 8b
0x00007ffbfaa83763:   01 ff 50 08 85 c0 75 61 8b d6 48 8b cf e8 9b f5
0x00007ffbfaa83773:   ff ff 85 c0 75 53 80 bf ba 00 00 00 00 74 73 48
0x00007ffbfaa83783:   8b 8f f8 00 00 00 48 8b 01 ff 50 08 85 c0 75 39
0x00007ffbfaa83793:   b8 05 00 00 00 3b f0 0f 4f c6 48 63 c8 b8 04 00
0x00007ffbfaa837a3:   00 00 48 f7 e1 48 c7 c1 ff ff ff ff 48 0f 40 c1
0x00007ffbfaa837b3:   48 8b c8 e8 ad 73 08 00 48 89 87 48 02 00 00 48
0x00007ffbfaa837c3:   85 c0 75 2e b8 04 00 00 00 48 8b 9c 24 80 00 00
0x00007ffbfaa837d3:   00 48 8b b4 24 88 00 00 00 4c 8b 74 24 50 48 8b
0x00007ffbfaa837e3:   bc 24 90 00 00 00 48 83 c4 58 41 5f 41 5d 41 5c
0x00007ffbfaa837f3:   5d c3 48 8b 84 24 b8 00 00 00 48 89 38 33 c0 eb
0x00007ffbfaa83803:   c8 b8 02 00 00 00 eb d1 b8 02 00 00 00 eb cf cc
0x00007ffbfaa83813:   cc cc cc cc cc cc cc cc cc cc cc cc cc 40 53 48
0x00007ffbfaa83823:   83 ec 20 48 8b d9 48 85 c9 75 09 8d 41 02 48 83
0x00007ffbfaa83833:   c4 20 5b c3 48 89 74 24 30 33 f6 48 89 7c 24 38
0x00007ffbfaa83843:   40 38 b1 b1 00 00 00 74 3f 48 8b 89 c8 00 00 00
0x00007ffbfaa83853:   48 85 c9 0f 84 80 02 00 00 48 8b 01 ff 50 10 8b
0x00007ffbfaa83863:   f8 85 c0 75 1b 48 8b 8b c8 00 00 00 48 85 c9 74
0x00007ffbfaa83873:   08 48 8b 01 8d 56 01 ff 10 48 89 b3 c8 00 00 00
0x00007ffbfaa83883:   85 ff 0f 85 94 02 00 00 40 38 b3 b0 00 00 00 74
0x00007ffbfaa83893:   3f 48 8b 8b c0 00 00 00 48 85 c9 0f 84 38 02 00
0x00007ffbfaa838a3:   00 48 8b 01 ff 50 10 8b f8 85 c0 75 1b 48 8b 8b
0x00007ffbfaa838b3:   c0 00 00 00 48 85 c9 74 08 48 8b 01 8d 57 01 ff
0x00007ffbfaa838c3:   10 48 89 b3 c0 00 00 00 85 ff 0f 85 4c 02 00 00
0x00007ffbfaa838d3:   40 38 b3 b2 00 00 00 0f 84 b0 00 00 00 48 8b 8b
0x00007ffbfaa838e3:   d0 00 00 00 48 85 c9 0f 84 ec 01 00 00 48 8b 01
0x00007ffbfaa838f3:   ff 50 10 8b f8 85 c0 75 1b 48 8b 8b d0 00 00 00
0x00007ffbfaa83903:   48 85 c9 74 08 48 8b 01 8d 57 01 ff 10 48 89 b3
0x00007ffbfaa83913:   d0 00 00 00 85 ff 0f 85 00 02 00 00 48 8b 8b e8
0x00007ffbfaa83923:   00 00 00 48 85 c9 0f 84 ad 01 00 00 48 8b 01 ff
0x00007ffbfaa83933:   50 10 8b f8 85 c0 75 1b 48 8b 8b e8 00 00 00 48 


Stack slot to memory mapping:
stack at sp + 0 slots: 0x000000da000000b8 is an unknown value
stack at sp + 1 slots: 0x000001f65df8a800 is a thread
stack at sp + 2 slots: {method} {0x000001f656ae23c0} 'release' '()V' in 'hrms/ZMGFH/Loading/Loading'
stack at sp + 3 slots: 0x000001f65df8a800 is a thread
stack at sp + 4 slots: 0x000001f65df9cd70 points into unknown readable memory: 0x6963d19200010006 | 06 00 01 00 92 d1 63 69
stack at sp + 5 slots: 0x00007ffc785364cb libarcsoft_face_engine.dll
stack at sp + 6 slots: 0x0000000800019a78 is a pointer to class: 
java.util.concurrent.locks.ReentrantLock {0x0000000800019a80}
stack at sp + 7 slots: 0x000001f667313a48 is pointing into metadata


---------------  P R O C E S S  ---------------

Threads class SMR info:
_java_thread_list=0x000001f65e031e70, length=19, elements={
0x000001f656558000, 0x000001f656547000, 0x000001f656e60000, 0x000001f656e61000,
0x000001f656e62800, 0x000001f656e69800, 0x000001f656e6b000, 0x000001f656e6f800,
0x000001f656501800, 0x000001f6571b4000, 0x000001f657743800, 0x000001f6574a4000,
0x000001f6574fa800, 0x000001f6578b6000, 0x000001f65df8a800, 0x000001f63223b800,
0x000001f66766b800, 0x000001f65e7f9000, 0x000001f65ddf9800
}

Java Threads: ( => current thread )
  0x000001f656558000 JavaThread "Reference Handler" daemon [_thread_blocked, id=26592, stack(0x000000daad500000,0x000000daad600000)]
  0x000001f656547000 JavaThread "Finalizer" daemon [_thread_blocked, id=23684, stack(0x000000daad600000,0x000000daad700000)]
  0x000001f656e60000 JavaThread "Signal Dispatcher" daemon [_thread_blocked, id=12452, stack(0x000000daad700000,0x000000daad800000)]
  0x000001f656e61000 JavaThread "Attach Listener" daemon [_thread_blocked, id=1896, stack(0x000000daad800000,0x000000daad900000)]
  0x000001f656e62800 JavaThread "Service Thread" daemon [_thread_blocked, id=8956, stack(0x000000daad900000,0x000000daada00000)]
  0x000001f656e69800 JavaThread "C2 CompilerThread0" daemon [_thread_blocked, id=18800, stack(0x000000daada00000,0x000000daadb00000)]
  0x000001f656e6b000 JavaThread "C1 CompilerThread0" daemon [_thread_blocked, id=26988, stack(0x000000daadb00000,0x000000daadc00000)]
  0x000001f656e6f800 JavaThread "Sweeper thread" daemon [_thread_blocked, id=16644, stack(0x000000daadc00000,0x000000daadd00000)]
  0x000001f656501800 JavaThread "Common-Cleaner" daemon [_thread_blocked, id=21224, stack(0x000000daadd00000,0x000000daade00000)]
  0x000001f6571b4000 JavaThread "Monitor Ctrl-Break" daemon [_thread_in_native, id=21924, stack(0x000000daae200000,0x000000daae300000)]
  0x000001f657743800 JavaThread "Java2D Disposer" daemon [_thread_blocked, id=4144, stack(0x000000daae400000,0x000000daae500000)]
  0x000001f6574a4000 JavaThread "AWT-Shutdown" [_thread_blocked, id=8852, stack(0x000000daae500000,0x000000daae600000)]
  0x000001f6574fa800 JavaThread "AWT-Windows" daemon [_thread_in_native, id=18236, stack(0x000000daae600000,0x000000daae700000)]
  0x000001f6578b6000 JavaThread "mysql-cj-abandoned-connection-cleanup" daemon [_thread_blocked, id=10032, stack(0x000000daaf400000,0x000000daaf500000)]
=>0x000001f65df8a800 JavaThread "AWT-EventQueue-0" [_thread_in_native, id=15016, stack(0x000000daae100000,0x000000daae200000)]
  0x000001f63223b800 JavaThread "DestroyJavaVM" [_thread_blocked, id=11364, stack(0x000000daace00000,0x000000daacf00000)]
  0x000001f66766b800 JavaThread "D3D Screen Updater" daemon [_thread_blocked, id=864, stack(0x000000dab2200000,0x000000dab2300000)]
  0x000001f65e7f9000 JavaThread "TimerQueue" daemon [_thread_blocked, id=8596, stack(0x000000dab2000000,0x000000dab2100000)]
  0x000001f65ddf9800 JavaThread "Image Fetcher 0" daemon [_thread_blocked, id=5276, stack(0x000000daacd00000,0x000000daace00000)]

Other Threads:
  0x000001f656545800 VMThread "VM Thread" [stack: 0x000000daad400000,0x000000daad500000] [id=9376]
  0x000001f6571b5000 WatcherThread [stack: 0x000000daae300000,0x000000daae400000] [id=16660]
  0x000001f632255000 GCTaskThread "GC Thread#0" [stack: 0x000000daacf00000,0x000000daad000000] [id=26524]
  0x000001f65e351800 GCTaskThread "GC Thread#1" [stack: 0x000000daaf300000,0x000000daaf400000] [id=9580]
  0x000001f65e352000 GCTaskThread "GC Thread#2" [stack: 0x000000dab1900000,0x000000dab1a00000] [id=15356]
  0x000001f65e352800 GCTaskThread "GC Thread#3" [stack: 0x000000dab1a00000,0x000000dab1b00000] [id=10420]
  0x000001f65e354000 GCTaskThread "GC Thread#4" [stack: 0x000000dab1b00000,0x000000dab1c00000] [id=11016]
  0x000001f65e354800 GCTaskThread "GC Thread#5" [stack: 0x000000dab1c00000,0x000000dab1d00000] [id=21652]
  0x000001f6322b1800 ConcurrentGCThread "G1 Main Marker" [stack: 0x000000daad000000,0x000000daad100000] [id=25908]
  0x000001f6322b5000 ConcurrentGCThread "G1 Conc#0" [stack: 0x000000daad100000,0x000000daad200000] [id=15280]
  0x000001f657218800 ConcurrentGCThread "G1 Conc#1" [stack: 0x000000dab1d00000,0x000000dab1e00000] [id=14568]
  0x000001f65745b800 ConcurrentGCThread "G1 Conc#2" [stack: 0x000000dab1e00000,0x000000dab1f00000] [id=20860]
  0x000001f65642c000 ConcurrentGCThread "G1 Refine#0" [stack: 0x000000daad200000,0x000000daad300000] [id=22960]
  0x000001f65642d800 ConcurrentGCThread "G1 Young RemSet Sampling" [stack: 0x000000daad300000,0x000000daad400000] [id=26208]

Threads with active compile tasks:

VM state:not at safepoint (normal execution)

VM Mutex/Monitor currently owned by a thread: None

Heap address: 0x000000070a400000, size: 3932 MB, Compressed Oops mode: Zero based, Oop shift amount: 3
Narrow klass base: 0x0000000800000000, Narrow klass shift: 0
Compressed class space size: 1073741824 Address: 0x0000000800000000

Heap:
 garbage-first heap   total 251904K, used 38753K [0x000000070a400000, 0x0000000800000000)
  region size 1024K, 20 young (20480K), 2 survivors (2048K)
 Metaspace       used 26774K, capacity 27376K, committed 27568K, reserved 1073152K
  class space    used 2790K, capacity 3044K, committed 3072K, reserved 1048576K
Heap Regions: E=young(eden), S=young(survivor), O=old, HS=humongous(starts), HC=humongous(continues), CS=collection set, F=free, A=archive, TAMS=top-at-mark-start (previous, next)
|   0|0x000000070a400000, 0x000000070a500000, 0x000000070a500000|100%|HS|  |TAMS 0x000000070a500000, 0x000000070a400000| Complete 
|   1|0x000000070a500000, 0x000000070a600000, 0x000000070a600000|100%|HS|  |TAMS 0x000000070a600000, 0x000000070a500000| Complete 
|   2|0x000000070a600000, 0x000000070a700000, 0x000000070a700000|100%|HS|  |TAMS 0x000000070a600000, 0x000000070a600000| Complete 
|   3|0x000000070a700000, 0x000000070a800000, 0x000000070a800000|100%|HS|  |TAMS 0x000000070a700000, 0x000000070a700000| Complete 
|   4|0x000000070a800000, 0x000000070a900000, 0x000000070a900000|100%| O|  |TAMS 0x000000070a800000, 0x000000070a800000| Untracked 
|   5|0x000000070a900000, 0x000000070aa00000, 0x000000070aa00000|100%| O|  |TAMS 0x000000070a900000, 0x000000070a900000| Untracked 
|   6|0x000000070aa00000, 0x000000070aab2000, 0x000000070ab00000| 69%| O|  |TAMS 0x000000070aa00000, 0x000000070aa00000| Untracked 
|   7|0x000000070ab00000, 0x000000070ac00000, 0x000000070ac00000|100%|HS|  |TAMS 0x000000070ab00000, 0x000000070ab00000| Complete 
|   8|0x000000070ac00000, 0x000000070ad00000, 0x000000070ad00000|100%|HS|  |TAMS 0x000000070ac00000, 0x000000070ac00000| Complete 
|   9|0x000000070ad00000, 0x000000070ae00000, 0x000000070ae00000|100%|HC|  |TAMS 0x000000070ad00000, 0x000000070ad00000| Complete 
|  10|0x000000070ae00000, 0x000000070af00000, 0x000000070af00000|100%|HC|  |TAMS 0x000000070ae00000, 0x000000070ae00000| Complete 
|  11|0x000000070af00000, 0x000000070b000000, 0x000000070b000000|100%|HS|  |TAMS 0x000000070af00000, 0x000000070af00000| Complete 
|  12|0x000000070b000000, 0x000000070b100000, 0x000000070b100000|100%|HC|  |TAMS 0x000000070b000000, 0x000000070b000000| Complete 
|  13|0x000000070b100000, 0x000000070b200000, 0x000000070b200000|100%|HC|  |TAMS 0x000000070b100000, 0x000000070b100000| Complete 
|  14|0x000000070b200000, 0x000000070b300000, 0x000000070b300000|100%|HS|  |TAMS 0x000000070b200000, 0x000000070b200000| Complete 
|  15|0x000000070b300000, 0x000000070b400000, 0x000000070b400000|100%|HC|  |TAMS 0x000000070b300000, 0x000000070b300000| Complete 
|  16|0x000000070b400000, 0x000000070b500000, 0x000000070b500000|100%|HC|  |TAMS 0x000000070b400000, 0x000000070b400000| Complete 
|  17|0x000000070b500000, 0x000000070b500000, 0x000000070b600000|  0%| F|  |TAMS 0x000000070b500000, 0x000000070b500000| Untracked 
|  18|0x000000070b600000, 0x000000070b700000, 0x000000070b700000|100%| O|  |TAMS 0x000000070b700000, 0x000000070b600000| Untracked 
|  19|0x000000070b700000, 0x000000070b800000, 0x000000070b800000|100%| O|  |TAMS 0x000000070b800000, 0x000000070b700000| Untracked 
|  20|0x000000070b800000, 0x000000070b900000, 0x000000070b900000|100%| O|  |TAMS 0x000000070b881800, 0x000000070b800000| Untracked 
|  21|0x000000070b900000, 0x000000070b900000, 0x000000070ba00000|  0%| F|  |TAMS 0x000000070b900000, 0x000000070b900000| Untracked 
|  22|0x000000070ba00000, 0x000000070ba00000, 0x000000070bb00000|  0%| F|  |TAMS 0x000000070ba00000, 0x000000070ba00000| Untracked 
|  23|0x000000070bb00000, 0x000000070bb00000, 0x000000070bc00000|  0%| F|  |TAMS 0x000000070bb00000, 0x000000070bb00000| Untracked 
|  24|0x000000070bc00000, 0x000000070bc00000, 0x000000070bd00000|  0%| F|  |TAMS 0x000000070bc00000, 0x000000070bc00000| Untracked 
|  25|0x000000070bd00000, 0x000000070bd00000, 0x000000070be00000|  0%| F|  |TAMS 0x000000070bd00000, 0x000000070bd00000| Untracked 
|  26|0x000000070be00000, 0x000000070be00000, 0x000000070bf00000|  0%| F|  |TAMS 0x000000070be00000, 0x000000070be00000| Untracked 
|  27|0x000000070bf00000, 0x000000070bf00000, 0x000000070c000000|  0%| F|  |TAMS 0x000000070bf00000, 0x000000070bf00000| Untracked 
|  28|0x000000070c000000, 0x000000070c000000, 0x000000070c100000|  0%| F|  |TAMS 0x000000070c000000, 0x000000070c000000| Untracked 
|  29|0x000000070c100000, 0x000000070c100000, 0x000000070c200000|  0%| F|  |TAMS 0x000000070c100000, 0x000000070c100000| Untracked 
|  30|0x000000070c200000, 0x000000070c200000, 0x000000070c300000|  0%| F|  |TAMS 0x000000070c200000, 0x000000070c200000| Untracked 
|  31|0x000000070c300000, 0x000000070c300000, 0x000000070c400000|  0%| F|  |TAMS 0x000000070c300000, 0x000000070c300000| Untracked 
|  32|0x000000070c400000, 0x000000070c400000, 0x000000070c500000|  0%| F|  |TAMS 0x000000070c400000, 0x000000070c400000| Untracked 
|  33|0x000000070c500000, 0x000000070c500000, 0x000000070c600000|  0%| F|  |TAMS 0x000000070c500000, 0x000000070c500000| Untracked 
|  34|0x000000070c600000, 0x000000070c600000, 0x000000070c700000|  0%| F|  |TAMS 0x000000070c600000, 0x000000070c600000| Untracked 
|  35|0x000000070c700000, 0x000000070c700000, 0x000000070c800000|  0%| F|  |TAMS 0x000000070c700000, 0x000000070c700000| Untracked 
|  36|0x000000070c800000, 0x000000070c800000, 0x000000070c900000|  0%| F|  |TAMS 0x000000070c800000, 0x000000070c800000| Untracked 
|  37|0x000000070c900000, 0x000000070c900000, 0x000000070ca00000|  0%| F|  |TAMS 0x000000070c900000, 0x000000070c900000| Untracked 
|  38|0x000000070ca00000, 0x000000070ca00000, 0x000000070cb00000|  0%| F|  |TAMS 0x000000070ca00000, 0x000000070ca00000| Untracked 
|  39|0x000000070cb00000, 0x000000070cb00000, 0x000000070cc00000|  0%| F|  |TAMS 0x000000070cb00000, 0x000000070cb00000| Untracked 
|  40|0x000000070cc00000, 0x000000070cc00000, 0x000000070cd00000|  0%| F|  |TAMS 0x000000070cc00000, 0x000000070cc00000| Untracked 
|  41|0x000000070cd00000, 0x000000070cd00000, 0x000000070ce00000|  0%| F|  |TAMS 0x000000070cd00000, 0x000000070cd00000| Untracked 
|  42|0x000000070ce00000, 0x000000070ce00000, 0x000000070cf00000|  0%| F|  |TAMS 0x000000070ce00000, 0x000000070ce00000| Untracked 
|  43|0x000000070cf00000, 0x000000070cf00000, 0x000000070d000000|  0%| F|  |TAMS 0x000000070cf00000, 0x000000070cf00000| Untracked 
|  44|0x000000070d000000, 0x000000070d000000, 0x000000070d100000|  0%| F|  |TAMS 0x000000070d000000, 0x000000070d000000| Untracked 
|  45|0x000000070d100000, 0x000000070d100000, 0x000000070d200000|  0%| F|  |TAMS 0x000000070d100000, 0x000000070d100000| Untracked 
|  46|0x000000070d200000, 0x000000070d200000, 0x000000070d300000|  0%| F|  |TAMS 0x000000070d200000, 0x000000070d200000| Untracked 
|  47|0x000000070d300000, 0x000000070d300000, 0x000000070d400000|  0%| F|  |TAMS 0x000000070d300000, 0x000000070d300000| Untracked 
|  48|0x000000070d400000, 0x000000070d400000, 0x000000070d500000|  0%| F|  |TAMS 0x000000070d400000, 0x000000070d400000| Untracked 
|  49|0x000000070d500000, 0x000000070d500000, 0x000000070d600000|  0%| F|  |TAMS 0x000000070d500000, 0x000000070d500000| Untracked 
|  50|0x000000070d600000, 0x000000070d600000, 0x000000070d700000|  0%| F|  |TAMS 0x000000070d600000, 0x000000070d600000| Untracked 
|  51|0x000000070d700000, 0x000000070d700000, 0x000000070d800000|  0%| F|  |TAMS 0x000000070d700000, 0x000000070d700000| Untracked 
|  52|0x000000070d800000, 0x000000070d800000, 0x000000070d900000|  0%| F|  |TAMS 0x000000070d800000, 0x000000070d800000| Untracked 
|  53|0x000000070d900000, 0x000000070d900000, 0x000000070da00000|  0%| F|  |TAMS 0x000000070d900000, 0x000000070d900000| Untracked 
|  54|0x000000070da00000, 0x000000070da00000, 0x000000070db00000|  0%| F|  |TAMS 0x000000070da00000, 0x000000070da00000| Untracked 
|  55|0x000000070db00000, 0x000000070db00000, 0x000000070dc00000|  0%| F|  |TAMS 0x000000070db00000, 0x000000070db00000| Untracked 
|  56|0x000000070dc00000, 0x000000070dc00000, 0x000000070dd00000|  0%| F|  |TAMS 0x000000070dc00000, 0x000000070dc00000| Untracked 
|  57|0x000000070dd00000, 0x000000070dd00000, 0x000000070de00000|  0%| F|  |TAMS 0x000000070dd00000, 0x000000070dd00000| Untracked 
|  58|0x000000070de00000, 0x000000070de00000, 0x000000070df00000|  0%| F|  |TAMS 0x000000070de00000, 0x000000070de00000| Untracked 
|  59|0x000000070df00000, 0x000000070df00000, 0x000000070e000000|  0%| F|  |TAMS 0x000000070df00000, 0x000000070df00000| Untracked 
|  60|0x000000070e000000, 0x000000070e000000, 0x000000070e100000|  0%| F|  |TAMS 0x000000070e000000, 0x000000070e000000| Untracked 
|  61|0x000000070e100000, 0x000000070e100000, 0x000000070e200000|  0%| F|  |TAMS 0x000000070e100000, 0x000000070e100000| Untracked 
|  62|0x000000070e200000, 0x000000070e200000, 0x000000070e300000|  0%| F|  |TAMS 0x000000070e200000, 0x000000070e200000| Untracked 
|  63|0x000000070e300000, 0x000000070e300000, 0x000000070e400000|  0%| F|  |TAMS 0x000000070e300000, 0x000000070e300000| Untracked 
|  64|0x000000070e400000, 0x000000070e400000, 0x000000070e500000|  0%| F|  |TAMS 0x000000070e400000, 0x000000070e400000| Untracked 
|  65|0x000000070e500000, 0x000000070e500000, 0x000000070e600000|  0%| F|  |TAMS 0x000000070e500000, 0x000000070e500000| Untracked 
|  66|0x000000070e600000, 0x000000070e600000, 0x000000070e700000|  0%| F|  |TAMS 0x000000070e600000, 0x000000070e600000| Untracked 
|  67|0x000000070e700000, 0x000000070e700000, 0x000000070e800000|  0%| F|  |TAMS 0x000000070e700000, 0x000000070e700000| Untracked 
|  68|0x000000070e800000, 0x000000070e800000, 0x000000070e900000|  0%| F|  |TAMS 0x000000070e800000, 0x000000070e800000| Untracked 
|  69|0x000000070e900000, 0x000000070e900000, 0x000000070ea00000|  0%| F|  |TAMS 0x000000070e900000, 0x000000070e900000| Untracked 
|  70|0x000000070ea00000, 0x000000070ea00000, 0x000000070eb00000|  0%| F|  |TAMS 0x000000070ea00000, 0x000000070ea00000| Untracked 
|  71|0x000000070eb00000, 0x000000070eb00000, 0x000000070ec00000|  0%| F|  |TAMS 0x000000070eb00000, 0x000000070eb00000| Untracked 
|  72|0x000000070ec00000, 0x000000070ec00000, 0x000000070ed00000|  0%| F|  |TAMS 0x000000070ec00000, 0x000000070ec00000| Untracked 
|  73|0x000000070ed00000, 0x000000070ed00000, 0x000000070ee00000|  0%| F|  |TAMS 0x000000070ed00000, 0x000000070ed00000| Untracked 
|  74|0x000000070ee00000, 0x000000070ee00000, 0x000000070ef00000|  0%| F|  |TAMS 0x000000070ee00000, 0x000000070ee00000| Untracked 
|  75|0x000000070ef00000, 0x000000070ef00000, 0x000000070f000000|  0%| F|  |TAMS 0x000000070ef00000, 0x000000070ef00000| Untracked 
|  76|0x000000070f000000, 0x000000070f000000, 0x000000070f100000|  0%| F|  |TAMS 0x000000070f000000, 0x000000070f000000| Untracked 
|  77|0x000000070f100000, 0x000000070f100000, 0x000000070f200000|  0%| F|  |TAMS 0x000000070f100000, 0x000000070f100000| Untracked 
|  78|0x000000070f200000, 0x000000070f200000, 0x000000070f300000|  0%| F|  |TAMS 0x000000070f200000, 0x000000070f200000| Untracked 
|  79|0x000000070f300000, 0x000000070f300000, 0x000000070f400000|  0%| F|  |TAMS 0x000000070f300000, 0x000000070f300000| Untracked 
|  80|0x000000070f400000, 0x000000070f400000, 0x000000070f500000|  0%| F|  |TAMS 0x000000070f400000, 0x000000070f400000| Untracked 
|  81|0x000000070f500000, 0x000000070f500000, 0x000000070f600000|  0%| F|  |TAMS 0x000000070f500000, 0x000000070f500000| Untracked 
|  82|0x000000070f600000, 0x000000070f600000, 0x000000070f700000|  0%| F|  |TAMS 0x000000070f600000, 0x000000070f600000| Untracked 
|  83|0x000000070f700000, 0x000000070f700000, 0x000000070f800000|  0%| F|  |TAMS 0x000000070f700000, 0x000000070f700000| Untracked 
|  84|0x000000070f800000, 0x000000070f800000, 0x000000070f900000|  0%| F|  |TAMS 0x000000070f800000, 0x000000070f800000| Untracked 
|  85|0x000000070f900000, 0x000000070f900000, 0x000000070fa00000|  0%| F|  |TAMS 0x000000070f900000, 0x000000070f900000| Untracked 
|  86|0x000000070fa00000, 0x000000070fa00000, 0x000000070fb00000|  0%| F|  |TAMS 0x000000070fa00000, 0x000000070fa00000| Untracked 
|  87|0x000000070fb00000, 0x000000070fb00000, 0x000000070fc00000|  0%| F|  |TAMS 0x000000070fb00000, 0x000000070fb00000| Untracked 
|  88|0x000000070fc00000, 0x000000070fc00000, 0x000000070fd00000|  0%| F|  |TAMS 0x000000070fc00000, 0x000000070fc00000| Untracked 
|  89|0x000000070fd00000, 0x000000070fd00000, 0x000000070fe00000|  0%| F|  |TAMS 0x000000070fd00000, 0x000000070fd00000| Untracked 
|  90|0x000000070fe00000, 0x000000070fe00000, 0x000000070ff00000|  0%| F|  |TAMS 0x000000070fe00000, 0x000000070fe00000| Untracked 
|  91|0x000000070ff00000, 0x000000070ff00000, 0x0000000710000000|  0%| F|  |TAMS 0x000000070ff00000, 0x000000070ff00000| Untracked 
|  92|0x0000000710000000, 0x0000000710000000, 0x0000000710100000|  0%| F|  |TAMS 0x0000000710000000, 0x0000000710000000| Untracked 
|  93|0x0000000710100000, 0x0000000710100000, 0x0000000710200000|  0%| F|  |TAMS 0x0000000710100000, 0x0000000710100000| Untracked 
|  94|0x0000000710200000, 0x0000000710200000, 0x0000000710300000|  0%| F|  |TAMS 0x0000000710200000, 0x0000000710200000| Untracked 
|  95|0x0000000710300000, 0x0000000710300000, 0x0000000710400000|  0%| F|  |TAMS 0x0000000710300000, 0x0000000710300000| Untracked 
|  96|0x0000000710400000, 0x0000000710400000, 0x0000000710500000|  0%| F|  |TAMS 0x0000000710400000, 0x0000000710400000| Untracked 
|  97|0x0000000710500000, 0x0000000710500000, 0x0000000710600000|  0%| F|  |TAMS 0x0000000710500000, 0x0000000710500000| Untracked 
|  98|0x0000000710600000, 0x0000000710600000, 0x0000000710700000|  0%| F|  |TAMS 0x0000000710600000, 0x0000000710600000| Untracked 
|  99|0x0000000710700000, 0x0000000710700000, 0x0000000710800000|  0%| F|  |TAMS 0x0000000710700000, 0x0000000710700000| Untracked 
| 100|0x0000000710800000, 0x0000000710800000, 0x0000000710900000|  0%| F|  |TAMS 0x0000000710800000, 0x0000000710800000| Untracked 
| 101|0x0000000710900000, 0x0000000710900000, 0x0000000710a00000|  0%| F|  |TAMS 0x0000000710900000, 0x0000000710900000| Untracked 
| 102|0x0000000710a00000, 0x0000000710a00000, 0x0000000710b00000|  0%| F|  |TAMS 0x0000000710a00000, 0x0000000710a00000| Untracked 
| 103|0x0000000710b00000, 0x0000000710b00000, 0x0000000710c00000|  0%| F|  |TAMS 0x0000000710b00000, 0x0000000710b00000| Untracked 
| 104|0x0000000710c00000, 0x0000000710c00000, 0x0000000710d00000|  0%| F|  |TAMS 0x0000000710c00000, 0x0000000710c00000| Untracked 
| 105|0x0000000710d00000, 0x0000000710d00000, 0x0000000710e00000|  0%| F|  |TAMS 0x0000000710d00000, 0x0000000710d00000| Untracked 
| 106|0x0000000710e00000, 0x0000000710e00000, 0x0000000710f00000|  0%| F|  |TAMS 0x0000000710e00000, 0x0000000710e00000| Untracked 
| 107|0x0000000710f00000, 0x0000000710f00000, 0x0000000711000000|  0%| F|  |TAMS 0x0000000710f00000, 0x0000000710f00000| Untracked 
| 108|0x0000000711000000, 0x0000000711000000, 0x0000000711100000|  0%| F|  |TAMS 0x0000000711000000, 0x0000000711000000| Untracked 
| 109|0x0000000711100000, 0x0000000711100000, 0x0000000711200000|  0%| F|  |TAMS 0x0000000711100000, 0x0000000711100000| Untracked 
| 110|0x0000000711200000, 0x0000000711200000, 0x0000000711300000|  0%| F|  |TAMS 0x0000000711200000, 0x0000000711200000| Untracked 
| 111|0x0000000711300000, 0x0000000711300000, 0x0000000711400000|  0%| F|  |TAMS 0x0000000711300000, 0x0000000711300000| Untracked 
| 112|0x0000000711400000, 0x0000000711400000, 0x0000000711500000|  0%| F|  |TAMS 0x0000000711400000, 0x0000000711400000| Untracked 
| 113|0x0000000711500000, 0x0000000711500000, 0x0000000711600000|  0%| F|  |TAMS 0x0000000711500000, 0x0000000711500000| Untracked 
| 114|0x0000000711600000, 0x0000000711600000, 0x0000000711700000|  0%| F|  |TAMS 0x0000000711600000, 0x0000000711600000| Untracked 
| 115|0x0000000711700000, 0x0000000711700000, 0x0000000711800000|  0%| F|  |TAMS 0x0000000711700000, 0x0000000711700000| Untracked 
| 116|0x0000000711800000, 0x0000000711800000, 0x0000000711900000|  0%| F|  |TAMS 0x0000000711800000, 0x0000000711800000| Untracked 
| 117|0x0000000711900000, 0x0000000711900000, 0x0000000711a00000|  0%| F|  |TAMS 0x0000000711900000, 0x0000000711900000| Untracked 
| 118|0x0000000711a00000, 0x0000000711a00000, 0x0000000711b00000|  0%| F|  |TAMS 0x0000000711a00000, 0x0000000711a00000| Untracked 
| 119|0x0000000711b00000, 0x0000000711b00000, 0x0000000711c00000|  0%| F|  |TAMS 0x0000000711b00000, 0x0000000711b00000| Untracked 
| 120|0x0000000711c00000, 0x0000000711c00000, 0x0000000711d00000|  0%| F|  |TAMS 0x0000000711c00000, 0x0000000711c00000| Untracked 
| 121|0x0000000711d00000, 0x0000000711d00000, 0x0000000711e00000|  0%| F|  |TAMS 0x0000000711d00000, 0x0000000711d00000| Untracked 
| 122|0x0000000711e00000, 0x0000000711e00000, 0x0000000711f00000|  0%| F|  |TAMS 0x0000000711e00000, 0x0000000711e00000| Untracked 
| 123|0x0000000711f00000, 0x0000000711f00000, 0x0000000712000000|  0%| F|  |TAMS 0x0000000711f00000, 0x0000000711f00000| Untracked 
| 124|0x0000000712000000, 0x0000000712000000, 0x0000000712100000|  0%| F|  |TAMS 0x0000000712000000, 0x0000000712000000| Untracked 
| 125|0x0000000712100000, 0x0000000712100000, 0x0000000712200000|  0%| F|  |TAMS 0x0000000712100000, 0x0000000712100000| Untracked 
| 126|0x0000000712200000, 0x0000000712200000, 0x0000000712300000|  0%| F|  |TAMS 0x0000000712200000, 0x0000000712200000| Untracked 
| 127|0x0000000712300000, 0x0000000712300000, 0x0000000712400000|  0%| F|  |TAMS 0x0000000712300000, 0x0000000712300000| Untracked 
| 128|0x0000000712400000, 0x0000000712400000, 0x0000000712500000|  0%| F|  |TAMS 0x0000000712400000, 0x0000000712400000| Untracked 
| 129|0x0000000712500000, 0x0000000712500000, 0x0000000712600000|  0%| F|  |TAMS 0x0000000712500000, 0x0000000712500000| Untracked 
| 130|0x0000000712600000, 0x0000000712600000, 0x0000000712700000|  0%| F|  |TAMS 0x0000000712600000, 0x0000000712600000| Untracked 
| 131|0x0000000712700000, 0x0000000712700000, 0x0000000712800000|  0%| F|  |TAMS 0x0000000712700000, 0x0000000712700000| Untracked 
| 132|0x0000000712800000, 0x0000000712800000, 0x0000000712900000|  0%| F|  |TAMS 0x0000000712800000, 0x0000000712800000| Untracked 
| 133|0x0000000712900000, 0x0000000712900000, 0x0000000712a00000|  0%| F|  |TAMS 0x0000000712900000, 0x0000000712900000| Untracked 
| 134|0x0000000712a00000, 0x0000000712a00000, 0x0000000712b00000|  0%| F|  |TAMS 0x0000000712a00000, 0x0000000712a00000| Untracked 
| 135|0x0000000712b00000, 0x0000000712b00000, 0x0000000712c00000|  0%| F|  |TAMS 0x0000000712b00000, 0x0000000712b00000| Untracked 
| 136|0x0000000712c00000, 0x0000000712c00000, 0x0000000712d00000|  0%| F|  |TAMS 0x0000000712c00000, 0x0000000712c00000| Untracked 
| 137|0x0000000712d00000, 0x0000000712d00000, 0x0000000712e00000|  0%| F|  |TAMS 0x0000000712d00000, 0x0000000712d00000| Untracked 
| 138|0x0000000712e00000, 0x0000000712e00000, 0x0000000712f00000|  0%| F|  |TAMS 0x0000000712e00000, 0x0000000712e00000| Untracked 
| 139|0x0000000712f00000, 0x0000000712f00000, 0x0000000713000000|  0%| F|  |TAMS 0x0000000712f00000, 0x0000000712f00000| Untracked 
| 140|0x0000000713000000, 0x0000000713000000, 0x0000000713100000|  0%| F|  |TAMS 0x0000000713000000, 0x0000000713000000| Untracked 
| 141|0x0000000713100000, 0x0000000713100000, 0x0000000713200000|  0%| F|  |TAMS 0x0000000713100000, 0x0000000713100000| Untracked 
| 142|0x0000000713200000, 0x0000000713200000, 0x0000000713300000|  0%| F|  |TAMS 0x0000000713200000, 0x0000000713200000| Untracked 
| 143|0x0000000713300000, 0x0000000713300000, 0x0000000713400000|  0%| F|  |TAMS 0x0000000713300000, 0x0000000713300000| Untracked 
| 144|0x0000000713400000, 0x0000000713400000, 0x0000000713500000|  0%| F|  |TAMS 0x0000000713400000, 0x0000000713400000| Untracked 
| 145|0x0000000713500000, 0x0000000713500000, 0x0000000713600000|  0%| F|  |TAMS 0x0000000713500000, 0x0000000713500000| Untracked 
| 146|0x0000000713600000, 0x0000000713600000, 0x0000000713700000|  0%| F|  |TAMS 0x0000000713600000, 0x0000000713600000| Untracked 
| 147|0x0000000713700000, 0x0000000713700000, 0x0000000713800000|  0%| F|  |TAMS 0x0000000713700000, 0x0000000713700000| Untracked 
| 148|0x0000000713800000, 0x0000000713800000, 0x0000000713900000|  0%| F|  |TAMS 0x0000000713800000, 0x0000000713800000| Untracked 
| 149|0x0000000713900000, 0x0000000713900000, 0x0000000713a00000|  0%| F|  |TAMS 0x0000000713900000, 0x0000000713900000| Untracked 
| 150|0x0000000713a00000, 0x0000000713a00000, 0x0000000713b00000|  0%| F|  |TAMS 0x0000000713a00000, 0x0000000713a00000| Untracked 
| 151|0x0000000713b00000, 0x0000000713b00000, 0x0000000713c00000|  0%| F|  |TAMS 0x0000000713b00000, 0x0000000713b00000| Untracked 
| 152|0x0000000713c00000, 0x0000000713c00000, 0x0000000713d00000|  0%| F|  |TAMS 0x0000000713c00000, 0x0000000713c00000| Untracked 
| 153|0x0000000713d00000, 0x0000000713d00000, 0x0000000713e00000|  0%| F|  |TAMS 0x0000000713d00000, 0x0000000713d00000| Untracked 
| 154|0x0000000713e00000, 0x0000000713e00000, 0x0000000713f00000|  0%| F|  |TAMS 0x0000000713e00000, 0x0000000713e00000| Untracked 
| 155|0x0000000713f00000, 0x0000000713f00000, 0x0000000714000000|  0%| F|  |TAMS 0x0000000713f00000, 0x0000000713f00000| Untracked 
| 156|0x0000000714000000, 0x0000000714000000, 0x0000000714100000|  0%| F|  |TAMS 0x0000000714000000, 0x0000000714000000| Untracked 
| 157|0x0000000714100000, 0x0000000714100000, 0x0000000714200000|  0%| F|  |TAMS 0x0000000714100000, 0x0000000714100000| Untracked 
| 158|0x0000000714200000, 0x0000000714200000, 0x0000000714300000|  0%| F|  |TAMS 0x0000000714200000, 0x0000000714200000| Untracked 
| 159|0x0000000714300000, 0x0000000714300000, 0x0000000714400000|  0%| F|  |TAMS 0x0000000714300000, 0x0000000714300000| Untracked 
| 160|0x0000000714400000, 0x0000000714400000, 0x0000000714500000|  0%| F|  |TAMS 0x0000000714400000, 0x0000000714400000| Untracked 
| 161|0x0000000714500000, 0x0000000714500000, 0x0000000714600000|  0%| F|  |TAMS 0x0000000714500000, 0x0000000714500000| Untracked 
| 162|0x0000000714600000, 0x0000000714600000, 0x0000000714700000|  0%| F|  |TAMS 0x0000000714600000, 0x0000000714600000| Untracked 
| 163|0x0000000714700000, 0x0000000714700000, 0x0000000714800000|  0%| F|  |TAMS 0x0000000714700000, 0x0000000714700000| Untracked 
| 164|0x0000000714800000, 0x0000000714800000, 0x0000000714900000|  0%| F|  |TAMS 0x0000000714800000, 0x0000000714800000| Untracked 
| 165|0x0000000714900000, 0x0000000714900000, 0x0000000714a00000|  0%| F|  |TAMS 0x0000000714900000, 0x0000000714900000| Untracked 
| 166|0x0000000714a00000, 0x0000000714a00000, 0x0000000714b00000|  0%| F|  |TAMS 0x0000000714a00000, 0x0000000714a00000| Untracked 
| 167|0x0000000714b00000, 0x0000000714b00000, 0x0000000714c00000|  0%| F|  |TAMS 0x0000000714b00000, 0x0000000714b00000| Untracked 
| 168|0x0000000714c00000, 0x0000000714c00000, 0x0000000714d00000|  0%| F|  |TAMS 0x0000000714c00000, 0x0000000714c00000| Untracked 
| 169|0x0000000714d00000, 0x0000000714d00000, 0x0000000714e00000|  0%| F|  |TAMS 0x0000000714d00000, 0x0000000714d00000| Untracked 
| 170|0x0000000714e00000, 0x0000000714e00000, 0x0000000714f00000|  0%| F|  |TAMS 0x0000000714e00000, 0x0000000714e00000| Untracked 
| 171|0x0000000714f00000, 0x0000000714f00000, 0x0000000715000000|  0%| F|  |TAMS 0x0000000714f00000, 0x0000000714f00000| Untracked 
| 172|0x0000000715000000, 0x0000000715000000, 0x0000000715100000|  0%| F|  |TAMS 0x0000000715000000, 0x0000000715000000| Untracked 
| 173|0x0000000715100000, 0x0000000715100000, 0x0000000715200000|  0%| F|  |TAMS 0x0000000715100000, 0x0000000715100000| Untracked 
| 174|0x0000000715200000, 0x0000000715200000, 0x0000000715300000|  0%| F|  |TAMS 0x0000000715200000, 0x0000000715200000| Untracked 
| 175|0x0000000715300000, 0x0000000715300000, 0x0000000715400000|  0%| F|  |TAMS 0x0000000715300000, 0x0000000715300000| Untracked 
| 176|0x0000000715400000, 0x0000000715400000, 0x0000000715500000|  0%| F|  |TAMS 0x0000000715400000, 0x0000000715400000| Untracked 
| 177|0x0000000715500000, 0x0000000715500000, 0x0000000715600000|  0%| F|  |TAMS 0x0000000715500000, 0x0000000715500000| Untracked 
| 178|0x0000000715600000, 0x0000000715600000, 0x0000000715700000|  0%| F|  |TAMS 0x0000000715600000, 0x0000000715600000| Untracked 
| 179|0x0000000715700000, 0x0000000715700000, 0x0000000715800000|  0%| F|  |TAMS 0x0000000715700000, 0x0000000715700000| Untracked 
| 180|0x0000000715800000, 0x0000000715800000, 0x0000000715900000|  0%| F|  |TAMS 0x0000000715800000, 0x0000000715800000| Untracked 
| 181|0x0000000715900000, 0x0000000715900000, 0x0000000715a00000|  0%| F|  |TAMS 0x0000000715900000, 0x0000000715900000| Untracked 
| 182|0x0000000715a00000, 0x0000000715a00000, 0x0000000715b00000|  0%| F|  |TAMS 0x0000000715a00000, 0x0000000715a00000| Untracked 
| 183|0x0000000715b00000, 0x0000000715b00000, 0x0000000715c00000|  0%| F|  |TAMS 0x0000000715b00000, 0x0000000715b00000| Untracked 
| 184|0x0000000715c00000, 0x0000000715c00000, 0x0000000715d00000|  0%| F|  |TAMS 0x0000000715c00000, 0x0000000715c00000| Untracked 
| 185|0x0000000715d00000, 0x0000000715d00000, 0x0000000715e00000|  0%| F|  |TAMS 0x0000000715d00000, 0x0000000715d00000| Untracked 
| 186|0x0000000715e00000, 0x0000000715e00000, 0x0000000715f00000|  0%| F|  |TAMS 0x0000000715e00000, 0x0000000715e00000| Untracked 
| 187|0x0000000715f00000, 0x0000000715f00000, 0x0000000716000000|  0%| F|  |TAMS 0x0000000715f00000, 0x0000000715f00000| Untracked 
| 188|0x0000000716000000, 0x0000000716000000, 0x0000000716100000|  0%| F|  |TAMS 0x0000000716000000, 0x0000000716000000| Untracked 
| 189|0x0000000716100000, 0x0000000716100000, 0x0000000716200000|  0%| F|  |TAMS 0x0000000716100000, 0x0000000716100000| Untracked 
| 190|0x0000000716200000, 0x0000000716200000, 0x0000000716300000|  0%| F|  |TAMS 0x0000000716200000, 0x0000000716200000| Untracked 
| 191|0x0000000716300000, 0x0000000716300000, 0x0000000716400000|  0%| F|  |TAMS 0x0000000716300000, 0x0000000716300000| Untracked 
| 192|0x0000000716400000, 0x0000000716400000, 0x0000000716500000|  0%| F|  |TAMS 0x0000000716400000, 0x0000000716400000| Untracked 
| 193|0x0000000716500000, 0x0000000716500000, 0x0000000716600000|  0%| F|  |TAMS 0x0000000716500000, 0x0000000716500000| Untracked 
| 194|0x0000000716600000, 0x0000000716600000, 0x0000000716700000|  0%| F|  |TAMS 0x0000000716600000, 0x0000000716600000| Untracked 
| 195|0x0000000716700000, 0x0000000716700000, 0x0000000716800000|  0%| F|  |TAMS 0x0000000716700000, 0x0000000716700000| Untracked 
| 196|0x0000000716800000, 0x0000000716800000, 0x0000000716900000|  0%| F|  |TAMS 0x0000000716800000, 0x0000000716800000| Untracked 
| 197|0x0000000716900000, 0x0000000716900000, 0x0000000716a00000|  0%| F|  |TAMS 0x0000000716900000, 0x0000000716900000| Untracked 
| 198|0x0000000716a00000, 0x0000000716a00000, 0x0000000716b00000|  0%| F|  |TAMS 0x0000000716a00000, 0x0000000716a00000| Untracked 
| 199|0x0000000716b00000, 0x0000000716b00000, 0x0000000716c00000|  0%| F|  |TAMS 0x0000000716b00000, 0x0000000716b00000| Untracked 
| 200|0x0000000716c00000, 0x0000000716c00000, 0x0000000716d00000|  0%| F|  |TAMS 0x0000000716c00000, 0x0000000716c00000| Untracked 
| 201|0x0000000716d00000, 0x0000000716d00000, 0x0000000716e00000|  0%| F|  |TAMS 0x0000000716d00000, 0x0000000716d00000| Untracked 
| 202|0x0000000716e00000, 0x0000000716e00000, 0x0000000716f00000|  0%| F|  |TAMS 0x0000000716e00000, 0x0000000716e00000| Untracked 
| 203|0x0000000716f00000, 0x0000000716f00000, 0x0000000717000000|  0%| F|  |TAMS 0x0000000716f00000, 0x0000000716f00000| Untracked 
| 204|0x0000000717000000, 0x0000000717000000, 0x0000000717100000|  0%| F|  |TAMS 0x0000000717000000, 0x0000000717000000| Untracked 
| 205|0x0000000717100000, 0x0000000717100000, 0x0000000717200000|  0%| F|  |TAMS 0x0000000717100000, 0x0000000717100000| Untracked 
| 206|0x0000000717200000, 0x0000000717200000, 0x0000000717300000|  0%| F|  |TAMS 0x0000000717200000, 0x0000000717200000| Untracked 
| 207|0x0000000717300000, 0x0000000717300000, 0x0000000717400000|  0%| F|  |TAMS 0x0000000717300000, 0x0000000717300000| Untracked 
| 208|0x0000000717400000, 0x0000000717400000, 0x0000000717500000|  0%| F|  |TAMS 0x0000000717400000, 0x0000000717400000| Untracked 
| 209|0x0000000717500000, 0x0000000717500000, 0x0000000717600000|  0%| F|  |TAMS 0x0000000717500000, 0x0000000717500000| Untracked 
| 210|0x0000000717600000, 0x0000000717600000, 0x0000000717700000|  0%| F|  |TAMS 0x0000000717600000, 0x0000000717600000| Untracked 
| 211|0x0000000717700000, 0x0000000717700000, 0x0000000717800000|  0%| F|  |TAMS 0x0000000717700000, 0x0000000717700000| Untracked 
| 212|0x0000000717800000, 0x0000000717800000, 0x0000000717900000|  0%| F|  |TAMS 0x0000000717800000, 0x0000000717800000| Untracked 
| 213|0x0000000717900000, 0x0000000717900000, 0x0000000717a00000|  0%| F|  |TAMS 0x0000000717900000, 0x0000000717900000| Untracked 
| 214|0x0000000717a00000, 0x0000000717a00000, 0x0000000717b00000|  0%| F|  |TAMS 0x0000000717a00000, 0x0000000717a00000| Untracked 
| 215|0x0000000717b00000, 0x0000000717b00000, 0x0000000717c00000|  0%| F|  |TAMS 0x0000000717b00000, 0x0000000717b00000| Untracked 
| 216|0x0000000717c00000, 0x0000000717c00000, 0x0000000717d00000|  0%| F|  |TAMS 0x0000000717c00000, 0x0000000717c00000| Untracked 
| 217|0x0000000717d00000, 0x0000000717d00000, 0x0000000717e00000|  0%| F|  |TAMS 0x0000000717d00000, 0x0000000717d00000| Untracked 
| 218|0x0000000717e00000, 0x0000000717e00000, 0x0000000717f00000|  0%| F|  |TAMS 0x0000000717e00000, 0x0000000717e00000| Untracked 
| 219|0x0000000717f00000, 0x0000000717f00000, 0x0000000718000000|  0%| F|  |TAMS 0x0000000717f00000, 0x0000000717f00000| Untracked 
| 220|0x0000000718000000, 0x0000000718000000, 0x0000000718100000|  0%| F|  |TAMS 0x0000000718000000, 0x0000000718000000| Untracked 
| 221|0x0000000718100000, 0x0000000718100000, 0x0000000718200000|  0%| F|  |TAMS 0x0000000718100000, 0x0000000718100000| Untracked 
| 222|0x0000000718200000, 0x0000000718200000, 0x0000000718300000|  0%| F|  |TAMS 0x0000000718200000, 0x0000000718200000| Untracked 
| 223|0x0000000718300000, 0x0000000718300000, 0x0000000718400000|  0%| F|  |TAMS 0x0000000718300000, 0x0000000718300000| Untracked 
| 224|0x0000000718400000, 0x0000000718400000, 0x0000000718500000|  0%| F|  |TAMS 0x0000000718400000, 0x0000000718400000| Untracked 
| 225|0x0000000718500000, 0x0000000718500000, 0x0000000718600000|  0%| F|  |TAMS 0x0000000718500000, 0x0000000718500000| Untracked 
| 226|0x0000000718600000, 0x00000007186ca7a0, 0x0000000718700000| 79%| E|  |TAMS 0x0000000718600000, 0x0000000718600000| Complete 
| 227|0x0000000718700000, 0x0000000718800000, 0x0000000718800000|100%| E|CS|TAMS 0x0000000718700000, 0x0000000718700000| Complete 
| 228|0x0000000718800000, 0x0000000718900000, 0x0000000718900000|100%| E|CS|TAMS 0x0000000718800000, 0x0000000718800000| Complete 
| 229|0x0000000718900000, 0x0000000718a00000, 0x0000000718a00000|100%| E|CS|TAMS 0x0000000718900000, 0x0000000718900000| Complete 
| 230|0x0000000718a00000, 0x0000000718b00000, 0x0000000718b00000|100%| E|CS|TAMS 0x0000000718a00000, 0x0000000718a00000| Complete 
| 231|0x0000000718b00000, 0x0000000718c00000, 0x0000000718c00000|100%| E|CS|TAMS 0x0000000718b00000, 0x0000000718b00000| Complete 
| 232|0x0000000718c00000, 0x0000000718d00000, 0x0000000718d00000|100%| E|CS|TAMS 0x0000000718c00000, 0x0000000718c00000| Complete 
| 233|0x0000000718d00000, 0x0000000718e00000, 0x0000000718e00000|100%| E|CS|TAMS 0x0000000718d00000, 0x0000000718d00000| Complete 
| 234|0x0000000718e00000, 0x0000000718f00000, 0x0000000718f00000|100%| E|CS|TAMS 0x0000000718e00000, 0x0000000718e00000| Complete 
| 235|0x0000000718f00000, 0x0000000718f264b0, 0x0000000719000000| 14%| S|CS|TAMS 0x0000000718f00000, 0x0000000718f00000| Complete 
| 236|0x0000000719000000, 0x0000000719100000, 0x0000000719100000|100%| S|CS|TAMS 0x0000000719000000, 0x0000000719000000| Complete 
| 237|0x0000000719100000, 0x0000000719200000, 0x0000000719200000|100%| E|CS|TAMS 0x0000000719100000, 0x0000000719100000| Complete 
| 238|0x0000000719200000, 0x0000000719300000, 0x0000000719300000|100%| E|CS|TAMS 0x0000000719200000, 0x0000000719200000| Complete 
| 239|0x0000000719300000, 0x0000000719400000, 0x0000000719400000|100%| E|CS|TAMS 0x0000000719300000, 0x0000000719300000| Complete 
| 240|0x0000000719400000, 0x0000000719500000, 0x0000000719500000|100%| E|CS|TAMS 0x0000000719400000, 0x0000000719400000| Complete 
| 241|0x0000000719500000, 0x0000000719600000, 0x0000000719600000|100%| E|CS|TAMS 0x0000000719500000, 0x0000000719500000| Complete 
| 242|0x0000000719600000, 0x0000000719700000, 0x0000000719700000|100%| E|CS|TAMS 0x0000000719600000, 0x0000000719600000| Complete 
| 243|0x0000000719700000, 0x0000000719800000, 0x0000000719800000|100%| E|CS|TAMS 0x0000000719700000, 0x0000000719700000| Complete 
| 244|0x0000000719800000, 0x0000000719900000, 0x0000000719900000|100%| E|CS|TAMS 0x0000000719800000, 0x0000000719800000| Complete 
| 245|0x0000000719900000, 0x0000000719a00000, 0x0000000719a00000|100%| E|CS|TAMS 0x0000000719900000, 0x0000000719900000| Complete 

Card table byte_map: [0x000001f64a9d0000,0x000001f64b180000] _byte_map_base: 0x000001f64717e000

Marking Bits (Prev, Next): (CMBitMap*) 0x000001f6322a1530, (CMBitMap*) 0x000001f6322a14f8
 Prev Bits: [0x000001f64f6a0000, 0x000001f653410000)
 Next Bits: [0x000001f64b930000, 0x000001f64f6a0000)

Polling page: 0x000001f630050000

Metaspace:

Usage:
  Non-class:     23.76 MB capacity,    23.42 MB ( 99%) used,   282.76 KB (  1%) free+waste,    65.00 KB ( <1%) overhead. 
      Class:      2.97 MB capacity,     2.72 MB ( 92%) used,   221.84 KB (  7%) free+waste,    32.00 KB (  1%) overhead. 
       Both:     26.73 MB capacity,    26.15 MB ( 98%) used,   504.59 KB (  2%) free+waste,    97.00 KB ( <1%) overhead. 

Virtual space:
  Non-class space:       24.00 MB reserved,      23.92 MB (>99%) committed 
      Class space:        1.00 GB reserved,       3.00 MB ( <1%) committed 
             Both:        1.02 GB reserved,      26.92 MB (  3%) committed 

Chunk freelists:
   Non-Class:  36.00 KB
       Class:  28.00 KB
        Both:  64.00 KB

MaxMetaspaceSize: 17179869184.00 GB
CompressedClassSpaceSize: 1.00 GB
Initial GC threshold: 20.80 MB
Current GC threshold: 35.08 MB
CDS: off

CodeHeap 'non-profiled nmethods': size=119168Kb used=1424Kb max_used=1424Kb free=117743Kb
 bounds [0x000001f642530000, 0x000001f6427a0000, 0x000001f649990000]
CodeHeap 'profiled nmethods': size=119168Kb used=8374Kb max_used=8374Kb free=110793Kb
 bounds [0x000001f63b0d0000, 0x000001f63b900000, 0x000001f642530000]
CodeHeap 'non-nmethods': size=7424Kb used=1386Kb max_used=3081Kb free=6037Kb
 bounds [0x000001f63a990000, 0x000001f63aca0000, 0x000001f63b0d0000]
 total_blobs=4546 nmethods=3843 adapters=613
 compilation: enabled
              stopped_count=0, restarted_count=0
 full_count=0

Compilation events (20 events):
Event: 1117.360 Thread 0x000001f656e6b000 3831   !   3       sun.awt.image.SurfaceManager::setCacheData (53 bytes)
Event: 1117.360 Thread 0x000001f656e6b000 nmethod 3831 0x000001f63b8f8210 code [0x000001f63b8f8420, 0x000001f63b8f89b8]
Event: 1118.827 Thread 0x000001f656e6b000 3833       3       java.lang.invoke.StringConcatFactory$RecipeElement::getArgPos (27 bytes)
Event: 1118.827 Thread 0x000001f656e6b000 nmethod 3833 0x000001f63b8f8b90 code [0x000001f63b8f8d40, 0x000001f63b8f8e58]
Event: 1118.827 Thread 0x000001f656e6b000 3832       1       java.lang.ClassValue$ClassValueMap::getCache (5 bytes)
Event: 1118.827 Thread 0x000001f656e6b000 nmethod 3832 0x000001f642692c90 code [0x000001f642692e40, 0x000001f642692ef8]
Event: 1118.842 Thread 0x000001f656e6b000 3837       3       java.awt.Container::recursiveShowHeavyweightChildren (85 bytes)
Event: 1118.843 Thread 0x000001f656e6b000 nmethod 3837 0x000001f63b8f8f10 code [0x000001f63b8f9200, 0x000001f63b8fa598]
Event: 1118.843 Thread 0x000001f656e6b000 3838       3       sun.font.FileFontStrike::setCachedGlyphPtrInternal (269 bytes)
Event: 1118.844 Thread 0x000001f656e6b000 nmethod 3838 0x000001f63b8faa90 code [0x000001f63b8fad20, 0x000001f63b8fb9f8]
Event: 1118.846 Thread 0x000001f656e6b000 3839       3       sun.font.TrueTypeFont::getFamilyName (55 bytes)
Event: 1118.847 Thread 0x000001f656e6b000 nmethod 3839 0x000001f63b8fbf90 code [0x000001f63b8fc180, 0x000001f63b8fc488]
Event: 1118.881 Thread 0x000001f656e6b000 3840  s    3       sun.java2d.d3d.D3DScreenUpdateManager::startUpdateThread (38 bytes)
Event: 1118.881 Thread 0x000001f656e6b000 nmethod 3840 0x000001f63b8fc590 code [0x000001f63b8fc7e0, 0x000001f63b8fd3e8]
Event: 1118.884 Thread 0x000001f656e69800 3841       4       java.util.IdentityHashMap::clear (39 bytes)
Event: 1118.887 Thread 0x000001f656e69800 nmethod 3841 0x000001f642693890 code [0x000001f642693a20, 0x000001f642693cb8]
Event: 1119.133 Thread 0x000001f656e6b000 3842       3       java.awt.AWTEventMulticaster::<init> (15 bytes)
Event: 1119.134 Thread 0x000001f656e6b000 nmethod 3842 0x000001f63b8fd710 code [0x000001f63b8fd8c0, 0x000001f63b8fdad8]
Event: 1119.758 Thread 0x000001f656e6b000 3843       1       sun.awt.util.IdentityArrayList::size (5 bytes)
Event: 1119.759 Thread 0x000001f656e6b000 nmethod 3843 0x000001f642693d90 code [0x000001f642693f40, 0x000001f642693ff8]

GC Heap History (4 events):
Event: 1.235 GC heap before
{Heap before GC invocations=0 (full 0):
 garbage-first heap   total 251904K, used 39936K [0x000000070a400000, 0x0000000800000000)
  region size 1024K, 23 young (23552K), 0 survivors (0K)
 Metaspace       used 20679K, capacity 21124K, committed 21296K, reserved 1069056K
  class space    used 2120K, capacity 2345K, committed 2432K, reserved 1048576K
}
Event: 1.244 GC heap after
{Heap after GC invocations=1 (full 0):
 garbage-first heap   total 251904K, used 9734K [0x000000070a400000, 0x0000000800000000)
  region size 1024K, 3 young (3072K), 3 survivors (3072K)
 Metaspace       used 20679K, capacity 21124K, committed 21296K, reserved 1069056K
  class space    used 2120K, capacity 2345K, committed 2432K, reserved 1048576K
}
Event: 1.450 GC heap before
{Heap before GC invocations=2 (full 0):
 garbage-first heap   total 251904K, used 18950K [0x000000070a400000, 0x0000000800000000)
  region size 1024K, 12 young (12288K), 3 survivors (3072K)
 Metaspace       used 21596K, capacity 22090K, committed 22448K, reserved 1069056K
  class space    used 2223K, capacity 2456K, committed 2560K, reserved 1048576K
}
Event: 1.453 GC heap after
{Heap after GC invocations=3 (full 0):
 garbage-first heap   total 251904K, used 9057K [0x000000070a400000, 0x0000000800000000)
  region size 1024K, 2 young (2048K), 2 survivors (2048K)
 Metaspace       used 21596K, capacity 22090K, committed 22448K, reserved 1069056K
  class space    used 2223K, capacity 2456K, committed 2560K, reserved 1048576K
}

Deoptimization events (20 events):
Event: 36.766 Thread 0x000001f65df8a800 DEOPT PACKING pc=0x000001f6426651c8 sp=0x000000daae1fa940
Event: 36.766 Thread 0x000001f65df8a800 DEOPT UNPACKING pc=0x000001f63a9da1af sp=0x000000daae1fa8d8 mode 2
Event: 109.790 Thread 0x000001f65df8a800 Uncommon trap: trap_request=0xffffff4d fr.pc=0x000001f64265fbb8 relative=0x0000000000000fb8
Event: 109.790 Thread 0x000001f65df8a800 Uncommon trap: reason=unstable_if action=reinterpret pc=0x000001f64265fbb8 method=javax.swing.SwingUtilities.getValidateRoot(Ljava/awt/Container;Z)Ljava/awt/Container; @ 67 c2
Event: 109.790 Thread 0x000001f65df8a800 DEOPT PACKING pc=0x000001f64265fbb8 sp=0x000000daae1f47c0
Event: 109.790 Thread 0x000001f65df8a800 DEOPT UNPACKING pc=0x000001f63a9da1af sp=0x000000daae1f46c8 mode 2
Event: 434.360 Thread 0x000001f66766b800 Uncommon trap: trap_request=0xffffffdc fr.pc=0x000001f64268c2e4 relative=0x00000000000001a4
Event: 434.361 Thread 0x000001f66766b800 Uncommon trap: reason=class_check action=make_not_entrant pc=0x000001f64268c2e4 method=java.util.ArrayList.toArray([Ljava/lang/Object;)[Ljava/lang/Object; @ 21 c2
Event: 434.361 Thread 0x000001f66766b800 DEOPT PACKING pc=0x000001f64268c2e4 sp=0x000000dab22ff1e0
Event: 434.361 Thread 0x000001f66766b800 DEOPT UNPACKING pc=0x000001f63a9da1af sp=0x000000dab22ff1a0 mode 2
Event: 1117.335 Thread 0x000001f65df8a800 Uncommon trap: trap_request=0xffffffcc fr.pc=0x000001f64268cc94 relative=0x0000000000000354
Event: 1117.335 Thread 0x000001f65df8a800 Uncommon trap: reason=intrinsic_or_type_checked_inlining action=make_not_entrant pc=0x000001f64268cc94 method=java.util.ArrayList.toArray([Ljava/lang/Object;)[Ljava/lang/Object; @ 36 c2
Event: 1117.335 Thread 0x000001f65df8a800 DEOPT PACKING pc=0x000001f64268cc94 sp=0x000000daae1faad0
Event: 1117.335 Thread 0x000001f65df8a800 DEOPT UNPACKING pc=0x000001f63a9da1af sp=0x000000daae1faaa0 mode 2
Event: 1118.837 Thread 0x000001f65df8a800 Uncommon trap: trap_request=0xffffff4d fr.pc=0x000001f642681d30 relative=0x00000000000022b0
Event: 1118.837 Thread 0x000001f65df8a800 Uncommon trap: reason=unstable_if action=reinterpret pc=0x000001f642681d30 method=javax.swing.plaf.basic.BasicHTML.isHTMLString(Ljava/lang/String;)Z @ 1 c2
Event: 1118.837 Thread 0x000001f65df8a800 DEOPT PACKING pc=0x000001f642681d30 sp=0x000000daae1fb0f0
Event: 1118.837 Thread 0x000001f65df8a800 DEOPT UNPACKING pc=0x000001f63a9da1af sp=0x000000daae1fafe0 mode 2
Event: 1118.884 Thread 0x000001f65df8a800 DEOPT PACKING pc=0x000001f63b721fcb sp=0x000000daae1f7a80
Event: 1118.884 Thread 0x000001f65df8a800 DEOPT UNPACKING pc=0x000001f63a9da95e sp=0x000000daae1f6f10 mode 0

Classes redefined (0 events):
No events

Internal exceptions (20 events):
Event: 0.385 Thread 0x000001f63223b800 Exception <a 'java/lang/NoSuchMethodError'{0x000000071926d6f8}: 'java.lang.Object java.lang.invoke.DirectMethodHandle$Holder.invokeSpecial(java.lang.Object, java.lang.Object, int, java.lang.Object, java.lang.Object, java.lang.Object)'> (0x000000071926d6f8) thrown at [./src/hotspot/share/interpreter/linkResolver.cpp, line 773]
Event: 0.388 Thread 0x000001f63223b800 Exception <a 'java/lang/NoSuchMethodError'{0x0000000719285228}: 'java.lang.Object java.lang.invoke.DirectMethodHandle$Holder.invokeStatic(java.lang.Object, int, java.lang.Object)'> (0x0000000719285228) thrown at [./src/hotspot/share/interpreter/linkResolver.cpp, line 773]
Event: 0.407 Thread 0x000001f63223b800 Exception <a 'java/lang/ClassNotFoundException'{0x000000071912ffb8}: com/sun/swing/internal/plaf/metal/resources/spi/metalProvider> (0x000000071912ffb8) thrown at [./src/hotspot/share/classfile/systemDictionary.cpp, line 230]
Event: 0.409 Thread 0x000001f63223b800 Exception <a 'java/lang/ClassNotFoundException'{0x0000000719136520}: com/sun/swing/internal/plaf/basic/resources/spi/basicProvider> (0x0000000719136520) thrown at [./src/hotspot/share/classfile/systemDictionary.cpp, line 230]
Event: 0.448 Thread 0x000001f63223b800 Exception <a 'java/lang/NoSuchMethodError'{0x0000000719038d40}: 'int java.lang.invoke.DirectMethodHandle$Holder.invokeSpecialIFC(java.lang.Object, java.lang.Object, int)'> (0x0000000719038d40) thrown at [./src/hotspot/share/interpreter/linkResolver.cpp, line 773]
Event: 0.488 Thread 0x000001f63223b800 Exception <a 'java/lang/NoSuchMethodError'{0x0000000718f6b938}: 'java.lang.Object java.lang.invoke.DirectMethodHandle$Holder.invokeVirtual(java.lang.Object, java.lang.Object, java.lang.Object)'> (0x0000000718f6b938) thrown at [./src/hotspot/share/interpreter/linkResolver.cpp, line 773]
Event: 1.024 Thread 0x000001f63223b800 Implicit null exception at 0x000001f6425b149a to 0x000001f6425b17fc
Event: 1.218 Thread 0x000001f6574fa800 Exception <a 'java/lang/NoSuchMethodError'{0x000000071930a3e0}: 'void java.lang.invoke.DirectMethodHandle$Holder.invokeVirtual(java.lang.Object, java.lang.Object)'> (0x000000071930a3e0) thrown at [./src/hotspot/share/interpreter/linkResolver.cpp, line 773]
Event: 1.225 Thread 0x000001f63223b800 Exception <a 'java/lang/NoSuchMethodError'{0x00000007183c4e68}: 'void java.lang.invoke.DirectMethodHandle$Holder.invokeStaticInit(java.lang.Object)'> (0x00000007183c4e68) thrown at [./src/hotspot/share/interpreter/linkResolver.cpp, line 773]
Event: 1.233 Thread 0x000001f63223b800 Exception <a 'java/io/FileNotFoundException'{0x00000007183d3328}> (0x00000007183d3328) thrown at [./src/hotspot/share/prims/jni.cpp, line 617]
Event: 1.233 Thread 0x000001f63223b800 Exception <a 'java/security/PrivilegedActionException'{0x00000007183d3ba0}> (0x00000007183d3ba0) thrown at [./src/hotspot/share/prims/jvm.cpp, line 1306]
Event: 1.271 Thread 0x000001f63223b800 Exception <a 'java/lang/NoSuchMethodError'{0x00000007198cceb8}: 'java.lang.Object java.lang.invoke.DirectMethodHandle$Holder.invokeStatic(java.lang.Object, java.lang.Object, java.lang.Object, java.lang.Object, java.lang.Object, java.lang.Object, java.lang.Object, java.lang.Object, java.lang.Object, java.lang.Object, java.lang.Object, int)'> (0x00000007198cceb8) thrown at [./src/hotspot/share/interpreter/linkResolver.cpp, line 773]
Event: 1.272 Thread 0x000001f63223b800 Exception <a 'java/lang/NoSuchMethodError'{0x00000007198eb0e0}: 'java.lang.Object java.lang.invoke.DirectMethodHandle$Holder.invokeStatic(java.lang.Object, java.lang.Object, java.lang.Object, java.lang.Object, java.lang.Object, java.lang.Object, java.lang.Object, java.lang.Object, java.lang.Object, java.lang.Object, java.lang.Object, int, int)'> (0x00000007198eb0e0) thrown at [./src/hotspot/share/interpreter/linkResolver.cpp, line 773]
Event: 1.274 Thread 0x000001f63223b800 Exception <a 'java/lang/NoSuchMethodError'{0x000000071970a530}: 'java.lang.Object java.lang.invoke.DirectMethodHandle$Holder.invokeStatic(java.lang.Object, java.lang.Object, java.lang.Object, java.lang.Object, java.lang.Object, java.lang.Object, java.lang.Object, java.lang.Object, java.lang.Object, java.lang.Object, java.lang.Object, int, int, java.lang.Object)'> (0x000000071970a530) thrown at [./src/hotspot/share/interpreter/linkResolver.cpp, line 773]
Event: 1.275 Thread 0x000001f63223b800 Exception <a 'java/lang/NoSuchMethodError'{0x0000000719716588}: 'java.lang.Object java.lang.invoke.Invokers$Holder.linkToTargetMethod(java.lang.Object, int, java.lang.Object)'> (0x0000000719716588) thrown at [./src/hotspot/share/interpreter/linkResolver.cpp, line 773]
Event: 1.302 Thread 0x000001f63223b800 Exception <a 'java/lang/NoSuchMethodError'{0x000000071978c1e0}: 'java.lang.Object java.lang.invoke.DirectMethodHandle$Holder.invokeStatic(java.lang.Object, java.lang.Object, java.lang.Object, java.lang.Object, java.lang.Object, java.lang.Object, java.lang.Object, java.lang.Object, java.lang.Object, java.lang.Object, java.lang.Object, int, int, java.lang.Object, java.lang.Object)'> (0x000000071978c1e0) thrown at [./src/hotspot/share/interpreter/linkResolver.cpp, line 773]
Event: 1.520 Thread 0x000001f65df8a800 Implicit null exception at 0x000001f6425d9e3c to 0x000001f6425da06c
Event: 1.521 Thread 0x000001f65df8a800 Implicit null exception at 0x000001f6425da620 to 0x000001f6425da854
Event: 1117.349 Thread 0x000001f65df8a800 Exception <a 'java/lang/NoSuchMethodError'{0x0000000718611e20}: 'void java.lang.invoke.DirectMethodHandle$Holder.invokeStaticInit(java.lang.Object, java.lang.Object)'> (0x0000000718611e20) thrown at [./src/hotspot/share/interpreter/linkResolver.cpp, line 773]
Event: 1118.837 Thread 0x000001f65df8a800 Implicit null exception at 0x000001f64267fefe to 0x000001f642681d10

Events (20 events):
Event: 1118.839 Executing VM operation: RevokeBias
Event: 1118.839 Executing VM operation: RevokeBias done
Event: 1118.840 Executing VM operation: RevokeBias
Event: 1118.840 Executing VM operation: RevokeBias done
Event: 1118.842 loading class javax/swing/plaf/basic/BasicOptionPaneUI$Actions
Event: 1118.842 loading class javax/swing/plaf/basic/BasicOptionPaneUI$Actions done
Event: 1118.842 loading class javax/swing/plaf/basic/BasicLookAndFeel$AudioAction
Event: 1118.842 loading class javax/sound/sampled/LineListener
Event: 1118.842 loading class javax/sound/sampled/LineListener done
Event: 1118.842 loading class javax/swing/plaf/basic/BasicLookAndFeel$AudioAction done
Event: 1118.845 loading class java/awt/GridBagLayoutInfo
Event: 1118.845 loading class java/awt/GridBagLayoutInfo done
Event: 1118.850 loading class javax/swing/JOptionPane$1
Event: 1118.850 loading class javax/swing/JOptionPane$1 done
Event: 1118.850 loading class javax/swing/JOptionPane$2
Event: 1118.851 loading class javax/swing/JOptionPane$2 done
Event: 1118.851 loading class javax/swing/JOptionPane$3
Event: 1118.851 loading class javax/swing/JOptionPane$3 done
Event: 1118.869 Executing VM operation: RevokeBias
Event: 1118.869 Executing VM operation: RevokeBias done


Dynamic libraries:
0x00007ff653260000 - 0x00007ff65326d000 	C:\Program Files\Microsoft\jdk-11.0.16.101-hotspot\bin\java.exe
0x00007ffc88ed0000 - 0x00007ffc890e7000 	C:\WINDOWS\SYSTEM32\ntdll.dll
0x00007ffc88510000 - 0x00007ffc885d4000 	C:\WINDOWS\System32\KERNEL32.DLL
0x00007ffc86450000 - 0x00007ffc867f7000 	C:\WINDOWS\System32\KERNELBASE.dll
0x00007ffc86a30000 - 0x00007ffc86b41000 	C:\WINDOWS\System32\ucrtbase.dll
0x00007ffc82000000 - 0x00007ffc82015000 	C:\Program Files\Microsoft\jdk-11.0.16.101-hotspot\bin\VCRUNTIME140.dll
0x00007ffc82020000 - 0x00007ffc82037000 	C:\Program Files\Microsoft\jdk-11.0.16.101-hotspot\bin\jli.dll
0x00007ffc88980000 - 0x00007ffc88b2e000 	C:\WINDOWS\System32\USER32.dll
0x00007ffc86b50000 - 0x00007ffc86b76000 	C:\WINDOWS\System32\win32u.dll
0x00007ffc877f0000 - 0x00007ffc87819000 	C:\WINDOWS\System32\GDI32.dll
0x00007ffc6ef60000 - 0x00007ffc6f1f3000 	C:\WINDOWS\WinSxS\amd64_microsoft.windows.common-controls_6595b64144ccf1df_6.0.22621.3527_none_270e469b73872a76\COMCTL32.dll
0x00007ffc86800000 - 0x00007ffc86919000 	C:\WINDOWS\System32\gdi32full.dll
0x00007ffc87f20000 - 0x00007ffc87fc7000 	C:\WINDOWS\System32\msvcrt.dll
0x00007ffc86990000 - 0x00007ffc86a2a000 	C:\WINDOWS\System32\msvcp_win.dll
0x00007ffc88740000 - 0x00007ffc88771000 	C:\WINDOWS\System32\IMM32.DLL
0x00007ffc78800000 - 0x00007ffc7889b000 	C:\Program Files\Microsoft\jdk-11.0.16.101-hotspot\bin\msvcp140.dll
0x00007ffc06830000 - 0x00007ffc073ba000 	C:\Program Files\Microsoft\jdk-11.0.16.101-hotspot\bin\server\jvm.dll
0x00007ffc87e60000 - 0x00007ffc87f12000 	C:\WINDOWS\System32\ADVAPI32.dll
0x00007ffc88de0000 - 0x00007ffc88e88000 	C:\WINDOWS\System32\sechost.dll
0x00007ffc86420000 - 0x00007ffc86448000 	C:\WINDOWS\System32\bcrypt.dll
0x00007ffc88780000 - 0x00007ffc88895000 	C:\WINDOWS\System32\RPCRT4.dll
0x00007ffc87fd0000 - 0x00007ffc87fd8000 	C:\WINDOWS\System32\PSAPI.DLL
0x00007ffc7cf70000 - 0x00007ffc7cf7a000 	C:\WINDOWS\SYSTEM32\VERSION.dll
0x00007ffc74c60000 - 0x00007ffc74c69000 	C:\WINDOWS\SYSTEM32\WSOCK32.dll
0x00007ffc813d0000 - 0x00007ffc81404000 	C:\WINDOWS\SYSTEM32\WINMM.dll
0x00007ffc87d90000 - 0x00007ffc87e01000 	C:\WINDOWS\System32\WS2_32.dll
0x00007ffc851b0000 - 0x00007ffc851c8000 	C:\WINDOWS\SYSTEM32\kernel.appcore.dll
0x00007ffc81600000 - 0x00007ffc81610000 	C:\Program Files\Microsoft\jdk-11.0.16.101-hotspot\bin\verify.dll
0x00007ffc835a0000 - 0x00007ffc837d3000 	C:\WINDOWS\SYSTEM32\DBGHELP.DLL
0x00007ffc86c00000 - 0x00007ffc86f88000 	C:\WINDOWS\System32\combase.dll
0x00007ffc87a90000 - 0x00007ffc87b67000 	C:\WINDOWS\System32\OLEAUT32.dll
0x00007ffc7dff0000 - 0x00007ffc7e022000 	C:\WINDOWS\SYSTEM32\dbgcore.DLL
0x00007ffc86b80000 - 0x00007ffc86bf9000 	C:\WINDOWS\System32\bcryptPrimitives.dll
0x00007ffc815d0000 - 0x00007ffc815f8000 	C:\Program Files\Microsoft\jdk-11.0.16.101-hotspot\bin\java.dll
0x00007ffc81540000 - 0x00007ffc8154a000 	C:\Program Files\Microsoft\jdk-11.0.16.101-hotspot\bin\jimage.dll
0x00007ffc788f0000 - 0x00007ffc788fe000 	C:\Program Files\Microsoft\jdk-11.0.16.101-hotspot\bin\instrument.dll
0x00007ffc7aa60000 - 0x00007ffc7aa78000 	C:\Program Files\Microsoft\jdk-11.0.16.101-hotspot\bin\zip.dll
0x00007ffc86f90000 - 0x00007ffc877ec000 	C:\WINDOWS\System32\SHELL32.dll
0x00007ffc84130000 - 0x00007ffc84a26000 	C:\WINDOWS\SYSTEM32\windows.storage.dll
0x00007ffc83ff0000 - 0x00007ffc8412e000 	C:\WINDOWS\SYSTEM32\wintypes.dll
0x00007ffc87900000 - 0x00007ffc879f5000 	C:\WINDOWS\System32\SHCORE.dll
0x00007ffc878a0000 - 0x00007ffc878fe000 	C:\WINDOWS\System32\shlwapi.dll
0x00007ffc86120000 - 0x00007ffc86141000 	C:\WINDOWS\SYSTEM32\profapi.dll
0x00007ffc788d0000 - 0x00007ffc788e9000 	C:\Program Files\Microsoft\jdk-11.0.16.101-hotspot\bin\net.dll
0x00007ffc81b60000 - 0x00007ffc81c96000 	C:\WINDOWS\SYSTEM32\WINHTTP.dll
0x00007ffc85680000 - 0x00007ffc856e9000 	C:\WINDOWS\system32\mswsock.dll
0x00007ffc786a0000 - 0x00007ffc786b3000 	C:\Program Files\Microsoft\jdk-11.0.16.101-hotspot\bin\nio.dll
0x00007ffc78680000 - 0x00007ffc7869a000 	D:\IntelliJ IDEA 2024.1\bin\breakgen64.dll
0x00007ffc39110000 - 0x00007ffc392aa000 	C:\Program Files\Microsoft\jdk-11.0.16.101-hotspot\bin\awt.dll
0x00007ffc812f0000 - 0x00007ffc81387000 	C:\WINDOWS\SYSTEM32\apphelp.dll
0x00007ffc82f90000 - 0x00007ffc82fbb000 	C:\WINDOWS\system32\DWMAPI.DLL
0x00007ffc82c50000 - 0x00007ffc82cfb000 	C:\WINDOWS\system32\uxtheme.dll
0x00007ffc18570000 - 0x00007ffc18670000 	C:\WINDOWS\system32\opengl32.dll
0x00007ffc18080000 - 0x00007ffc180ad000 	C:\WINDOWS\SYSTEM32\GLU32.dll
0x00007ffc82d50000 - 0x00007ffc82d89000 	C:\WINDOWS\SYSTEM32\dxcore.dll
0x00007ffc23430000 - 0x00007ffc23569000 	C:\ProgramData\A-Volute\A-Volute.Nahimic\Modules\Scheduled\x64\AudioDevProps2.dll
0x00007ffc88b30000 - 0x00007ffc88cd5000 	C:\WINDOWS\System32\ole32.dll
0x00007ffc1c100000 - 0x00007ffc1c15e000 	C:\Program Files\Huawei\PCManager\plugins\PerfWndMonModule.dll
0x00007ffc885e0000 - 0x00007ffc88733000 	C:\WINDOWS\System32\MSCTF.dll
0x00007ffc4f910000 - 0x00007ffc4fab9000 	C:\WINDOWS\system32\d3d9.dll
0x00007ffc65b10000 - 0x00007ffc65ccb000 	C:\WINDOWS\System32\DriverStore\FileRepository\u0382235.inf_amd64_b4528a09fd282d3c\B382066\aticfx64.dll
0x00007ffc5b0f0000 - 0x00007ffc5b124000 	C:\WINDOWS\System32\DriverStore\FileRepository\u0382235.inf_amd64_b4528a09fd282d3c\B382066\atiu9p64.dll
0x00007ffc34ea0000 - 0x00007ffc35bf5000 	C:\WINDOWS\System32\DriverStore\FileRepository\u0382235.inf_amd64_b4528a09fd282d3c\B382066\atiumd64.dll
0x000000006dc90000 - 0x000000006ebb6000 	C:\WINDOWS\System32\DriverStore\FileRepository\u0382235.inf_amd64_b4528a09fd282d3c\B382066\atiumd6a.dll
0x00007ffc88020000 - 0x00007ffc88494000 	C:\WINDOWS\System32\SETUPAPI.dll
0x00007ffc85f00000 - 0x00007ffc85f4d000 	C:\WINDOWS\SYSTEM32\POWRPROF.dll
0x00007ffc85e30000 - 0x00007ffc85e43000 	C:\WINDOWS\SYSTEM32\UMPDC.dll
0x00007ffc65d40000 - 0x00007ffc65d75000 	C:\WINDOWS\SYSTEM32\amdihk64.dll
0x00007ffc781f0000 - 0x00007ffc7823a000 	C:\WINDOWS\SYSTEM32\directxdatabasehelper.dll
0x00007ffc78640000 - 0x00007ffc7864e000 	C:\Program Files\Microsoft\jdk-11.0.16.101-hotspot\bin\sunmscapi.dll
0x00007ffc861f0000 - 0x00007ffc86357000 	C:\WINDOWS\System32\CRYPT32.dll
0x00007ffc85b10000 - 0x00007ffc85b3e000 	C:\WINDOWS\SYSTEM32\ncrypt.dll
0x00007ffc85ad0000 - 0x00007ffc85b07000 	C:\WINDOWS\SYSTEM32\NTASN1.dll
0x00007ffc78610000 - 0x00007ffc78635000 	C:\Program Files\Microsoft\jdk-11.0.16.101-hotspot\bin\sunec.dll
0x00007ffbfaa80000 - 0x00007ffbfd8bd000 	D:\IntelliJ_code\HRMS\ArcFace\WIN64\libarcsoft_face.dll
0x00007ffc48c40000 - 0x00007ffc48d2f000 	C:\WINDOWS\SYSTEM32\MSVCR120.dll
0x00007ffc69ab0000 - 0x00007ffc69b56000 	C:\WINDOWS\SYSTEM32\MSVCP120.dll
0x00007ffc78530000 - 0x00007ffc785af000 	D:\IntelliJ_code\HRMS\ArcFace\WIN64\libarcsoft_face_engine.dll
0x00007ffc884a0000 - 0x00007ffc88501000 	C:\WINDOWS\System32\WLDAP32.dll
0x00007ffc84c90000 - 0x00007ffc84cbd000 	C:\WINDOWS\SYSTEM32\IPHLPAPI.DLL
0x00007ffc785e0000 - 0x00007ffc78605000 	D:\IntelliJ_code\HRMS\ArcFace\WIN64\libarcsoft_face_engine_jni.dll
0x00007ffc888a0000 - 0x00007ffc888a9000 	C:\WINDOWS\System32\NSI.dll
0x00007ffc81a00000 - 0x00007ffc81a1f000 	C:\WINDOWS\SYSTEM32\dhcpcsvc.DLL
0x00007ffc699a0000 - 0x00007ffc699e1000 	C:\Program Files\Microsoft\jdk-11.0.16.101-hotspot\bin\lcms.dll
0x00007ffc46ba0000 - 0x00007ffc46c23000 	C:\Program Files\Microsoft\jdk-11.0.16.101-hotspot\bin\freetype.dll
0x00007ffc44110000 - 0x00007ffc441b5000 	C:\Program Files\Microsoft\jdk-11.0.16.101-hotspot\bin\fontmanager.dll
0x00007ffc888d0000 - 0x00007ffc88980000 	C:\WINDOWS\System32\clbcatq.dll
0x00007ffc82990000 - 0x00007ffc82b40000 	C:\WINDOWS\SYSTEM32\WindowsCodecs.dll
0x00007ffc75f70000 - 0x00007ffc75fce000 	C:\WINDOWS\system32\dataexchange.dll
0x00007ffc66010000 - 0x00007ffc6629b000 	C:\WINDOWS\system32\twinapi.appcore.dll
0x00007ffc7ae60000 - 0x00007ffc7afab000 	C:\WINDOWS\SYSTEM32\textinputframework.dll
0x00007ffc728d0000 - 0x00007ffc72939000 	C:\WINDOWS\system32\Oleacc.dll
0x00007ffc6bad0000 - 0x00007ffc6bb1b000 	C:\WINDOWS\system32\ApplicationTargetedFeatureDatabase.dll
0x00007ffc80e60000 - 0x00007ffc80f93000 	C:\WINDOWS\SYSTEM32\CoreMessaging.dll
0x00007ffc677c0000 - 0x00007ffc67b2c000 	C:\WINDOWS\SYSTEM32\CoreUIComponents.dll
0x00007ffc858e0000 - 0x00007ffc858ec000 	C:\WINDOWS\SYSTEM32\CRYPTBASE.DLL
0x00007ffc38c10000 - 0x00007ffc39093000 	C:\WINDOWS\system32\SogouTSF.ime
0x00007ffc730b0000 - 0x00007ffc730b7000 	C:\WINDOWS\system32\MSIMG32.dll
0x00007ffc37d70000 - 0x00007ffc38c06000 	C:\WINDOWS\system32\SogouPY.ime
0x00007ffc85230000 - 0x00007ffc85264000 	C:\WINDOWS\SYSTEM32\ntmarta.dll
0x00007ffc39570000 - 0x00007ffc39615000 	D:\SogouInput\Components\IChat\1.0.1.330\ichat_bundle64.dll
0x00007ffc85780000 - 0x00007ffc857a8000 	C:\WINDOWS\SYSTEM32\USERENV.dll
0x0000000010000000 - 0x000000001059c000 	D:\SogouInput\14.4.0.9382\Resource.dll
0x00007ffc36f70000 - 0x00007ffc3720e000 	D:\SogouInput\Components\PicFace\1.1.0.2129\PicFace64.dll
0x00007ffc88ce0000 - 0x00007ffc88dd7000 	C:\WINDOWS\System32\COMDLG32.dll
0x00007ffc60670000 - 0x00007ffc60720000 	C:\WINDOWS\SYSTEM32\TextShaping.dll

dbghelp: loaded successfully - version: 4.0.5 - missing functions: none
symbol engine: initialized successfully - sym options: 0x614 - pdb path: .;C:\Program Files\Microsoft\jdk-11.0.16.101-hotspot\bin;C:\WINDOWS\SYSTEM32;C:\WINDOWS\WinSxS\amd64_microsoft.windows.common-controls_6595b64144ccf1df_6.0.22621.3527_none_270e469b73872a76;C:\Program Files\Microsoft\jdk-11.0.16.101-hotspot\bin\server;D:\IntelliJ IDEA 2024.1\bin;C:\ProgramData\A-Volute\A-Volute.Nahimic\Modules\Scheduled\x64;C:\Program Files\Huawei\PCManager\plugins;C:\WINDOWS\System32\DriverStore\FileRepository\u0382235.inf_amd64_b4528a09fd282d3c\B382066;D:\IntelliJ_code\HRMS\ArcFace\WIN64;D:\SogouInput\Components\IChat\1.0.1.330;D:\SogouInput\14.4.0.9382;D:\SogouInput\Components\PicFace\1.1.0.2129

VM Arguments:
jvm_args: -javaagent:D:\IntelliJ IDEA 2024.1\lib\idea_rt.jar=31478:D:\IntelliJ IDEA 2024.1\bin -Dfile.encoding=UTF-8 
java_command: hrms.ZMGFH.Main.main
java_class_path (initial): D:\IntelliJ_code\HRMS\out\production\HRMS;D:\IntelliJ_code\HRMS\ArcFace\arcsoft-sdk-face-3.0.0.0.jar;D:\IntelliJ_code\HRMS\MySQL\mysql-connector-java-8.0.23.jar;D:\IntelliJ_code\HRMS\lib_camera\bridj-0.6.2.jar;D:\IntelliJ_code\HRMS\lib_camera\log4j-1.2.12.jar;D:\IntelliJ_code\HRMS\lib_camera\slf4j-api-1.7.9.jar;D:\IntelliJ_code\HRMS\lib_camera\slf4j-log4j12-1.7.9.jar;D:\IntelliJ_code\HRMS\lib_camera\webcam-capture-0.3.10.jar
Launcher Type: SUN_STANDARD

[Global flags]
     intx CICompilerCount                          = 12                                        {product} {ergonomic}
     uint ConcGCThreads                            = 3                                         {product} {ergonomic}
     uint G1ConcRefinementThreads                  = 13                                        {product} {ergonomic}
   size_t G1HeapRegionSize                         = 1048576                                   {product} {ergonomic}
    uintx GCDrainStackTargetSize                   = 64                                        {product} {ergonomic}
   size_t InitialHeapSize                          = 257949696                                 {product} {ergonomic}
   size_t MarkStackSize                            = 4194304                                   {product} {ergonomic}
   size_t MaxHeapSize                              = 4123000832                                {product} {ergonomic}
   size_t MaxNewSize                               = 2473590784                                {product} {ergonomic}
   size_t MinHeapDeltaBytes                        = 1048576                                   {product} {ergonomic}
    uintx NonNMethodCodeHeapSize                   = 7594288                                {pd product} {ergonomic}
    uintx NonProfiledCodeHeapSize                  = 122031976                              {pd product} {ergonomic}
    uintx ProfiledCodeHeapSize                     = 122031976                              {pd product} {ergonomic}
    uintx ReservedCodeCacheSize                    = 251658240                              {pd product} {ergonomic}
     bool SegmentedCodeCache                       = true                                      {product} {ergonomic}
     bool UseCompressedClassPointers               = true                                 {lp64_product} {ergonomic}
     bool UseCompressedOops                        = true                                 {lp64_product} {ergonomic}
     bool UseG1GC                                  = true                                      {product} {ergonomic}
     bool UseLargePagesIndividualAllocation        = false                                  {pd product} {ergonomic}

Logging:
Log output configuration:
 #0: stdout all=warning uptime,level,tags
 #1: stderr all=off uptime,level,tags

Environment Variables:
PATH=C:\Program Files (x86)\Common Files\Oracle\Java\java8path;C:\Program Files (x86)\Common Files\Oracle\Java\javapath;D:\VMware\bin\;C:\Program Files\Microsoft\jdk-11.0.16.101-hotspot\bin;C:\WINDOWS\system32;C:\WINDOWS;C:\WINDOWS\System32\Wbem;C:\WINDOWS\System32\WindowsPowerShell\v1.0\;C:\WINDOWS\System32\OpenSSH\;D:\BandZip\Bandizip\;C:\Program Files\Microsoft SQL Server\150\Tools\Binn\;C:\Program Files\Microsoft SQL Server\Client SDK\ODBC\170\Tools\Binn\;C:\Program Files\dotnet\;C:\Program Files (x86)\Windows Kits\10\Windows Performance Toolkit\;D:\MySQL\MySQL Server 8.0\bin;D:\Git\cmd;D:\Python\Scripts\;D:\Python\;C:\Users\\AppData\Local\Microsoft\WindowsApps;C:\Users\\.dotnet\tools;D:\VScode\Microsoft VS Code\bin;D:\MinGW\MinGW\bin;D:\CLion 2023.2.1\bin;;D:\OpenCV\opencv\build\x64\vc16\bin;;D:\IntelliJ IDEA 2024.1\bin;
USERNAME=
OS=Windows_NT
PROCESSOR_IDENTIFIER=AMD64 Family 23 Model 104 Stepping 1, AuthenticAMD
TMP=C:\Users\\AppData\Local\Temp
TEMP=C:\Users\\AppData\Local\Temp



---------------  S Y S T E M  ---------------

OS: Windows 11 , 64 bit Build 22621 (10.0.22621.3527)
OS uptime: 14 days 1:06 hours

CPU:total 16 (initial active 16) (16 cores per cpu, 2 threads per core) family 23 model 104 stepping 1 microcode 0x0, cmov, cx8, fxsr, mmx, sse, sse2, sse3, ssse3, sse4.1, sse4.2, popcnt, avx, avx2, aes, clmul, mmxext, 3dnowpref, lzcnt, sse4a, ht, tsc, tscinvbit, tscinv, bmi1, bmi2, adx, sha, fma

Memory: 4k page, system-wide physical 15722M (6525M free)
TotalPageFile size 20074M (AvailPageFile size 6361M)
current process WorkingSet (physical memory assigned to process): 260M, peak: 329M
current process commit charge ("private bytes"): 508M, peak: 679M

vm_info: OpenJDK 64-Bit Server VM (11.0.16.1+1-LTS) for windows-amd64 JRE (11.0.16.1+1-LTS), built on Aug 20 2022 20:09:04 by "" with MS VC++ 15.9 (VS2017)

END.
