#
# A fatal error has been detected by the Java Runtime Environment:
#
#  EXCEPTION_ACCESS_VIOLATION (0xc0000005) at pc=0x00007ffbc5823843, pid=17992, tid=5332
#
# JRE version: OpenJDK Runtime Environment Microsoft-40648 (11.0.16.1+1) (build 11.0.16.1+1-LTS)
# Java VM: OpenJDK 64-Bit Server VM Microsoft-40648 (11.0.16.1+1-LTS, mixed mode, tiered, compressed oops, g1 gc, windows-amd64)
# Problematic frame:
# C  [libarcsoft_face.dll+0x3843]
#
# No core dump will be written. Minidumps are not enabled by default on client versions of Windows
#
# If you would like to submit a bug report, please visit:
#   https://github.com/microsoft/openjdk/issues
# The crash happened outside the Java Virtual Machine in native code.
# See problematic frame for where to report the bug.
#

---------------  S U M M A R Y ------------

Command Line: -javaagent:D:\IntelliJ IDEA 2024.1\lib\idea_rt.jar=39253:D:\IntelliJ IDEA 2024.1\bin -Dfile.encoding=UTF-8 hrms.ZMGFH.Main.main

Host: AMD Ryzen 7 5700U with Radeon Graphics         , 16 cores, 15G,  Windows 11 , 64 bit Build 22621 (10.0.22621.3527)
Time: Fri Apr 26 17:10:58 2024  Windows 11 , 64 bit Build 22621 (10.0.22621.3527) elapsed time: 13.028381 seconds (0d 0h 0m 13s)

---------------  T H R E A D  ---------------

Current thread (0x0000018b618a2800):  JavaThread "AWT-EventQueue-0" [_thread_in_native, id=5332, stack(0x0000006777400000,0x0000006777500000)]

Stack: [0x0000006777400000,0x0000006777500000],  sp=0x00000067774fb880,  free space=1006k
Native frames: (J=compiled Java code, j=interpreted, Vv=VM code, C=native code)
C  [libarcsoft_face.dll+0x3843]

Java frames: (J=compiled Java code, j=interpreted, Vv=VM code)
j  com.arcsoft.face.FaceEngine.unInitFaceEngine(J)I+0
j  com.arcsoft.face.FaceEngine.unInit()I+14
j  hrms.ZMGFH.Service.FaceService.release()V+3
j  hrms.ZMGFH.Loading.Loading.release()V+0
j  hrms.ZMGFH.Interface.MainFrame$1.windowClosing(Ljava/awt/event/WindowEvent;)V+17
j  java.awt.Window.processWindowEvent(Ljava/awt/event/WindowEvent;)V+68 java.desktop@11.0.16.1
j  javax.swing.JFrame.processWindowEvent(Ljava/awt/event/WindowEvent;)V+2 java.desktop@11.0.16.1
j  java.awt.Window.processEvent(Ljava/awt/AWTEvent;)V+69 java.desktop@11.0.16.1
J 2474 c1 java.awt.Component.dispatchEventImpl(Ljava/awt/AWTEvent;)V java.desktop@11.0.16.1 (777 bytes) @ 0x0000018b3eaa483c [0x0000018b3eaa08a0+0x0000000000003f9c]
J 2318 c1 java.awt.Container.dispatchEventImpl(Ljava/awt/AWTEvent;)V java.desktop@11.0.16.1 (129 bytes) @ 0x0000018b3ea3981c [0x0000018b3ea396e0+0x000000000000013c]
J 2472 c1 java.awt.Window.dispatchEventImpl(Ljava/awt/AWTEvent;)V java.desktop@11.0.16.1 (23 bytes) @ 0x0000018b3ea9f24c [0x0000018b3ea9ec20+0x000000000000062c]
J 2351 c1 java.awt.EventQueue.dispatchEventImpl(Ljava/awt/AWTEvent;Ljava/lang/Object;)V java.desktop@11.0.16.1 (136 bytes) @ 0x0000018b3ea4c62c [0x0000018b3ea4c140+0x00000000000004ec]
J 2300 c1 java.awt.EventQueue$4.run()Ljava/lang/Void; java.desktop@11.0.16.1 (60 bytes) @ 0x0000018b3ea31dc4 [0x0000018b3ea31c80+0x0000000000000144]
J 2299 c1 java.awt.EventQueue$4.run()Ljava/lang/Object; java.desktop@11.0.16.1 (5 bytes) @ 0x0000018b3ea2f4c4 [0x0000018b3ea2f440+0x0000000000000084]
v  ~StubRoutines::call_stub
J 1997  java.security.AccessController.doPrivileged(Ljava/security/PrivilegedAction;Ljava/security/AccessControlContext;)Ljava/lang/Object; java.base@11.0.16.1 (0 bytes) @ 0x0000018b45ac66b6 [0x0000018b45ac6640+0x0000000000000076]
J 2372 c1 java.awt.EventQueue$5.run()Ljava/lang/Object; java.desktop@11.0.16.1 (5 bytes) @ 0x0000018b3ea5819c [0x0000018b3ea57e40+0x000000000000035c]
v  ~StubRoutines::call_stub
J 1997  java.security.AccessController.doPrivileged(Ljava/security/PrivilegedAction;Ljava/security/AccessControlContext;)Ljava/lang/Object; java.base@11.0.16.1 (0 bytes) @ 0x0000018b45ac66b6 [0x0000018b45ac6640+0x0000000000000076]
J 2295 c1 java.awt.EventQueue.dispatchEvent(Ljava/awt/AWTEvent;)V java.desktop@11.0.16.1 (80 bytes) @ 0x0000018b3ea2cd7c [0x0000018b3ea2c220+0x0000000000000b5c]
J 2304 c1 java.awt.EventDispatchThread.pumpOneEventForFilters(I)V java.desktop@11.0.16.1 (113 bytes) @ 0x0000018b3ea32b04 [0x0000018b3ea323a0+0x0000000000000764]
j  java.awt.EventDispatchThread.pumpEventsForFilter(ILjava/awt/Conditional;Ljava/awt/EventFilter;)V+35 java.desktop@11.0.16.1
j  java.awt.EventDispatchThread.pumpEventsForHierarchy(ILjava/awt/Conditional;Ljava/awt/Component;)V+11 java.desktop@11.0.16.1
j  java.awt.EventDispatchThread.pumpEvents(ILjava/awt/Conditional;)V+4 java.desktop@11.0.16.1
j  java.awt.EventDispatchThread.pumpEvents(Ljava/awt/Conditional;)V+3 java.desktop@11.0.16.1
j  java.awt.EventDispatchThread.run()V+9 java.desktop@11.0.16.1
v  ~StubRoutines::call_stub

siginfo: EXCEPTION_ACCESS_VIOLATION (0xc0000005), reading address 0x00000018000000b2


Register to memory mapping:

RIP=0x00007ffbc5823843 libarcsoft_face.dll
RAX=0x00007ffc490616b0 libarcsoft_face_engine_jni.dll
RBX=0x0000001800000001 is an unknown value
RCX=0x0000001800000001 is an unknown value
RDX=0x00000067774fb9c8 is pointing into the stack for thread: 0x0000018b618a2800
RSP=0x00000067774fb880 is pointing into the stack for thread: 0x0000018b618a2800
RBP=0x00000067774fb998 is pointing into the stack for thread: 0x0000018b618a2800
RSI=0x0 is NULL
RDI=0x00000000000001b8 is an unknown value
R8 =0x0000018b6142cd00 points into unknown readable memory: 0x0000001800000001 | 01 00 00 00 18 00 00 00
R9 =0x00000000000000dc is an unknown value
R10=0x0000018b3de7f748 is at code_begin+1000 in an Interpreter codelet
method entry point (kind = native)  [0x0000018b3de7f360, 0x0000018b3de7fe00]  2720 bytes
R11=0x0000000000000102 is an unknown value
R12=0x0 is NULL
R13={method} {0x0000018b6260a8d0} 'unInitFaceEngine' '(J)I' in 'com/arcsoft/face/FaceEngine'
R14=0x00000067774fb9c8 is pointing into the stack for thread: 0x0000018b618a2800
R15=0x0000018b618a2800 is a thread


Registers:
RAX=0x00007ffc490616b0, RBX=0x0000001800000001, RCX=0x0000001800000001, RDX=0x00000067774fb9c8
RSP=0x00000067774fb880, RBP=0x00000067774fb998, RSI=0x0000000000000000, RDI=0x00000000000001b8
R8 =0x0000018b6142cd00, R9 =0x00000000000000dc, R10=0x0000018b3de7f748, R11=0x0000000000000102
R12=0x0000000000000000, R13=0x0000018b6260a8c8, R14=0x00000067774fb9c8, R15=0x0000018b618a2800
RIP=0x00007ffbc5823843, EFLAGS=0x0000000000010246

Top of Stack: (sp=0x00000067774fb880)
0x00000067774fb880:   00000067000000b8 0000018b618a2800
0x00000067774fb890:   0000018b59fd22b8 0000018b618a2800
0x00000067774fb8a0:   0000018b6142cd00 00007ffc4d3664cb
0x00000067774fb8b0:   0000000000000001 00000000000001b8
0x00000067774fb8c0:   0000018b3de78e10 0000000700000000
0x00000067774fb8d0:   0000018b6260a8c8 00007ffc490616cd
0x00000067774fb8e0:   0000018b626388f8 0000018b618a2800
0x00000067774fb8f0:   000000080009a1e8 000000080009a1e8
0x00000067774fb900:   0000018b59fd22b8 0000018b3de7f777
0x00000067774fb910:   0000018b618a2b48 00000067774fb9c8
0x00000067774fb920:   0000018b6142cd00 0000000000000000
0x00000067774fb930:   0000000000000000 0000000000000000
0x00000067774fb940:   00000067774fbae8 0000018b3de8cbf2
0x00000067774fb950:   00000067774fb950 0000000000000000
0x00000067774fb960:   00000067774fb9c8 0000018b6260e500
0x00000067774fb970:   0000000000000000 000000070a6045d0 

Instructions: (pc=0x00007ffbc5823843)
0x00007ffbc5823743:   8b d6 48 8b cf e8 e3 f3 ff ff 85 c0 75 7b 80 bf
0x00007ffbc5823753:   b9 00 00 00 00 74 1f 48 8b 8f f0 00 00 00 48 8b
0x00007ffbc5823763:   01 ff 50 08 85 c0 75 61 8b d6 48 8b cf e8 9b f5
0x00007ffbc5823773:   ff ff 85 c0 75 53 80 bf ba 00 00 00 00 74 73 48
0x00007ffbc5823783:   8b 8f f8 00 00 00 48 8b 01 ff 50 08 85 c0 75 39
0x00007ffbc5823793:   b8 05 00 00 00 3b f0 0f 4f c6 48 63 c8 b8 04 00
0x00007ffbc58237a3:   00 00 48 f7 e1 48 c7 c1 ff ff ff ff 48 0f 40 c1
0x00007ffbc58237b3:   48 8b c8 e8 ad 73 08 00 48 89 87 48 02 00 00 48
0x00007ffbc58237c3:   85 c0 75 2e b8 04 00 00 00 48 8b 9c 24 80 00 00
0x00007ffbc58237d3:   00 48 8b b4 24 88 00 00 00 4c 8b 74 24 50 48 8b
0x00007ffbc58237e3:   bc 24 90 00 00 00 48 83 c4 58 41 5f 41 5d 41 5c
0x00007ffbc58237f3:   5d c3 48 8b 84 24 b8 00 00 00 48 89 38 33 c0 eb
0x00007ffbc5823803:   c8 b8 02 00 00 00 eb d1 b8 02 00 00 00 eb cf cc
0x00007ffbc5823813:   cc cc cc cc cc cc cc cc cc cc cc cc cc 40 53 48
0x00007ffbc5823823:   83 ec 20 48 8b d9 48 85 c9 75 09 8d 41 02 48 83
0x00007ffbc5823833:   c4 20 5b c3 48 89 74 24 30 33 f6 48 89 7c 24 38
0x00007ffbc5823843:   40 38 b1 b1 00 00 00 74 3f 48 8b 89 c8 00 00 00
0x00007ffbc5823853:   48 85 c9 0f 84 80 02 00 00 48 8b 01 ff 50 10 8b
0x00007ffbc5823863:   f8 85 c0 75 1b 48 8b 8b c8 00 00 00 48 85 c9 74
0x00007ffbc5823873:   08 48 8b 01 8d 56 01 ff 10 48 89 b3 c8 00 00 00
0x00007ffbc5823883:   85 ff 0f 85 94 02 00 00 40 38 b3 b0 00 00 00 74
0x00007ffbc5823893:   3f 48 8b 8b c0 00 00 00 48 85 c9 0f 84 38 02 00
0x00007ffbc58238a3:   00 48 8b 01 ff 50 10 8b f8 85 c0 75 1b 48 8b 8b
0x00007ffbc58238b3:   c0 00 00 00 48 85 c9 74 08 48 8b 01 8d 57 01 ff
0x00007ffbc58238c3:   10 48 89 b3 c0 00 00 00 85 ff 0f 85 4c 02 00 00
0x00007ffbc58238d3:   40 38 b3 b2 00 00 00 0f 84 b0 00 00 00 48 8b 8b
0x00007ffbc58238e3:   d0 00 00 00 48 85 c9 0f 84 ec 01 00 00 48 8b 01
0x00007ffbc58238f3:   ff 50 10 8b f8 85 c0 75 1b 48 8b 8b d0 00 00 00
0x00007ffbc5823903:   48 85 c9 74 08 48 8b 01 8d 57 01 ff 10 48 89 b3
0x00007ffbc5823913:   d0 00 00 00 85 ff 0f 85 00 02 00 00 48 8b 8b e8
0x00007ffbc5823923:   00 00 00 48 85 c9 0f 84 ad 01 00 00 48 8b 01 ff
0x00007ffbc5823933:   50 10 8b f8 85 c0 75 1b 48 8b 8b e8 00 00 00 48 


Stack slot to memory mapping:
stack at sp + 0 slots: 0x00000067000000b8 is an unknown value
stack at sp + 1 slots: 0x0000018b618a2800 is a thread
stack at sp + 2 slots: {method} {0x0000018b59fd22c0} 'release' '()V' in 'hrms/ZMGFH/Loading/Loading'
stack at sp + 3 slots: 0x0000018b618a2800 is a thread
stack at sp + 4 slots: 0x0000018b6142cd00 points into unknown readable memory: 0x0000001800000001 | 01 00 00 00 18 00 00 00
stack at sp + 5 slots: 0x00007ffc4d3664cb libarcsoft_face_engine.dll
stack at sp + 6 slots: 0x0000000000000001 is an unknown value
stack at sp + 7 slots: 0x00000000000001b8 is an unknown value


---------------  P R O C E S S  ---------------

Threads class SMR info:
_java_thread_list=0x0000018b5a6139e0, length=19, elements={
0x0000018b59a38000, 0x0000018b59a3b000, 0x0000018b5a34e800, 0x0000018b5a34f800,
0x0000018b5a354800, 0x0000018b5a378000, 0x0000018b5a379000, 0x0000018b5a37a000,
0x0000018b5a4e5000, 0x0000018b5a63f800, 0x0000018b5aa12000, 0x0000018b5a915000,
0x0000018b5a8f3800, 0x0000018b5ac84000, 0x0000018b618a2800, 0x0000018b3571b800,
0x0000018b61c3f800, 0x0000018b6204c000, 0x0000018b6184a800
}

Java Threads: ( => current thread )
  0x0000018b59a38000 JavaThread "Reference Handler" daemon [_thread_blocked, id=10984, stack(0x0000006776900000,0x0000006776a00000)]
  0x0000018b59a3b000 JavaThread "Finalizer" daemon [_thread_blocked, id=17592, stack(0x0000006776a00000,0x0000006776b00000)]
  0x0000018b5a34e800 JavaThread "Signal Dispatcher" daemon [_thread_blocked, id=14808, stack(0x0000006776b00000,0x0000006776c00000)]
  0x0000018b5a34f800 JavaThread "Attach Listener" daemon [_thread_blocked, id=2128, stack(0x0000006776c00000,0x0000006776d00000)]
  0x0000018b5a354800 JavaThread "Service Thread" daemon [_thread_blocked, id=23532, stack(0x0000006776d00000,0x0000006776e00000)]
  0x0000018b5a378000 JavaThread "C2 CompilerThread0" daemon [_thread_blocked, id=11068, stack(0x0000006776e00000,0x0000006776f00000)]
  0x0000018b5a379000 JavaThread "C1 CompilerThread0" daemon [_thread_blocked, id=3252, stack(0x0000006776f00000,0x0000006777000000)]
  0x0000018b5a37a000 JavaThread "Sweeper thread" daemon [_thread_blocked, id=15112, stack(0x0000006777000000,0x0000006777100000)]
  0x0000018b5a4e5000 JavaThread "Common-Cleaner" daemon [_thread_blocked, id=11404, stack(0x0000006777100000,0x0000006777200000)]
  0x0000018b5a63f800 JavaThread "Monitor Ctrl-Break" daemon [_thread_in_native, id=10824, stack(0x0000006777500000,0x0000006777600000)]
  0x0000018b5aa12000 JavaThread "Java2D Disposer" daemon [_thread_blocked, id=18240, stack(0x0000006777700000,0x0000006777800000)]
  0x0000018b5a915000 JavaThread "AWT-Shutdown" [_thread_blocked, id=23116, stack(0x0000006777800000,0x0000006777900000)]
  0x0000018b5a8f3800 JavaThread "AWT-Windows" daemon [_thread_in_native, id=22260, stack(0x0000006777900000,0x0000006777a00000)]
  0x0000018b5ac84000 JavaThread "mysql-cj-abandoned-connection-cleanup" daemon [_thread_blocked, id=11896, stack(0x0000006778600000,0x0000006778700000)]
=>0x0000018b618a2800 JavaThread "AWT-EventQueue-0" [_thread_in_native, id=5332, stack(0x0000006777400000,0x0000006777500000)]
  0x0000018b3571b800 JavaThread "DestroyJavaVM" [_thread_blocked, id=8280, stack(0x0000006776200000,0x0000006776300000)]
  0x0000018b61c3f800 JavaThread "D3D Screen Updater" daemon [_thread_blocked, id=11732, stack(0x000000677b700000,0x000000677b800000)]
  0x0000018b6204c000 JavaThread "TimerQueue" daemon [_thread_blocked, id=17872, stack(0x000000677ac00000,0x000000677ad00000)]
  0x0000018b6184a800 JavaThread "Image Fetcher 0" daemon [_thread_blocked, id=23204, stack(0x0000006778700000,0x0000006778800000)]

Other Threads:
  0x0000018b59a34800 VMThread "VM Thread" [stack: 0x0000006776800000,0x0000006776900000] [id=15068]
  0x0000018b5a640800 WatcherThread [stack: 0x0000006777600000,0x0000006777700000] [id=23332]
  0x0000018b35737000 GCTaskThread "GC Thread#0" [stack: 0x0000006776300000,0x0000006776400000] [id=22928]
  0x0000018b61cc7800 GCTaskThread "GC Thread#1" [stack: 0x000000677af00000,0x000000677b000000] [id=19156]
  0x0000018b61cc8800 GCTaskThread "GC Thread#2" [stack: 0x000000677b000000,0x000000677b100000] [id=4868]
  0x0000018b61cc9800 GCTaskThread "GC Thread#3" [stack: 0x000000677b100000,0x000000677b200000] [id=13524]
  0x0000018b61cca000 GCTaskThread "GC Thread#4" [stack: 0x000000677b200000,0x000000677b300000] [id=5108]
  0x0000018b61ccb000 GCTaskThread "GC Thread#5" [stack: 0x000000677b300000,0x000000677b400000] [id=23040]
  0x0000018b35791800 ConcurrentGCThread "G1 Main Marker" [stack: 0x0000006776400000,0x0000006776500000] [id=6448]
  0x0000018b35794800 ConcurrentGCThread "G1 Conc#0" [stack: 0x0000006776500000,0x0000006776600000] [id=16412]
  0x0000018b618e9800 ConcurrentGCThread "G1 Conc#1" [stack: 0x000000677b500000,0x000000677b600000] [id=4972]
  0x0000018b618ea800 ConcurrentGCThread "G1 Conc#2" [stack: 0x000000677b600000,0x000000677b700000] [id=16092]
  0x0000018b5991d000 ConcurrentGCThread "G1 Refine#0" [stack: 0x0000006776600000,0x0000006776700000] [id=14340]
  0x0000018b5a72c000 ConcurrentGCThread "G1 Refine#1" [stack: 0x000000677b400000,0x000000677b500000] [id=19524]
  0x0000018b5991e000 ConcurrentGCThread "G1 Young RemSet Sampling" [stack: 0x0000006776700000,0x0000006776800000] [id=7156]

Threads with active compile tasks:

VM state:not at safepoint (normal execution)

VM Mutex/Monitor currently owned by a thread: None

Heap address: 0x000000070a400000, size: 3932 MB, Compressed Oops mode: Zero based, Oop shift amount: 3
Narrow klass base: 0x0000000800000000, Narrow klass shift: 0
Compressed class space size: 1073741824 Address: 0x0000000800000000

Heap:
 garbage-first heap   total 251904K, used 14679K [0x000000070a400000, 0x0000000800000000)
  region size 1024K, 10 young (10240K), 4 survivors (4096K)
 Metaspace       used 24022K, capacity 24641K, committed 24752K, reserved 1071104K
  class space    used 2510K, capacity 2773K, committed 2816K, reserved 1048576K
Heap Regions: E=young(eden), S=young(survivor), O=old, HS=humongous(starts), HC=humongous(continues), CS=collection set, F=free, A=archive, TAMS=top-at-mark-start (previous, next)
|   0|0x000000070a400000, 0x000000070a500000, 0x000000070a500000|100%|HS|  |TAMS 0x000000070a400000, 0x000000070a400000| Complete 
|   1|0x000000070a500000, 0x000000070a600000, 0x000000070a600000|100%| O|  |TAMS 0x000000070a600000, 0x000000070a500000| Untracked 
|   2|0x000000070a600000, 0x000000070a700000, 0x000000070a700000|100%| O|  |TAMS 0x000000070a700000, 0x000000070a600000| Untracked 
|   3|0x000000070a700000, 0x000000070a7d2800, 0x000000070a800000| 82%| O|  |TAMS 0x000000070a7d2800, 0x000000070a700000| Untracked 
|   4|0x000000070a800000, 0x000000070a900000, 0x000000070a900000|100%|HS|  |TAMS 0x000000070a800000, 0x000000070a800000| Complete 
|   5|0x000000070a900000, 0x000000070aa00000, 0x000000070aa00000|100%|HS|  |TAMS 0x000000070a900000, 0x000000070a900000| Complete 
|   6|0x000000070aa00000, 0x000000070aa00000, 0x000000070ab00000|  0%| F|  |TAMS 0x000000070aa00000, 0x000000070aa00000| Untracked 
|   7|0x000000070ab00000, 0x000000070ab00000, 0x000000070ac00000|  0%| F|  |TAMS 0x000000070ab00000, 0x000000070ab00000| Untracked 
|   8|0x000000070ac00000, 0x000000070ac00000, 0x000000070ad00000|  0%| F|  |TAMS 0x000000070ac00000, 0x000000070ac00000| Untracked 
|   9|0x000000070ad00000, 0x000000070ad00000, 0x000000070ae00000|  0%| F|  |TAMS 0x000000070ad00000, 0x000000070ad00000| Untracked 
|  10|0x000000070ae00000, 0x000000070ae00000, 0x000000070af00000|  0%| F|  |TAMS 0x000000070ae00000, 0x000000070ae00000| Untracked 
|  11|0x000000070af00000, 0x000000070af00000, 0x000000070b000000|  0%| F|  |TAMS 0x000000070af00000, 0x000000070af00000| Untracked 
|  12|0x000000070b000000, 0x000000070b000000, 0x000000070b100000|  0%| F|  |TAMS 0x000000070b000000, 0x000000070b000000| Untracked 
|  13|0x000000070b100000, 0x000000070b100000, 0x000000070b200000|  0%| F|  |TAMS 0x000000070b100000, 0x000000070b100000| Untracked 
|  14|0x000000070b200000, 0x000000070b200000, 0x000000070b300000|  0%| F|  |TAMS 0x000000070b200000, 0x000000070b200000| Untracked 
|  15|0x000000070b300000, 0x000000070b300000, 0x000000070b400000|  0%| F|  |TAMS 0x000000070b300000, 0x000000070b300000| Untracked 
|  16|0x000000070b400000, 0x000000070b400000, 0x000000070b500000|  0%| F|  |TAMS 0x000000070b400000, 0x000000070b400000| Untracked 
|  17|0x000000070b500000, 0x000000070b500000, 0x000000070b600000|  0%| F|  |TAMS 0x000000070b500000, 0x000000070b500000| Untracked 
|  18|0x000000070b600000, 0x000000070b600000, 0x000000070b700000|  0%| F|  |TAMS 0x000000070b600000, 0x000000070b600000| Untracked 
|  19|0x000000070b700000, 0x000000070b700000, 0x000000070b800000|  0%| F|  |TAMS 0x000000070b700000, 0x000000070b700000| Untracked 
|  20|0x000000070b800000, 0x000000070b800000, 0x000000070b900000|  0%| F|  |TAMS 0x000000070b800000, 0x000000070b800000| Untracked 
|  21|0x000000070b900000, 0x000000070b900000, 0x000000070ba00000|  0%| F|  |TAMS 0x000000070b900000, 0x000000070b900000| Untracked 
|  22|0x000000070ba00000, 0x000000070ba00000, 0x000000070bb00000|  0%| F|  |TAMS 0x000000070ba00000, 0x000000070ba00000| Untracked 
|  23|0x000000070bb00000, 0x000000070bb00000, 0x000000070bc00000|  0%| F|  |TAMS 0x000000070bb00000, 0x000000070bb00000| Untracked 
|  24|0x000000070bc00000, 0x000000070bc00000, 0x000000070bd00000|  0%| F|  |TAMS 0x000000070bc00000, 0x000000070bc00000| Untracked 
|  25|0x000000070bd00000, 0x000000070bd00000, 0x000000070be00000|  0%| F|  |TAMS 0x000000070bd00000, 0x000000070bd00000| Untracked 
|  26|0x000000070be00000, 0x000000070be00000, 0x000000070bf00000|  0%| F|  |TAMS 0x000000070be00000, 0x000000070be00000| Untracked 
|  27|0x000000070bf00000, 0x000000070bf00000, 0x000000070c000000|  0%| F|  |TAMS 0x000000070bf00000, 0x000000070bf00000| Untracked 
|  28|0x000000070c000000, 0x000000070c000000, 0x000000070c100000|  0%| F|  |TAMS 0x000000070c000000, 0x000000070c000000| Untracked 
|  29|0x000000070c100000, 0x000000070c100000, 0x000000070c200000|  0%| F|  |TAMS 0x000000070c100000, 0x000000070c100000| Untracked 
|  30|0x000000070c200000, 0x000000070c200000, 0x000000070c300000|  0%| F|  |TAMS 0x000000070c200000, 0x000000070c200000| Untracked 
|  31|0x000000070c300000, 0x000000070c300000, 0x000000070c400000|  0%| F|  |TAMS 0x000000070c300000, 0x000000070c300000| Untracked 
|  32|0x000000070c400000, 0x000000070c400000, 0x000000070c500000|  0%| F|  |TAMS 0x000000070c400000, 0x000000070c400000| Untracked 
|  33|0x000000070c500000, 0x000000070c500000, 0x000000070c600000|  0%| F|  |TAMS 0x000000070c500000, 0x000000070c500000| Untracked 
|  34|0x000000070c600000, 0x000000070c600000, 0x000000070c700000|  0%| F|  |TAMS 0x000000070c600000, 0x000000070c600000| Untracked 
|  35|0x000000070c700000, 0x000000070c700000, 0x000000070c800000|  0%| F|  |TAMS 0x000000070c700000, 0x000000070c700000| Untracked 
|  36|0x000000070c800000, 0x000000070c800000, 0x000000070c900000|  0%| F|  |TAMS 0x000000070c800000, 0x000000070c800000| Untracked 
|  37|0x000000070c900000, 0x000000070c900000, 0x000000070ca00000|  0%| F|  |TAMS 0x000000070c900000, 0x000000070c900000| Untracked 
|  38|0x000000070ca00000, 0x000000070ca00000, 0x000000070cb00000|  0%| F|  |TAMS 0x000000070ca00000, 0x000000070ca00000| Untracked 
|  39|0x000000070cb00000, 0x000000070cb00000, 0x000000070cc00000|  0%| F|  |TAMS 0x000000070cb00000, 0x000000070cb00000| Untracked 
|  40|0x000000070cc00000, 0x000000070cc00000, 0x000000070cd00000|  0%| F|  |TAMS 0x000000070cc00000, 0x000000070cc00000| Untracked 
|  41|0x000000070cd00000, 0x000000070cd00000, 0x000000070ce00000|  0%| F|  |TAMS 0x000000070cd00000, 0x000000070cd00000| Untracked 
|  42|0x000000070ce00000, 0x000000070ce00000, 0x000000070cf00000|  0%| F|  |TAMS 0x000000070ce00000, 0x000000070ce00000| Untracked 
|  43|0x000000070cf00000, 0x000000070cf00000, 0x000000070d000000|  0%| F|  |TAMS 0x000000070cf00000, 0x000000070cf00000| Untracked 
|  44|0x000000070d000000, 0x000000070d000000, 0x000000070d100000|  0%| F|  |TAMS 0x000000070d000000, 0x000000070d000000| Untracked 
|  45|0x000000070d100000, 0x000000070d100000, 0x000000070d200000|  0%| F|  |TAMS 0x000000070d100000, 0x000000070d100000| Untracked 
|  46|0x000000070d200000, 0x000000070d200000, 0x000000070d300000|  0%| F|  |TAMS 0x000000070d200000, 0x000000070d200000| Untracked 
|  47|0x000000070d300000, 0x000000070d300000, 0x000000070d400000|  0%| F|  |TAMS 0x000000070d300000, 0x000000070d300000| Untracked 
|  48|0x000000070d400000, 0x000000070d400000, 0x000000070d500000|  0%| F|  |TAMS 0x000000070d400000, 0x000000070d400000| Untracked 
|  49|0x000000070d500000, 0x000000070d500000, 0x000000070d600000|  0%| F|  |TAMS 0x000000070d500000, 0x000000070d500000| Untracked 
|  50|0x000000070d600000, 0x000000070d600000, 0x000000070d700000|  0%| F|  |TAMS 0x000000070d600000, 0x000000070d600000| Untracked 
|  51|0x000000070d700000, 0x000000070d700000, 0x000000070d800000|  0%| F|  |TAMS 0x000000070d700000, 0x000000070d700000| Untracked 
|  52|0x000000070d800000, 0x000000070d800000, 0x000000070d900000|  0%| F|  |TAMS 0x000000070d800000, 0x000000070d800000| Untracked 
|  53|0x000000070d900000, 0x000000070d900000, 0x000000070da00000|  0%| F|  |TAMS 0x000000070d900000, 0x000000070d900000| Untracked 
|  54|0x000000070da00000, 0x000000070da00000, 0x000000070db00000|  0%| F|  |TAMS 0x000000070da00000, 0x000000070da00000| Untracked 
|  55|0x000000070db00000, 0x000000070db00000, 0x000000070dc00000|  0%| F|  |TAMS 0x000000070db00000, 0x000000070db00000| Untracked 
|  56|0x000000070dc00000, 0x000000070dc00000, 0x000000070dd00000|  0%| F|  |TAMS 0x000000070dc00000, 0x000000070dc00000| Untracked 
|  57|0x000000070dd00000, 0x000000070dd00000, 0x000000070de00000|  0%| F|  |TAMS 0x000000070dd00000, 0x000000070dd00000| Untracked 
|  58|0x000000070de00000, 0x000000070de00000, 0x000000070df00000|  0%| F|  |TAMS 0x000000070de00000, 0x000000070de00000| Untracked 
|  59|0x000000070df00000, 0x000000070df00000, 0x000000070e000000|  0%| F|  |TAMS 0x000000070df00000, 0x000000070df00000| Untracked 
|  60|0x000000070e000000, 0x000000070e000000, 0x000000070e100000|  0%| F|  |TAMS 0x000000070e000000, 0x000000070e000000| Untracked 
|  61|0x000000070e100000, 0x000000070e100000, 0x000000070e200000|  0%| F|  |TAMS 0x000000070e100000, 0x000000070e100000| Untracked 
|  62|0x000000070e200000, 0x000000070e200000, 0x000000070e300000|  0%| F|  |TAMS 0x000000070e200000, 0x000000070e200000| Untracked 
|  63|0x000000070e300000, 0x000000070e300000, 0x000000070e400000|  0%| F|  |TAMS 0x000000070e300000, 0x000000070e300000| Untracked 
|  64|0x000000070e400000, 0x000000070e400000, 0x000000070e500000|  0%| F|  |TAMS 0x000000070e400000, 0x000000070e400000| Untracked 
|  65|0x000000070e500000, 0x000000070e500000, 0x000000070e600000|  0%| F|  |TAMS 0x000000070e500000, 0x000000070e500000| Untracked 
|  66|0x000000070e600000, 0x000000070e600000, 0x000000070e700000|  0%| F|  |TAMS 0x000000070e600000, 0x000000070e600000| Untracked 
|  67|0x000000070e700000, 0x000000070e700000, 0x000000070e800000|  0%| F|  |TAMS 0x000000070e700000, 0x000000070e700000| Untracked 
|  68|0x000000070e800000, 0x000000070e800000, 0x000000070e900000|  0%| F|  |TAMS 0x000000070e800000, 0x000000070e800000| Untracked 
|  69|0x000000070e900000, 0x000000070e900000, 0x000000070ea00000|  0%| F|  |TAMS 0x000000070e900000, 0x000000070e900000| Untracked 
|  70|0x000000070ea00000, 0x000000070ea00000, 0x000000070eb00000|  0%| F|  |TAMS 0x000000070ea00000, 0x000000070ea00000| Untracked 
|  71|0x000000070eb00000, 0x000000070eb00000, 0x000000070ec00000|  0%| F|  |TAMS 0x000000070eb00000, 0x000000070eb00000| Untracked 
|  72|0x000000070ec00000, 0x000000070ec00000, 0x000000070ed00000|  0%| F|  |TAMS 0x000000070ec00000, 0x000000070ec00000| Untracked 
|  73|0x000000070ed00000, 0x000000070ed00000, 0x000000070ee00000|  0%| F|  |TAMS 0x000000070ed00000, 0x000000070ed00000| Untracked 
|  74|0x000000070ee00000, 0x000000070ee00000, 0x000000070ef00000|  0%| F|  |TAMS 0x000000070ee00000, 0x000000070ee00000| Untracked 
|  75|0x000000070ef00000, 0x000000070ef00000, 0x000000070f000000|  0%| F|  |TAMS 0x000000070ef00000, 0x000000070ef00000| Untracked 
|  76|0x000000070f000000, 0x000000070f000000, 0x000000070f100000|  0%| F|  |TAMS 0x000000070f000000, 0x000000070f000000| Untracked 
|  77|0x000000070f100000, 0x000000070f100000, 0x000000070f200000|  0%| F|  |TAMS 0x000000070f100000, 0x000000070f100000| Untracked 
|  78|0x000000070f200000, 0x000000070f200000, 0x000000070f300000|  0%| F|  |TAMS 0x000000070f200000, 0x000000070f200000| Untracked 
|  79|0x000000070f300000, 0x000000070f300000, 0x000000070f400000|  0%| F|  |TAMS 0x000000070f300000, 0x000000070f300000| Untracked 
|  80|0x000000070f400000, 0x000000070f400000, 0x000000070f500000|  0%| F|  |TAMS 0x000000070f400000, 0x000000070f400000| Untracked 
|  81|0x000000070f500000, 0x000000070f500000, 0x000000070f600000|  0%| F|  |TAMS 0x000000070f500000, 0x000000070f500000| Untracked 
|  82|0x000000070f600000, 0x000000070f600000, 0x000000070f700000|  0%| F|  |TAMS 0x000000070f600000, 0x000000070f600000| Untracked 
|  83|0x000000070f700000, 0x000000070f700000, 0x000000070f800000|  0%| F|  |TAMS 0x000000070f700000, 0x000000070f700000| Untracked 
|  84|0x000000070f800000, 0x000000070f800000, 0x000000070f900000|  0%| F|  |TAMS 0x000000070f800000, 0x000000070f800000| Untracked 
|  85|0x000000070f900000, 0x000000070f900000, 0x000000070fa00000|  0%| F|  |TAMS 0x000000070f900000, 0x000000070f900000| Untracked 
|  86|0x000000070fa00000, 0x000000070fa00000, 0x000000070fb00000|  0%| F|  |TAMS 0x000000070fa00000, 0x000000070fa00000| Untracked 
|  87|0x000000070fb00000, 0x000000070fb00000, 0x000000070fc00000|  0%| F|  |TAMS 0x000000070fb00000, 0x000000070fb00000| Untracked 
|  88|0x000000070fc00000, 0x000000070fc00000, 0x000000070fd00000|  0%| F|  |TAMS 0x000000070fc00000, 0x000000070fc00000| Untracked 
|  89|0x000000070fd00000, 0x000000070fd00000, 0x000000070fe00000|  0%| F|  |TAMS 0x000000070fd00000, 0x000000070fd00000| Untracked 
|  90|0x000000070fe00000, 0x000000070fe00000, 0x000000070ff00000|  0%| F|  |TAMS 0x000000070fe00000, 0x000000070fe00000| Untracked 
|  91|0x000000070ff00000, 0x000000070ff00000, 0x0000000710000000|  0%| F|  |TAMS 0x000000070ff00000, 0x000000070ff00000| Untracked 
|  92|0x0000000710000000, 0x0000000710000000, 0x0000000710100000|  0%| F|  |TAMS 0x0000000710000000, 0x0000000710000000| Untracked 
|  93|0x0000000710100000, 0x0000000710100000, 0x0000000710200000|  0%| F|  |TAMS 0x0000000710100000, 0x0000000710100000| Untracked 
|  94|0x0000000710200000, 0x0000000710200000, 0x0000000710300000|  0%| F|  |TAMS 0x0000000710200000, 0x0000000710200000| Untracked 
|  95|0x0000000710300000, 0x0000000710300000, 0x0000000710400000|  0%| F|  |TAMS 0x0000000710300000, 0x0000000710300000| Untracked 
|  96|0x0000000710400000, 0x0000000710400000, 0x0000000710500000|  0%| F|  |TAMS 0x0000000710400000, 0x0000000710400000| Untracked 
|  97|0x0000000710500000, 0x0000000710500000, 0x0000000710600000|  0%| F|  |TAMS 0x0000000710500000, 0x0000000710500000| Untracked 
|  98|0x0000000710600000, 0x0000000710600000, 0x0000000710700000|  0%| F|  |TAMS 0x0000000710600000, 0x0000000710600000| Untracked 
|  99|0x0000000710700000, 0x0000000710700000, 0x0000000710800000|  0%| F|  |TAMS 0x0000000710700000, 0x0000000710700000| Untracked 
| 100|0x0000000710800000, 0x0000000710800000, 0x0000000710900000|  0%| F|  |TAMS 0x0000000710800000, 0x0000000710800000| Untracked 
| 101|0x0000000710900000, 0x0000000710900000, 0x0000000710a00000|  0%| F|  |TAMS 0x0000000710900000, 0x0000000710900000| Untracked 
| 102|0x0000000710a00000, 0x0000000710a00000, 0x0000000710b00000|  0%| F|  |TAMS 0x0000000710a00000, 0x0000000710a00000| Untracked 
| 103|0x0000000710b00000, 0x0000000710b00000, 0x0000000710c00000|  0%| F|  |TAMS 0x0000000710b00000, 0x0000000710b00000| Untracked 
| 104|0x0000000710c00000, 0x0000000710c00000, 0x0000000710d00000|  0%| F|  |TAMS 0x0000000710c00000, 0x0000000710c00000| Untracked 
| 105|0x0000000710d00000, 0x0000000710d00000, 0x0000000710e00000|  0%| F|  |TAMS 0x0000000710d00000, 0x0000000710d00000| Untracked 
| 106|0x0000000710e00000, 0x0000000710e00000, 0x0000000710f00000|  0%| F|  |TAMS 0x0000000710e00000, 0x0000000710e00000| Untracked 
| 107|0x0000000710f00000, 0x0000000710f00000, 0x0000000711000000|  0%| F|  |TAMS 0x0000000710f00000, 0x0000000710f00000| Untracked 
| 108|0x0000000711000000, 0x0000000711000000, 0x0000000711100000|  0%| F|  |TAMS 0x0000000711000000, 0x0000000711000000| Untracked 
| 109|0x0000000711100000, 0x0000000711100000, 0x0000000711200000|  0%| F|  |TAMS 0x0000000711100000, 0x0000000711100000| Untracked 
| 110|0x0000000711200000, 0x0000000711200000, 0x0000000711300000|  0%| F|  |TAMS 0x0000000711200000, 0x0000000711200000| Untracked 
| 111|0x0000000711300000, 0x0000000711300000, 0x0000000711400000|  0%| F|  |TAMS 0x0000000711300000, 0x0000000711300000| Untracked 
| 112|0x0000000711400000, 0x0000000711400000, 0x0000000711500000|  0%| F|  |TAMS 0x0000000711400000, 0x0000000711400000| Untracked 
| 113|0x0000000711500000, 0x0000000711500000, 0x0000000711600000|  0%| F|  |TAMS 0x0000000711500000, 0x0000000711500000| Untracked 
| 114|0x0000000711600000, 0x0000000711600000, 0x0000000711700000|  0%| F|  |TAMS 0x0000000711600000, 0x0000000711600000| Untracked 
| 115|0x0000000711700000, 0x0000000711700000, 0x0000000711800000|  0%| F|  |TAMS 0x0000000711700000, 0x0000000711700000| Untracked 
| 116|0x0000000711800000, 0x0000000711800000, 0x0000000711900000|  0%| F|  |TAMS 0x0000000711800000, 0x0000000711800000| Untracked 
| 117|0x0000000711900000, 0x0000000711900000, 0x0000000711a00000|  0%| F|  |TAMS 0x0000000711900000, 0x0000000711900000| Untracked 
| 118|0x0000000711a00000, 0x0000000711a00000, 0x0000000711b00000|  0%| F|  |TAMS 0x0000000711a00000, 0x0000000711a00000| Untracked 
| 119|0x0000000711b00000, 0x0000000711b00000, 0x0000000711c00000|  0%| F|  |TAMS 0x0000000711b00000, 0x0000000711b00000| Untracked 
| 120|0x0000000711c00000, 0x0000000711c00000, 0x0000000711d00000|  0%| F|  |TAMS 0x0000000711c00000, 0x0000000711c00000| Untracked 
| 121|0x0000000711d00000, 0x0000000711d00000, 0x0000000711e00000|  0%| F|  |TAMS 0x0000000711d00000, 0x0000000711d00000| Untracked 
| 122|0x0000000711e00000, 0x0000000711e00000, 0x0000000711f00000|  0%| F|  |TAMS 0x0000000711e00000, 0x0000000711e00000| Untracked 
| 123|0x0000000711f00000, 0x0000000711f00000, 0x0000000712000000|  0%| F|  |TAMS 0x0000000711f00000, 0x0000000711f00000| Untracked 
| 124|0x0000000712000000, 0x0000000712000000, 0x0000000712100000|  0%| F|  |TAMS 0x0000000712000000, 0x0000000712000000| Untracked 
| 125|0x0000000712100000, 0x0000000712100000, 0x0000000712200000|  0%| F|  |TAMS 0x0000000712100000, 0x0000000712100000| Untracked 
| 126|0x0000000712200000, 0x0000000712200000, 0x0000000712300000|  0%| F|  |TAMS 0x0000000712200000, 0x0000000712200000| Untracked 
| 127|0x0000000712300000, 0x0000000712300000, 0x0000000712400000|  0%| F|  |TAMS 0x0000000712300000, 0x0000000712300000| Untracked 
| 128|0x0000000712400000, 0x0000000712400000, 0x0000000712500000|  0%| F|  |TAMS 0x0000000712400000, 0x0000000712400000| Untracked 
| 129|0x0000000712500000, 0x0000000712500000, 0x0000000712600000|  0%| F|  |TAMS 0x0000000712500000, 0x0000000712500000| Untracked 
| 130|0x0000000712600000, 0x0000000712600000, 0x0000000712700000|  0%| F|  |TAMS 0x0000000712600000, 0x0000000712600000| Untracked 
| 131|0x0000000712700000, 0x0000000712700000, 0x0000000712800000|  0%| F|  |TAMS 0x0000000712700000, 0x0000000712700000| Untracked 
| 132|0x0000000712800000, 0x0000000712800000, 0x0000000712900000|  0%| F|  |TAMS 0x0000000712800000, 0x0000000712800000| Untracked 
| 133|0x0000000712900000, 0x0000000712900000, 0x0000000712a00000|  0%| F|  |TAMS 0x0000000712900000, 0x0000000712900000| Untracked 
| 134|0x0000000712a00000, 0x0000000712a00000, 0x0000000712b00000|  0%| F|  |TAMS 0x0000000712a00000, 0x0000000712a00000| Untracked 
| 135|0x0000000712b00000, 0x0000000712b00000, 0x0000000712c00000|  0%| F|  |TAMS 0x0000000712b00000, 0x0000000712b00000| Untracked 
| 136|0x0000000712c00000, 0x0000000712c00000, 0x0000000712d00000|  0%| F|  |TAMS 0x0000000712c00000, 0x0000000712c00000| Untracked 
| 137|0x0000000712d00000, 0x0000000712d00000, 0x0000000712e00000|  0%| F|  |TAMS 0x0000000712d00000, 0x0000000712d00000| Untracked 
| 138|0x0000000712e00000, 0x0000000712e00000, 0x0000000712f00000|  0%| F|  |TAMS 0x0000000712e00000, 0x0000000712e00000| Untracked 
| 139|0x0000000712f00000, 0x0000000712f00000, 0x0000000713000000|  0%| F|  |TAMS 0x0000000712f00000, 0x0000000712f00000| Untracked 
| 140|0x0000000713000000, 0x0000000713000000, 0x0000000713100000|  0%| F|  |TAMS 0x0000000713000000, 0x0000000713000000| Untracked 
| 141|0x0000000713100000, 0x0000000713100000, 0x0000000713200000|  0%| F|  |TAMS 0x0000000713100000, 0x0000000713100000| Untracked 
| 142|0x0000000713200000, 0x0000000713200000, 0x0000000713300000|  0%| F|  |TAMS 0x0000000713200000, 0x0000000713200000| Untracked 
| 143|0x0000000713300000, 0x0000000713300000, 0x0000000713400000|  0%| F|  |TAMS 0x0000000713300000, 0x0000000713300000| Untracked 
| 144|0x0000000713400000, 0x0000000713400000, 0x0000000713500000|  0%| F|  |TAMS 0x0000000713400000, 0x0000000713400000| Untracked 
| 145|0x0000000713500000, 0x0000000713500000, 0x0000000713600000|  0%| F|  |TAMS 0x0000000713500000, 0x0000000713500000| Untracked 
| 146|0x0000000713600000, 0x0000000713600000, 0x0000000713700000|  0%| F|  |TAMS 0x0000000713600000, 0x0000000713600000| Untracked 
| 147|0x0000000713700000, 0x0000000713700000, 0x0000000713800000|  0%| F|  |TAMS 0x0000000713700000, 0x0000000713700000| Untracked 
| 148|0x0000000713800000, 0x0000000713800000, 0x0000000713900000|  0%| F|  |TAMS 0x0000000713800000, 0x0000000713800000| Untracked 
| 149|0x0000000713900000, 0x0000000713900000, 0x0000000713a00000|  0%| F|  |TAMS 0x0000000713900000, 0x0000000713900000| Untracked 
| 150|0x0000000713a00000, 0x0000000713a00000, 0x0000000713b00000|  0%| F|  |TAMS 0x0000000713a00000, 0x0000000713a00000| Untracked 
| 151|0x0000000713b00000, 0x0000000713b00000, 0x0000000713c00000|  0%| F|  |TAMS 0x0000000713b00000, 0x0000000713b00000| Untracked 
| 152|0x0000000713c00000, 0x0000000713c00000, 0x0000000713d00000|  0%| F|  |TAMS 0x0000000713c00000, 0x0000000713c00000| Untracked 
| 153|0x0000000713d00000, 0x0000000713d00000, 0x0000000713e00000|  0%| F|  |TAMS 0x0000000713d00000, 0x0000000713d00000| Untracked 
| 154|0x0000000713e00000, 0x0000000713e00000, 0x0000000713f00000|  0%| F|  |TAMS 0x0000000713e00000, 0x0000000713e00000| Untracked 
| 155|0x0000000713f00000, 0x0000000713f00000, 0x0000000714000000|  0%| F|  |TAMS 0x0000000713f00000, 0x0000000713f00000| Untracked 
| 156|0x0000000714000000, 0x0000000714000000, 0x0000000714100000|  0%| F|  |TAMS 0x0000000714000000, 0x0000000714000000| Untracked 
| 157|0x0000000714100000, 0x0000000714100000, 0x0000000714200000|  0%| F|  |TAMS 0x0000000714100000, 0x0000000714100000| Untracked 
| 158|0x0000000714200000, 0x0000000714200000, 0x0000000714300000|  0%| F|  |TAMS 0x0000000714200000, 0x0000000714200000| Untracked 
| 159|0x0000000714300000, 0x0000000714300000, 0x0000000714400000|  0%| F|  |TAMS 0x0000000714300000, 0x0000000714300000| Untracked 
| 160|0x0000000714400000, 0x0000000714400000, 0x0000000714500000|  0%| F|  |TAMS 0x0000000714400000, 0x0000000714400000| Untracked 
| 161|0x0000000714500000, 0x0000000714500000, 0x0000000714600000|  0%| F|  |TAMS 0x0000000714500000, 0x0000000714500000| Untracked 
| 162|0x0000000714600000, 0x0000000714600000, 0x0000000714700000|  0%| F|  |TAMS 0x0000000714600000, 0x0000000714600000| Untracked 
| 163|0x0000000714700000, 0x0000000714700000, 0x0000000714800000|  0%| F|  |TAMS 0x0000000714700000, 0x0000000714700000| Untracked 
| 164|0x0000000714800000, 0x0000000714800000, 0x0000000714900000|  0%| F|  |TAMS 0x0000000714800000, 0x0000000714800000| Untracked 
| 165|0x0000000714900000, 0x0000000714900000, 0x0000000714a00000|  0%| F|  |TAMS 0x0000000714900000, 0x0000000714900000| Untracked 
| 166|0x0000000714a00000, 0x0000000714a00000, 0x0000000714b00000|  0%| F|  |TAMS 0x0000000714a00000, 0x0000000714a00000| Untracked 
| 167|0x0000000714b00000, 0x0000000714b00000, 0x0000000714c00000|  0%| F|  |TAMS 0x0000000714b00000, 0x0000000714b00000| Untracked 
| 168|0x0000000714c00000, 0x0000000714c00000, 0x0000000714d00000|  0%| F|  |TAMS 0x0000000714c00000, 0x0000000714c00000| Untracked 
| 169|0x0000000714d00000, 0x0000000714d00000, 0x0000000714e00000|  0%| F|  |TAMS 0x0000000714d00000, 0x0000000714d00000| Untracked 
| 170|0x0000000714e00000, 0x0000000714e00000, 0x0000000714f00000|  0%| F|  |TAMS 0x0000000714e00000, 0x0000000714e00000| Untracked 
| 171|0x0000000714f00000, 0x0000000714f00000, 0x0000000715000000|  0%| F|  |TAMS 0x0000000714f00000, 0x0000000714f00000| Untracked 
| 172|0x0000000715000000, 0x0000000715000000, 0x0000000715100000|  0%| F|  |TAMS 0x0000000715000000, 0x0000000715000000| Untracked 
| 173|0x0000000715100000, 0x0000000715100000, 0x0000000715200000|  0%| F|  |TAMS 0x0000000715100000, 0x0000000715100000| Untracked 
| 174|0x0000000715200000, 0x0000000715200000, 0x0000000715300000|  0%| F|  |TAMS 0x0000000715200000, 0x0000000715200000| Untracked 
| 175|0x0000000715300000, 0x0000000715300000, 0x0000000715400000|  0%| F|  |TAMS 0x0000000715300000, 0x0000000715300000| Untracked 
| 176|0x0000000715400000, 0x0000000715400000, 0x0000000715500000|  0%| F|  |TAMS 0x0000000715400000, 0x0000000715400000| Untracked 
| 177|0x0000000715500000, 0x0000000715500000, 0x0000000715600000|  0%| F|  |TAMS 0x0000000715500000, 0x0000000715500000| Untracked 
| 178|0x0000000715600000, 0x0000000715600000, 0x0000000715700000|  0%| F|  |TAMS 0x0000000715600000, 0x0000000715600000| Untracked 
| 179|0x0000000715700000, 0x0000000715700000, 0x0000000715800000|  0%| F|  |TAMS 0x0000000715700000, 0x0000000715700000| Untracked 
| 180|0x0000000715800000, 0x0000000715800000, 0x0000000715900000|  0%| F|  |TAMS 0x0000000715800000, 0x0000000715800000| Untracked 
| 181|0x0000000715900000, 0x0000000715900000, 0x0000000715a00000|  0%| F|  |TAMS 0x0000000715900000, 0x0000000715900000| Untracked 
| 182|0x0000000715a00000, 0x0000000715a00000, 0x0000000715b00000|  0%| F|  |TAMS 0x0000000715a00000, 0x0000000715a00000| Untracked 
| 183|0x0000000715b00000, 0x0000000715b00000, 0x0000000715c00000|  0%| F|  |TAMS 0x0000000715b00000, 0x0000000715b00000| Untracked 
| 184|0x0000000715c00000, 0x0000000715c00000, 0x0000000715d00000|  0%| F|  |TAMS 0x0000000715c00000, 0x0000000715c00000| Untracked 
| 185|0x0000000715d00000, 0x0000000715d00000, 0x0000000715e00000|  0%| F|  |TAMS 0x0000000715d00000, 0x0000000715d00000| Untracked 
| 186|0x0000000715e00000, 0x0000000715e00000, 0x0000000715f00000|  0%| F|  |TAMS 0x0000000715e00000, 0x0000000715e00000| Untracked 
| 187|0x0000000715f00000, 0x0000000715f00000, 0x0000000716000000|  0%| F|  |TAMS 0x0000000715f00000, 0x0000000715f00000| Untracked 
| 188|0x0000000716000000, 0x0000000716000000, 0x0000000716100000|  0%| F|  |TAMS 0x0000000716000000, 0x0000000716000000| Untracked 
| 189|0x0000000716100000, 0x0000000716100000, 0x0000000716200000|  0%| F|  |TAMS 0x0000000716100000, 0x0000000716100000| Untracked 
| 190|0x0000000716200000, 0x0000000716200000, 0x0000000716300000|  0%| F|  |TAMS 0x0000000716200000, 0x0000000716200000| Untracked 
| 191|0x0000000716300000, 0x0000000716300000, 0x0000000716400000|  0%| F|  |TAMS 0x0000000716300000, 0x0000000716300000| Untracked 
| 192|0x0000000716400000, 0x0000000716400000, 0x0000000716500000|  0%| F|  |TAMS 0x0000000716400000, 0x0000000716400000| Untracked 
| 193|0x0000000716500000, 0x0000000716500000, 0x0000000716600000|  0%| F|  |TAMS 0x0000000716500000, 0x0000000716500000| Untracked 
| 194|0x0000000716600000, 0x0000000716600000, 0x0000000716700000|  0%| F|  |TAMS 0x0000000716600000, 0x0000000716600000| Untracked 
| 195|0x0000000716700000, 0x0000000716700000, 0x0000000716800000|  0%| F|  |TAMS 0x0000000716700000, 0x0000000716700000| Untracked 
| 196|0x0000000716800000, 0x0000000716800000, 0x0000000716900000|  0%| F|  |TAMS 0x0000000716800000, 0x0000000716800000| Untracked 
| 197|0x0000000716900000, 0x0000000716900000, 0x0000000716a00000|  0%| F|  |TAMS 0x0000000716900000, 0x0000000716900000| Untracked 
| 198|0x0000000716a00000, 0x0000000716a00000, 0x0000000716b00000|  0%| F|  |TAMS 0x0000000716a00000, 0x0000000716a00000| Untracked 
| 199|0x0000000716b00000, 0x0000000716b00000, 0x0000000716c00000|  0%| F|  |TAMS 0x0000000716b00000, 0x0000000716b00000| Untracked 
| 200|0x0000000716c00000, 0x0000000716c00000, 0x0000000716d00000|  0%| F|  |TAMS 0x0000000716c00000, 0x0000000716c00000| Untracked 
| 201|0x0000000716d00000, 0x0000000716d00000, 0x0000000716e00000|  0%| F|  |TAMS 0x0000000716d00000, 0x0000000716d00000| Untracked 
| 202|0x0000000716e00000, 0x0000000716e00000, 0x0000000716f00000|  0%| F|  |TAMS 0x0000000716e00000, 0x0000000716e00000| Untracked 
| 203|0x0000000716f00000, 0x0000000716f00000, 0x0000000717000000|  0%| F|  |TAMS 0x0000000716f00000, 0x0000000716f00000| Untracked 
| 204|0x0000000717000000, 0x0000000717000000, 0x0000000717100000|  0%| F|  |TAMS 0x0000000717000000, 0x0000000717000000| Untracked 
| 205|0x0000000717100000, 0x0000000717100000, 0x0000000717200000|  0%| F|  |TAMS 0x0000000717100000, 0x0000000717100000| Untracked 
| 206|0x0000000717200000, 0x0000000717200000, 0x0000000717300000|  0%| F|  |TAMS 0x0000000717200000, 0x0000000717200000| Untracked 
| 207|0x0000000717300000, 0x0000000717300000, 0x0000000717400000|  0%| F|  |TAMS 0x0000000717300000, 0x0000000717300000| Untracked 
| 208|0x0000000717400000, 0x0000000717400000, 0x0000000717500000|  0%| F|  |TAMS 0x0000000717400000, 0x0000000717400000| Untracked 
| 209|0x0000000717500000, 0x0000000717500000, 0x0000000717600000|  0%| F|  |TAMS 0x0000000717500000, 0x0000000717500000| Untracked 
| 210|0x0000000717600000, 0x0000000717600000, 0x0000000717700000|  0%| F|  |TAMS 0x0000000717600000, 0x0000000717600000| Untracked 
| 211|0x0000000717700000, 0x0000000717700000, 0x0000000717800000|  0%| F|  |TAMS 0x0000000717700000, 0x0000000717700000| Untracked 
| 212|0x0000000717800000, 0x0000000717800000, 0x0000000717900000|  0%| F|  |TAMS 0x0000000717800000, 0x0000000717800000| Untracked 
| 213|0x0000000717900000, 0x0000000717900000, 0x0000000717a00000|  0%| F|  |TAMS 0x0000000717900000, 0x0000000717900000| Untracked 
| 214|0x0000000717a00000, 0x0000000717a00000, 0x0000000717b00000|  0%| F|  |TAMS 0x0000000717a00000, 0x0000000717a00000| Untracked 
| 215|0x0000000717b00000, 0x0000000717b00000, 0x0000000717c00000|  0%| F|  |TAMS 0x0000000717b00000, 0x0000000717b00000| Untracked 
| 216|0x0000000717c00000, 0x0000000717c00000, 0x0000000717d00000|  0%| F|  |TAMS 0x0000000717c00000, 0x0000000717c00000| Untracked 
| 217|0x0000000717d00000, 0x0000000717d00000, 0x0000000717e00000|  0%| F|  |TAMS 0x0000000717d00000, 0x0000000717d00000| Untracked 
| 218|0x0000000717e00000, 0x0000000717e00000, 0x0000000717f00000|  0%| F|  |TAMS 0x0000000717e00000, 0x0000000717e00000| Untracked 
| 219|0x0000000717f00000, 0x0000000717f00000, 0x0000000718000000|  0%| F|  |TAMS 0x0000000717f00000, 0x0000000717f00000| Untracked 
| 220|0x0000000718000000, 0x0000000718000000, 0x0000000718100000|  0%| F|  |TAMS 0x0000000718000000, 0x0000000718000000| Untracked 
| 221|0x0000000718100000, 0x0000000718100000, 0x0000000718200000|  0%| F|  |TAMS 0x0000000718100000, 0x0000000718100000| Untracked 
| 222|0x0000000718200000, 0x0000000718200000, 0x0000000718300000|  0%| F|  |TAMS 0x0000000718200000, 0x0000000718200000| Untracked 
| 223|0x0000000718300000, 0x0000000718300000, 0x0000000718400000|  0%| F|  |TAMS 0x0000000718300000, 0x0000000718300000| Untracked 
| 224|0x0000000718400000, 0x0000000718400000, 0x0000000718500000|  0%| F|  |TAMS 0x0000000718400000, 0x0000000718400000| Untracked 
| 225|0x0000000718500000, 0x0000000718500000, 0x0000000718600000|  0%| F|  |TAMS 0x0000000718500000, 0x0000000718500000| Untracked 
| 226|0x0000000718600000, 0x0000000718600000, 0x0000000718700000|  0%| F|  |TAMS 0x0000000718600000, 0x0000000718600000| Untracked 
| 227|0x0000000718700000, 0x0000000718700000, 0x0000000718800000|  0%| F|  |TAMS 0x0000000718700000, 0x0000000718700000| Untracked 
| 228|0x0000000718800000, 0x0000000718800000, 0x0000000718900000|  0%| F|  |TAMS 0x0000000718800000, 0x0000000718800000| Untracked 
| 229|0x0000000718900000, 0x0000000718900000, 0x0000000718a00000|  0%| F|  |TAMS 0x0000000718900000, 0x0000000718900000| Untracked 
| 230|0x0000000718a00000, 0x0000000718a00000, 0x0000000718b00000|  0%| F|  |TAMS 0x0000000718a00000, 0x0000000718a00000| Untracked 
| 231|0x0000000718b00000, 0x0000000718b00000, 0x0000000718c00000|  0%| F|  |TAMS 0x0000000718b00000, 0x0000000718b00000| Untracked 
| 232|0x0000000718c00000, 0x0000000718c00000, 0x0000000718d00000|  0%| F|  |TAMS 0x0000000718c00000, 0x0000000718c00000| Untracked 
| 233|0x0000000718d00000, 0x0000000718d00000, 0x0000000718e00000|  0%| F|  |TAMS 0x0000000718d00000, 0x0000000718d00000| Untracked 
| 234|0x0000000718e00000, 0x0000000718e00000, 0x0000000718f00000|  0%| F|  |TAMS 0x0000000718e00000, 0x0000000718e00000| Untracked 
| 235|0x0000000718f00000, 0x0000000718f83530, 0x0000000719000000| 51%| S|CS|TAMS 0x0000000718f00000, 0x0000000718f00000| Complete 
| 236|0x0000000719000000, 0x0000000719100000, 0x0000000719100000|100%| S|CS|TAMS 0x0000000719000000, 0x0000000719000000| Complete 
| 237|0x0000000719100000, 0x0000000719200000, 0x0000000719200000|100%| S|CS|TAMS 0x0000000719100000, 0x0000000719100000| Complete 
| 238|0x0000000719200000, 0x0000000719300000, 0x0000000719300000|100%| S|CS|TAMS 0x0000000719200000, 0x0000000719200000| Complete 
| 239|0x0000000719300000, 0x0000000719300000, 0x0000000719400000|  0%| F|  |TAMS 0x0000000719300000, 0x0000000719300000| Untracked 
| 240|0x0000000719400000, 0x0000000719443138, 0x0000000719500000| 26%| E|  |TAMS 0x0000000719400000, 0x0000000719400000| Complete 
| 241|0x0000000719500000, 0x0000000719600000, 0x0000000719600000|100%| E|CS|TAMS 0x0000000719500000, 0x0000000719500000| Complete 
| 242|0x0000000719600000, 0x0000000719700000, 0x0000000719700000|100%| E|CS|TAMS 0x0000000719600000, 0x0000000719600000| Complete 
| 243|0x0000000719700000, 0x0000000719800000, 0x0000000719800000|100%| E|CS|TAMS 0x0000000719700000, 0x0000000719700000| Complete 
| 244|0x0000000719800000, 0x0000000719900000, 0x0000000719900000|100%| E|CS|TAMS 0x0000000719800000, 0x0000000719800000| Complete 
| 245|0x0000000719900000, 0x0000000719a00000, 0x0000000719a00000|100%| E|CS|TAMS 0x0000000719900000, 0x0000000719900000| Complete 

Card table byte_map: [0x0000018b4deb0000,0x0000018b4e660000] _byte_map_base: 0x0000018b4a65e000

Marking Bits (Prev, Next): (CMBitMap*) 0x0000018b357811d0, (CMBitMap*) 0x0000018b35781198
 Prev Bits: [0x0000018b52b80000, 0x0000018b568f0000)
 Next Bits: [0x0000018b4ee10000, 0x0000018b52b80000)

Polling page: 0x0000018b336a0000

Metaspace:

Usage:
  Non-class:     21.36 MB capacity,    21.01 MB ( 98%) used,   295.62 KB (  1%) free+waste,    60.81 KB ( <1%) overhead. 
      Class:      2.71 MB capacity,     2.45 MB ( 91%) used,   231.98 KB (  8%) free+waste,    30.56 KB (  1%) overhead. 
       Both:     24.06 MB capacity,    23.46 MB ( 97%) used,   527.59 KB (  2%) free+waste,    91.38 KB ( <1%) overhead. 

Virtual space:
  Non-class space:       22.00 MB reserved,      21.42 MB ( 97%) committed 
      Class space:        1.00 GB reserved,       2.75 MB ( <1%) committed 
             Both:        1.02 GB reserved,      24.17 MB (  2%) committed 

Chunk freelists:
   Non-Class:  4.00 KB
       Class:  11.00 KB
        Both:  15.00 KB

MaxMetaspaceSize: 17179869184.00 GB
CompressedClassSpaceSize: 1.00 GB
Initial GC threshold: 20.80 MB
Current GC threshold: 35.08 MB
CDS: off

CodeHeap 'non-profiled nmethods': size=119168Kb used=861Kb max_used=861Kb free=118306Kb
 bounds [0x0000018b45a10000, 0x0000018b45c80000, 0x0000018b4ce70000]
CodeHeap 'profiled nmethods': size=119168Kb used=5349Kb max_used=5349Kb free=113818Kb
 bounds [0x0000018b3e5b0000, 0x0000018b3eaf0000, 0x0000018b45a10000]
CodeHeap 'non-nmethods': size=7424Kb used=1371Kb max_used=3070Kb free=6052Kb
 bounds [0x0000018b3de70000, 0x0000018b3e180000, 0x0000018b3e5b0000]
 total_blobs=3274 nmethods=2584 adapters=602
 compilation: enabled
              stopped_count=0, restarted_count=0
 full_count=0

Compilation events (20 events):
Event: 12.261 Thread 0x0000018b5a378000 2575       4       sun.awt.AWTAutoShutdown::isReadyToShutdown (37 bytes)
Event: 12.262 Thread 0x0000018b5a378000 nmethod 2575 0x0000018b45ae4310 code [0x0000018b45ae44a0, 0x0000018b45ae4558]
Event: 12.331 Thread 0x0000018b5a378000 2576       4       java.awt.Container::findComponentAtImpl (161 bytes)
Event: 12.331 Thread 0x0000018b5a379000 2577       3       java.awt.LightweightDispatcher::processMouseEvent (265 bytes)
Event: 12.333 Thread 0x0000018b5a379000 nmethod 2577 0x0000018b3eae5410 code [0x0000018b3eae5760, 0x0000018b3eae6e38]
Event: 12.343 Thread 0x0000018b5a378000 nmethod 2576 0x0000018b45ae4610 code [0x0000018b45ae4820, 0x0000018b45ae5608]
Event: 12.423 Thread 0x0000018b5a379000 2578       3       java.awt.Component::updateCursorImmediately (55 bytes)
Event: 12.424 Thread 0x0000018b5a379000 nmethod 2578 0x0000018b3eae7390 code [0x0000018b3eae75c0, 0x0000018b3eae7e98]
Event: 12.479 Thread 0x0000018b5a379000 2580       3       sun.java2d.SunGraphics2D::setPaint (158 bytes)
Event: 12.479 Thread 0x0000018b5a378000 2581       4       java.lang.StrictMath::floorOrCeil (128 bytes)
Event: 12.479 Thread 0x0000018b5a379000 nmethod 2580 0x0000018b3eae8090 code [0x0000018b3eae82c0, 0x0000018b3eae8ce8]
Event: 12.479 Thread 0x0000018b5a379000 2579       1       java.lang.Float::floatValue (5 bytes)
Event: 12.479 Thread 0x0000018b5a379000 nmethod 2579 0x0000018b45ae6710 code [0x0000018b45ae68c0, 0x0000018b45ae6978]
Event: 12.480 Thread 0x0000018b5a378000 nmethod 2581 0x0000018b45ae6a10 code [0x0000018b45ae6bc0, 0x0000018b45ae6c98]
Event: 13.011 Thread 0x0000018b5a379000 2582   !   3       java.awt.KeyboardFocusManager::getFocusOwner (42 bytes)
Event: 13.011 Thread 0x0000018b5a378000 2583       4       java.awt.Component::isLightweight (8 bytes)
Event: 13.011 Thread 0x0000018b5a379000 nmethod 2582 0x0000018b3eae8e90 code [0x0000018b3eae9060, 0x0000018b3eae9488]
Event: 13.011 Thread 0x0000018b5a378000 nmethod 2583 0x0000018b45ae6d90 code [0x0000018b45ae6f20, 0x0000018b45ae6fd8]
Event: 13.011 Thread 0x0000018b5a378000 2584       4       java.util.concurrent.locks.ReentrantLock::unlock (10 bytes)
Event: 13.014 Thread 0x0000018b5a378000 nmethod 2584 0x0000018b45ae7090 code [0x0000018b45ae7240, 0x0000018b45ae7468]

GC Heap History (4 events):
Event: 1.041 GC heap before
{Heap before GC invocations=0 (full 0):
 garbage-first heap   total 251904K, used 25600K [0x000000070a400000, 0x0000000800000000)
  region size 1024K, 24 young (24576K), 0 survivors (0K)
 Metaspace       used 20535K, capacity 21063K, committed 21120K, reserved 1069056K
  class space    used 2130K, capacity 2391K, committed 2432K, reserved 1048576K
}
Event: 1.048 GC heap after
{Heap after GC invocations=1 (full 0):
 garbage-first heap   total 251904K, used 5962K [0x000000070a400000, 0x0000000800000000)
  region size 1024K, 3 young (3072K), 3 survivors (3072K)
 Metaspace       used 20535K, capacity 21063K, committed 21120K, reserved 1069056K
  class space    used 2130K, capacity 2391K, committed 2432K, reserved 1048576K
}
Event: 1.193 GC heap before
{Heap before GC invocations=1 (full 0):
 garbage-first heap   total 251904K, used 13130K [0x000000070a400000, 0x0000000800000000)
  region size 1024K, 10 young (10240K), 3 survivors (3072K)
 Metaspace       used 20738K, capacity 21191K, committed 21296K, reserved 1069056K
  class space    used 2146K, capacity 2391K, committed 2432K, reserved 1048576K
}
Event: 1.201 GC heap after
{Heap after GC invocations=2 (full 0):
 garbage-first heap   total 251904K, used 6487K [0x000000070a400000, 0x0000000800000000)
  region size 1024K, 4 young (4096K), 4 survivors (4096K)
 Metaspace       used 20738K, capacity 21191K, committed 21296K, reserved 1069056K
  class space    used 2146K, capacity 2391K, committed 2432K, reserved 1048576K
}

Deoptimization events (20 events):
Event: 4.353 Thread 0x0000018b618a2800 Uncommon trap: trap_request=0xffffffde fr.pc=0x0000018b45a9d508 relative=0x0000000000000268
Event: 4.353 Thread 0x0000018b618a2800 Uncommon trap: reason=class_check action=maybe_recompile pc=0x0000018b45a9d508 method=java.lang.String.equals(Ljava/lang/Object;)Z @ 8 c2
Event: 4.353 Thread 0x0000018b618a2800 DEOPT PACKING pc=0x0000018b45a9d508 sp=0x00000067774f5690
Event: 4.353 Thread 0x0000018b618a2800 DEOPT UNPACKING pc=0x0000018b3deba1af sp=0x00000067774f5618 mode 2
Event: 4.353 Thread 0x0000018b618a2800 Uncommon trap: trap_request=0xffffffde fr.pc=0x0000018b45a9d508 relative=0x0000000000000268
Event: 4.353 Thread 0x0000018b618a2800 Uncommon trap: reason=class_check action=maybe_recompile pc=0x0000018b45a9d508 method=java.lang.String.equals(Ljava/lang/Object;)Z @ 8 c2
Event: 4.353 Thread 0x0000018b618a2800 DEOPT PACKING pc=0x0000018b45a9d508 sp=0x00000067774f5690
Event: 4.353 Thread 0x0000018b618a2800 DEOPT UNPACKING pc=0x0000018b3deba1af sp=0x00000067774f5618 mode 2
Event: 4.355 Thread 0x0000018b618a2800 Uncommon trap: trap_request=0xffffffde fr.pc=0x0000018b45a9d508 relative=0x0000000000000268
Event: 4.355 Thread 0x0000018b618a2800 Uncommon trap: reason=class_check action=maybe_recompile pc=0x0000018b45a9d508 method=java.lang.String.equals(Ljava/lang/Object;)Z @ 8 c2
Event: 4.355 Thread 0x0000018b618a2800 DEOPT PACKING pc=0x0000018b45a9d508 sp=0x00000067774f5690
Event: 4.355 Thread 0x0000018b618a2800 DEOPT UNPACKING pc=0x0000018b3deba1af sp=0x00000067774f5618 mode 2
Event: 4.355 Thread 0x0000018b618a2800 Uncommon trap: trap_request=0xffffffde fr.pc=0x0000018b45a9d508 relative=0x0000000000000268
Event: 4.355 Thread 0x0000018b618a2800 Uncommon trap: reason=class_check action=maybe_recompile pc=0x0000018b45a9d508 method=java.lang.String.equals(Ljava/lang/Object;)Z @ 8 c2
Event: 4.355 Thread 0x0000018b618a2800 DEOPT PACKING pc=0x0000018b45a9d508 sp=0x00000067774f5690
Event: 4.355 Thread 0x0000018b618a2800 DEOPT UNPACKING pc=0x0000018b3deba1af sp=0x00000067774f5618 mode 2
Event: 6.432 Thread 0x0000018b618a2800 Uncommon trap: trap_request=0xffffff4d fr.pc=0x0000018b45abb2d8 relative=0x0000000000004078
Event: 6.432 Thread 0x0000018b618a2800 Uncommon trap: reason=unstable_if action=reinterpret pc=0x0000018b45abb2d8 method=sun.nio.ch.Util$BufferCache.get(I)Ljava/nio/ByteBuffer; @ 47 c2
Event: 6.432 Thread 0x0000018b618a2800 DEOPT PACKING pc=0x0000018b45abb2d8 sp=0x00000067774fa110
Event: 6.432 Thread 0x0000018b618a2800 DEOPT UNPACKING pc=0x0000018b3deba1af sp=0x00000067774f9ed0 mode 2

Classes redefined (0 events):
No events

Internal exceptions (20 events):
Event: 0.388 Thread 0x0000018b3571b800 Exception <a 'java/lang/NoSuchMethodError'{0x00000007192a9d68}: 'java.lang.Object java.lang.invoke.DirectMethodHandle$Holder.invokeStatic(java.lang.Object, int, java.lang.Object, java.lang.Object, java.lang.Object, java.lang.Object)'> (0x00000007192a9d68) thrown at [./src/hotspot/share/interpreter/linkResolver.cpp, line 773]
Event: 0.389 Thread 0x0000018b3571b800 Exception <a 'java/lang/NoSuchMethodError'{0x00000007192b0e28}: 'java.lang.Object java.lang.invoke.DirectMethodHandle$Holder.invokeStatic(java.lang.Object, int, java.lang.Object, java.lang.Object, java.lang.Object)'> (0x00000007192b0e28) thrown at [./src/hotspot/share/interpreter/linkResolver.cpp, line 773]
Event: 0.389 Thread 0x0000018b3571b800 Exception <a 'java/lang/NoSuchMethodError'{0x00000007192b4970}: 'java.lang.Object java.lang.invoke.DirectMethodHandle$Holder.invokeSpecial(java.lang.Object, java.lang.Object, int, java.lang.Object, java.lang.Object, java.lang.Object)'> (0x00000007192b4970) thrown at [./src/hotspot/share/interpreter/linkResolver.cpp, line 773]
Event: 0.392 Thread 0x0000018b3571b800 Exception <a 'java/lang/NoSuchMethodError'{0x00000007192cc250}: 'java.lang.Object java.lang.invoke.DirectMethodHandle$Holder.invokeStatic(java.lang.Object, int, java.lang.Object)'> (0x00000007192cc250) thrown at [./src/hotspot/share/interpreter/linkResolver.cpp, line 773]
Event: 0.411 Thread 0x0000018b3571b800 Exception <a 'java/lang/ClassNotFoundException'{0x00000007191772a8}: com/sun/swing/internal/plaf/metal/resources/spi/metalProvider> (0x00000007191772a8) thrown at [./src/hotspot/share/classfile/systemDictionary.cpp, line 230]
Event: 0.412 Thread 0x0000018b3571b800 Exception <a 'java/lang/ClassNotFoundException'{0x000000071917da50}: com/sun/swing/internal/plaf/basic/resources/spi/basicProvider> (0x000000071917da50) thrown at [./src/hotspot/share/classfile/systemDictionary.cpp, line 230]
Event: 0.451 Thread 0x0000018b3571b800 Exception <a 'java/lang/NoSuchMethodError'{0x0000000719078288}: 'int java.lang.invoke.DirectMethodHandle$Holder.invokeSpecialIFC(java.lang.Object, java.lang.Object, int)'> (0x0000000719078288) thrown at [./src/hotspot/share/interpreter/linkResolver.cpp, line 773]
Event: 0.493 Thread 0x0000018b3571b800 Exception <a 'java/lang/NoSuchMethodError'{0x0000000718fa7ca8}: 'java.lang.Object java.lang.invoke.DirectMethodHandle$Holder.invokeVirtual(java.lang.Object, java.lang.Object, java.lang.Object)'> (0x0000000718fa7ca8) thrown at [./src/hotspot/share/interpreter/linkResolver.cpp, line 773]
Event: 0.885 Thread 0x0000018b5a8f3800 Exception <a 'java/lang/NoSuchMethodError'{0x000000071930a3e0}: 'void java.lang.invoke.DirectMethodHandle$Holder.invokeVirtual(java.lang.Object, java.lang.Object)'> (0x000000071930a3e0) thrown at [./src/hotspot/share/interpreter/linkResolver.cpp, line 773]
Event: 0.900 Thread 0x0000018b3571b800 Exception <a 'java/lang/NoSuchMethodError'{0x00000007185b5b08}: 'void java.lang.invoke.DirectMethodHandle$Holder.invokeStaticInit(java.lang.Object)'> (0x00000007185b5b08) thrown at [./src/hotspot/share/interpreter/linkResolver.cpp, line 773]
Event: 0.908 Thread 0x0000018b3571b800 Exception <a 'java/io/FileNotFoundException'{0x00000007185c3f48}> (0x00000007185c3f48) thrown at [./src/hotspot/share/prims/jni.cpp, line 617]
Event: 0.908 Thread 0x0000018b3571b800 Exception <a 'java/security/PrivilegedActionException'{0x00000007185c47c0}> (0x00000007185c47c0) thrown at [./src/hotspot/share/prims/jvm.cpp, line 1306]
Event: 0.931 Thread 0x0000018b3571b800 Exception <a 'java/lang/NoSuchMethodError'{0x00000007184ca740}: 'java.lang.Object java.lang.invoke.DirectMethodHandle$Holder.invokeStatic(java.lang.Object, java.lang.Object, java.lang.Object, java.lang.Object, java.lang.Object, java.lang.Object, java.lang.Object, java.lang.Object, java.lang.Object, java.lang.Object, java.lang.Object, int)'> (0x00000007184ca740) thrown at [./src/hotspot/share/interpreter/linkResolver.cpp, line 773]
Event: 0.933 Thread 0x0000018b3571b800 Exception <a 'java/lang/NoSuchMethodError'{0x00000007184e8728}: 'java.lang.Object java.lang.invoke.DirectMethodHandle$Holder.invokeStatic(java.lang.Object, java.lang.Object, java.lang.Object, java.lang.Object, java.lang.Object, java.lang.Object, java.lang.Object, java.lang.Object, java.lang.Object, java.lang.Object, java.lang.Object, int, int)'> (0x00000007184e8728) thrown at [./src/hotspot/share/interpreter/linkResolver.cpp, line 773]
Event: 0.935 Thread 0x0000018b3571b800 Exception <a 'java/lang/NoSuchMethodError'{0x0000000718307f28}: 'java.lang.Object java.lang.invoke.DirectMethodHandle$Holder.invokeStatic(java.lang.Object, java.lang.Object, java.lang.Object, java.lang.Object, java.lang.Object, java.lang.Object, java.lang.Object, java.lang.Object, java.lang.Object, java.lang.Object, java.lang.Object, int, int, java.lang.Object)'> (0x0000000718307f28) thrown at [./src/hotspot/share/interpreter/linkResolver.cpp, line 773]
Event: 0.936 Thread 0x0000018b3571b800 Exception <a 'java/lang/NoSuchMethodError'{0x0000000718313ed8}: 'java.lang.Object java.lang.invoke.Invokers$Holder.linkToTargetMethod(java.lang.Object, int, java.lang.Object)'> (0x0000000718313ed8) thrown at [./src/hotspot/share/interpreter/linkResolver.cpp, line 773]
Event: 0.966 Thread 0x0000018b3571b800 Exception <a 'java/lang/NoSuchMethodError'{0x000000071835e388}: 'java.lang.Object java.lang.invoke.DirectMethodHandle$Holder.invokeStatic(java.lang.Object, java.lang.Object, java.lang.Object, java.lang.Object, java.lang.Object, java.lang.Object, java.lang.Object, java.lang.Object, java.lang.Object, java.lang.Object, java.lang.Object, int, int, java.lang.Object, java.lang.Object)'> (0x000000071835e388) thrown at [./src/hotspot/share/interpreter/linkResolver.cpp, line 773]
Event: 1.211 Thread 0x0000018b5a34f800 Implicit null exception at 0x0000018b45aab00d to 0x0000018b45aab23c
Event: 1.251 Thread 0x0000018b618a2800 Implicit null exception at 0x0000018b45aab7a0 to 0x0000018b45aab9d4
Event: 9.809 Thread 0x0000018b618a2800 Exception <a 'java/lang/NoSuchMethodError'{0x00000007195417c8}: 'void java.lang.invoke.DirectMethodHandle$Holder.invokeStaticInit(java.lang.Object, java.lang.Object)'> (0x00000007195417c8) thrown at [./src/hotspot/share/interpreter/linkResolver.cpp, line 773]

Events (20 events):
Event: 11.911 loading class javax/swing/SizeRequirements
Event: 11.911 loading class javax/swing/SizeRequirements done
Event: 11.916 loading class java/awt/GridBagLayoutInfo
Event: 11.916 loading class java/awt/GridBagLayoutInfo done
Event: 11.921 loading class javax/swing/JOptionPane$1
Event: 11.921 loading class javax/swing/JOptionPane$1 done
Event: 11.921 loading class javax/swing/JOptionPane$2
Event: 11.922 loading class javax/swing/JOptionPane$2 done
Event: 11.922 loading class javax/swing/JOptionPane$3
Event: 11.922 loading class javax/swing/JOptionPane$3 done
Event: 11.946 loading class sun/awt/image/BufImgSurfaceManager
Event: 11.946 loading class sun/awt/image/BufImgSurfaceManager done
Event: 11.946 loading class sun/awt/image/BufImgSurfaceData
Event: 11.946 loading class sun/awt/image/BufImgSurfaceData done
Event: 11.946 loading class sun/awt/image/BufImgSurfaceData$ICMColorData
Event: 11.946 loading class sun/awt/image/BufImgSurfaceData$ICMColorData done
Event: 11.949 Executing VM operation: RevokeBias
Event: 11.949 Executing VM operation: RevokeBias done
Event: 11.954 loading class sun/java2d/cmm/CMSManager
Event: 11.954 loading class sun/java2d/cmm/CMSManager done


Dynamic libraries:
0x00007ff6107a0000 - 0x00007ff6107ad000 	C:\Program Files\Microsoft\jdk-11.0.16.101-hotspot\bin\java.exe
0x00007ffc88ed0000 - 0x00007ffc890e7000 	C:\WINDOWS\SYSTEM32\ntdll.dll
0x00007ffc88510000 - 0x00007ffc885d4000 	C:\WINDOWS\System32\KERNEL32.DLL
0x00007ffc86450000 - 0x00007ffc867f7000 	C:\WINDOWS\System32\KERNELBASE.dll
0x00007ffc86a30000 - 0x00007ffc86b41000 	C:\WINDOWS\System32\ucrtbase.dll
0x00007ffc69960000 - 0x00007ffc69977000 	C:\Program Files\Microsoft\jdk-11.0.16.101-hotspot\bin\jli.dll
0x00007ffc7db20000 - 0x00007ffc7db35000 	C:\Program Files\Microsoft\jdk-11.0.16.101-hotspot\bin\VCRUNTIME140.dll
0x00007ffc88980000 - 0x00007ffc88b2e000 	C:\WINDOWS\System32\USER32.dll
0x00007ffc86b50000 - 0x00007ffc86b76000 	C:\WINDOWS\System32\win32u.dll
0x00007ffc877f0000 - 0x00007ffc87819000 	C:\WINDOWS\System32\GDI32.dll
0x00007ffc86800000 - 0x00007ffc86919000 	C:\WINDOWS\System32\gdi32full.dll
0x00007ffc86990000 - 0x00007ffc86a2a000 	C:\WINDOWS\System32\msvcp_win.dll
0x00007ffc6ef60000 - 0x00007ffc6f1f3000 	C:\WINDOWS\WinSxS\amd64_microsoft.windows.common-controls_6595b64144ccf1df_6.0.22621.3527_none_270e469b73872a76\COMCTL32.dll
0x00007ffc87f20000 - 0x00007ffc87fc7000 	C:\WINDOWS\System32\msvcrt.dll
0x00007ffc88740000 - 0x00007ffc88771000 	C:\WINDOWS\System32\IMM32.DLL
0x00007ffc4d490000 - 0x00007ffc4d52b000 	C:\Program Files\Microsoft\jdk-11.0.16.101-hotspot\bin\msvcp140.dll
0x00007ffc306a0000 - 0x00007ffc3122a000 	C:\Program Files\Microsoft\jdk-11.0.16.101-hotspot\bin\server\jvm.dll
0x00007ffc87e60000 - 0x00007ffc87f12000 	C:\WINDOWS\System32\ADVAPI32.dll
0x00007ffc88de0000 - 0x00007ffc88e88000 	C:\WINDOWS\System32\sechost.dll
0x00007ffc86420000 - 0x00007ffc86448000 	C:\WINDOWS\System32\bcrypt.dll
0x00007ffc88780000 - 0x00007ffc88895000 	C:\WINDOWS\System32\RPCRT4.dll
0x00007ffc87fd0000 - 0x00007ffc87fd8000 	C:\WINDOWS\System32\PSAPI.DLL
0x00007ffc7d4d0000 - 0x00007ffc7d4d9000 	C:\WINDOWS\SYSTEM32\WSOCK32.dll
0x00007ffc813d0000 - 0x00007ffc81404000 	C:\WINDOWS\SYSTEM32\WINMM.dll
0x00007ffc87d90000 - 0x00007ffc87e01000 	C:\WINDOWS\System32\WS2_32.dll
0x00007ffc7cf70000 - 0x00007ffc7cf7a000 	C:\WINDOWS\SYSTEM32\VERSION.dll
0x00007ffc851b0000 - 0x00007ffc851c8000 	C:\WINDOWS\SYSTEM32\kernel.appcore.dll
0x00007ffc67720000 - 0x00007ffc67730000 	C:\Program Files\Microsoft\jdk-11.0.16.101-hotspot\bin\verify.dll
0x00007ffc835a0000 - 0x00007ffc837d3000 	C:\WINDOWS\SYSTEM32\DBGHELP.DLL
0x00007ffc86c00000 - 0x00007ffc86f88000 	C:\WINDOWS\System32\combase.dll
0x00007ffc87a90000 - 0x00007ffc87b67000 	C:\WINDOWS\System32\OLEAUT32.dll
0x00007ffc7dff0000 - 0x00007ffc7e022000 	C:\WINDOWS\SYSTEM32\dbgcore.DLL
0x00007ffc86b80000 - 0x00007ffc86bf9000 	C:\WINDOWS\System32\bcryptPrimitives.dll
0x00007ffc4f560000 - 0x00007ffc4f588000 	C:\Program Files\Microsoft\jdk-11.0.16.101-hotspot\bin\java.dll
0x00007ffc67710000 - 0x00007ffc6771a000 	C:\Program Files\Microsoft\jdk-11.0.16.101-hotspot\bin\jimage.dll
0x00007ffc5e3a0000 - 0x00007ffc5e3ae000 	C:\Program Files\Microsoft\jdk-11.0.16.101-hotspot\bin\instrument.dll
0x00007ffc4d470000 - 0x00007ffc4d488000 	C:\Program Files\Microsoft\jdk-11.0.16.101-hotspot\bin\zip.dll
0x00007ffc86f90000 - 0x00007ffc877ec000 	C:\WINDOWS\System32\SHELL32.dll
0x00007ffc84130000 - 0x00007ffc84a26000 	C:\WINDOWS\SYSTEM32\windows.storage.dll
0x00007ffc83ff0000 - 0x00007ffc8412e000 	C:\WINDOWS\SYSTEM32\wintypes.dll
0x00007ffc87900000 - 0x00007ffc879f5000 	C:\WINDOWS\System32\SHCORE.dll
0x00007ffc878a0000 - 0x00007ffc878fe000 	C:\WINDOWS\System32\shlwapi.dll
0x00007ffc86120000 - 0x00007ffc86141000 	C:\WINDOWS\SYSTEM32\profapi.dll
0x00007ffc4d450000 - 0x00007ffc4d469000 	C:\Program Files\Microsoft\jdk-11.0.16.101-hotspot\bin\net.dll
0x00007ffc81b60000 - 0x00007ffc81c96000 	C:\WINDOWS\SYSTEM32\WINHTTP.dll
0x00007ffc85680000 - 0x00007ffc856e9000 	C:\WINDOWS\system32\mswsock.dll
0x00007ffc4d430000 - 0x00007ffc4d443000 	C:\Program Files\Microsoft\jdk-11.0.16.101-hotspot\bin\nio.dll
0x00007ffc4d410000 - 0x00007ffc4d42a000 	D:\IntelliJ IDEA 2024.1\bin\breakgen64.dll
0x00007ffc49180000 - 0x00007ffc4931a000 	C:\Program Files\Microsoft\jdk-11.0.16.101-hotspot\bin\awt.dll
0x00007ffc812f0000 - 0x00007ffc81387000 	C:\WINDOWS\SYSTEM32\apphelp.dll
0x00007ffc82f90000 - 0x00007ffc82fbb000 	C:\WINDOWS\system32\DWMAPI.DLL
0x00007ffc82c50000 - 0x00007ffc82cfb000 	C:\WINDOWS\system32\uxtheme.dll
0x00007ffc1da30000 - 0x00007ffc1db30000 	C:\WINDOWS\system32\opengl32.dll
0x00007ffc1d8f0000 - 0x00007ffc1d91d000 	C:\WINDOWS\SYSTEM32\GLU32.dll
0x00007ffc82d50000 - 0x00007ffc82d89000 	C:\WINDOWS\SYSTEM32\dxcore.dll
0x00007ffc31430000 - 0x00007ffc31569000 	C:\ProgramData\A-Volute\A-Volute.Nahimic\Modules\Scheduled\x64\AudioDevProps2.dll
0x00007ffc88b30000 - 0x00007ffc88cd5000 	C:\WINDOWS\System32\ole32.dll
0x00007ffc1f990000 - 0x00007ffc1f9ee000 	C:\Program Files\Huawei\PCManager\plugins\PerfWndMonModule.dll
0x00007ffc885e0000 - 0x00007ffc88733000 	C:\WINDOWS\System32\MSCTF.dll
0x00007ffc4ffb0000 - 0x00007ffc50159000 	C:\WINDOWS\system32\d3d9.dll
0x00007ffc65b10000 - 0x00007ffc65ccb000 	C:\WINDOWS\System32\DriverStore\FileRepository\u0382235.inf_amd64_b4528a09fd282d3c\B382066\aticfx64.dll
0x00007ffc5e3b0000 - 0x00007ffc5e3e4000 	C:\WINDOWS\System32\DriverStore\FileRepository\u0382235.inf_amd64_b4528a09fd282d3c\B382066\atiu9p64.dll
0x00007ffc39ab0000 - 0x00007ffc3a805000 	C:\WINDOWS\System32\DriverStore\FileRepository\u0382235.inf_amd64_b4528a09fd282d3c\B382066\atiumd64.dll
0x000000006dc90000 - 0x000000006ebb6000 	C:\WINDOWS\System32\DriverStore\FileRepository\u0382235.inf_amd64_b4528a09fd282d3c\B382066\atiumd6a.dll
0x00007ffc88020000 - 0x00007ffc88494000 	C:\WINDOWS\System32\SETUPAPI.dll
0x00007ffc85f00000 - 0x00007ffc85f4d000 	C:\WINDOWS\SYSTEM32\POWRPROF.dll
0x00007ffc85e30000 - 0x00007ffc85e43000 	C:\WINDOWS\SYSTEM32\UMPDC.dll
0x00007ffc65d40000 - 0x00007ffc65d75000 	C:\WINDOWS\SYSTEM32\amdihk64.dll
0x00007ffc781f0000 - 0x00007ffc7823a000 	C:\WINDOWS\SYSTEM32\directxdatabasehelper.dll
0x00007ffc54080000 - 0x00007ffc5408e000 	C:\Program Files\Microsoft\jdk-11.0.16.101-hotspot\bin\sunmscapi.dll
0x00007ffc861f0000 - 0x00007ffc86357000 	C:\WINDOWS\System32\CRYPT32.dll
0x00007ffc85b10000 - 0x00007ffc85b3e000 	C:\WINDOWS\SYSTEM32\ncrypt.dll
0x00007ffc85ad0000 - 0x00007ffc85b07000 	C:\WINDOWS\SYSTEM32\NTASN1.dll
0x00007ffc4d3e0000 - 0x00007ffc4d405000 	C:\Program Files\Microsoft\jdk-11.0.16.101-hotspot\bin\sunec.dll
0x00007ffbc5820000 - 0x00007ffbc865d000 	D:\IntelliJ_code\HRMS\ArcFace\WIN64\libarcsoft_face.dll
0x00007ffc4af90000 - 0x00007ffc4b036000 	C:\WINDOWS\SYSTEM32\MSVCP120.dll
0x00007ffc49090000 - 0x00007ffc4917f000 	C:\WINDOWS\SYSTEM32\MSVCR120.dll
0x00007ffc4d360000 - 0x00007ffc4d3df000 	D:\IntelliJ_code\HRMS\ArcFace\WIN64\libarcsoft_face_engine.dll
0x00007ffc884a0000 - 0x00007ffc88501000 	C:\WINDOWS\System32\WLDAP32.dll
0x00007ffc84c90000 - 0x00007ffc84cbd000 	C:\WINDOWS\SYSTEM32\IPHLPAPI.DLL
0x00007ffc49060000 - 0x00007ffc49085000 	D:\IntelliJ_code\HRMS\ArcFace\WIN64\libarcsoft_face_engine_jni.dll
0x00007ffc888a0000 - 0x00007ffc888a9000 	C:\WINDOWS\System32\NSI.dll
0x00007ffc81a00000 - 0x00007ffc81a1f000 	C:\WINDOWS\SYSTEM32\dhcpcsvc.DLL
0x00007ffc48fd0000 - 0x00007ffc49053000 	C:\Program Files\Microsoft\jdk-11.0.16.101-hotspot\bin\freetype.dll
0x00007ffc48f20000 - 0x00007ffc48fc5000 	C:\Program Files\Microsoft\jdk-11.0.16.101-hotspot\bin\fontmanager.dll
0x00007ffc888d0000 - 0x00007ffc88980000 	C:\WINDOWS\System32\clbcatq.dll
0x00007ffc82990000 - 0x00007ffc82b40000 	C:\WINDOWS\SYSTEM32\WindowsCodecs.dll
0x00007ffc77070000 - 0x00007ffc770ce000 	C:\WINDOWS\system32\dataexchange.dll
0x00007ffc66010000 - 0x00007ffc6629b000 	C:\WINDOWS\system32\twinapi.appcore.dll
0x00007ffc7d630000 - 0x00007ffc7d77b000 	C:\WINDOWS\SYSTEM32\textinputframework.dll
0x00007ffc728d0000 - 0x00007ffc72939000 	C:\WINDOWS\system32\Oleacc.dll
0x00007ffc72fa0000 - 0x00007ffc72feb000 	C:\WINDOWS\system32\ApplicationTargetedFeatureDatabase.dll
0x00007ffc80e60000 - 0x00007ffc80f93000 	C:\WINDOWS\SYSTEM32\CoreMessaging.dll
0x00007ffc677c0000 - 0x00007ffc67b2c000 	C:\WINDOWS\SYSTEM32\CoreUIComponents.dll
0x00007ffc858e0000 - 0x00007ffc858ec000 	C:\WINDOWS\SYSTEM32\CRYPTBASE.DLL
0x00007ffc361d0000 - 0x00007ffc3662e000 	C:\WINDOWS\system32\SogouTSF.ime
0x00007ffc730b0000 - 0x00007ffc730b7000 	C:\WINDOWS\system32\MSIMG32.dll
0x00007ffc34d90000 - 0x00007ffc35bfb000 	C:\WINDOWS\system32\SogouPY.ime
0x00007ffc85230000 - 0x00007ffc85264000 	C:\WINDOWS\SYSTEM32\ntmarta.dll
0x00007ffc346e0000 - 0x00007ffc3497e000 	D:\SogouInput\Components\PicFace\1.1.0.2129\PicFace64.dll
0x00007ffc88ce0000 - 0x00007ffc88dd7000 	C:\WINDOWS\System32\COMDLG32.dll
0x0000000010000000 - 0x000000001059b000 	D:\SogouInput\14.2.0.8968\Resource.dll
0x00007ffc60670000 - 0x00007ffc60720000 	C:\WINDOWS\SYSTEM32\TextShaping.dll
0x00007ffc858f0000 - 0x00007ffc8590b000 	C:\WINDOWS\SYSTEM32\CRYPTSP.dll
0x00007ffc85170000 - 0x00007ffc851a5000 	C:\WINDOWS\system32\rsaenh.dll

dbghelp: loaded successfully - version: 4.0.5 - missing functions: none
symbol engine: initialized successfully - sym options: 0x614 - pdb path: .;C:\Program Files\Microsoft\jdk-11.0.16.101-hotspot\bin;C:\WINDOWS\SYSTEM32;C:\WINDOWS\WinSxS\amd64_microsoft.windows.common-controls_6595b64144ccf1df_6.0.22621.3527_none_270e469b73872a76;C:\Program Files\Microsoft\jdk-11.0.16.101-hotspot\bin\server;D:\IntelliJ IDEA 2024.1\bin;C:\ProgramData\A-Volute\A-Volute.Nahimic\Modules\Scheduled\x64;C:\Program Files\Huawei\PCManager\plugins;C:\WINDOWS\System32\DriverStore\FileRepository\u0382235.inf_amd64_b4528a09fd282d3c\B382066;D:\IntelliJ_code\HRMS\ArcFace\WIN64;D:\SogouInput\Components\PicFace\1.1.0.2129;D:\SogouInput\14.2.0.8968

VM Arguments:
jvm_args: -javaagent:D:\IntelliJ IDEA 2024.1\lib\idea_rt.jar=39253:D:\IntelliJ IDEA 2024.1\bin -Dfile.encoding=UTF-8 
java_command: hrms.ZMGFH.Main.main
java_class_path (initial): D:\IntelliJ_code\HRMS\out\production\HRMS;D:\IntelliJ_code\HRMS\ArcFace\arcsoft-sdk-face-3.0.0.0.jar;D:\IntelliJ_code\HRMS\MySQL\mysql-connector-java-8.0.23.jar
Launcher Type: SUN_STANDARD

[Global flags]
     intx CICompilerCount                          = 12                                        {product} {ergonomic}
     uint ConcGCThreads                            = 3                                         {product} {ergonomic}
     uint G1ConcRefinementThreads                  = 13                                        {product} {ergonomic}
   size_t G1HeapRegionSize                         = 1048576                                   {product} {ergonomic}
    uintx GCDrainStackTargetSize                   = 64                                        {product} {ergonomic}
   size_t InitialHeapSize                          = 257949696                                 {product} {ergonomic}
   size_t MarkStackSize                            = 4194304                                   {product} {ergonomic}
   size_t MaxHeapSize                              = 4123000832                                {product} {ergonomic}
   size_t MaxNewSize                               = 2473590784                                {product} {ergonomic}
   size_t MinHeapDeltaBytes                        = 1048576                                   {product} {ergonomic}
    uintx NonNMethodCodeHeapSize                   = 7594288                                {pd product} {ergonomic}
    uintx NonProfiledCodeHeapSize                  = 122031976                              {pd product} {ergonomic}
    uintx ProfiledCodeHeapSize                     = 122031976                              {pd product} {ergonomic}
    uintx ReservedCodeCacheSize                    = 251658240                              {pd product} {ergonomic}
     bool SegmentedCodeCache                       = true                                      {product} {ergonomic}
     bool UseCompressedClassPointers               = true                                 {lp64_product} {ergonomic}
     bool UseCompressedOops                        = true                                 {lp64_product} {ergonomic}
     bool UseG1GC                                  = true                                      {product} {ergonomic}
     bool UseLargePagesIndividualAllocation        = false                                  {pd product} {ergonomic}

Logging:
Log output configuration:
 #0: stdout all=warning uptime,level,tags
 #1: stderr all=off uptime,level,tags

Environment Variables:
PATH=C:\Program Files (x86)\Common Files\Oracle\Java\java8path;C:\Program Files (x86)\Common Files\Oracle\Java\javapath;D:\VMware\bin\;C:\Program Files\Microsoft\jdk-11.0.16.101-hotspot\bin;C:\WINDOWS\system32;C:\WINDOWS;C:\WINDOWS\System32\Wbem;C:\WINDOWS\System32\WindowsPowerShell\v1.0\;C:\WINDOWS\System32\OpenSSH\;D:\BandZip\Bandizip\;C:\Program Files\Microsoft SQL Server\150\Tools\Binn\;C:\Program Files\Microsoft SQL Server\Client SDK\ODBC\170\Tools\Binn\;C:\Program Files\dotnet\;C:\Program Files (x86)\Windows Kits\10\Windows Performance Toolkit\;D:\MySQL\MySQL Server 8.0\bin;D:\Git\cmd;D:\Python\Scripts\;D:\Python\;C:\Users\\AppData\Local\Microsoft\WindowsApps;C:\Users\\.dotnet\tools;D:\VScode\Microsoft VS Code\bin;D:\MinGW\MinGW\bin;D:\CLion 2023.2.1\bin;;D:\OpenCV\opencv\build\x64\vc16\bin;;D:\IntelliJ IDEA 2024.1\bin;
USERNAME=
OS=Windows_NT
PROCESSOR_IDENTIFIER=AMD64 Family 23 Model 104 Stepping 1, AuthenticAMD
TMP=C:\Users\\AppData\Local\Temp
TEMP=C:\Users\\AppData\Local\Temp



---------------  S Y S T E M  ---------------

OS: Windows 11 , 64 bit Build 22621 (10.0.22621.3527)
OS uptime: 2 days 2:57 hours

CPU:total 16 (initial active 16) (16 cores per cpu, 2 threads per core) family 23 model 104 stepping 1 microcode 0x0, cmov, cx8, fxsr, mmx, sse, sse2, sse3, ssse3, sse4.1, sse4.2, popcnt, avx, avx2, aes, clmul, mmxext, 3dnowpref, lzcnt, sse4a, ht, tsc, tscinvbit, tscinv, bmi1, bmi2, adx, sha, fma

Memory: 4k page, system-wide physical 15722M (2454M free)
TotalPageFile size 22141M (AvailPageFile size 2732M)
current process WorkingSet (physical memory assigned to process): 211M, peak: 279M
current process commit charge ("private bytes"): 485M, peak: 612M

vm_info: OpenJDK 64-Bit Server VM (11.0.16.1+1-LTS) for windows-amd64 JRE (11.0.16.1+1-LTS), built on Aug 20 2022 20:09:04 by "" with MS VC++ 15.9 (VS2017)

END.
